
*
***** S3Relay Start (@ 2025/07/05 17:17:02.775) >>>>>
*

[2025/07/05 17:17:02] 1 -- Initializing ...
[2025/07/05 17:17:02] 2 -- Connect Database Success!
[2025/07/05 17:17:02] 3 -- Create Channel: [Stock, GM] <00000000> GM
[2025/07/05 17:17:02] 4 -- Create Channel: [Stock] <00000001> 世界
[2025/07/05 17:17:02] 5 -- friend timing update db: start
[2025/07/05 17:17:02] 6 -- relay server startup
[2025/07/05 17:17:02] 7 -- root client create: 192.168.254.42
[2025/07/05 17:17:02] 8 -- DBRole client create: 192.168.254.42
[2025/07/05 17:17:02] 9 -- root client close: 192.168.254.42
[2025/07/05 17:17:02] 10 -- gateway client create: 192.168.254.42
[2025/07/05 17:17:02] 11 -- host server startup
[2025/07/05 17:17:02] 12 -- tong server startup
[2025/07/05 17:17:02] 13 -- chat server startup
[2025/07/05 17:17:02] 14 -- SockThread start success
[2025/07/05 17:17:02] 15 -- tong database open ok!
[2025/07/05 17:17:02] 16 -- tongset init ok !
[2025/07/05 17:17:02] 17 -- Initialize OK
[2025/07/05 17:17:11] 18 -- host connect create: 127.0.0.1
[2025/07/05 17:17:11] 19 -- chat connect create: 127.0.0.1
[2025/07/05 17:17:11] 20 -- tong connect create: 127.0.0.1
[2025/07/05 17:17:11] 21 -- host connect create: 192.168.254.43
[2025/07/05 17:17:11] 22 -- chat connect create: 192.168.254.43
[2025/07/05 17:17:11] 23 -- tong connect create: 192.168.254.43
[2025/07/05 17:17:11] 24 -- host connect create: 192.168.254.44
[2025/07/05 17:17:11] 25 -- chat connect create: 192.168.254.44
[2025/07/05 17:17:11] 26 -- tong connect create: 192.168.254.44
[2025/07/05 17:17:20] 27 -- load someone: BaoDaiSu
[2025/07/05 17:17:20] 28 -- player login: 1234567 [BaoDaiSu] (2CFEA8C0, 00000000)
[2025/07/05 17:17:20] 29 -- sync friend list: BaoDaiSu (full)
[2025/07/05 17:17:20] 30 -- Query ChannelID: \S from (2CFEA8C0, 00000000)
[2025/07/05 17:17:20] 31 -- Create Channel: <00000002> \S754886848
[2025/07/05 17:17:20] 32 -- Query ChannelID: 世界 from (2CFEA8C0, 00000000)
[2025/07/05 17:17:20] 33 -- Query ChannelID: \F0 from (2CFEA8C0, 00000000)
[2025/07/05 17:17:20] 34 -- Create Channel: <00000003> \F0
[2025/07/05 17:17:20] 35 -- Query ChannelID: GM from (2CFEA8C0, 00000000)
[2025/07/05 17:17:20] 36 -- Query ChannelID: \B from (2CFEA8C0, 00000000)
[2025/07/05 17:17:20] 37 -- Create Channel: <00000004> \B754886848
[2025/07/05 17:17:20] 38 -- Query ChannelID: \S from (2CFEA8C0, 00000000)
[2025/07/05 17:17:20] 39 -- Query ChannelID: 世界 from (2CFEA8C0, 00000000)
[2025/07/05 17:17:20] 40 -- Query ChannelID: \F0 from (2CFEA8C0, 00000000)
[2025/07/05 17:17:20] 41 -- Query ChannelID: GM from (2CFEA8C0, 00000000)
[2025/07/05 17:17:20] 42 -- Query ChannelID: \B from (2CFEA8C0, 00000000)
[2025/07/05 17:17:20] 43 -- Query ChannelID: \S from (2CFEA8C0, 00000000)
[2025/07/05 17:17:20] 44 -- Query ChannelID: 世界 from (2CFEA8C0, 00000000)
[2025/07/05 17:17:20] 45 -- Query ChannelID: \F0 from (2CFEA8C0, 00000000)
[2025/07/05 17:17:20] 46 -- Query ChannelID: GM from (2CFEA8C0, 00000000)
[2025/07/05 17:17:20] 47 -- Query ChannelID: \B from (2CFEA8C0, 00000000)
[2025/07/05 17:17:20] 48 -- Query ChannelID: \S from (2CFEA8C0, 00000000)
[2025/07/05 17:17:20] 49 -- Query ChannelID: 世界 from (2CFEA8C0, 00000000)
[2025/07/05 17:17:20] 50 -- Query ChannelID: \F0 from (2CFEA8C0, 00000000)
[2025/07/05 17:17:20] 51 -- Query ChannelID: GM from (2CFEA8C0, 00000000)
[2025/07/05 17:17:20] 52 -- Query ChannelID: \B from (2CFEA8C0, 00000000)
[2025/07/05 17:17:20] 53 -- Subscribe Channel: 00000002 by (2CFEA8C0,00000000)
[2025/07/05 17:17:20] 54 -- Subscribe Channel: 00000001 by (2CFEA8C0,00000000)
[2025/07/05 17:17:20] 55 -- Subscribe Channel: 00000003 by (2CFEA8C0,00000000)
[2025/07/05 17:17:20] 56 -- Subscribe Channel: GM <00000000> by (2CFEA8C0,00000000)
[2025/07/05 17:17:20] 57 -- Subscribe Channel: 00000004 by (2CFEA8C0,00000000)
[2025/07/05 17:17:20] 58 -- Subscribe Channel: 00000002 by (2CFEA8C0,00000000)
[2025/07/05 17:17:20] 59 -- Subscribe Channel: 00000001 by (2CFEA8C0,00000000)
[2025/07/05 17:17:20] 60 -- Subscribe Channel: 00000003 by (2CFEA8C0,00000000)
[2025/07/05 17:17:20] 61 -- Subscribe Channel: GM <00000000> by (2CFEA8C0,00000000)
[2025/07/05 17:17:20] 62 -- Subscribe Channel: 00000004 by (2CFEA8C0,00000000)
[2025/07/05 17:17:20] 63 -- Subscribe Channel: 00000002 by (2CFEA8C0,00000000)
[2025/07/05 17:17:20] 64 -- Subscribe Channel: 00000001 by (2CFEA8C0,00000000)
[2025/07/05 17:17:20] 65 -- Subscribe Channel: 00000003 by (2CFEA8C0,00000000)
[2025/07/05 17:17:20] 66 -- Subscribe Channel: GM <00000000> by (2CFEA8C0,00000000)
[2025/07/05 17:17:20] 67 -- Subscribe Channel: 00000004 by (2CFEA8C0,00000000)
[2025/07/05 17:17:20] 68 -- Subscribe Channel: 00000002 by (2CFEA8C0,00000000)
[2025/07/05 17:17:20] 69 -- Subscribe Channel: 00000001 by (2CFEA8C0,00000000)
[2025/07/05 17:17:20] 70 -- Subscribe Channel: 00000003 by (2CFEA8C0,00000000)
[2025/07/05 17:17:20] 71 -- Subscribe Channel: GM <00000000> by (2CFEA8C0,00000000)
[2025/07/05 17:17:20] 72 -- Subscribe Channel: 00000004 by (2CFEA8C0,00000000)
