
*
***** S3Relay Start (@ 2025/07/05 17:49:28.669) >>>>>
*

[2025/07/05 17:49:28] 1 -- Initializing ...
[2025/07/05 17:49:28] 2 -- Connect Database Success!
[2025/07/05 17:49:28] 3 -- Create Channel: [Stock, GM] <00000000> GM
[2025/07/05 17:49:28] 4 -- Create Channel: [Stock] <00000001> 世界
[2025/07/05 17:49:28] 5 -- friend timing update db: start
[2025/07/05 17:49:28] 6 -- relay server startup
[2025/07/05 17:49:28] 7 -- root client create: 192.168.254.42
[2025/07/05 17:49:28] 8 -- DBRole client create: 192.168.254.42
[2025/07/05 17:49:28] 9 -- root client close: 192.168.254.42
[2025/07/05 17:49:28] 10 -- gateway client create: 192.168.254.42
[2025/07/05 17:49:28] 11 -- host server startup
[2025/07/05 17:49:28] 12 -- tong server startup
[2025/07/05 17:49:28] 13 -- chat server startup
[2025/07/05 17:49:28] 14 -- SockThread start success
[2025/07/05 17:49:28] 15 -- tong database open ok!
[2025/07/05 17:49:28] 16 -- tongset init ok !
[2025/07/05 17:49:28] 17 -- Initialize OK
[2025/07/05 17:49:34] 18 -- host connect create: 192.168.254.43
[2025/07/05 17:49:34] 19 -- chat connect create: 192.168.254.43
[2025/07/05 17:49:34] 20 -- tong connect create: 192.168.254.43
[2025/07/05 17:49:34] 21 -- host connect create: 192.168.254.44
[2025/07/05 17:49:34] 22 -- chat connect create: 192.168.254.44
[2025/07/05 17:49:34] 23 -- tong connect create: 192.168.254.44
[2025/07/05 17:49:37] 24 -- host connect create: 127.0.0.1
[2025/07/05 17:49:37] 25 -- chat connect create: 127.0.0.1
[2025/07/05 17:49:37] 26 -- tong connect create: 127.0.0.1
[2025/07/05 17:49:49] 27 -- load someone: BaoDaiSu
[2025/07/05 17:49:49] 28 -- player login: 1234567 [BaoDaiSu] (2CFEA8C0, 00000000)
[2025/07/05 17:49:49] 29 -- Query ChannelID: \S from (2CFEA8C0, 00000000)
[2025/07/05 17:49:49] 30 -- Create Channel: <00000002> \S754886848
[2025/07/05 17:49:49] 31 -- Query ChannelID: 世界 from (2CFEA8C0, 00000000)
[2025/07/05 17:49:49] 32 -- Query ChannelID: \F0 from (2CFEA8C0, 00000000)
[2025/07/05 17:49:49] 33 -- Create Channel: <00000003> \F0
[2025/07/05 17:49:49] 34 -- Query ChannelID: GM from (2CFEA8C0, 00000000)
[2025/07/05 17:49:49] 35 -- Query ChannelID: \B from (2CFEA8C0, 00000000)
[2025/07/05 17:49:49] 36 -- Create Channel: <00000004> \B754886848
[2025/07/05 17:49:49] 37 -- Query ChannelID: \S from (2CFEA8C0, 00000000)
[2025/07/05 17:49:49] 38 -- Query ChannelID: 世界 from (2CFEA8C0, 00000000)
[2025/07/05 17:49:49] 39 -- Query ChannelID: \F0 from (2CFEA8C0, 00000000)
[2025/07/05 17:49:49] 40 -- Query ChannelID: GM from (2CFEA8C0, 00000000)
[2025/07/05 17:49:49] 41 -- Query ChannelID: \B from (2CFEA8C0, 00000000)
[2025/07/05 17:49:49] 42 -- Query ChannelID: \S from (2CFEA8C0, 00000000)
[2025/07/05 17:49:49] 43 -- Query ChannelID: 世界 from (2CFEA8C0, 00000000)
[2025/07/05 17:49:49] 44 -- Query ChannelID: \F0 from (2CFEA8C0, 00000000)
[2025/07/05 17:49:49] 45 -- Query ChannelID: GM from (2CFEA8C0, 00000000)
[2025/07/05 17:49:49] 46 -- Query ChannelID: \B from (2CFEA8C0, 00000000)
[2025/07/05 17:49:49] 47 -- Query ChannelID: \S from (2CFEA8C0, 00000000)
[2025/07/05 17:49:49] 48 -- Query ChannelID: 世界 from (2CFEA8C0, 00000000)
[2025/07/05 17:49:49] 49 -- Query ChannelID: \F0 from (2CFEA8C0, 00000000)
[2025/07/05 17:49:49] 50 -- Query ChannelID: GM from (2CFEA8C0, 00000000)
[2025/07/05 17:49:49] 51 -- Query ChannelID: \B from (2CFEA8C0, 00000000)
[2025/07/05 17:49:49] 52 -- sync friend list: BaoDaiSu (full)
[2025/07/05 17:49:49] 53 -- Subscribe Channel: 00000002 by (2CFEA8C0,00000000)
[2025/07/05 17:49:49] 54 -- Subscribe Channel: 00000001 by (2CFEA8C0,00000000)
[2025/07/05 17:49:49] 55 -- Subscribe Channel: 00000003 by (2CFEA8C0,00000000)
[2025/07/05 17:49:49] 56 -- Subscribe Channel: GM <00000000> by (2CFEA8C0,00000000)
[2025/07/05 17:49:49] 57 -- Subscribe Channel: 00000004 by (2CFEA8C0,00000000)
[2025/07/05 17:49:49] 58 -- Subscribe Channel: 00000002 by (2CFEA8C0,00000000)
[2025/07/05 17:49:49] 59 -- Subscribe Channel: 00000001 by (2CFEA8C0,00000000)
[2025/07/05 17:49:49] 60 -- Subscribe Channel: 00000003 by (2CFEA8C0,00000000)
[2025/07/05 17:49:49] 61 -- Subscribe Channel: GM <00000000> by (2CFEA8C0,00000000)
[2025/07/05 17:49:49] 62 -- Subscribe Channel: 00000004 by (2CFEA8C0,00000000)
[2025/07/05 17:49:49] 63 -- Subscribe Channel: 00000002 by (2CFEA8C0,00000000)
[2025/07/05 17:49:49] 64 -- Subscribe Channel: 00000001 by (2CFEA8C0,00000000)
[2025/07/05 17:49:49] 65 -- Subscribe Channel: 00000003 by (2CFEA8C0,00000000)
[2025/07/05 17:49:49] 66 -- Subscribe Channel: GM <00000000> by (2CFEA8C0,00000000)
[2025/07/05 17:49:49] 67 -- Subscribe Channel: 00000004 by (2CFEA8C0,00000000)
[2025/07/05 17:49:49] 68 -- Subscribe Channel: 00000002 by (2CFEA8C0,00000000)
[2025/07/05 17:49:49] 69 -- Subscribe Channel: 00000001 by (2CFEA8C0,00000000)
[2025/07/05 17:49:49] 70 -- Subscribe Channel: 00000003 by (2CFEA8C0,00000000)
[2025/07/05 17:49:49] 71 -- Subscribe Channel: GM <00000000> by (2CFEA8C0,00000000)
[2025/07/05 17:49:49] 72 -- Subscribe Channel: 00000004 by (2CFEA8C0,00000000)
[2025/07/05 17:52:07] 73 -- Destroy Channel: <00000002> \S754886848
[2025/07/05 17:52:07] 74 -- Destroy Channel: <00000003> \F0
[2025/07/05 17:52:07] 75 -- Destroy Channel: <00000004> \B754886848
[2025/07/05 17:52:07] 76 -- player logout: 1234567
