
*
***** S3Relay Start (@ 2025/07/21 15:38:28.595) >>>>>
*

[2025/07/21 15:38:28] 1 -- Initializing ...
[2025/07/21 15:38:28] 2 -- Connect Database Success!
[2025/07/21 15:38:28] 3 -- Create Channel: [Stock, GM] <00000000> GM
[2025/07/21 15:38:28] 4 -- Create Channel: [Stock] <00000001> 世界
[2025/07/21 15:38:28] 5 -- friend timing update db: start
[2025/07/21 15:38:28] 6 -- relay server startup
[2025/07/21 15:38:28] 7 -- root client create: 192.168.254.42
[2025/07/21 15:38:28] 8 -- DBRole client create: 192.168.254.42
[2025/07/21 15:38:28] 9 -- root client close: 192.168.254.42
[2025/07/21 15:38:28] 10 -- gateway client create: 192.168.254.42
[2025/07/21 15:38:28] 11 -- host server startup
[2025/07/21 15:38:28] 12 -- tong server startup
[2025/07/21 15:38:28] 13 -- chat server startup
[2025/07/21 15:38:28] 14 -- SockThread start success
[2025/07/21 15:38:28] 15 -- tong database open ok!
[2025/07/21 15:38:28] 16 -- tongset init ok !
[2025/07/21 15:38:28] 17 -- Initialize OK
[2025/07/21 15:38:37] 18 -- host connect create: 127.0.0.1
[2025/07/21 15:38:37] 19 -- chat connect create: 127.0.0.1
[2025/07/21 15:38:37] 20 -- tong connect create: 127.0.0.1
[2025/07/21 15:38:49] 21 -- host connect create: 192.168.254.43
[2025/07/21 15:38:49] 22 -- chat connect create: 192.168.254.43
[2025/07/21 15:38:49] 23 -- tong connect create: 192.168.254.43
[2025/07/21 15:38:49] 24 -- host connect create: 192.168.254.44
[2025/07/21 15:38:49] 25 -- chat connect create: 192.168.254.44
[2025/07/21 15:38:49] 26 -- tong connect create: 192.168.254.44
[2025/07/21 15:39:04] 27 -- load someone: TieuVuong
[2025/07/21 15:39:04] 28 -- player login: 123456 [TieuVuong] (2CFEA8C0, 00000000)
[2025/07/21 15:39:04] 29 -- Query ChannelID: \S from (2CFEA8C0, 00000000)
[2025/07/21 15:39:04] 30 -- Create Channel: <00000002> \S754886848
[2025/07/21 15:39:04] 31 -- Query ChannelID: 世界 from (2CFEA8C0, 00000000)
[2025/07/21 15:39:04] 32 -- Query ChannelID: \F1 from (2CFEA8C0, 00000000)
[2025/07/21 15:39:04] 33 -- Create Channel: <00000003> \F1
[2025/07/21 15:39:04] 34 -- Query ChannelID: GM from (2CFEA8C0, 00000000)
[2025/07/21 15:39:04] 35 -- Query ChannelID: \B from (2CFEA8C0, 00000000)
[2025/07/21 15:39:04] 36 -- Create Channel: <00000004> \B754886848
[2025/07/21 15:39:04] 37 -- Query ChannelID: \S from (2CFEA8C0, 00000000)
[2025/07/21 15:39:04] 38 -- Query ChannelID: 世界 from (2CFEA8C0, 00000000)
[2025/07/21 15:39:04] 39 -- Query ChannelID: \F1 from (2CFEA8C0, 00000000)
[2025/07/21 15:39:04] 40 -- Query ChannelID: GM from (2CFEA8C0, 00000000)
[2025/07/21 15:39:04] 41 -- Query ChannelID: \B from (2CFEA8C0, 00000000)
[2025/07/21 15:39:04] 42 -- sync friend list: TieuVuong (full)
[2025/07/21 15:39:04] 43 -- Query ChannelID: \S from (2CFEA8C0, 00000000)
[2025/07/21 15:39:04] 44 -- Query ChannelID: 世界 from (2CFEA8C0, 00000000)
[2025/07/21 15:39:04] 45 -- Query ChannelID: \F1 from (2CFEA8C0, 00000000)
[2025/07/21 15:39:04] 46 -- Query ChannelID: GM from (2CFEA8C0, 00000000)
[2025/07/21 15:39:04] 47 -- Query ChannelID: \B from (2CFEA8C0, 00000000)
[2025/07/21 15:39:04] 48 -- Query ChannelID: \S from (2CFEA8C0, 00000000)
[2025/07/21 15:39:04] 49 -- Query ChannelID: 世界 from (2CFEA8C0, 00000000)
[2025/07/21 15:39:04] 50 -- Query ChannelID: \F1 from (2CFEA8C0, 00000000)
[2025/07/21 15:39:04] 51 -- Query ChannelID: GM from (2CFEA8C0, 00000000)
[2025/07/21 15:39:04] 52 -- Query ChannelID: \B from (2CFEA8C0, 00000000)
[2025/07/21 15:39:04] 53 -- Subscribe Channel: 00000002 by (2CFEA8C0,00000000)
[2025/07/21 15:39:04] 54 -- Subscribe Channel: 00000001 by (2CFEA8C0,00000000)
[2025/07/21 15:39:04] 55 -- Subscribe Channel: 00000003 by (2CFEA8C0,00000000)
[2025/07/21 15:39:04] 56 -- Subscribe Channel: GM <00000000> by (2CFEA8C0,00000000)
[2025/07/21 15:39:04] 57 -- Subscribe Channel: 00000004 by (2CFEA8C0,00000000)
[2025/07/21 15:39:04] 58 -- Subscribe Channel: 00000002 by (2CFEA8C0,00000000)
[2025/07/21 15:39:04] 59 -- Subscribe Channel: 00000001 by (2CFEA8C0,00000000)
[2025/07/21 15:39:04] 60 -- Subscribe Channel: 00000003 by (2CFEA8C0,00000000)
[2025/07/21 15:39:04] 61 -- Subscribe Channel: GM <00000000> by (2CFEA8C0,00000000)
[2025/07/21 15:39:04] 62 -- Subscribe Channel: 00000004 by (2CFEA8C0,00000000)
[2025/07/21 15:39:04] 63 -- Subscribe Channel: 00000002 by (2CFEA8C0,00000000)
[2025/07/21 15:39:04] 64 -- Subscribe Channel: 00000001 by (2CFEA8C0,00000000)
[2025/07/21 15:39:04] 65 -- Subscribe Channel: 00000003 by (2CFEA8C0,00000000)
[2025/07/21 15:39:04] 66 -- Subscribe Channel: GM <00000000> by (2CFEA8C0,00000000)
[2025/07/21 15:39:04] 67 -- Subscribe Channel: 00000004 by (2CFEA8C0,00000000)
[2025/07/21 15:39:04] 68 -- Subscribe Channel: 00000002 by (2CFEA8C0,00000000)
[2025/07/21 15:39:04] 69 -- Subscribe Channel: 00000001 by (2CFEA8C0,00000000)
[2025/07/21 15:39:04] 70 -- Subscribe Channel: 00000003 by (2CFEA8C0,00000000)
[2025/07/21 15:39:04] 71 -- Subscribe Channel: GM <00000000> by (2CFEA8C0,00000000)
[2025/07/21 15:39:04] 72 -- Subscribe Channel: 00000004 by (2CFEA8C0,00000000)
[2025/07/21 15:42:16] 73 -- Destroy Channel: <00000002> \S754886848
[2025/07/21 15:42:16] 74 -- Destroy Channel: <00000003> \F1
[2025/07/21 15:42:16] 75 -- Destroy Channel: <00000004> \B754886848
[2025/07/21 15:42:16] 76 -- player logout: 123456
[2025/07/21 15:43:31] 77 -- update friend DB succeed
[2025/07/21 15:48:32] 78 -- update friend DB succeed
[2025/07/21 15:53:32] 79 -- update friend DB succeed
[2025/07/21 15:58:33] 80 -- update friend DB succeed
[2025/07/21 16:03:33] 81 -- update friend DB succeed
