
*
***** S3Relay Start (@ 2025/07/21 16:27:45.527) >>>>>
*

[2025/07/21 16:27:45] 1 -- Initializing ...
[2025/07/21 16:27:45] 2 -- Connect Database Success!
[2025/07/21 16:27:45] 3 -- Create Channel: [Stock, GM] <00000000> GM
[2025/07/21 16:27:45] 4 -- Create Channel: [Stock] <00000001> 世界
[2025/07/21 16:27:45] 5 -- friend timing update db: start
[2025/07/21 16:27:45] 6 -- relay server startup
[2025/07/21 16:27:45] 7 -- root client create: 192.168.254.42
[2025/07/21 16:27:45] 8 -- DBRole client create: 192.168.254.42
[2025/07/21 16:27:45] 9 -- root client close: 192.168.254.42
[2025/07/21 16:27:45] 10 -- gateway client create: 192.168.254.42
[2025/07/21 16:27:45] 11 -- host server startup
[2025/07/21 16:27:45] 12 -- tong server startup
[2025/07/21 16:27:45] 13 -- chat server startup
[2025/07/21 16:27:45] 14 -- SockThread start success
[2025/07/21 16:27:45] 15 -- tong database open ok!
[2025/07/21 16:27:45] 16 -- tongset init ok !
[2025/07/21 16:27:45] 17 -- Initialize OK
[2025/07/21 16:27:54] 18 -- host connect create: 127.0.0.1
[2025/07/21 16:27:54] 19 -- chat connect create: 127.0.0.1
[2025/07/21 16:27:54] 20 -- tong connect create: 127.0.0.1
[2025/07/21 16:27:57] 21 -- host connect create: 192.168.254.43
[2025/07/21 16:27:57] 22 -- chat connect create: 192.168.254.43
[2025/07/21 16:27:57] 23 -- tong connect create: 192.168.254.43
[2025/07/21 16:28:00] 24 -- host connect create: 192.168.254.44
[2025/07/21 16:28:00] 25 -- chat connect create: 192.168.254.44
[2025/07/21 16:28:00] 26 -- tong connect create: 192.168.254.44
[2025/07/21 16:28:36] 27 -- load someone: TieuVuong
[2025/07/21 16:28:36] 28 -- player login: 123456 [TieuVuong] (2CFEA8C0, 00000000)
[2025/07/21 16:28:36] 29 -- Query ChannelID: \S from (2CFEA8C0, 00000000)
[2025/07/21 16:28:36] 30 -- Create Channel: <00000002> \S754886848
[2025/07/21 16:28:36] 31 -- Query ChannelID: 世界 from (2CFEA8C0, 00000000)
[2025/07/21 16:28:36] 32 -- Query ChannelID: \F1 from (2CFEA8C0, 00000000)
[2025/07/21 16:28:36] 33 -- Create Channel: <00000003> \F1
[2025/07/21 16:28:36] 34 -- Query ChannelID: GM from (2CFEA8C0, 00000000)
[2025/07/21 16:28:36] 35 -- Query ChannelID: \B from (2CFEA8C0, 00000000)
[2025/07/21 16:28:36] 36 -- Create Channel: <00000004> \B754886848
[2025/07/21 16:28:36] 37 -- Query ChannelID: \S from (2CFEA8C0, 00000000)
[2025/07/21 16:28:36] 38 -- Query ChannelID: 世界 from (2CFEA8C0, 00000000)
[2025/07/21 16:28:36] 39 -- Query ChannelID: \F1 from (2CFEA8C0, 00000000)
[2025/07/21 16:28:36] 40 -- Query ChannelID: GM from (2CFEA8C0, 00000000)
[2025/07/21 16:28:36] 41 -- Query ChannelID: \B from (2CFEA8C0, 00000000)
[2025/07/21 16:28:36] 42 -- sync friend list: TieuVuong (full)
[2025/07/21 16:28:36] 43 -- Query ChannelID: \S from (2CFEA8C0, 00000000)
[2025/07/21 16:28:36] 44 -- Query ChannelID: 世界 from (2CFEA8C0, 00000000)
[2025/07/21 16:28:36] 45 -- Query ChannelID: \F1 from (2CFEA8C0, 00000000)
[2025/07/21 16:28:36] 46 -- Query ChannelID: GM from (2CFEA8C0, 00000000)
[2025/07/21 16:28:36] 47 -- Query ChannelID: \B from (2CFEA8C0, 00000000)
[2025/07/21 16:28:36] 48 -- Query ChannelID: \S from (2CFEA8C0, 00000000)
[2025/07/21 16:28:36] 49 -- Query ChannelID: 世界 from (2CFEA8C0, 00000000)
[2025/07/21 16:28:36] 50 -- Query ChannelID: \F1 from (2CFEA8C0, 00000000)
[2025/07/21 16:28:36] 51 -- Query ChannelID: GM from (2CFEA8C0, 00000000)
[2025/07/21 16:28:36] 52 -- Query ChannelID: \B from (2CFEA8C0, 00000000)
[2025/07/21 16:28:36] 53 -- Subscribe Channel: 00000002 by (2CFEA8C0,00000000)
[2025/07/21 16:28:36] 54 -- Subscribe Channel: 00000001 by (2CFEA8C0,00000000)
[2025/07/21 16:28:36] 55 -- Subscribe Channel: 00000003 by (2CFEA8C0,00000000)
[2025/07/21 16:28:36] 56 -- Subscribe Channel: GM <00000000> by (2CFEA8C0,00000000)
[2025/07/21 16:28:36] 57 -- Subscribe Channel: 00000004 by (2CFEA8C0,00000000)
[2025/07/21 16:28:36] 58 -- Subscribe Channel: 00000002 by (2CFEA8C0,00000000)
[2025/07/21 16:28:36] 59 -- Subscribe Channel: 00000001 by (2CFEA8C0,00000000)
[2025/07/21 16:28:36] 60 -- Subscribe Channel: 00000003 by (2CFEA8C0,00000000)
[2025/07/21 16:28:36] 61 -- Subscribe Channel: GM <00000000> by (2CFEA8C0,00000000)
[2025/07/21 16:28:36] 62 -- Subscribe Channel: 00000004 by (2CFEA8C0,00000000)
[2025/07/21 16:28:36] 63 -- Subscribe Channel: 00000002 by (2CFEA8C0,00000000)
[2025/07/21 16:28:36] 64 -- Subscribe Channel: 00000001 by (2CFEA8C0,00000000)
[2025/07/21 16:28:36] 65 -- Subscribe Channel: 00000003 by (2CFEA8C0,00000000)
[2025/07/21 16:28:36] 66 -- Subscribe Channel: GM <00000000> by (2CFEA8C0,00000000)
[2025/07/21 16:28:36] 67 -- Subscribe Channel: 00000004 by (2CFEA8C0,00000000)
[2025/07/21 16:28:36] 68 -- Subscribe Channel: 00000002 by (2CFEA8C0,00000000)
[2025/07/21 16:28:36] 69 -- Subscribe Channel: 00000001 by (2CFEA8C0,00000000)
[2025/07/21 16:28:36] 70 -- Subscribe Channel: 00000003 by (2CFEA8C0,00000000)
[2025/07/21 16:28:36] 71 -- Subscribe Channel: GM <00000000> by (2CFEA8C0,00000000)
[2025/07/21 16:28:36] 72 -- Subscribe Channel: 00000004 by (2CFEA8C0,00000000)
