
*
***** S3Relay Start (@ 2025/07/21 16:33:52.201) >>>>>
*

[2025/07/21 16:33:52] 1 -- Initializing ...
[2025/07/21 16:33:52] 2 -- Connect Database Success!
[2025/07/21 16:33:52] 3 -- Create Channel: [Stock, GM] <00000000> GM
[2025/07/21 16:33:52] 4 -- Create Channel: [Stock] <00000001> 世界
[2025/07/21 16:33:52] 5 -- friend timing update db: start
[2025/07/21 16:33:52] 6 -- relay server startup
[2025/07/21 16:33:52] 7 -- root client create: 192.168.254.42
[2025/07/21 16:33:52] 8 -- DBRole client create: 192.168.254.42
[2025/07/21 16:33:52] 9 -- root client close: 192.168.254.42
[2025/07/21 16:33:52] 10 -- gateway client create: 192.168.254.42
[2025/07/21 16:33:52] 11 -- host server startup
[2025/07/21 16:33:52] 12 -- tong server startup
[2025/07/21 16:33:52] 13 -- chat server startup
[2025/07/21 16:33:52] 14 -- SockThread start success
[2025/07/21 16:33:52] 15 -- tong database open ok!
[2025/07/21 16:33:52] 16 -- tongset init ok !
[2025/07/21 16:33:52] 17 -- Initialize OK
[2025/07/21 16:34:01] 18 -- host connect create: 127.0.0.1
[2025/07/21 16:34:01] 19 -- chat connect create: 127.0.0.1
[2025/07/21 16:34:01] 20 -- tong connect create: 127.0.0.1
[2025/07/21 16:34:04] 21 -- host connect create: 192.168.254.43
[2025/07/21 16:34:04] 22 -- chat connect create: 192.168.254.43
[2025/07/21 16:34:04] 23 -- tong connect create: 192.168.254.43
[2025/07/21 16:34:07] 24 -- host connect create: 192.168.254.44
[2025/07/21 16:34:07] 25 -- chat connect create: 192.168.254.44
[2025/07/21 16:34:07] 26 -- tong connect create: 192.168.254.44
[2025/07/21 16:34:16] 27 -- load someone: BaoDaiSu
[2025/07/21 16:34:16] 28 -- player login: 1234567 [BaoDaiSu] (2CFEA8C0, 00000000)
[2025/07/21 16:34:16] 29 -- Query ChannelID: \S from (2CFEA8C0, 00000000)
[2025/07/21 16:34:16] 30 -- Create Channel: <00000002> \S754886848
[2025/07/21 16:34:16] 31 -- Query ChannelID: 世界 from (2CFEA8C0, 00000000)
[2025/07/21 16:34:16] 32 -- Query ChannelID: \F0 from (2CFEA8C0, 00000000)
[2025/07/21 16:34:16] 33 -- Create Channel: <00000003> \F0
[2025/07/21 16:34:16] 34 -- Query ChannelID: GM from (2CFEA8C0, 00000000)
[2025/07/21 16:34:16] 35 -- Query ChannelID: \B from (2CFEA8C0, 00000000)
[2025/07/21 16:34:16] 36 -- Create Channel: <00000004> \B754886848
[2025/07/21 16:34:16] 37 -- Query ChannelID: \S from (2CFEA8C0, 00000000)
[2025/07/21 16:34:16] 38 -- Query ChannelID: 世界 from (2CFEA8C0, 00000000)
[2025/07/21 16:34:16] 39 -- Query ChannelID: \F0 from (2CFEA8C0, 00000000)
[2025/07/21 16:34:16] 40 -- Query ChannelID: GM from (2CFEA8C0, 00000000)
[2025/07/21 16:34:16] 41 -- Query ChannelID: \B from (2CFEA8C0, 00000000)
[2025/07/21 16:34:16] 42 -- sync friend list: BaoDaiSu (full)
[2025/07/21 16:34:16] 43 -- Query ChannelID: \S from (2CFEA8C0, 00000000)
[2025/07/21 16:34:16] 44 -- Query ChannelID: 世界 from (2CFEA8C0, 00000000)
[2025/07/21 16:34:16] 45 -- Query ChannelID: \F0 from (2CFEA8C0, 00000000)
[2025/07/21 16:34:16] 46 -- Query ChannelID: GM from (2CFEA8C0, 00000000)
[2025/07/21 16:34:16] 47 -- Query ChannelID: \B from (2CFEA8C0, 00000000)
[2025/07/21 16:34:16] 48 -- Query ChannelID: \S from (2CFEA8C0, 00000000)
[2025/07/21 16:34:16] 49 -- Query ChannelID: 世界 from (2CFEA8C0, 00000000)
[2025/07/21 16:34:16] 50 -- Query ChannelID: \F0 from (2CFEA8C0, 00000000)
[2025/07/21 16:34:16] 51 -- Query ChannelID: GM from (2CFEA8C0, 00000000)
[2025/07/21 16:34:16] 52 -- Query ChannelID: \B from (2CFEA8C0, 00000000)
[2025/07/21 16:34:16] 53 -- Subscribe Channel: 00000002 by (2CFEA8C0,00000000)
[2025/07/21 16:34:16] 54 -- Subscribe Channel: 00000001 by (2CFEA8C0,00000000)
[2025/07/21 16:34:16] 55 -- Subscribe Channel: 00000003 by (2CFEA8C0,00000000)
[2025/07/21 16:34:16] 56 -- Subscribe Channel: GM <00000000> by (2CFEA8C0,00000000)
[2025/07/21 16:34:16] 57 -- Subscribe Channel: 00000004 by (2CFEA8C0,00000000)
[2025/07/21 16:34:16] 58 -- Subscribe Channel: 00000002 by (2CFEA8C0,00000000)
[2025/07/21 16:34:16] 59 -- Subscribe Channel: 00000001 by (2CFEA8C0,00000000)
[2025/07/21 16:34:16] 60 -- Subscribe Channel: 00000003 by (2CFEA8C0,00000000)
[2025/07/21 16:34:16] 61 -- Subscribe Channel: GM <00000000> by (2CFEA8C0,00000000)
[2025/07/21 16:34:16] 62 -- Subscribe Channel: 00000004 by (2CFEA8C0,00000000)
[2025/07/21 16:34:16] 63 -- Subscribe Channel: 00000002 by (2CFEA8C0,00000000)
[2025/07/21 16:34:16] 64 -- Subscribe Channel: 00000001 by (2CFEA8C0,00000000)
[2025/07/21 16:34:16] 65 -- Subscribe Channel: 00000003 by (2CFEA8C0,00000000)
[2025/07/21 16:34:16] 66 -- Subscribe Channel: GM <00000000> by (2CFEA8C0,00000000)
[2025/07/21 16:34:16] 67 -- Subscribe Channel: 00000004 by (2CFEA8C0,00000000)
[2025/07/21 16:34:16] 68 -- Subscribe Channel: 00000002 by (2CFEA8C0,00000000)
[2025/07/21 16:34:16] 69 -- Subscribe Channel: 00000001 by (2CFEA8C0,00000000)
[2025/07/21 16:34:16] 70 -- Subscribe Channel: 00000003 by (2CFEA8C0,00000000)
[2025/07/21 16:34:16] 71 -- Subscribe Channel: GM <00000000> by (2CFEA8C0,00000000)
[2025/07/21 16:34:16] 72 -- Subscribe Channel: 00000004 by (2CFEA8C0,00000000)
[2025/07/21 16:38:55] 73 -- update friend DB succeed
[2025/07/21 16:39:46] 74 -- Destroy Channel: <00000002> \S754886848
[2025/07/21 16:39:46] 75 -- Destroy Channel: <00000003> \F0
[2025/07/21 16:39:46] 76 -- Destroy Channel: <00000004> \B754886848
[2025/07/21 16:39:46] 77 -- player logout: 1234567
