
*
***** S3Relay Start (@ 2025/07/21 17:30:20.624) >>>>>
*

[2025/07/21 17:30:24] 1 -- Initializing ...
[2025/07/21 17:30:24] 2 -- Connect Database Success!
[2025/07/21 17:30:24] 3 -- Create Channel: [Stock, GM] <00000000> GM
[2025/07/21 17:30:24] 4 -- Create Channel: [Stock] <00000001>  ¿ΩÁ
[2025/07/21 17:30:24] 5 -- friend timing update db: start
[2025/07/21 17:30:24] 6 -- relay server startup
[2025/07/21 17:30:24] 7 -- root client create: 192.168.254.42
[2025/07/21 17:30:24] 8 -- root client close: 192.168.254.42
[2025/07/21 17:30:24] 9 -- FAIL: DBRole client - 192.168.254.42
[2025/07/21 17:30:24] 10 -- enable reclient: db
[2025/07/21 17:30:24] 11 -- FAIL: gateway client - 192.168.254.42
[2025/07/21 17:30:24] 12 -- enable reclient: gateway
[2025/07/21 17:30:24] 13 -- host server startup
[2025/07/21 17:30:24] 14 -- tong server startup
[2025/07/21 17:30:24] 15 -- chat server startup
[2025/07/21 17:30:24] 16 -- SockThread start success
[2025/07/21 17:30:24] 17 -- tong database open ok!
[2025/07/21 17:30:24] 18 -- tongset init ok !
[2025/07/21 17:30:24] 19 -- Initialize OK
