
*
***** S3Relay Start (@ 2025/07/21 17:36:27.249) >>>>>
*

[2025/07/21 17:36:31] 1 -- Initializing ...
[2025/07/21 17:36:31] 2 -- Connect Database Success!
[2025/07/21 17:36:31] 3 -- Create Channel: [Stock, GM] <00000000> GM
[2025/07/21 17:36:31] 4 -- Create Channel: [Stock] <00000001>  ¿ΩÁ
[2025/07/21 17:36:31] 5 -- friend timing update db: start
[2025/07/21 17:36:31] 6 -- relay server startup
[2025/07/21 17:36:31] 7 -- root client create: 192.168.254.42
[2025/07/21 17:36:31] 8 -- root client close: 192.168.254.42
[2025/07/21 17:36:31] 9 -- FAIL: DBRole client - 192.168.254.42
[2025/07/21 17:36:31] 10 -- enable reclient: db
[2025/07/21 17:36:31] 11 -- FAIL: gateway client - 192.168.254.42
[2025/07/21 17:36:31] 12 -- enable reclient: gateway
[2025/07/21 17:36:31] 13 -- host server startup
[2025/07/21 17:36:31] 14 -- tong server startup
[2025/07/21 17:36:31] 15 -- chat server startup
[2025/07/21 17:36:31] 16 -- SockThread start success
[2025/07/21 17:36:31] 17 -- tong database open ok!
[2025/07/21 17:36:31] 18 -- tongset init ok !
[2025/07/21 17:36:31] 19 -- Initialize OK
