
*
***** S3Relay Start (@ 2025/07/21 17:37:20.836) >>>>>
*

[2025/07/21 17:37:20] 1 -- Initializing ...
[2025/07/21 17:37:20] 2 -- Connect Database Success!
[2025/07/21 17:37:20] 3 -- Create Channel: [Stock, GM] <00000000> GM
[2025/07/21 17:37:20] 4 -- Create Channel: [Stock] <00000001> 世界
[2025/07/21 17:37:20] 5 -- friend timing update db: start
[2025/07/21 17:37:20] 6 -- relay server startup
[2025/07/21 17:37:20] 7 -- root client create: 192.168.254.42
[2025/07/21 17:37:20] 8 -- DBRole client create: 192.168.254.42
[2025/07/21 17:37:20] 9 -- root client close: 192.168.254.42
[2025/07/21 17:37:20] 10 -- gateway client create: 192.168.254.42
[2025/07/21 17:37:20] 11 -- host server startup
[2025/07/21 17:37:20] 12 -- tong server startup
[2025/07/21 17:37:20] 13 -- chat server startup
[2025/07/21 17:37:20] 14 -- SockThread start success
[2025/07/21 17:37:20] 15 -- tong database open ok!
[2025/07/21 17:37:20] 16 -- tongset init ok !
[2025/07/21 17:37:20] 17 -- Initialize OK
[2025/07/21 17:37:29] 18 -- host connect create: 127.0.0.1
[2025/07/21 17:37:29] 19 -- chat connect create: 127.0.0.1
[2025/07/21 17:37:29] 20 -- tong connect create: 127.0.0.1
[2025/07/21 17:37:35] 21 -- host connect create: 192.168.254.43
[2025/07/21 17:37:35] 22 -- chat connect create: 192.168.254.43
[2025/07/21 17:37:35] 23 -- tong connect create: 192.168.254.43
[2025/07/21 17:37:38] 24 -- host connect create: 192.168.254.44
[2025/07/21 17:37:38] 25 -- chat connect create: 192.168.254.44
[2025/07/21 17:37:38] 26 -- tong connect create: 192.168.254.44
[2025/07/21 17:38:11] 27 -- load someone: DienBaQuan
[2025/07/21 17:38:11] 28 -- player login: 12345678 [DienBaQuan] (0100007F, 00000000)
[2025/07/21 17:38:11] 29 -- Query ChannelID: \S from (0100007F, 00000000)
[2025/07/21 17:38:11] 30 -- Create Channel: <00000002> \S16777343
[2025/07/21 17:38:11] 31 -- Query ChannelID: 世界 from (0100007F, 00000000)
[2025/07/21 17:38:11] 32 -- Query ChannelID: GM from (0100007F, 00000000)
[2025/07/21 17:38:11] 33 -- Query ChannelID: \B from (0100007F, 00000000)
[2025/07/21 17:38:11] 34 -- Create Channel: <00000003> \B16777343
[2025/07/21 17:38:11] 35 -- Query ChannelID: \S from (0100007F, 00000000)
[2025/07/21 17:38:11] 36 -- Query ChannelID: 世界 from (0100007F, 00000000)
[2025/07/21 17:38:11] 37 -- Query ChannelID: GM from (0100007F, 00000000)
[2025/07/21 17:38:11] 38 -- Query ChannelID: \B from (0100007F, 00000000)
[2025/07/21 17:38:11] 39 -- sync friend list: DienBaQuan (full)
[2025/07/21 17:38:11] 40 -- Subscribe Channel: 00000002 by (0100007F,00000000)
[2025/07/21 17:38:11] 41 -- Subscribe Channel: 00000001 by (0100007F,00000000)
[2025/07/21 17:38:11] 42 -- Subscribe Channel: GM <00000000> by (0100007F,00000000)
[2025/07/21 17:38:11] 43 -- Subscribe Channel: 00000003 by (0100007F,00000000)
[2025/07/21 17:38:11] 44 -- Subscribe Channel: 00000002 by (0100007F,00000000)
[2025/07/21 17:38:11] 45 -- Subscribe Channel: 00000001 by (0100007F,00000000)
[2025/07/21 17:38:11] 46 -- Subscribe Channel: GM <00000000> by (0100007F,00000000)
[2025/07/21 17:38:11] 47 -- Subscribe Channel: 00000003 by (0100007F,00000000)
[2025/07/21 17:38:23] 48 -- Destroy Channel: <00000002> \S16777343
[2025/07/21 17:38:23] 49 -- Destroy Channel: <00000003> \B16777343
[2025/07/21 17:38:23] 50 -- player logout: 12345678
[2025/07/21 17:38:23] 51 -- player login: 12345678 [DienBaQuan] (0100007F, 00000001)
[2025/07/21 17:38:23] 52 -- Query ChannelID: \S from (0100007F, 00000001)
[2025/07/21 17:38:23] 53 -- Create Channel: <00000004> \S16777343
[2025/07/21 17:38:23] 54 -- Query ChannelID: 世界 from (0100007F, 00000001)
[2025/07/21 17:38:23] 55 -- Query ChannelID: GM from (0100007F, 00000001)
[2025/07/21 17:38:23] 56 -- Query ChannelID: \B from (0100007F, 00000001)
[2025/07/21 17:38:23] 57 -- Create Channel: <00000005> \B16777343
[2025/07/21 17:38:23] 58 -- sync friend list: DienBaQuan (full)
[2025/07/21 17:38:23] 59 -- Subscribe Channel: 00000004 by (0100007F,00000001)
[2025/07/21 17:38:23] 60 -- Subscribe Channel: 00000001 by (0100007F,00000001)
[2025/07/21 17:38:23] 61 -- Subscribe Channel: GM <00000000> by (0100007F,00000001)
[2025/07/21 17:38:23] 62 -- Subscribe Channel: 00000005 by (0100007F,00000001)
[2025/07/21 17:38:29] 63 -- Query ChannelID: \F2 from (0100007F, 00000001)
[2025/07/21 17:38:29] 64 -- Create Channel: <00000006> \F2
[2025/07/21 17:38:29] 65 -- Subscribe Channel: 00000006 by (0100007F,00000001)
[2025/07/21 17:38:45] 66 -- Destroy Channel: <00000004> \S16777343
[2025/07/21 17:38:45] 67 -- Destroy Channel: <00000005> \B16777343
[2025/07/21 17:38:45] 68 -- Destroy Channel: <00000006> \F2
[2025/07/21 17:38:45] 69 -- player logout: 12345678
[2025/07/21 17:38:45] 70 -- player login: 12345678 [DienBaQuan] (2CFEA8C0, 00000000)
[2025/07/21 17:38:45] 71 -- Query ChannelID: \S from (2CFEA8C0, 00000000)
[2025/07/21 17:38:45] 72 -- Create Channel: <00000007> \S754886848
[2025/07/21 17:38:45] 73 -- Query ChannelID: 世界 from (2CFEA8C0, 00000000)
[2025/07/21 17:38:45] 74 -- Query ChannelID: \F2 from (2CFEA8C0, 00000000)
[2025/07/21 17:38:45] 75 -- Create Channel: <00000008> \F2
[2025/07/21 17:38:45] 76 -- Query ChannelID: GM from (2CFEA8C0, 00000000)
[2025/07/21 17:38:45] 77 -- Query ChannelID: \B from (2CFEA8C0, 00000000)
[2025/07/21 17:38:45] 78 -- Create Channel: <00000009> \B754886848
[2025/07/21 17:38:45] 79 -- sync friend list: DienBaQuan (full)
[2025/07/21 17:38:45] 80 -- Query ChannelID: \S from (2CFEA8C0, 00000000)
[2025/07/21 17:38:45] 81 -- Query ChannelID: 世界 from (2CFEA8C0, 00000000)
[2025/07/21 17:38:45] 82 -- Query ChannelID: \F2 from (2CFEA8C0, 00000000)
[2025/07/21 17:38:45] 83 -- Query ChannelID: GM from (2CFEA8C0, 00000000)
[2025/07/21 17:38:45] 84 -- Query ChannelID: \B from (2CFEA8C0, 00000000)
[2025/07/21 17:38:45] 85 -- Query ChannelID: \S from (2CFEA8C0, 00000000)
[2025/07/21 17:38:45] 86 -- Query ChannelID: 世界 from (2CFEA8C0, 00000000)
[2025/07/21 17:38:45] 87 -- Query ChannelID: \F2 from (2CFEA8C0, 00000000)
[2025/07/21 17:38:45] 88 -- Query ChannelID: GM from (2CFEA8C0, 00000000)
[2025/07/21 17:38:45] 89 -- Query ChannelID: \B from (2CFEA8C0, 00000000)
[2025/07/21 17:38:45] 90 -- Subscribe Channel: 00000007 by (2CFEA8C0,00000000)
[2025/07/21 17:38:45] 91 -- Subscribe Channel: 00000001 by (2CFEA8C0,00000000)
[2025/07/21 17:38:45] 92 -- Subscribe Channel: 00000008 by (2CFEA8C0,00000000)
[2025/07/21 17:38:45] 93 -- Subscribe Channel: GM <00000000> by (2CFEA8C0,00000000)
[2025/07/21 17:38:45] 94 -- Subscribe Channel: 00000009 by (2CFEA8C0,00000000)
[2025/07/21 17:38:45] 95 -- Subscribe Channel: 00000007 by (2CFEA8C0,00000000)
[2025/07/21 17:38:45] 96 -- Subscribe Channel: 00000001 by (2CFEA8C0,00000000)
[2025/07/21 17:38:45] 97 -- Subscribe Channel: 00000008 by (2CFEA8C0,00000000)
[2025/07/21 17:38:45] 98 -- Subscribe Channel: GM <00000000> by (2CFEA8C0,00000000)
[2025/07/21 17:38:45] 99 -- Subscribe Channel: 00000009 by (2CFEA8C0,00000000)
[2025/07/21 17:38:45] 100 -- Subscribe Channel: 00000007 by (2CFEA8C0,00000000)
[2025/07/21 17:38:45] 101 -- Subscribe Channel: 00000001 by (2CFEA8C0,00000000)
[2025/07/21 17:38:45] 102 -- Subscribe Channel: 00000008 by (2CFEA8C0,00000000)
[2025/07/21 17:38:45] 103 -- Subscribe Channel: GM <00000000> by (2CFEA8C0,00000000)
[2025/07/21 17:38:45] 104 -- Subscribe Channel: 00000009 by (2CFEA8C0,00000000)
[2025/07/21 17:39:57] 105 -- Destroy Channel: <00000007> \S754886848
[2025/07/21 17:39:57] 106 -- Destroy Channel: <00000008> \F2
[2025/07/21 17:39:57] 107 -- Destroy Channel: <00000009> \B754886848
[2025/07/21 17:39:57] 108 -- player logout: 12345678
[2025/07/21 17:39:57] 109 -- player login: 12345678 [DienBaQuan] (0100007F, 00000002)
[2025/07/21 17:39:57] 110 -- Query ChannelID: \S from (0100007F, 00000002)
[2025/07/21 17:39:57] 111 -- Create Channel: <0000000A> \S16777343
[2025/07/21 17:39:57] 112 -- Query ChannelID: 世界 from (0100007F, 00000002)
[2025/07/21 17:39:57] 113 -- Query ChannelID: \F2 from (0100007F, 00000002)
[2025/07/21 17:39:57] 114 -- Create Channel: <0000000B> \F2
[2025/07/21 17:39:57] 115 -- Query ChannelID: GM from (0100007F, 00000002)
[2025/07/21 17:39:57] 116 -- Query ChannelID: \B from (0100007F, 00000002)
[2025/07/21 17:39:57] 117 -- Create Channel: <0000000C> \B16777343
[2025/07/21 17:39:57] 118 -- sync friend list: DienBaQuan (full)
[2025/07/21 17:39:57] 119 -- Query ChannelID: \S from (0100007F, 00000002)
[2025/07/21 17:39:57] 120 -- Query ChannelID: 世界 from (0100007F, 00000002)
[2025/07/21 17:39:57] 121 -- Query ChannelID: \F2 from (0100007F, 00000002)
[2025/07/21 17:39:57] 122 -- Query ChannelID: GM from (0100007F, 00000002)
[2025/07/21 17:39:57] 123 -- Query ChannelID: \B from (0100007F, 00000002)
[2025/07/21 17:39:57] 124 -- Query ChannelID: \S from (0100007F, 00000002)
[2025/07/21 17:39:57] 125 -- Query ChannelID: 世界 from (0100007F, 00000002)
[2025/07/21 17:39:57] 126 -- Query ChannelID: \F2 from (0100007F, 00000002)
[2025/07/21 17:39:57] 127 -- Query ChannelID: GM from (0100007F, 00000002)
[2025/07/21 17:39:57] 128 -- Query ChannelID: \B from (0100007F, 00000002)
[2025/07/21 17:39:57] 129 -- Subscribe Channel: 0000000A by (0100007F,00000002)
[2025/07/21 17:39:57] 130 -- Subscribe Channel: 00000001 by (0100007F,00000002)
[2025/07/21 17:39:57] 131 -- Subscribe Channel: 0000000B by (0100007F,00000002)
[2025/07/21 17:39:57] 132 -- Subscribe Channel: GM <00000000> by (0100007F,00000002)
[2025/07/21 17:39:57] 133 -- Subscribe Channel: 0000000C by (0100007F,00000002)
[2025/07/21 17:39:57] 134 -- Subscribe Channel: 0000000A by (0100007F,00000002)
[2025/07/21 17:39:57] 135 -- Subscribe Channel: 00000001 by (0100007F,00000002)
[2025/07/21 17:39:57] 136 -- Subscribe Channel: 0000000B by (0100007F,00000002)
[2025/07/21 17:39:57] 137 -- Subscribe Channel: GM <00000000> by (0100007F,00000002)
[2025/07/21 17:39:57] 138 -- Subscribe Channel: 0000000C by (0100007F,00000002)
[2025/07/21 17:39:57] 139 -- Subscribe Channel: 0000000A by (0100007F,00000002)
[2025/07/21 17:39:57] 140 -- Subscribe Channel: 00000001 by (0100007F,00000002)
[2025/07/21 17:39:57] 141 -- Subscribe Channel: 0000000B by (0100007F,00000002)
[2025/07/21 17:39:57] 142 -- Subscribe Channel: GM <00000000> by (0100007F,00000002)
[2025/07/21 17:39:57] 143 -- Subscribe Channel: 0000000C by (0100007F,00000002)
[2025/07/21 17:40:30] 144 -- Destroy Channel: <0000000A> \S16777343
[2025/07/21 17:40:30] 145 -- Destroy Channel: <0000000B> \F2
[2025/07/21 17:40:30] 146 -- Destroy Channel: <0000000C> \B16777343
[2025/07/21 17:40:30] 147 -- player logout: 12345678
[2025/07/21 17:40:30] 148 -- player login: 12345678 [DienBaQuan] (2CFEA8C0, 00000001)
[2025/07/21 17:40:30] 149 -- Query ChannelID: \S from (2CFEA8C0, 00000001)
[2025/07/21 17:40:30] 150 -- Create Channel: <0000000D> \S754886848
[2025/07/21 17:40:30] 151 -- Query ChannelID: 世界 from (2CFEA8C0, 00000001)
[2025/07/21 17:40:30] 152 -- Query ChannelID: \F2 from (2CFEA8C0, 00000001)
[2025/07/21 17:40:30] 153 -- Create Channel: <0000000E> \F2
[2025/07/21 17:40:30] 154 -- Query ChannelID: GM from (2CFEA8C0, 00000001)
[2025/07/21 17:40:30] 155 -- Query ChannelID: \B from (2CFEA8C0, 00000001)
[2025/07/21 17:40:30] 156 -- Create Channel: <0000000F> \B754886848
[2025/07/21 17:40:30] 157 -- sync friend list: DienBaQuan (full)
[2025/07/21 17:40:30] 158 -- Query ChannelID: \S from (2CFEA8C0, 00000001)
[2025/07/21 17:40:30] 159 -- Query ChannelID: 世界 from (2CFEA8C0, 00000001)
[2025/07/21 17:40:30] 160 -- Query ChannelID: \F2 from (2CFEA8C0, 00000001)
[2025/07/21 17:40:30] 161 -- Query ChannelID: GM from (2CFEA8C0, 00000001)
[2025/07/21 17:40:30] 162 -- Query ChannelID: \B from (2CFEA8C0, 00000001)
[2025/07/21 17:40:30] 163 -- Query ChannelID: \S from (2CFEA8C0, 00000001)
[2025/07/21 17:40:30] 164 -- Query ChannelID: 世界 from (2CFEA8C0, 00000001)
[2025/07/21 17:40:30] 165 -- Query ChannelID: \F2 from (2CFEA8C0, 00000001)
[2025/07/21 17:40:30] 166 -- Query ChannelID: GM from (2CFEA8C0, 00000001)
[2025/07/21 17:40:30] 167 -- Query ChannelID: \B from (2CFEA8C0, 00000001)
[2025/07/21 17:40:30] 168 -- Subscribe Channel: 0000000D by (2CFEA8C0,00000001)
[2025/07/21 17:40:30] 169 -- Subscribe Channel: 00000001 by (2CFEA8C0,00000001)
[2025/07/21 17:40:30] 170 -- Subscribe Channel: 0000000E by (2CFEA8C0,00000001)
[2025/07/21 17:40:30] 171 -- Subscribe Channel: GM <00000000> by (2CFEA8C0,00000001)
[2025/07/21 17:40:30] 172 -- Subscribe Channel: 0000000F by (2CFEA8C0,00000001)
[2025/07/21 17:40:30] 173 -- Subscribe Channel: 0000000D by (2CFEA8C0,00000001)
[2025/07/21 17:40:30] 174 -- Subscribe Channel: 00000001 by (2CFEA8C0,00000001)
[2025/07/21 17:40:30] 175 -- Subscribe Channel: 0000000E by (2CFEA8C0,00000001)
[2025/07/21 17:40:30] 176 -- Subscribe Channel: GM <00000000> by (2CFEA8C0,00000001)
[2025/07/21 17:40:30] 177 -- Subscribe Channel: 0000000F by (2CFEA8C0,00000001)
[2025/07/21 17:40:30] 178 -- Subscribe Channel: 0000000D by (2CFEA8C0,00000001)
[2025/07/21 17:40:30] 179 -- Subscribe Channel: 00000001 by (2CFEA8C0,00000001)
[2025/07/21 17:40:30] 180 -- Subscribe Channel: 0000000E by (2CFEA8C0,00000001)
[2025/07/21 17:40:30] 181 -- Subscribe Channel: GM <00000000> by (2CFEA8C0,00000001)
[2025/07/21 17:40:30] 182 -- Subscribe Channel: 0000000F by (2CFEA8C0,00000001)
[2025/07/21 17:40:36] 183 -- Destroy Channel: <0000000D> \S754886848
[2025/07/21 17:40:36] 184 -- Destroy Channel: <0000000E> \F2
[2025/07/21 17:40:36] 185 -- Destroy Channel: <0000000F> \B754886848
[2025/07/21 17:40:36] 186 -- player logout: 12345678
[2025/07/21 17:40:36] 187 -- player login: 12345678 [DienBaQuan] (0100007F, 00000003)
[2025/07/21 17:40:36] 188 -- Query ChannelID: \S from (0100007F, 00000003)
[2025/07/21 17:40:36] 189 -- Create Channel: <00000010> \S16777343
[2025/07/21 17:40:36] 190 -- Query ChannelID: 世界 from (0100007F, 00000003)
[2025/07/21 17:40:36] 191 -- Query ChannelID: \F2 from (0100007F, 00000003)
[2025/07/21 17:40:36] 192 -- Create Channel: <00000011> \F2
[2025/07/21 17:40:36] 193 -- Query ChannelID: GM from (0100007F, 00000003)
[2025/07/21 17:40:36] 194 -- Query ChannelID: \B from (0100007F, 00000003)
[2025/07/21 17:40:36] 195 -- Create Channel: <00000012> \B16777343
[2025/07/21 17:40:36] 196 -- sync friend list: DienBaQuan (full)
[2025/07/21 17:40:36] 197 -- Query ChannelID: \S from (0100007F, 00000003)
[2025/07/21 17:40:36] 198 -- Query ChannelID: 世界 from (0100007F, 00000003)
[2025/07/21 17:40:36] 199 -- Query ChannelID: \F2 from (0100007F, 00000003)
[2025/07/21 17:40:36] 200 -- Query ChannelID: GM from (0100007F, 00000003)
[2025/07/21 17:40:36] 201 -- Query ChannelID: \B from (0100007F, 00000003)
[2025/07/21 17:40:36] 202 -- Query ChannelID: \S from (0100007F, 00000003)
[2025/07/21 17:40:36] 203 -- Query ChannelID: 世界 from (0100007F, 00000003)
[2025/07/21 17:40:36] 204 -- Query ChannelID: \F2 from (0100007F, 00000003)
[2025/07/21 17:40:36] 205 -- Query ChannelID: GM from (0100007F, 00000003)
[2025/07/21 17:40:36] 206 -- Query ChannelID: \B from (0100007F, 00000003)
[2025/07/21 17:40:36] 207 -- Subscribe Channel: 00000010 by (0100007F,00000003)
[2025/07/21 17:40:36] 208 -- Subscribe Channel: 00000001 by (0100007F,00000003)
[2025/07/21 17:40:36] 209 -- Subscribe Channel: 00000011 by (0100007F,00000003)
[2025/07/21 17:40:36] 210 -- Subscribe Channel: GM <00000000> by (0100007F,00000003)
[2025/07/21 17:40:36] 211 -- Subscribe Channel: 00000012 by (0100007F,00000003)
[2025/07/21 17:40:36] 212 -- Subscribe Channel: 00000010 by (0100007F,00000003)
[2025/07/21 17:40:36] 213 -- Subscribe Channel: 00000001 by (0100007F,00000003)
[2025/07/21 17:40:36] 214 -- Subscribe Channel: 00000011 by (0100007F,00000003)
[2025/07/21 17:40:36] 215 -- Subscribe Channel: GM <00000000> by (0100007F,00000003)
[2025/07/21 17:40:36] 216 -- Subscribe Channel: 00000012 by (0100007F,00000003)
[2025/07/21 17:40:36] 217 -- Subscribe Channel: 00000010 by (0100007F,00000003)
[2025/07/21 17:40:36] 218 -- Subscribe Channel: 00000001 by (0100007F,00000003)
[2025/07/21 17:40:36] 219 -- Subscribe Channel: 00000011 by (0100007F,00000003)
[2025/07/21 17:40:36] 220 -- Subscribe Channel: GM <00000000> by (0100007F,00000003)
[2025/07/21 17:40:36] 221 -- Subscribe Channel: 00000012 by (0100007F,00000003)
[2025/07/21 17:40:51] 222 -- Destroy Channel: <00000010> \S16777343
[2025/07/21 17:40:51] 223 -- Destroy Channel: <00000011> \F2
[2025/07/21 17:40:51] 224 -- Destroy Channel: <00000012> \B16777343
[2025/07/21 17:40:51] 225 -- player logout: 12345678
[2025/07/21 17:40:51] 226 -- player login: 12345678 [DienBaQuan] (2CFEA8C0, 00000002)
[2025/07/21 17:40:51] 227 -- Query ChannelID: \S from (2CFEA8C0, 00000002)
[2025/07/21 17:40:51] 228 -- Create Channel: <00000013> \S754886848
[2025/07/21 17:40:51] 229 -- Query ChannelID: 世界 from (2CFEA8C0, 00000002)
[2025/07/21 17:40:51] 230 -- Query ChannelID: \F2 from (2CFEA8C0, 00000002)
[2025/07/21 17:40:51] 231 -- Create Channel: <00000014> \F2
[2025/07/21 17:40:51] 232 -- Query ChannelID: GM from (2CFEA8C0, 00000002)
[2025/07/21 17:40:51] 233 -- Query ChannelID: \B from (2CFEA8C0, 00000002)
[2025/07/21 17:40:51] 234 -- Create Channel: <00000015> \B754886848
[2025/07/21 17:40:51] 235 -- sync friend list: DienBaQuan (full)
[2025/07/21 17:40:51] 236 -- Query ChannelID: \S from (2CFEA8C0, 00000002)
[2025/07/21 17:40:51] 237 -- Query ChannelID: 世界 from (2CFEA8C0, 00000002)
[2025/07/21 17:40:51] 238 -- Query ChannelID: \F2 from (2CFEA8C0, 00000002)
[2025/07/21 17:40:51] 239 -- Query ChannelID: GM from (2CFEA8C0, 00000002)
[2025/07/21 17:40:51] 240 -- Query ChannelID: \B from (2CFEA8C0, 00000002)
[2025/07/21 17:40:51] 241 -- Query ChannelID: \S from (2CFEA8C0, 00000002)
[2025/07/21 17:40:51] 242 -- Query ChannelID: 世界 from (2CFEA8C0, 00000002)
[2025/07/21 17:40:51] 243 -- Query ChannelID: \F2 from (2CFEA8C0, 00000002)
[2025/07/21 17:40:51] 244 -- Query ChannelID: GM from (2CFEA8C0, 00000002)
[2025/07/21 17:40:51] 245 -- Query ChannelID: \B from (2CFEA8C0, 00000002)
[2025/07/21 17:40:51] 246 -- Subscribe Channel: 00000013 by (2CFEA8C0,00000002)
[2025/07/21 17:40:51] 247 -- Subscribe Channel: 00000001 by (2CFEA8C0,00000002)
[2025/07/21 17:40:51] 248 -- Subscribe Channel: 00000014 by (2CFEA8C0,00000002)
[2025/07/21 17:40:51] 249 -- Subscribe Channel: GM <00000000> by (2CFEA8C0,00000002)
[2025/07/21 17:40:51] 250 -- Subscribe Channel: 00000015 by (2CFEA8C0,00000002)
[2025/07/21 17:40:51] 251 -- Subscribe Channel: 00000013 by (2CFEA8C0,00000002)
[2025/07/21 17:40:51] 252 -- Subscribe Channel: 00000001 by (2CFEA8C0,00000002)
[2025/07/21 17:40:51] 253 -- Subscribe Channel: 00000014 by (2CFEA8C0,00000002)
[2025/07/21 17:40:51] 254 -- Subscribe Channel: GM <00000000> by (2CFEA8C0,00000002)
[2025/07/21 17:40:51] 255 -- Subscribe Channel: 00000015 by (2CFEA8C0,00000002)
[2025/07/21 17:40:51] 256 -- Subscribe Channel: 00000013 by (2CFEA8C0,00000002)
[2025/07/21 17:40:51] 257 -- Subscribe Channel: 00000001 by (2CFEA8C0,00000002)
[2025/07/21 17:40:51] 258 -- Subscribe Channel: 00000014 by (2CFEA8C0,00000002)
[2025/07/21 17:40:51] 259 -- Subscribe Channel: GM <00000000> by (2CFEA8C0,00000002)
[2025/07/21 17:40:51] 260 -- Subscribe Channel: 00000015 by (2CFEA8C0,00000002)
[2025/07/21 17:42:24] 261 -- update friend DB succeed
[2025/07/21 17:42:36] 262 -- [UpdateExtPoint][12345678] Update Coin [3] into database successfully!!!
[2025/07/21 17:47:24] 263 -- update friend DB succeed
