
*
***** S3Relay Start (@ 2025/07/21 17:30:55.451) >>>>>
*

[2025/07/21 17:30:59] 1 -- Initializing ...
[2025/07/21 17:30:59] 2 -- Connect Database Success!
[2025/07/21 17:30:59] 3 -- Create Channel: [Stock, GM] <00000000> GM
[2025/07/21 17:30:59] 4 -- Create Channel: [Stock] <00000001>  ¿ΩÁ
[2025/07/21 17:30:59] 5 -- friend timing update db: start
[2025/07/21 17:30:59] 6 -- relay server startup
[2025/07/21 17:30:59] 7 -- root client create: 192.168.254.42
[2025/07/21 17:30:59] 8 -- root client close: 192.168.254.42
[2025/07/21 17:30:59] 9 -- FAIL: DBRole client - 192.168.254.42
[2025/07/21 17:30:59] 10 -- enable reclient: db
[2025/07/21 17:30:59] 11 -- FAIL: gateway client - 192.168.254.42
[2025/07/21 17:30:59] 12 -- enable reclient: gateway
[2025/07/21 17:30:59] 13 -- host server startup
[2025/07/21 17:30:59] 14 -- tong server startup
[2025/07/21 17:30:59] 15 -- chat server startup
[2025/07/21 17:30:59] 16 -- SockThread start success
[2025/07/21 17:30:59] 17 -- tong database open ok!
[2025/07/21 17:30:59] 18 -- tongset init ok !
[2025/07/21 17:30:59] 19 -- Initialize OK
