
*
***** S3Relay Start (@ 2025/07/21 17:50:50.161) >>>>>
*

[2025/07/21 17:50:50] 1 -- Initializing ...
[2025/07/21 17:50:50] 2 -- Connect Database Success!
[2025/07/21 17:50:50] 3 -- Create Channel: [Stock, GM] <00000000> GM
[2025/07/21 17:50:50] 4 -- Create Channel: [Stock] <00000001> 世界
[2025/07/21 17:50:50] 5 -- friend timing update db: start
[2025/07/21 17:50:50] 6 -- relay server startup
[2025/07/21 17:50:50] 7 -- root client create: 192.168.254.42
[2025/07/21 17:50:50] 8 -- DBRole client create: 192.168.254.42
[2025/07/21 17:50:50] 9 -- root client close: 192.168.254.42
[2025/07/21 17:50:50] 10 -- gateway client create: 192.168.254.42
[2025/07/21 17:50:50] 11 -- host server startup
[2025/07/21 17:50:50] 12 -- tong server startup
[2025/07/21 17:50:50] 13 -- chat server startup
[2025/07/21 17:50:50] 14 -- SockThread start success
[2025/07/21 17:50:50] 15 -- tong database open ok!
[2025/07/21 17:50:50] 16 -- tongset init ok !
[2025/07/21 17:50:50] 17 -- Initialize OK
[2025/07/21 17:50:59] 18 -- host connect create: 127.0.0.1
[2025/07/21 17:50:59] 19 -- chat connect create: 127.0.0.1
[2025/07/21 17:50:59] 20 -- tong connect create: 127.0.0.1
[2025/07/21 17:51:05] 21 -- host connect create: 192.168.254.43
[2025/07/21 17:51:05] 22 -- chat connect create: 192.168.254.43
[2025/07/21 17:51:05] 23 -- tong connect create: 192.168.254.43
[2025/07/21 17:51:05] 24 -- host connect create: 192.168.254.44
[2025/07/21 17:51:05] 25 -- chat connect create: 192.168.254.44
[2025/07/21 17:51:05] 26 -- tong connect create: 192.168.254.44
[2025/07/21 17:51:20] 27 -- load someone: DienBaQuan
[2025/07/21 17:51:20] 28 -- player login: 12345678 [DienBaQuan] (2CFEA8C0, 00000000)
[2025/07/21 17:51:20] 29 -- Query ChannelID: \S from (2CFEA8C0, 00000000)
[2025/07/21 17:51:20] 30 -- Create Channel: <00000002> \S754886848
[2025/07/21 17:51:20] 31 -- Query ChannelID: 世界 from (2CFEA8C0, 00000000)
[2025/07/21 17:51:20] 32 -- Query ChannelID: \F2 from (2CFEA8C0, 00000000)
[2025/07/21 17:51:20] 33 -- Create Channel: <00000003> \F2
[2025/07/21 17:51:20] 34 -- Query ChannelID: GM from (2CFEA8C0, 00000000)
[2025/07/21 17:51:20] 35 -- Query ChannelID: \B from (2CFEA8C0, 00000000)
[2025/07/21 17:51:20] 36 -- Create Channel: <00000004> \B754886848
[2025/07/21 17:51:20] 37 -- Query ChannelID: \S from (2CFEA8C0, 00000000)
[2025/07/21 17:51:20] 38 -- Query ChannelID: 世界 from (2CFEA8C0, 00000000)
[2025/07/21 17:51:20] 39 -- Query ChannelID: \F2 from (2CFEA8C0, 00000000)
[2025/07/21 17:51:20] 40 -- Query ChannelID: GM from (2CFEA8C0, 00000000)
[2025/07/21 17:51:20] 41 -- Query ChannelID: \B from (2CFEA8C0, 00000000)
[2025/07/21 17:51:20] 42 -- sync friend list: DienBaQuan (full)
[2025/07/21 17:51:20] 43 -- Query ChannelID: \S from (2CFEA8C0, 00000000)
[2025/07/21 17:51:20] 44 -- Query ChannelID: 世界 from (2CFEA8C0, 00000000)
[2025/07/21 17:51:20] 45 -- Query ChannelID: \F2 from (2CFEA8C0, 00000000)
[2025/07/21 17:51:20] 46 -- Query ChannelID: GM from (2CFEA8C0, 00000000)
[2025/07/21 17:51:20] 47 -- Query ChannelID: \B from (2CFEA8C0, 00000000)
[2025/07/21 17:51:20] 48 -- Query ChannelID: \S from (2CFEA8C0, 00000000)
[2025/07/21 17:51:20] 49 -- Query ChannelID: 世界 from (2CFEA8C0, 00000000)
[2025/07/21 17:51:20] 50 -- Query ChannelID: \F2 from (2CFEA8C0, 00000000)
[2025/07/21 17:51:20] 51 -- Query ChannelID: GM from (2CFEA8C0, 00000000)
[2025/07/21 17:51:20] 52 -- Query ChannelID: \B from (2CFEA8C0, 00000000)
[2025/07/21 17:51:20] 53 -- Subscribe Channel: 00000002 by (2CFEA8C0,00000000)
[2025/07/21 17:51:20] 54 -- Subscribe Channel: 00000001 by (2CFEA8C0,00000000)
[2025/07/21 17:51:20] 55 -- Subscribe Channel: 00000003 by (2CFEA8C0,00000000)
[2025/07/21 17:51:20] 56 -- Subscribe Channel: GM <00000000> by (2CFEA8C0,00000000)
[2025/07/21 17:51:20] 57 -- Subscribe Channel: 00000004 by (2CFEA8C0,00000000)
[2025/07/21 17:51:20] 58 -- Subscribe Channel: 00000002 by (2CFEA8C0,00000000)
[2025/07/21 17:51:20] 59 -- Subscribe Channel: 00000001 by (2CFEA8C0,00000000)
[2025/07/21 17:51:20] 60 -- Subscribe Channel: 00000003 by (2CFEA8C0,00000000)
[2025/07/21 17:51:20] 61 -- Subscribe Channel: GM <00000000> by (2CFEA8C0,00000000)
[2025/07/21 17:51:20] 62 -- Subscribe Channel: 00000004 by (2CFEA8C0,00000000)
[2025/07/21 17:51:20] 63 -- Subscribe Channel: 00000002 by (2CFEA8C0,00000000)
[2025/07/21 17:51:20] 64 -- Subscribe Channel: 00000001 by (2CFEA8C0,00000000)
[2025/07/21 17:51:20] 65 -- Subscribe Channel: 00000003 by (2CFEA8C0,00000000)
[2025/07/21 17:51:20] 66 -- Subscribe Channel: GM <00000000> by (2CFEA8C0,00000000)
[2025/07/21 17:51:20] 67 -- Subscribe Channel: 00000004 by (2CFEA8C0,00000000)
[2025/07/21 17:51:20] 68 -- Subscribe Channel: 00000002 by (2CFEA8C0,00000000)
[2025/07/21 17:51:20] 69 -- Subscribe Channel: 00000001 by (2CFEA8C0,00000000)
[2025/07/21 17:51:20] 70 -- Subscribe Channel: 00000003 by (2CFEA8C0,00000000)
[2025/07/21 17:51:20] 71 -- Subscribe Channel: GM <00000000> by (2CFEA8C0,00000000)
[2025/07/21 17:51:20] 72 -- Subscribe Channel: 00000004 by (2CFEA8C0,00000000)
[2025/07/21 17:51:38] 73 -- [UpdateExtPoint][12345678] Update Coin [5] into database successfully!!!
[2025/07/21 17:54:20] 74 -- [UpdateExtPoint][12345678] Update Coin [7] into database successfully!!!
[2025/07/21 17:55:53] 75 -- update friend DB succeed
[2025/07/21 17:56:41] 76 -- [UpdateExtPoint][12345678] Update Coin [8] into database successfully!!!
[2025/07/21 17:56:44] 77 -- [UpdateExtPoint][12345678] Update Coin [9] into database successfully!!!
[2025/07/21 17:58:27] 78 -- Destroy Channel: <00000002> \S754886848
[2025/07/21 17:58:27] 79 -- Destroy Channel: <00000003> \F2
[2025/07/21 17:58:27] 80 -- Destroy Channel: <00000004> \B754886848
[2025/07/21 17:58:27] 81 -- player logout: 12345678
