
*
***** S3Relay Start (@ 2025/07/21 18:28:51.351) >>>>>
*

[2025/07/21 18:28:51] 1 -- Initializing ...
[2025/07/21 18:28:51] 2 -- Connect Database Success!
[2025/07/21 18:28:51] 3 -- Create Channel: [Stock, GM] <00000000> GM
[2025/07/21 18:28:51] 4 -- Create Channel: [Stock] <00000001> 世界
[2025/07/21 18:28:51] 5 -- friend timing update db: start
[2025/07/21 18:28:51] 6 -- relay server startup
[2025/07/21 18:28:51] 7 -- root client create: 192.168.254.42
[2025/07/21 18:28:51] 8 -- DBRole client create: 192.168.254.42
[2025/07/21 18:28:51] 9 -- root client close: 192.168.254.42
[2025/07/21 18:28:51] 10 -- gateway client create: 192.168.254.42
[2025/07/21 18:28:51] 11 -- host server startup
[2025/07/21 18:28:51] 12 -- tong server startup
[2025/07/21 18:28:51] 13 -- chat server startup
[2025/07/21 18:28:51] 14 -- SockThread start success
[2025/07/21 18:28:51] 15 -- tong database open ok!
[2025/07/21 18:28:51] 16 -- tongset init ok !
[2025/07/21 18:28:51] 17 -- Initialize OK
[2025/07/21 18:29:00] 18 -- host connect create: 127.0.0.1
[2025/07/21 18:29:00] 19 -- chat connect create: 127.0.0.1
[2025/07/21 18:29:00] 20 -- tong connect create: 127.0.0.1
[2025/07/21 18:29:06] 21 -- host connect create: 192.168.254.43
[2025/07/21 18:29:06] 22 -- chat connect create: 192.168.254.43
[2025/07/21 18:29:06] 23 -- tong connect create: 192.168.254.43
[2025/07/21 18:29:06] 24 -- host connect create: 192.168.254.44
[2025/07/21 18:29:06] 25 -- chat connect create: 192.168.254.44
[2025/07/21 18:29:06] 26 -- tong connect create: 192.168.254.44
[2025/07/21 18:29:15] 27 -- load someone: DienBaQuan
[2025/07/21 18:29:15] 28 -- player login: 12345678 [DienBaQuan] (2CFEA8C0, 00000000)
[2025/07/21 18:29:15] 29 -- Query ChannelID: \S from (2CFEA8C0, 00000000)
[2025/07/21 18:29:15] 30 -- Create Channel: <00000002> \S754886848
[2025/07/21 18:29:15] 31 -- Query ChannelID: 世界 from (2CFEA8C0, 00000000)
[2025/07/21 18:29:15] 32 -- Query ChannelID: \F2 from (2CFEA8C0, 00000000)
[2025/07/21 18:29:15] 33 -- Create Channel: <00000003> \F2
[2025/07/21 18:29:15] 34 -- Query ChannelID: GM from (2CFEA8C0, 00000000)
[2025/07/21 18:29:15] 35 -- Query ChannelID: \B from (2CFEA8C0, 00000000)
[2025/07/21 18:29:15] 36 -- Create Channel: <00000004> \B754886848
[2025/07/21 18:29:15] 37 -- Query ChannelID: \S from (2CFEA8C0, 00000000)
[2025/07/21 18:29:15] 38 -- Query ChannelID: 世界 from (2CFEA8C0, 00000000)
[2025/07/21 18:29:15] 39 -- Query ChannelID: \F2 from (2CFEA8C0, 00000000)
[2025/07/21 18:29:15] 40 -- Query ChannelID: GM from (2CFEA8C0, 00000000)
[2025/07/21 18:29:15] 41 -- Query ChannelID: \B from (2CFEA8C0, 00000000)
[2025/07/21 18:29:15] 42 -- sync friend list: DienBaQuan (full)
[2025/07/21 18:29:15] 43 -- Query ChannelID: \S from (2CFEA8C0, 00000000)
[2025/07/21 18:29:15] 44 -- Query ChannelID: 世界 from (2CFEA8C0, 00000000)
[2025/07/21 18:29:15] 45 -- Query ChannelID: \F2 from (2CFEA8C0, 00000000)
[2025/07/21 18:29:15] 46 -- Query ChannelID: GM from (2CFEA8C0, 00000000)
[2025/07/21 18:29:15] 47 -- Query ChannelID: \B from (2CFEA8C0, 00000000)
[2025/07/21 18:29:15] 48 -- Query ChannelID: \S from (2CFEA8C0, 00000000)
[2025/07/21 18:29:15] 49 -- Query ChannelID: 世界 from (2CFEA8C0, 00000000)
[2025/07/21 18:29:15] 50 -- Query ChannelID: \F2 from (2CFEA8C0, 00000000)
[2025/07/21 18:29:15] 51 -- Query ChannelID: GM from (2CFEA8C0, 00000000)
[2025/07/21 18:29:15] 52 -- Query ChannelID: \B from (2CFEA8C0, 00000000)
[2025/07/21 18:29:15] 53 -- Subscribe Channel: 00000002 by (2CFEA8C0,00000000)
[2025/07/21 18:29:15] 54 -- Subscribe Channel: 00000001 by (2CFEA8C0,00000000)
[2025/07/21 18:29:15] 55 -- Subscribe Channel: 00000003 by (2CFEA8C0,00000000)
[2025/07/21 18:29:15] 56 -- Subscribe Channel: GM <00000000> by (2CFEA8C0,00000000)
[2025/07/21 18:29:15] 57 -- Subscribe Channel: 00000004 by (2CFEA8C0,00000000)
[2025/07/21 18:29:15] 58 -- Subscribe Channel: 00000002 by (2CFEA8C0,00000000)
[2025/07/21 18:29:15] 59 -- Subscribe Channel: 00000001 by (2CFEA8C0,00000000)
[2025/07/21 18:29:15] 60 -- Subscribe Channel: 00000003 by (2CFEA8C0,00000000)
[2025/07/21 18:29:15] 61 -- Subscribe Channel: GM <00000000> by (2CFEA8C0,00000000)
[2025/07/21 18:29:15] 62 -- Subscribe Channel: 00000004 by (2CFEA8C0,00000000)
[2025/07/21 18:29:15] 63 -- Subscribe Channel: 00000002 by (2CFEA8C0,00000000)
[2025/07/21 18:29:15] 64 -- Subscribe Channel: 00000001 by (2CFEA8C0,00000000)
[2025/07/21 18:29:15] 65 -- Subscribe Channel: 00000003 by (2CFEA8C0,00000000)
[2025/07/21 18:29:15] 66 -- Subscribe Channel: GM <00000000> by (2CFEA8C0,00000000)
[2025/07/21 18:29:15] 67 -- Subscribe Channel: 00000004 by (2CFEA8C0,00000000)
[2025/07/21 18:29:15] 68 -- Subscribe Channel: 00000002 by (2CFEA8C0,00000000)
[2025/07/21 18:29:15] 69 -- Subscribe Channel: 00000001 by (2CFEA8C0,00000000)
[2025/07/21 18:29:15] 70 -- Subscribe Channel: 00000003 by (2CFEA8C0,00000000)
[2025/07/21 18:29:15] 71 -- Subscribe Channel: GM <00000000> by (2CFEA8C0,00000000)
[2025/07/21 18:29:15] 72 -- Subscribe Channel: 00000004 by (2CFEA8C0,00000000)
[2025/07/21 18:30:18] 73 -- Destroy Channel: <00000002> \S754886848
[2025/07/21 18:30:18] 74 -- Destroy Channel: <00000003> \F2
[2025/07/21 18:30:18] 75 -- Destroy Channel: <00000004> \B754886848
[2025/07/21 18:30:18] 76 -- player logout: 12345678
[2025/07/21 18:30:42] 77 -- load someone: BaoDaiSu
[2025/07/21 18:30:42] 78 -- player login: 1234567 [BaoDaiSu] (0100007F, 00000000)
[2025/07/21 18:30:42] 79 -- Query ChannelID: \S from (0100007F, 00000000)
[2025/07/21 18:30:42] 80 -- Create Channel: <00000005> \S16777343
[2025/07/21 18:30:42] 81 -- Query ChannelID: 世界 from (0100007F, 00000000)
[2025/07/21 18:30:42] 82 -- Query ChannelID: GM from (0100007F, 00000000)
[2025/07/21 18:30:42] 83 -- Query ChannelID: \B from (0100007F, 00000000)
[2025/07/21 18:30:42] 84 -- Create Channel: <00000006> \B16777343
[2025/07/21 18:30:42] 85 -- Query ChannelID: \S from (0100007F, 00000000)
[2025/07/21 18:30:42] 86 -- Query ChannelID: 世界 from (0100007F, 00000000)
[2025/07/21 18:30:42] 87 -- Query ChannelID: GM from (0100007F, 00000000)
[2025/07/21 18:30:42] 88 -- Query ChannelID: \B from (0100007F, 00000000)
[2025/07/21 18:30:42] 89 -- sync friend list: BaoDaiSu (full)
[2025/07/21 18:30:42] 90 -- Subscribe Channel: 00000005 by (0100007F,00000000)
[2025/07/21 18:30:42] 91 -- Subscribe Channel: 00000001 by (0100007F,00000000)
[2025/07/21 18:30:42] 92 -- Subscribe Channel: GM <00000000> by (0100007F,00000000)
[2025/07/21 18:30:42] 93 -- Subscribe Channel: 00000006 by (0100007F,00000000)
[2025/07/21 18:30:42] 94 -- Subscribe Channel: 00000005 by (0100007F,00000000)
[2025/07/21 18:30:42] 95 -- Subscribe Channel: 00000001 by (0100007F,00000000)
[2025/07/21 18:30:42] 96 -- Subscribe Channel: GM <00000000> by (0100007F,00000000)
[2025/07/21 18:30:42] 97 -- Subscribe Channel: 00000006 by (0100007F,00000000)
[2025/07/21 18:30:45] 98 -- Destroy Channel: <00000005> \S16777343
[2025/07/21 18:30:45] 99 -- Destroy Channel: <00000006> \B16777343
[2025/07/21 18:30:45] 100 -- player logout: 1234567
[2025/07/21 18:30:48] 101 -- player login: 1234567 [BaoDaiSu] (0100007F, 00000001)
[2025/07/21 18:30:48] 102 -- Query ChannelID: \S from (0100007F, 00000001)
[2025/07/21 18:30:48] 103 -- Create Channel: <00000007> \S16777343
[2025/07/21 18:30:48] 104 -- Query ChannelID: 世界 from (0100007F, 00000001)
[2025/07/21 18:30:48] 105 -- Query ChannelID: GM from (0100007F, 00000001)
[2025/07/21 18:30:48] 106 -- Query ChannelID: \B from (0100007F, 00000001)
[2025/07/21 18:30:48] 107 -- Create Channel: <00000008> \B16777343
[2025/07/21 18:30:48] 108 -- sync friend list: BaoDaiSu (full)
[2025/07/21 18:30:48] 109 -- Subscribe Channel: 00000007 by (0100007F,00000001)
[2025/07/21 18:30:48] 110 -- Subscribe Channel: 00000001 by (0100007F,00000001)
[2025/07/21 18:30:48] 111 -- Subscribe Channel: GM <00000000> by (0100007F,00000001)
[2025/07/21 18:30:48] 112 -- Subscribe Channel: 00000008 by (0100007F,00000001)
[2025/07/21 18:31:15] 113 -- Query ChannelID: \F0 from (0100007F, 00000001)
[2025/07/21 18:31:15] 114 -- Create Channel: <00000009> \F0
[2025/07/21 18:31:15] 115 -- Subscribe Channel: 00000009 by (0100007F,00000001)
[2025/07/21 18:33:55] 116 -- update friend DB succeed
[2025/07/21 18:38:55] 117 -- update friend DB succeed
[2025/07/21 18:39:43] 118 -- Destroy Channel: <00000007> \S16777343
[2025/07/21 18:39:43] 119 -- Destroy Channel: <00000008> \B16777343
[2025/07/21 18:39:43] 120 -- Destroy Channel: <00000009> \F0
[2025/07/21 18:39:43] 121 -- player logout: 1234567
[2025/07/21 18:39:43] 122 -- player login: 1234567 [BaoDaiSu] (2CFEA8C0, 00000001)
[2025/07/21 18:39:43] 123 -- Query ChannelID: \S from (2CFEA8C0, 00000001)
[2025/07/21 18:39:43] 124 -- Create Channel: <0000000A> \S754886848
[2025/07/21 18:39:43] 125 -- Query ChannelID: 世界 from (2CFEA8C0, 00000001)
[2025/07/21 18:39:43] 126 -- Query ChannelID: \F0 from (2CFEA8C0, 00000001)
[2025/07/21 18:39:43] 127 -- Create Channel: <0000000B> \F0
[2025/07/21 18:39:43] 128 -- Query ChannelID: GM from (2CFEA8C0, 00000001)
[2025/07/21 18:39:43] 129 -- Query ChannelID: \B from (2CFEA8C0, 00000001)
[2025/07/21 18:39:43] 130 -- Create Channel: <0000000C> \B754886848
[2025/07/21 18:39:43] 131 -- sync friend list: BaoDaiSu (full)
[2025/07/21 18:39:43] 132 -- Query ChannelID: \S from (2CFEA8C0, 00000001)
[2025/07/21 18:39:43] 133 -- Query ChannelID: 世界 from (2CFEA8C0, 00000001)
[2025/07/21 18:39:43] 134 -- Query ChannelID: \F0 from (2CFEA8C0, 00000001)
[2025/07/21 18:39:43] 135 -- Query ChannelID: GM from (2CFEA8C0, 00000001)
[2025/07/21 18:39:43] 136 -- Query ChannelID: \B from (2CFEA8C0, 00000001)
[2025/07/21 18:39:43] 137 -- Query ChannelID: \S from (2CFEA8C0, 00000001)
[2025/07/21 18:39:43] 138 -- Query ChannelID: 世界 from (2CFEA8C0, 00000001)
[2025/07/21 18:39:43] 139 -- Query ChannelID: \F0 from (2CFEA8C0, 00000001)
[2025/07/21 18:39:43] 140 -- Query ChannelID: GM from (2CFEA8C0, 00000001)
[2025/07/21 18:39:43] 141 -- Query ChannelID: \B from (2CFEA8C0, 00000001)
[2025/07/21 18:39:43] 142 -- Subscribe Channel: 0000000A by (2CFEA8C0,00000001)
[2025/07/21 18:39:43] 143 -- Subscribe Channel: 00000001 by (2CFEA8C0,00000001)
[2025/07/21 18:39:43] 144 -- Subscribe Channel: 0000000B by (2CFEA8C0,00000001)
[2025/07/21 18:39:43] 145 -- Subscribe Channel: GM <00000000> by (2CFEA8C0,00000001)
[2025/07/21 18:39:43] 146 -- Subscribe Channel: 0000000C by (2CFEA8C0,00000001)
[2025/07/21 18:39:43] 147 -- Subscribe Channel: 0000000A by (2CFEA8C0,00000001)
[2025/07/21 18:39:43] 148 -- Subscribe Channel: 00000001 by (2CFEA8C0,00000001)
[2025/07/21 18:39:43] 149 -- Subscribe Channel: 0000000B by (2CFEA8C0,00000001)
[2025/07/21 18:39:43] 150 -- Subscribe Channel: GM <00000000> by (2CFEA8C0,00000001)
[2025/07/21 18:39:43] 151 -- Subscribe Channel: 0000000C by (2CFEA8C0,00000001)
[2025/07/21 18:39:43] 152 -- Subscribe Channel: 0000000A by (2CFEA8C0,00000001)
[2025/07/21 18:39:43] 153 -- Subscribe Channel: 00000001 by (2CFEA8C0,00000001)
[2025/07/21 18:39:43] 154 -- Subscribe Channel: 0000000B by (2CFEA8C0,00000001)
[2025/07/21 18:39:43] 155 -- Subscribe Channel: GM <00000000> by (2CFEA8C0,00000001)
[2025/07/21 18:39:43] 156 -- Subscribe Channel: 0000000C by (2CFEA8C0,00000001)
[2025/07/21 18:39:49] 157 -- Destroy Channel: <0000000A> \S754886848
[2025/07/21 18:39:49] 158 -- Destroy Channel: <0000000B> \F0
[2025/07/21 18:39:49] 159 -- Destroy Channel: <0000000C> \B754886848
[2025/07/21 18:39:49] 160 -- player logout: 1234567
[2025/07/21 18:39:49] 161 -- player login: 1234567 [BaoDaiSu] (0100007F, 00000002)
[2025/07/21 18:39:49] 162 -- Query ChannelID: \S from (0100007F, 00000002)
[2025/07/21 18:39:49] 163 -- Create Channel: <0000000D> \S16777343
[2025/07/21 18:39:49] 164 -- Query ChannelID: 世界 from (0100007F, 00000002)
[2025/07/21 18:39:49] 165 -- Query ChannelID: \F0 from (0100007F, 00000002)
[2025/07/21 18:39:49] 166 -- Create Channel: <0000000E> \F0
[2025/07/21 18:39:49] 167 -- Query ChannelID: GM from (0100007F, 00000002)
[2025/07/21 18:39:49] 168 -- Query ChannelID: \B from (0100007F, 00000002)
[2025/07/21 18:39:49] 169 -- Create Channel: <0000000F> \B16777343
[2025/07/21 18:39:49] 170 -- sync friend list: BaoDaiSu (full)
[2025/07/21 18:39:49] 171 -- Query ChannelID: \S from (0100007F, 00000002)
[2025/07/21 18:39:49] 172 -- Query ChannelID: 世界 from (0100007F, 00000002)
[2025/07/21 18:39:49] 173 -- Query ChannelID: \F0 from (0100007F, 00000002)
[2025/07/21 18:39:49] 174 -- Query ChannelID: GM from (0100007F, 00000002)
[2025/07/21 18:39:49] 175 -- Query ChannelID: \B from (0100007F, 00000002)
[2025/07/21 18:39:49] 176 -- Query ChannelID: \S from (0100007F, 00000002)
[2025/07/21 18:39:49] 177 -- Query ChannelID: 世界 from (0100007F, 00000002)
[2025/07/21 18:39:49] 178 -- Query ChannelID: \F0 from (0100007F, 00000002)
[2025/07/21 18:39:49] 179 -- Query ChannelID: GM from (0100007F, 00000002)
[2025/07/21 18:39:49] 180 -- Query ChannelID: \B from (0100007F, 00000002)
[2025/07/21 18:39:49] 181 -- Subscribe Channel: 0000000D by (0100007F,00000002)
[2025/07/21 18:39:49] 182 -- Subscribe Channel: 00000001 by (0100007F,00000002)
[2025/07/21 18:39:49] 183 -- Subscribe Channel: 0000000E by (0100007F,00000002)
[2025/07/21 18:39:49] 184 -- Subscribe Channel: GM <00000000> by (0100007F,00000002)
[2025/07/21 18:39:49] 185 -- Subscribe Channel: 0000000F by (0100007F,00000002)
[2025/07/21 18:39:49] 186 -- Subscribe Channel: 0000000D by (0100007F,00000002)
[2025/07/21 18:39:49] 187 -- Subscribe Channel: 00000001 by (0100007F,00000002)
[2025/07/21 18:39:49] 188 -- Subscribe Channel: 0000000E by (0100007F,00000002)
[2025/07/21 18:39:49] 189 -- Subscribe Channel: GM <00000000> by (0100007F,00000002)
[2025/07/21 18:39:49] 190 -- Subscribe Channel: 0000000F by (0100007F,00000002)
[2025/07/21 18:39:49] 191 -- Subscribe Channel: 0000000D by (0100007F,00000002)
[2025/07/21 18:39:49] 192 -- Subscribe Channel: 00000001 by (0100007F,00000002)
[2025/07/21 18:39:49] 193 -- Subscribe Channel: 0000000E by (0100007F,00000002)
[2025/07/21 18:39:49] 194 -- Subscribe Channel: GM <00000000> by (0100007F,00000002)
[2025/07/21 18:39:49] 195 -- Subscribe Channel: 0000000F by (0100007F,00000002)
[2025/07/21 18:40:20] 196 -- Destroy Channel: <0000000D> \S16777343
[2025/07/21 18:40:20] 197 -- Destroy Channel: <0000000E> \F0
[2025/07/21 18:40:20] 198 -- Destroy Channel: <0000000F> \B16777343
[2025/07/21 18:40:20] 199 -- player logout: 1234567
[2025/07/21 18:40:20] 200 -- player login: 1234567 [BaoDaiSu] (2CFEA8C0, 00000002)
[2025/07/21 18:40:20] 201 -- Query ChannelID: \S from (2CFEA8C0, 00000002)
[2025/07/21 18:40:20] 202 -- Create Channel: <00000010> \S754886848
[2025/07/21 18:40:20] 203 -- Query ChannelID: 世界 from (2CFEA8C0, 00000002)
[2025/07/21 18:40:20] 204 -- Query ChannelID: \F0 from (2CFEA8C0, 00000002)
[2025/07/21 18:40:20] 205 -- Create Channel: <00000011> \F0
[2025/07/21 18:40:20] 206 -- Query ChannelID: GM from (2CFEA8C0, 00000002)
[2025/07/21 18:40:20] 207 -- Query ChannelID: \B from (2CFEA8C0, 00000002)
[2025/07/21 18:40:20] 208 -- Create Channel: <00000012> \B754886848
[2025/07/21 18:40:20] 209 -- sync friend list: BaoDaiSu (full)
[2025/07/21 18:40:20] 210 -- Query ChannelID: \S from (2CFEA8C0, 00000002)
[2025/07/21 18:40:20] 211 -- Query ChannelID: 世界 from (2CFEA8C0, 00000002)
[2025/07/21 18:40:20] 212 -- Query ChannelID: \F0 from (2CFEA8C0, 00000002)
[2025/07/21 18:40:20] 213 -- Query ChannelID: GM from (2CFEA8C0, 00000002)
[2025/07/21 18:40:20] 214 -- Query ChannelID: \B from (2CFEA8C0, 00000002)
[2025/07/21 18:40:20] 215 -- Query ChannelID: \S from (2CFEA8C0, 00000002)
[2025/07/21 18:40:20] 216 -- Query ChannelID: 世界 from (2CFEA8C0, 00000002)
[2025/07/21 18:40:20] 217 -- Query ChannelID: \F0 from (2CFEA8C0, 00000002)
[2025/07/21 18:40:20] 218 -- Query ChannelID: GM from (2CFEA8C0, 00000002)
[2025/07/21 18:40:20] 219 -- Query ChannelID: \B from (2CFEA8C0, 00000002)
[2025/07/21 18:40:20] 220 -- Subscribe Channel: 00000010 by (2CFEA8C0,00000002)
[2025/07/21 18:40:20] 221 -- Subscribe Channel: 00000001 by (2CFEA8C0,00000002)
[2025/07/21 18:40:20] 222 -- Subscribe Channel: 00000011 by (2CFEA8C0,00000002)
[2025/07/21 18:40:20] 223 -- Subscribe Channel: GM <00000000> by (2CFEA8C0,00000002)
[2025/07/21 18:40:20] 224 -- Subscribe Channel: 00000012 by (2CFEA8C0,00000002)
[2025/07/21 18:40:20] 225 -- Subscribe Channel: 00000010 by (2CFEA8C0,00000002)
[2025/07/21 18:40:20] 226 -- Subscribe Channel: 00000001 by (2CFEA8C0,00000002)
[2025/07/21 18:40:20] 227 -- Subscribe Channel: 00000011 by (2CFEA8C0,00000002)
[2025/07/21 18:40:20] 228 -- Subscribe Channel: GM <00000000> by (2CFEA8C0,00000002)
[2025/07/21 18:40:20] 229 -- Subscribe Channel: 00000012 by (2CFEA8C0,00000002)
[2025/07/21 18:40:20] 230 -- Subscribe Channel: 00000010 by (2CFEA8C0,00000002)
[2025/07/21 18:40:20] 231 -- Subscribe Channel: 00000001 by (2CFEA8C0,00000002)
[2025/07/21 18:40:20] 232 -- Subscribe Channel: 00000011 by (2CFEA8C0,00000002)
[2025/07/21 18:40:20] 233 -- Subscribe Channel: GM <00000000> by (2CFEA8C0,00000002)
[2025/07/21 18:40:20] 234 -- Subscribe Channel: 00000012 by (2CFEA8C0,00000002)
[2025/07/21 18:43:56] 235 -- update friend DB succeed
[2025/07/21 18:45:35] 236 -- Destroy Channel: <00000010> \S754886848
[2025/07/21 18:45:35] 237 -- Destroy Channel: <00000011> \F0
[2025/07/21 18:45:35] 238 -- Destroy Channel: <00000012> \B754886848
[2025/07/21 18:45:35] 239 -- player logout: 1234567
