
*
***** S3Relay Start (@ 2025/07/21 18:46:49.588) >>>>>
*

[2025/07/21 18:46:49] 1 -- Initializing ...
[2025/07/21 18:46:49] 2 -- Connect Database Success!
[2025/07/21 18:46:49] 3 -- Create Channel: [Stock, GM] <00000000> GM
[2025/07/21 18:46:49] 4 -- Create Channel: [Stock] <00000001> 世界
[2025/07/21 18:46:49] 5 -- friend timing update db: start
[2025/07/21 18:46:49] 6 -- relay server startup
[2025/07/21 18:46:49] 7 -- root client create: 192.168.254.42
[2025/07/21 18:46:49] 8 -- DBRole client create: 192.168.254.42
[2025/07/21 18:46:49] 9 -- root client close: 192.168.254.42
[2025/07/21 18:46:49] 10 -- gateway client create: 192.168.254.42
[2025/07/21 18:46:49] 11 -- host server startup
[2025/07/21 18:46:49] 12 -- tong server startup
[2025/07/21 18:46:49] 13 -- chat server startup
[2025/07/21 18:46:49] 14 -- SockThread start success
[2025/07/21 18:46:49] 15 -- tong database open ok!
[2025/07/21 18:46:49] 16 -- tongset init ok !
[2025/07/21 18:46:49] 17 -- Initialize OK
[2025/07/21 18:46:58] 18 -- host connect create: 127.0.0.1
[2025/07/21 18:46:58] 19 -- chat connect create: 127.0.0.1
[2025/07/21 18:46:58] 20 -- tong connect create: 127.0.0.1
[2025/07/21 18:47:04] 21 -- host connect create: 192.168.254.43
[2025/07/21 18:47:04] 22 -- chat connect create: 192.168.254.43
[2025/07/21 18:47:04] 23 -- tong connect create: 192.168.254.43
[2025/07/21 18:47:07] 24 -- host connect create: 192.168.254.44
[2025/07/21 18:47:07] 25 -- chat connect create: 192.168.254.44
[2025/07/21 18:47:07] 26 -- tong connect create: 192.168.254.44
[2025/07/21 18:47:40] 27 -- load someone: BaoDaiSu
[2025/07/21 18:47:40] 28 -- player login: 123456 [BaoDaiSu] (0100007F, 00000000)
[2025/07/21 18:47:40] 29 -- Query ChannelID: \S from (0100007F, 00000000)
[2025/07/21 18:47:40] 30 -- Create Channel: <00000002> \S16777343
[2025/07/21 18:47:40] 31 -- Query ChannelID: 世界 from (0100007F, 00000000)
[2025/07/21 18:47:40] 32 -- Query ChannelID: GM from (0100007F, 00000000)
[2025/07/21 18:47:40] 33 -- Query ChannelID: \B from (0100007F, 00000000)
[2025/07/21 18:47:40] 34 -- Create Channel: <00000003> \B16777343
[2025/07/21 18:47:40] 35 -- Query ChannelID: \S from (0100007F, 00000000)
[2025/07/21 18:47:40] 36 -- Query ChannelID: 世界 from (0100007F, 00000000)
[2025/07/21 18:47:40] 37 -- Query ChannelID: GM from (0100007F, 00000000)
[2025/07/21 18:47:40] 38 -- Query ChannelID: \B from (0100007F, 00000000)
[2025/07/21 18:47:40] 39 -- sync friend list: BaoDaiSu (full)
[2025/07/21 18:47:40] 40 -- Subscribe Channel: 00000002 by (0100007F,00000000)
[2025/07/21 18:47:40] 41 -- Subscribe Channel: 00000001 by (0100007F,00000000)
[2025/07/21 18:47:40] 42 -- Subscribe Channel: GM <00000000> by (0100007F,00000000)
[2025/07/21 18:47:40] 43 -- Subscribe Channel: 00000003 by (0100007F,00000000)
[2025/07/21 18:47:40] 44 -- Subscribe Channel: 00000002 by (0100007F,00000000)
[2025/07/21 18:47:40] 45 -- Subscribe Channel: 00000001 by (0100007F,00000000)
[2025/07/21 18:47:40] 46 -- Subscribe Channel: GM <00000000> by (0100007F,00000000)
[2025/07/21 18:47:40] 47 -- Subscribe Channel: 00000003 by (0100007F,00000000)
[2025/07/21 18:47:46] 48 -- Destroy Channel: <00000002> \S16777343
[2025/07/21 18:47:46] 49 -- Destroy Channel: <00000003> \B16777343
[2025/07/21 18:47:46] 50 -- player logout: 123456
[2025/07/21 18:47:46] 51 -- player login: 123456 [BaoDaiSu] (0100007F, 00000001)
[2025/07/21 18:47:46] 52 -- Query ChannelID: \S from (0100007F, 00000001)
[2025/07/21 18:47:46] 53 -- Create Channel: <00000004> \S16777343
[2025/07/21 18:47:46] 54 -- Query ChannelID: 世界 from (0100007F, 00000001)
[2025/07/21 18:47:46] 55 -- Query ChannelID: GM from (0100007F, 00000001)
[2025/07/21 18:47:46] 56 -- Query ChannelID: \B from (0100007F, 00000001)
[2025/07/21 18:47:46] 57 -- Create Channel: <00000005> \B16777343
[2025/07/21 18:47:46] 58 -- sync friend list: BaoDaiSu (full)
[2025/07/21 18:47:46] 59 -- Subscribe Channel: 00000004 by (0100007F,00000001)
[2025/07/21 18:47:46] 60 -- Subscribe Channel: 00000001 by (0100007F,00000001)
[2025/07/21 18:47:46] 61 -- Subscribe Channel: GM <00000000> by (0100007F,00000001)
[2025/07/21 18:47:46] 62 -- Subscribe Channel: 00000005 by (0100007F,00000001)
[2025/07/21 18:48:04] 63 -- Query ChannelID: \F0 from (0100007F, 00000001)
[2025/07/21 18:48:04] 64 -- Create Channel: <00000006> \F0
[2025/07/21 18:48:04] 65 -- Subscribe Channel: 00000006 by (0100007F,00000001)
[2025/07/21 18:48:04] 66 -- Unsubscribe Channel: 00000006 by (0100007F,00000001)
[2025/07/21 18:48:04] 67 -- Query ChannelID: \F0 from (0100007F, 00000001)
[2025/07/21 18:48:04] 68 -- Subscribe Channel: 00000006 by (0100007F,00000001)
[2025/07/21 18:49:22] 69 -- Destroy Channel: <00000004> \S16777343
[2025/07/21 18:49:22] 70 -- Destroy Channel: <00000005> \B16777343
[2025/07/21 18:49:22] 71 -- Destroy Channel: <00000006> \F0
[2025/07/21 18:49:22] 72 -- player logout: 123456
[2025/07/21 18:49:22] 73 -- player login: 123456 [BaoDaiSu] (2CFEA8C0, 00000000)
[2025/07/21 18:49:22] 74 -- Query ChannelID: \S from (2CFEA8C0, 00000000)
[2025/07/21 18:49:22] 75 -- Create Channel: <00000007> \S754886848
[2025/07/21 18:49:22] 76 -- Query ChannelID: 世界 from (2CFEA8C0, 00000000)
[2025/07/21 18:49:22] 77 -- Query ChannelID: \F0 from (2CFEA8C0, 00000000)
[2025/07/21 18:49:22] 78 -- Create Channel: <00000008> \F0
[2025/07/21 18:49:22] 79 -- Query ChannelID: GM from (2CFEA8C0, 00000000)
[2025/07/21 18:49:22] 80 -- Query ChannelID: \B from (2CFEA8C0, 00000000)
[2025/07/21 18:49:22] 81 -- Create Channel: <00000009> \B754886848
[2025/07/21 18:49:22] 82 -- sync friend list: BaoDaiSu (full)
[2025/07/21 18:49:22] 83 -- Query ChannelID: \S from (2CFEA8C0, 00000000)
[2025/07/21 18:49:22] 84 -- Query ChannelID: 世界 from (2CFEA8C0, 00000000)
[2025/07/21 18:49:22] 85 -- Query ChannelID: \F0 from (2CFEA8C0, 00000000)
[2025/07/21 18:49:22] 86 -- Query ChannelID: GM from (2CFEA8C0, 00000000)
[2025/07/21 18:49:22] 87 -- Query ChannelID: \B from (2CFEA8C0, 00000000)
[2025/07/21 18:49:22] 88 -- Query ChannelID: \S from (2CFEA8C0, 00000000)
[2025/07/21 18:49:22] 89 -- Query ChannelID: 世界 from (2CFEA8C0, 00000000)
[2025/07/21 18:49:22] 90 -- Query ChannelID: \F0 from (2CFEA8C0, 00000000)
[2025/07/21 18:49:22] 91 -- Query ChannelID: GM from (2CFEA8C0, 00000000)
[2025/07/21 18:49:22] 92 -- Query ChannelID: \B from (2CFEA8C0, 00000000)
[2025/07/21 18:49:22] 93 -- Subscribe Channel: 00000007 by (2CFEA8C0,00000000)
[2025/07/21 18:49:22] 94 -- Subscribe Channel: 00000001 by (2CFEA8C0,00000000)
[2025/07/21 18:49:22] 95 -- Subscribe Channel: 00000008 by (2CFEA8C0,00000000)
[2025/07/21 18:49:22] 96 -- Subscribe Channel: GM <00000000> by (2CFEA8C0,00000000)
[2025/07/21 18:49:22] 97 -- Subscribe Channel: 00000009 by (2CFEA8C0,00000000)
[2025/07/21 18:49:22] 98 -- Subscribe Channel: 00000007 by (2CFEA8C0,00000000)
[2025/07/21 18:49:22] 99 -- Subscribe Channel: 00000001 by (2CFEA8C0,00000000)
[2025/07/21 18:49:22] 100 -- Subscribe Channel: 00000008 by (2CFEA8C0,00000000)
[2025/07/21 18:49:22] 101 -- Subscribe Channel: GM <00000000> by (2CFEA8C0,00000000)
[2025/07/21 18:49:22] 102 -- Subscribe Channel: 00000009 by (2CFEA8C0,00000000)
[2025/07/21 18:49:22] 103 -- Subscribe Channel: 00000007 by (2CFEA8C0,00000000)
[2025/07/21 18:49:22] 104 -- Subscribe Channel: 00000001 by (2CFEA8C0,00000000)
[2025/07/21 18:49:22] 105 -- Subscribe Channel: 00000008 by (2CFEA8C0,00000000)
[2025/07/21 18:49:22] 106 -- Subscribe Channel: GM <00000000> by (2CFEA8C0,00000000)
[2025/07/21 18:49:22] 107 -- Subscribe Channel: 00000009 by (2CFEA8C0,00000000)
[2025/07/21 18:51:53] 108 -- update friend DB succeed
[2025/07/21 18:56:53] 109 -- update friend DB succeed
[2025/07/21 19:01:54] 110 -- update friend DB succeed
[2025/07/21 19:06:55] 111 -- update friend DB succeed
[2025/07/21 19:08:40] 112 -- [UpdateExtPoint][123456] Update Coin [312] into database successfully!!!
