
*
***** S3Relay Start (@ 2025/07/25 23:48:22.771) >>>>>
*

[2025/07/25 23:48:22] 1 -- Initializing ...
[2025/07/25 23:48:22] 2 -- Connect Database Success!
[2025/07/25 23:48:22] 3 -- Create Channel: [Stock, GM] <00000000> GM
[2025/07/25 23:48:22] 4 -- Create Channel: [Stock] <00000001> 世界
[2025/07/25 23:48:22] 5 -- friend timing update db: start
[2025/07/25 23:48:22] 6 -- relay server startup
[2025/07/25 23:48:22] 7 -- root client create: 192.168.254.42
[2025/07/25 23:48:22] 8 -- DBRole client create: 192.168.254.42
[2025/07/25 23:48:22] 9 -- root client close: 192.168.254.42
[2025/07/25 23:48:22] 10 -- gateway client create: 192.168.254.42
[2025/07/25 23:48:22] 11 -- host server startup
[2025/07/25 23:48:22] 12 -- tong server startup
[2025/07/25 23:48:22] 13 -- chat server startup
[2025/07/25 23:48:22] 14 -- SockThread start success
[2025/07/25 23:48:22] 15 -- tong database open ok!
[2025/07/25 23:48:22] 16 -- tongset init ok !
[2025/07/25 23:48:22] 17 -- Initialize OK
[2025/07/25 23:48:31] 18 -- host connect create: 127.0.0.1
[2025/07/25 23:48:31] 19 -- chat connect create: 127.0.0.1
[2025/07/25 23:48:31] 20 -- tong connect create: 127.0.0.1
[2025/07/25 23:48:52] 21 -- host connect create: 192.168.254.44
[2025/07/25 23:48:52] 22 -- chat connect create: 192.168.254.44
[2025/07/25 23:48:52] 23 -- tong connect create: 192.168.254.44
[2025/07/25 23:48:52] 24 -- host connect create: 192.168.254.43
[2025/07/25 23:48:52] 25 -- chat connect create: 192.168.254.43
[2025/07/25 23:48:52] 26 -- tong connect create: 192.168.254.43
[2025/07/25 23:48:58] 27 -- load someone: BaoDaiSu
[2025/07/25 23:48:58] 28 -- player login: 123456 [BaoDaiSu] (2CFEA8C0, 00000000)
[2025/07/25 23:48:58] 29 -- Query ChannelID: \S from (2CFEA8C0, 00000000)
[2025/07/25 23:48:58] 30 -- Create Channel: <00000002> \S754886848
[2025/07/25 23:48:58] 31 -- Query ChannelID: 世界 from (2CFEA8C0, 00000000)
[2025/07/25 23:48:58] 32 -- Query ChannelID: \F0 from (2CFEA8C0, 00000000)
[2025/07/25 23:48:58] 33 -- Create Channel: <00000003> \F0
[2025/07/25 23:48:58] 34 -- Query ChannelID: GM from (2CFEA8C0, 00000000)
[2025/07/25 23:48:58] 35 -- Query ChannelID: \B from (2CFEA8C0, 00000000)
[2025/07/25 23:48:58] 36 -- Create Channel: <00000004> \B754886848
[2025/07/25 23:48:58] 37 -- Query ChannelID: \S from (2CFEA8C0, 00000000)
[2025/07/25 23:48:58] 38 -- Query ChannelID: 世界 from (2CFEA8C0, 00000000)
[2025/07/25 23:48:58] 39 -- Query ChannelID: \F0 from (2CFEA8C0, 00000000)
[2025/07/25 23:48:58] 40 -- Query ChannelID: GM from (2CFEA8C0, 00000000)
[2025/07/25 23:48:58] 41 -- Query ChannelID: \B from (2CFEA8C0, 00000000)
[2025/07/25 23:48:58] 42 -- sync friend list: BaoDaiSu (full)
[2025/07/25 23:49:01] 43 -- Query ChannelID: \S from (2CFEA8C0, 00000000)
[2025/07/25 23:49:01] 44 -- Query ChannelID: 世界 from (2CFEA8C0, 00000000)
[2025/07/25 23:49:01] 45 -- Query ChannelID: \F0 from (2CFEA8C0, 00000000)
[2025/07/25 23:49:01] 46 -- Query ChannelID: GM from (2CFEA8C0, 00000000)
[2025/07/25 23:49:01] 47 -- Query ChannelID: \B from (2CFEA8C0, 00000000)
[2025/07/25 23:49:01] 48 -- Query ChannelID: \S from (2CFEA8C0, 00000000)
[2025/07/25 23:49:01] 49 -- Query ChannelID: 世界 from (2CFEA8C0, 00000000)
[2025/07/25 23:49:01] 50 -- Query ChannelID: \F0 from (2CFEA8C0, 00000000)
[2025/07/25 23:49:01] 51 -- Query ChannelID: GM from (2CFEA8C0, 00000000)
[2025/07/25 23:49:01] 52 -- Query ChannelID: \B from (2CFEA8C0, 00000000)
[2025/07/25 23:49:01] 53 -- Subscribe Channel: 00000002 by (2CFEA8C0,00000000)
[2025/07/25 23:49:01] 54 -- Subscribe Channel: 00000001 by (2CFEA8C0,00000000)
[2025/07/25 23:49:01] 55 -- Subscribe Channel: 00000003 by (2CFEA8C0,00000000)
[2025/07/25 23:49:01] 56 -- Subscribe Channel: GM <00000000> by (2CFEA8C0,00000000)
[2025/07/25 23:49:01] 57 -- Subscribe Channel: 00000004 by (2CFEA8C0,00000000)
[2025/07/25 23:49:01] 58 -- Subscribe Channel: 00000002 by (2CFEA8C0,00000000)
[2025/07/25 23:49:01] 59 -- Subscribe Channel: 00000001 by (2CFEA8C0,00000000)
[2025/07/25 23:49:01] 60 -- Subscribe Channel: 00000003 by (2CFEA8C0,00000000)
[2025/07/25 23:49:01] 61 -- Subscribe Channel: GM <00000000> by (2CFEA8C0,00000000)
[2025/07/25 23:49:01] 62 -- Subscribe Channel: 00000004 by (2CFEA8C0,00000000)
[2025/07/25 23:49:01] 63 -- Subscribe Channel: 00000002 by (2CFEA8C0,00000000)
[2025/07/25 23:49:01] 64 -- Subscribe Channel: 00000001 by (2CFEA8C0,00000000)
[2025/07/25 23:49:01] 65 -- Subscribe Channel: 00000003 by (2CFEA8C0,00000000)
[2025/07/25 23:49:01] 66 -- Subscribe Channel: GM <00000000> by (2CFEA8C0,00000000)
[2025/07/25 23:49:01] 67 -- Subscribe Channel: 00000004 by (2CFEA8C0,00000000)
[2025/07/25 23:49:01] 68 -- Subscribe Channel: 00000002 by (2CFEA8C0,00000000)
[2025/07/25 23:49:01] 69 -- Subscribe Channel: 00000001 by (2CFEA8C0,00000000)
[2025/07/25 23:49:01] 70 -- Subscribe Channel: 00000003 by (2CFEA8C0,00000000)
[2025/07/25 23:49:01] 71 -- Subscribe Channel: GM <00000000> by (2CFEA8C0,00000000)
[2025/07/25 23:49:01] 72 -- Subscribe Channel: 00000004 by (2CFEA8C0,00000000)
[2025/07/25 23:50:10] 73 -- Destroy Channel: <00000002> \S754886848
[2025/07/25 23:50:10] 74 -- Destroy Channel: <00000003> \F0
[2025/07/25 23:50:10] 75 -- Destroy Channel: <00000004> \B754886848
[2025/07/25 23:50:10] 76 -- player logout: 123456
