
*
***** S3Relay Start (@ 2025/07/25 23:51:00.105) >>>>>
*

[2025/07/25 23:51:00] 1 -- Initializing ...
[2025/07/25 23:51:00] 2 -- Connect Database Success!
[2025/07/25 23:51:00] 3 -- Create Channel: [Stock, GM] <00000000> GM
[2025/07/25 23:51:00] 4 -- Create Channel: [Stock] <00000001> 世界
[2025/07/25 23:51:00] 5 -- friend timing update db: start
[2025/07/25 23:51:00] 6 -- relay server startup
[2025/07/25 23:51:00] 7 -- root client create: 192.168.254.42
[2025/07/25 23:51:00] 8 -- DBRole client create: 192.168.254.42
[2025/07/25 23:51:00] 9 -- root client close: 192.168.254.42
[2025/07/25 23:51:00] 10 -- gateway client create: 192.168.254.42
[2025/07/25 23:51:00] 11 -- host server startup
[2025/07/25 23:51:00] 12 -- tong server startup
[2025/07/25 23:51:00] 13 -- chat server startup
[2025/07/25 23:51:00] 14 -- SockThread start success
[2025/07/25 23:51:00] 15 -- tong database open ok!
[2025/07/25 23:51:00] 16 -- tongset init ok !
[2025/07/25 23:51:00] 17 -- Initialize OK
[2025/07/25 23:51:09] 18 -- host connect create: 127.0.0.1
[2025/07/25 23:51:09] 19 -- chat connect create: 127.0.0.1
[2025/07/25 23:51:09] 20 -- tong connect create: 127.0.0.1
[2025/07/25 23:51:15] 21 -- host connect create: 192.168.254.44
[2025/07/25 23:51:15] 22 -- chat connect create: 192.168.254.44
[2025/07/25 23:51:15] 23 -- tong connect create: 192.168.254.44
[2025/07/25 23:51:15] 24 -- host connect create: 192.168.254.43
[2025/07/25 23:51:15] 25 -- chat connect create: 192.168.254.43
[2025/07/25 23:51:15] 26 -- tong connect create: 192.168.254.43
[2025/07/25 23:51:24] 27 -- load someone: BaoDaiSu
[2025/07/25 23:51:24] 28 -- player login: 123456 [BaoDaiSu] (2CFEA8C0, 00000000)
[2025/07/25 23:51:24] 29 -- Query ChannelID: \S from (2CFEA8C0, 00000000)
[2025/07/25 23:51:24] 30 -- Create Channel: <00000002> \S754886848
[2025/07/25 23:51:24] 31 -- Query ChannelID: 世界 from (2CFEA8C0, 00000000)
[2025/07/25 23:51:24] 32 -- Query ChannelID: \F0 from (2CFEA8C0, 00000000)
[2025/07/25 23:51:24] 33 -- Create Channel: <00000003> \F0
[2025/07/25 23:51:24] 34 -- Query ChannelID: GM from (2CFEA8C0, 00000000)
[2025/07/25 23:51:24] 35 -- Query ChannelID: \B from (2CFEA8C0, 00000000)
[2025/07/25 23:51:24] 36 -- Create Channel: <00000004> \B754886848
[2025/07/25 23:51:24] 37 -- Query ChannelID: \S from (2CFEA8C0, 00000000)
[2025/07/25 23:51:24] 38 -- Query ChannelID: 世界 from (2CFEA8C0, 00000000)
[2025/07/25 23:51:24] 39 -- Query ChannelID: \F0 from (2CFEA8C0, 00000000)
[2025/07/25 23:51:24] 40 -- Query ChannelID: GM from (2CFEA8C0, 00000000)
[2025/07/25 23:51:24] 41 -- Query ChannelID: \B from (2CFEA8C0, 00000000)
[2025/07/25 23:51:24] 42 -- sync friend list: BaoDaiSu (full)
[2025/07/25 23:51:24] 43 -- Query ChannelID: \S from (2CFEA8C0, 00000000)
[2025/07/25 23:51:24] 44 -- Query ChannelID: 世界 from (2CFEA8C0, 00000000)
[2025/07/25 23:51:24] 45 -- Query ChannelID: \F0 from (2CFEA8C0, 00000000)
[2025/07/25 23:51:24] 46 -- Query ChannelID: GM from (2CFEA8C0, 00000000)
[2025/07/25 23:51:24] 47 -- Query ChannelID: \B from (2CFEA8C0, 00000000)
[2025/07/25 23:51:24] 48 -- Query ChannelID: \S from (2CFEA8C0, 00000000)
[2025/07/25 23:51:24] 49 -- Query ChannelID: 世界 from (2CFEA8C0, 00000000)
[2025/07/25 23:51:24] 50 -- Query ChannelID: \F0 from (2CFEA8C0, 00000000)
[2025/07/25 23:51:24] 51 -- Query ChannelID: GM from (2CFEA8C0, 00000000)
[2025/07/25 23:51:24] 52 -- Query ChannelID: \B from (2CFEA8C0, 00000000)
[2025/07/25 23:51:24] 53 -- Subscribe Channel: 00000002 by (2CFEA8C0,00000000)
[2025/07/25 23:51:24] 54 -- Subscribe Channel: 00000001 by (2CFEA8C0,00000000)
[2025/07/25 23:51:24] 55 -- Subscribe Channel: 00000003 by (2CFEA8C0,00000000)
[2025/07/25 23:51:24] 56 -- Subscribe Channel: GM <00000000> by (2CFEA8C0,00000000)
[2025/07/25 23:51:24] 57 -- Subscribe Channel: 00000004 by (2CFEA8C0,00000000)
[2025/07/25 23:51:24] 58 -- Subscribe Channel: 00000002 by (2CFEA8C0,00000000)
[2025/07/25 23:51:24] 59 -- Subscribe Channel: 00000001 by (2CFEA8C0,00000000)
[2025/07/25 23:51:24] 60 -- Subscribe Channel: 00000003 by (2CFEA8C0,00000000)
[2025/07/25 23:51:24] 61 -- Subscribe Channel: GM <00000000> by (2CFEA8C0,00000000)
[2025/07/25 23:51:24] 62 -- Subscribe Channel: 00000004 by (2CFEA8C0,00000000)
[2025/07/25 23:51:24] 63 -- Subscribe Channel: 00000002 by (2CFEA8C0,00000000)
[2025/07/25 23:51:24] 64 -- Subscribe Channel: 00000001 by (2CFEA8C0,00000000)
[2025/07/25 23:51:24] 65 -- Subscribe Channel: 00000003 by (2CFEA8C0,00000000)
[2025/07/25 23:51:24] 66 -- Subscribe Channel: GM <00000000> by (2CFEA8C0,00000000)
[2025/07/25 23:51:24] 67 -- Subscribe Channel: 00000004 by (2CFEA8C0,00000000)
[2025/07/25 23:51:24] 68 -- Subscribe Channel: 00000002 by (2CFEA8C0,00000000)
[2025/07/25 23:51:24] 69 -- Subscribe Channel: 00000001 by (2CFEA8C0,00000000)
[2025/07/25 23:51:24] 70 -- Subscribe Channel: 00000003 by (2CFEA8C0,00000000)
[2025/07/25 23:51:24] 71 -- Subscribe Channel: GM <00000000> by (2CFEA8C0,00000000)
[2025/07/25 23:51:24] 72 -- Subscribe Channel: 00000004 by (2CFEA8C0,00000000)
[2025/07/25 23:54:18] 73 -- [UpdateExtPoint][123456] Update Coin [371] into database successfully!!!
[2025/07/25 23:55:48] 74 -- [UpdateExtPoint][123456] Update Coin [372] into database successfully!!!
[2025/07/25 23:56:03] 75 -- update friend DB succeed
[2025/07/25 23:58:16] 76 -- [UpdateExtPoint][123456] Update Coin [373] into database successfully!!!
[2025/07/26 00:01:04] 77 -- update friend DB succeed
[2025/07/26 00:06:04] 78 -- update friend DB succeed
[2025/07/26 00:11:05] 79 -- update friend DB succeed
[2025/07/26 00:16:06] 80 -- update friend DB succeed
[2025/07/26 00:17:06] 81 -- [UpdateExtPoint][123456] Update Coin [374] into database successfully!!!
[2025/07/26 00:21:03] 82 -- update friend DB succeed
[2025/07/26 00:21:54] 83 -- [UpdateExtPoint][123456] Update Coin [376] into database successfully!!!
[2025/07/26 00:26:04] 84 -- update friend DB succeed
[2025/07/26 00:31:05] 85 -- update friend DB succeed
[2025/07/26 00:35:56] 86 -- [UpdateExtPoint][123456] Update Coin [378] into database successfully!!!
[2025/07/26 00:36:05] 87 -- update friend DB succeed
[2025/07/26 00:41:03] 88 -- update friend DB succeed
[2025/07/26 00:46:03] 89 -- update friend DB succeed
[2025/07/26 00:51:04] 90 -- update friend DB succeed
[2025/07/26 00:54:41] 91 -- [UpdateExtPoint][123456] Update Coin [379] into database successfully!!!
[2025/07/26 00:56:05] 92 -- update friend DB succeed
[2025/07/26 00:57:26] 93 -- [UpdateExtPoint][123456] Update Coin [380] into database successfully!!!
[2025/07/26 01:01:05] 94 -- update friend DB succeed
[2025/07/26 01:06:03] 95 -- update friend DB succeed
[2025/07/26 01:11:04] 96 -- update friend DB succeed
[2025/07/26 01:16:04] 97 -- update friend DB succeed
[2025/07/26 01:17:10] 98 -- [UpdateExtPoint][123456] Update Coin [382] into database successfully!!!
[2025/07/26 01:20:32] 99 -- [UpdateExtPoint][123456] Update Coin [384] into database successfully!!!
[2025/07/26 01:21:05] 100 -- update friend DB succeed
[2025/07/26 01:24:38] 101 -- [UpdateExtPoint][123456] Update Coin [385] into database successfully!!!
[2025/07/26 01:26:05] 102 -- update friend DB succeed
[2025/07/26 01:31:03] 103 -- update friend DB succeed
[2025/07/26 01:36:04] 104 -- update friend DB succeed
[2025/07/26 01:41:04] 105 -- update friend DB succeed
[2025/07/26 01:46:05] 106 -- update friend DB succeed
[2025/07/26 01:51:05] 107 -- update friend DB succeed
[2025/07/26 01:54:45] 108 -- [UpdateExtPoint][123456] Update Coin [386] into database successfully!!!
[2025/07/26 01:56:03] 109 -- update friend DB succeed
[2025/07/26 02:01:04] 110 -- update friend DB succeed
[2025/07/26 02:03:55] 111 -- [UpdateExtPoint][123456] Update Coin [388] into database successfully!!!
[2025/07/26 02:06:04] 112 -- update friend DB succeed
[2025/07/26 02:11:05] 113 -- update friend DB succeed
[2025/07/26 02:16:05] 114 -- update friend DB succeed
[2025/07/26 02:21:03] 115 -- update friend DB succeed
[2025/07/26 02:23:42] 116 -- [UpdateExtPoint][123456] Update Coin [389] into database successfully!!!
[2025/07/26 02:26:03] 117 -- update friend DB succeed
[2025/07/26 02:27:43] 118 -- [UpdateExtPoint][123456] Update Coin [390] into database successfully!!!
[2025/07/26 02:31:04] 119 -- update friend DB succeed
[2025/07/26 02:34:16] 120 -- [UpdateExtPoint][123456] Update Coin [392] into database successfully!!!
[2025/07/26 02:36:05] 121 -- update friend DB succeed
[2025/07/26 02:41:05] 122 -- update friend DB succeed
[2025/07/26 02:45:09] 123 -- [UpdateExtPoint][123456] Update Coin [394] into database successfully!!!
[2025/07/26 02:45:51] 124 -- [UpdateExtPoint][123456] Update Coin [396] into database successfully!!!
[2025/07/26 02:46:03] 125 -- update friend DB succeed
[2025/07/26 02:47:12] 126 -- [UpdateExtPoint][123456] Update Coin [398] into database successfully!!!
[2025/07/26 02:51:04] 127 -- update friend DB succeed
[2025/07/26 02:53:28] 128 -- [UpdateExtPoint][123456] Update Coin [400] into database successfully!!!
[2025/07/26 02:56:04] 129 -- update friend DB succeed
[2025/07/26 02:56:40] 130 -- [UpdateExtPoint][123456] Update Coin [402] into database successfully!!!
[2025/07/26 03:01:05] 131 -- update friend DB succeed
[2025/07/26 03:04:51] 132 -- [UpdateExtPoint][123456] Update Coin [404] into database successfully!!!
[2025/07/26 03:06:06] 133 -- update friend DB succeed
[2025/07/26 03:11:03] 134 -- update friend DB succeed
[2025/07/26 03:16:04] 135 -- update friend DB succeed
[2025/07/26 03:21:05] 136 -- update friend DB succeed
[2025/07/26 03:26:05] 137 -- update friend DB succeed
[2025/07/26 03:27:51] 138 -- [UpdateExtPoint][123456] Update Coin [406] into database successfully!!!
[2025/07/26 03:31:03] 139 -- update friend DB succeed
[2025/07/26 03:33:33] 140 -- [UpdateExtPoint][123456] Update Coin [408] into database successfully!!!
[2025/07/26 03:36:04] 141 -- update friend DB succeed
[2025/07/26 03:41:04] 142 -- update friend DB succeed
[2025/07/26 03:46:05] 143 -- update friend DB succeed
[2025/07/26 03:51:05] 144 -- update friend DB succeed
[2025/07/26 03:54:15] 145 -- [UpdateExtPoint][123456] Update Coin [409] into database successfully!!!
[2025/07/26 03:56:06] 146 -- update friend DB succeed
[2025/07/26 04:01:03] 147 -- update friend DB succeed
[2025/07/26 04:02:28] 148 -- [UpdateExtPoint][123456] Update Coin [410] into database successfully!!!
[2025/07/26 04:06:04] 149 -- update friend DB succeed
[2025/07/26 04:11:05] 150 -- update friend DB succeed
[2025/07/26 04:16:05] 151 -- update friend DB succeed
[2025/07/26 04:21:06] 152 -- update friend DB succeed
[2025/07/26 04:26:03] 153 -- update friend DB succeed
[2025/07/26 04:31:04] 154 -- update friend DB succeed
[2025/07/26 04:36:04] 155 -- update friend DB succeed
[2025/07/26 04:41:05] 156 -- update friend DB succeed
[2025/07/26 04:46:06] 157 -- update friend DB succeed
[2025/07/26 04:51:03] 158 -- update friend DB succeed
[2025/07/26 04:55:37] 159 -- [UpdateExtPoint][123456] Update Coin [411] into database successfully!!!
[2025/07/26 04:56:04] 160 -- update friend DB succeed
[2025/07/26 05:01:04] 161 -- update friend DB succeed
[2025/07/26 05:06:05] 162 -- update friend DB succeed
[2025/07/26 05:11:06] 163 -- update friend DB succeed
[2025/07/26 05:16:03] 164 -- update friend DB succeed
[2025/07/26 05:21:04] 165 -- update friend DB succeed
[2025/07/26 05:26:05] 166 -- update friend DB succeed
[2025/07/26 05:31:05] 167 -- update friend DB succeed
[2025/07/26 05:36:06] 168 -- update friend DB succeed
[2025/07/26 05:38:48] 169 -- [UpdateExtPoint][123456] Update Coin [413] into database successfully!!!
[2025/07/26 05:41:06] 170 -- update friend DB succeed
[2025/07/26 05:46:04] 171 -- update friend DB succeed
[2025/07/26 05:51:04] 172 -- update friend DB succeed
[2025/07/26 05:56:05] 173 -- update friend DB succeed
[2025/07/26 06:01:06] 174 -- update friend DB succeed
[2025/07/26 06:06:03] 175 -- update friend DB succeed
[2025/07/26 06:11:04] 176 -- update friend DB succeed
[2025/07/26 06:16:04] 177 -- update friend DB succeed
[2025/07/26 06:21:05] 178 -- update friend DB succeed
[2025/07/26 06:26:06] 179 -- update friend DB succeed
[2025/07/26 06:28:54] 180 -- [UpdateExtPoint][123456] Update Coin [415] into database successfully!!!
[2025/07/26 06:29:51] 181 -- [UpdateExtPoint][123456] Update Coin [416] into database successfully!!!
[2025/07/26 06:31:06] 182 -- update friend DB succeed
[2025/07/26 06:36:04] 183 -- update friend DB succeed
[2025/07/26 06:41:05] 184 -- update friend DB succeed
[2025/07/26 06:46:06] 185 -- update friend DB succeed
[2025/07/26 06:51:06] 186 -- update friend DB succeed
[2025/07/26 06:56:04] 187 -- update friend DB succeed
[2025/07/26 07:01:04] 188 -- update friend DB succeed
[2025/07/26 07:06:05] 189 -- update friend DB succeed
[2025/07/26 07:06:26] 190 -- [UpdateExtPoint][123456] Update Coin [417] into database successfully!!!
[2025/07/26 07:11:05] 191 -- update friend DB succeed
[2025/07/26 07:16:06] 192 -- update friend DB succeed
[2025/07/26 07:20:55] 193 -- [UpdateExtPoint][123456] Update Coin [419] into database successfully!!!
[2025/07/26 07:21:04] 194 -- update friend DB succeed
[2025/07/26 07:26:04] 195 -- update friend DB succeed
[2025/07/26 07:31:05] 196 -- update friend DB succeed
[2025/07/26 07:36:06] 197 -- update friend DB succeed
[2025/07/26 07:41:06] 198 -- update friend DB succeed
[2025/07/26 07:46:04] 199 -- update friend DB succeed
[2025/07/26 07:51:04] 200 -- update friend DB succeed
[2025/07/26 07:52:23] 201 -- [UpdateExtPoint][123456] Update Coin [421] into database successfully!!!
[2025/07/26 07:56:05] 202 -- update friend DB succeed
[2025/07/26 07:57:05] 203 -- [UpdateExtPoint][123456] Update Coin [422] into database successfully!!!
[2025/07/26 08:01:06] 204 -- update friend DB succeed
[2025/07/26 08:06:06] 205 -- update friend DB succeed
[2025/07/26 08:11:04] 206 -- update friend DB succeed
[2025/07/26 08:16:05] 207 -- update friend DB succeed
[2025/07/26 08:21:05] 208 -- update friend DB succeed
[2025/07/26 08:26:06] 209 -- update friend DB succeed
[2025/07/26 08:30:21] 210 -- [UpdateExtPoint][123456] Update Coin [424] into database successfully!!!
[2025/07/26 08:31:07] 211 -- update friend DB succeed
[2025/07/26 08:36:04] 212 -- update friend DB succeed
[2025/07/26 08:41:05] 213 -- update friend DB succeed
[2025/07/26 08:46:05] 214 -- update friend DB succeed
[2025/07/26 08:51:06] 215 -- update friend DB succeed
[2025/07/26 08:56:06] 216 -- update friend DB succeed
[2025/07/26 08:58:10] 217 -- [UpdateExtPoint][123456] Update Coin [425] into database successfully!!!
[2025/07/26 09:01:04] 218 -- update friend DB succeed
[2025/07/26 09:06:05] 219 -- update friend DB succeed
[2025/07/26 09:11:05] 220 -- update friend DB succeed
[2025/07/26 09:12:47] 221 -- [UpdateExtPoint][123456] Update Coin [426] into database successfully!!!
[2025/07/26 09:16:06] 222 -- update friend DB succeed
[2025/07/26 09:21:07] 223 -- update friend DB succeed
[2025/07/26 09:26:04] 224 -- update friend DB succeed
[2025/07/26 09:31:05] 225 -- update friend DB succeed
[2025/07/26 09:32:20] 226 -- [UpdateExtPoint][123456] Update Coin [428] into database successfully!!!
[2025/07/26 09:36:05] 227 -- update friend DB succeed
[2025/07/26 09:41:06] 228 -- update friend DB succeed
[2025/07/26 09:46:06] 229 -- update friend DB succeed
[2025/07/26 09:51:01] 230 -- [UpdateExtPoint][123456] Update Coin [430] into database successfully!!!
[2025/07/26 09:51:04] 231 -- update friend DB succeed
[2025/07/26 09:51:28] 232 -- [UpdateExtPoint][123456] Update Coin [431] into database successfully!!!
[2025/07/26 09:56:05] 233 -- update friend DB succeed
[2025/07/26 09:57:44] 234 -- [UpdateExtPoint][123456] Update Coin [432] into database successfully!!!
[2025/07/26 09:58:29] 235 -- [UpdateExtPoint][123456] Update Coin [434] into database successfully!!!
[2025/07/26 10:01:06] 236 -- update friend DB succeed
[2025/07/26 10:06:06] 237 -- update friend DB succeed
[2025/07/26 10:11:07] 238 -- update friend DB succeed
[2025/07/26 10:16:04] 239 -- update friend DB succeed
[2025/07/26 10:21:05] 240 -- update friend DB succeed
[2025/07/26 10:26:05] 241 -- update friend DB succeed
[2025/07/26 10:31:06] 242 -- update friend DB succeed
[2025/07/26 10:36:07] 243 -- update friend DB succeed
[2025/07/26 10:41:04] 244 -- update friend DB succeed
[2025/07/26 10:46:05] 245 -- update friend DB succeed
[2025/07/26 10:51:05] 246 -- update friend DB succeed
[2025/07/26 10:56:06] 247 -- update friend DB succeed
[2025/07/26 11:01:06] 248 -- update friend DB succeed
[2025/07/26 11:06:07] 249 -- update friend DB succeed
[2025/07/26 11:11:04] 250 -- update friend DB succeed
[2025/07/26 11:16:05] 251 -- update friend DB succeed
[2025/07/26 11:21:05] 252 -- update friend DB succeed
[2025/07/26 11:26:06] 253 -- update friend DB succeed
[2025/07/26 11:31:07] 254 -- update friend DB succeed
[2025/07/26 11:36:04] 255 -- update friend DB succeed
[2025/07/26 11:41:05] 256 -- update friend DB succeed
[2025/07/26 11:46:05] 257 -- update friend DB succeed
[2025/07/26 11:51:06] 258 -- update friend DB succeed
[2025/07/26 11:56:06] 259 -- update friend DB succeed
[2025/07/26 12:01:07] 260 -- update friend DB succeed
[2025/07/26 12:06:04] 261 -- update friend DB succeed
[2025/07/26 12:11:05] 262 -- update friend DB succeed
[2025/07/26 12:16:05] 263 -- update friend DB succeed
[2025/07/26 12:21:06] 264 -- update friend DB succeed
[2025/07/26 12:26:06] 265 -- update friend DB succeed
[2025/07/26 12:31:07] 266 -- update friend DB succeed
[2025/07/26 12:36:04] 267 -- update friend DB succeed
[2025/07/26 12:41:05] 268 -- update friend DB succeed
[2025/07/26 12:46:05] 269 -- update friend DB succeed
[2025/07/26 12:51:06] 270 -- update friend DB succeed
[2025/07/26 12:56:07] 271 -- update friend DB succeed
[2025/07/26 13:01:04] 272 -- update friend DB succeed
[2025/07/26 13:06:05] 273 -- update friend DB succeed
[2025/07/26 13:11:05] 274 -- update friend DB succeed
[2025/07/26 13:16:06] 275 -- update friend DB succeed
[2025/07/26 13:21:06] 276 -- update friend DB succeed
[2025/07/26 13:26:07] 277 -- update friend DB succeed
[2025/07/26 13:31:05] 278 -- update friend DB succeed
[2025/07/26 13:36:05] 279 -- update friend DB succeed
[2025/07/26 13:41:06] 280 -- update friend DB succeed
[2025/07/26 13:46:06] 281 -- update friend DB succeed
[2025/07/26 13:51:07] 282 -- update friend DB succeed
[2025/07/26 13:56:07] 283 -- update friend DB succeed
[2025/07/26 14:01:05] 284 -- update friend DB succeed
[2025/07/26 14:06:05] 285 -- update friend DB succeed
[2025/07/26 14:11:06] 286 -- update friend DB succeed
[2025/07/26 14:16:06] 287 -- update friend DB succeed
[2025/07/26 14:21:07] 288 -- update friend DB succeed
[2025/07/26 14:26:07] 289 -- update friend DB succeed
[2025/07/26 14:31:05] 290 -- update friend DB succeed
[2025/07/26 14:36:05] 291 -- update friend DB succeed
[2025/07/26 14:41:06] 292 -- update friend DB succeed
[2025/07/26 14:46:07] 293 -- update friend DB succeed
[2025/07/26 14:51:07] 294 -- update friend DB succeed
[2025/07/26 14:56:05] 295 -- update friend DB succeed
[2025/07/26 15:01:05] 296 -- update friend DB succeed
[2025/07/26 15:06:06] 297 -- update friend DB succeed
[2025/07/26 15:11:06] 298 -- update friend DB succeed
[2025/07/26 15:16:07] 299 -- update friend DB succeed
[2025/07/26 15:21:07] 300 -- update friend DB succeed
[2025/07/26 15:26:05] 301 -- update friend DB succeed
[2025/07/26 15:31:05] 302 -- update friend DB succeed
[2025/07/26 15:36:06] 303 -- update friend DB succeed
[2025/07/26 15:41:06] 304 -- update friend DB succeed
[2025/07/26 15:46:07] 305 -- update friend DB succeed
[2025/07/26 15:51:05] 306 -- update friend DB succeed
[2025/07/26 15:56:05] 307 -- update friend DB succeed
[2025/07/26 16:01:06] 308 -- update friend DB succeed
[2025/07/26 16:06:07] 309 -- update friend DB succeed
[2025/07/26 16:11:07] 310 -- update friend DB succeed
[2025/07/26 16:16:05] 311 -- update friend DB succeed
[2025/07/26 16:21:05] 312 -- update friend DB succeed
[2025/07/26 16:26:06] 313 -- update friend DB succeed
[2025/07/26 16:31:06] 314 -- update friend DB succeed
[2025/07/26 16:36:07] 315 -- update friend DB succeed
[2025/07/26 16:41:07] 316 -- update friend DB succeed
[2025/07/26 16:46:05] 317 -- update friend DB succeed
[2025/07/26 16:51:06] 318 -- update friend DB succeed
[2025/07/26 16:56:06] 319 -- update friend DB succeed
[2025/07/26 17:01:07] 320 -- update friend DB succeed
[2025/07/26 17:06:07] 321 -- update friend DB succeed
[2025/07/26 17:11:05] 322 -- update friend DB succeed
[2025/07/26 17:16:06] 323 -- update friend DB succeed
[2025/07/26 17:21:06] 324 -- update friend DB succeed
[2025/07/26 17:26:07] 325 -- update friend DB succeed
[2025/07/26 17:31:07] 326 -- update friend DB succeed
[2025/07/26 17:36:05] 327 -- update friend DB succeed
[2025/07/26 17:41:05] 328 -- update friend DB succeed
[2025/07/26 17:46:06] 329 -- update friend DB succeed
[2025/07/26 17:51:06] 330 -- update friend DB succeed
[2025/07/26 17:56:07] 331 -- update friend DB succeed
[2025/07/26 18:01:08] 332 -- update friend DB succeed
[2025/07/26 18:06:05] 333 -- update friend DB succeed
[2025/07/26 18:11:06] 334 -- update friend DB succeed
[2025/07/26 18:16:06] 335 -- update friend DB succeed
[2025/07/26 18:21:07] 336 -- update friend DB succeed
[2025/07/26 18:26:07] 337 -- update friend DB succeed
[2025/07/26 18:31:05] 338 -- update friend DB succeed
[2025/07/26 18:36:05] 339 -- update friend DB succeed
[2025/07/26 18:41:06] 340 -- update friend DB succeed
[2025/07/26 18:46:07] 341 -- update friend DB succeed
[2025/07/26 18:51:07] 342 -- update friend DB succeed
[2025/07/26 18:56:05] 343 -- update friend DB succeed
[2025/07/26 19:01:05] 344 -- update friend DB succeed
[2025/07/26 19:06:06] 345 -- update friend DB succeed
[2025/07/26 19:11:06] 346 -- update friend DB succeed
[2025/07/26 19:16:07] 347 -- update friend DB succeed
[2025/07/26 19:21:08] 348 -- update friend DB succeed
[2025/07/26 19:26:05] 349 -- update friend DB succeed
[2025/07/26 19:31:05] 350 -- update friend DB succeed
[2025/07/26 19:36:06] 351 -- update friend DB succeed
[2025/07/26 19:41:07] 352 -- update friend DB succeed
[2025/07/26 19:45:10] 353 -- [UpdateExtPoint][123456] Update Coin [435] into database successfully!!!
[2025/07/26 19:46:07] 354 -- update friend DB succeed
[2025/07/26 19:48:49] 355 -- [UpdateExtPoint][123456] Update Coin [437] into database successfully!!!
[2025/07/26 19:51:08] 356 -- update friend DB succeed
[2025/07/26 19:52:08] 357 -- [UpdateExtPoint][123456] Update Coin [438] into database successfully!!!
[2025/07/26 19:56:05] 358 -- update friend DB succeed
[2025/07/26 20:01:06] 359 -- update friend DB succeed
[2025/07/26 20:02:21] 360 -- [UpdateExtPoint][123456] Update Coin [440] into database successfully!!!
[2025/07/26 20:03:06] 361 -- [UpdateExtPoint][123456] Update Coin [442] into database successfully!!!
[2025/07/26 20:06:07] 362 -- update friend DB succeed
[2025/07/26 20:11:04] 363 -- [UpdateExtPoint][123456] Update Coin [443] into database successfully!!!
[2025/07/26 20:11:07] 364 -- update friend DB succeed
[2025/07/26 20:15:17] 365 -- [UpdateExtPoint][123456] Update Coin [444] into database successfully!!!
[2025/07/26 20:16:08] 366 -- update friend DB succeed
[2025/07/26 20:17:14] 367 -- [UpdateExtPoint][123456] Update Coin [446] into database successfully!!!
[2025/07/26 20:21:05] 368 -- update friend DB succeed
[2025/07/26 20:26:06] 369 -- update friend DB succeed
[2025/07/26 20:28:52] 370 -- [UpdateExtPoint][123456] Update Coin [447] into database successfully!!!
[2025/07/26 20:31:07] 371 -- update friend DB succeed
[2025/07/26 20:36:08] 372 -- update friend DB succeed
[2025/07/26 20:36:47] 373 -- [UpdateExtPoint][123456] Update Coin [448] into database successfully!!!
[2025/07/26 20:39:38] 374 -- [UpdateExtPoint][123456] Update Coin [450] into database successfully!!!
[2025/07/26 20:41:05] 375 -- update friend DB succeed
[2025/07/26 20:41:23] 376 -- [UpdateExtPoint][123456] Update Coin [451] into database successfully!!!
[2025/07/26 20:46:06] 377 -- update friend DB succeed
[2025/07/26 20:49:27] 378 -- [UpdateExtPoint][123456] Update Coin [453] into database successfully!!!
[2025/07/26 20:51:07] 379 -- update friend DB succeed
[2025/07/26 20:56:07] 380 -- update friend DB succeed
[2025/07/26 21:01:08] 381 -- update friend DB succeed
[2025/07/26 21:03:05] 382 -- [UpdateExtPoint][123456] Update Coin [454] into database successfully!!!
[2025/07/26 21:06:05] 383 -- update friend DB succeed
[2025/07/26 21:11:06] 384 -- update friend DB succeed
[2025/07/26 21:11:15] 385 -- [UpdateExtPoint][123456] Update Coin [455] into database successfully!!!
[2025/07/26 21:15:31] 386 -- [UpdateExtPoint][123456] Update Coin [456] into database successfully!!!
[2025/07/26 21:16:07] 387 -- update friend DB succeed
[2025/07/26 21:21:07] 388 -- update friend DB succeed
[2025/07/26 21:23:29] 389 -- [UpdateExtPoint][123456] Update Coin [457] into database successfully!!!
[2025/07/26 21:26:05] 390 -- update friend DB succeed
[2025/07/26 21:31:06] 391 -- update friend DB succeed
[2025/07/26 21:31:15] 392 -- [UpdateExtPoint][123456] Update Coin [459] into database successfully!!!
[2025/07/26 21:32:39] 393 -- [UpdateExtPoint][123456] Update Coin [460] into database successfully!!!
[2025/07/26 21:36:07] 394 -- update friend DB succeed
[2025/07/26 21:41:07] 395 -- update friend DB succeed
[2025/07/26 21:42:40] 396 -- [UpdateExtPoint][123456] Update Coin [461] into database successfully!!!
[2025/07/26 21:44:47] 397 -- [UpdateExtPoint][123456] Update Coin [463] into database successfully!!!
[2025/07/26 21:46:08] 398 -- update friend DB succeed
[2025/07/26 21:51:05] 399 -- update friend DB succeed
[2025/07/26 21:53:03] 400 -- [UpdateExtPoint][123456] Update Coin [465] into database successfully!!!
[2025/07/26 21:56:06] 401 -- update friend DB succeed
[2025/07/26 21:56:18] 402 -- [UpdateExtPoint][123456] Update Coin [467] into database successfully!!!
[2025/07/26 22:01:07] 403 -- update friend DB succeed
[2025/07/26 22:01:10] 404 -- [UpdateExtPoint][123456] Update Coin [468] into database successfully!!!
[2025/07/26 22:06:07] 405 -- update friend DB succeed
[2025/07/26 22:11:08] 406 -- update friend DB succeed
[2025/07/26 22:16:06] 407 -- update friend DB succeed
[2025/07/26 22:21:06] 408 -- update friend DB succeed
[2025/07/26 22:26:07] 409 -- update friend DB succeed
[2025/07/26 22:31:07] 410 -- update friend DB succeed
[2025/07/26 22:36:08] 411 -- update friend DB succeed
[2025/07/26 22:41:05] 412 -- update friend DB succeed
[2025/07/26 22:46:06] 413 -- update friend DB succeed
[2025/07/26 22:51:07] 414 -- update friend DB succeed
[2025/07/26 22:56:07] 415 -- update friend DB succeed
[2025/07/26 23:01:08] 416 -- update friend DB succeed
[2025/07/26 23:06:06] 417 -- update friend DB succeed
[2025/07/26 23:09:09] 418 -- [UpdateExtPoint][123456] Update Coin [469] into database successfully!!!
[2025/07/26 23:09:54] 419 -- [UpdateExtPoint][123456] Update Coin [470] into database successfully!!!
[2025/07/26 23:11:06] 420 -- update friend DB succeed
[2025/07/26 23:15:46] 421 -- [UpdateExtPoint][123456] Update Coin [471] into database successfully!!!
[2025/07/26 23:16:07] 422 -- update friend DB succeed
[2025/07/26 23:21:07] 423 -- update friend DB succeed
[2025/07/26 23:22:05] 424 -- [UpdateExtPoint][123456] Update Coin [472] into database successfully!!!
[2025/07/26 23:26:02] 425 -- [UpdateExtPoint][123456] Update Coin [473] into database successfully!!!
[2025/07/26 23:26:08] 426 -- update friend DB succeed
[2025/07/26 23:30:21] 427 -- [UpdateExtPoint][123456] Update Coin [475] into database successfully!!!
[2025/07/26 23:31:06] 428 -- update friend DB succeed
[2025/07/26 23:36:06] 429 -- update friend DB succeed
[2025/07/26 23:41:07] 430 -- update friend DB succeed
[2025/07/26 23:46:07] 431 -- update friend DB succeed
[2025/07/26 23:47:17] 432 -- [UpdateExtPoint][123456] Update Coin [476] into database successfully!!!
[2025/07/26 23:51:08] 433 -- update friend DB succeed
[2025/07/26 23:56:06] 434 -- update friend DB succeed
[2025/07/27 00:01:06] 435 -- update friend DB succeed
[2025/07/27 00:06:07] 436 -- update friend DB succeed
[2025/07/27 00:11:08] 437 -- update friend DB succeed
[2025/07/27 00:16:08] 438 -- update friend DB succeed
[2025/07/27 00:21:06] 439 -- update friend DB succeed
[2025/07/27 00:26:07] 440 -- update friend DB succeed
[2025/07/27 00:31:07] 441 -- update friend DB succeed
[2025/07/27 00:33:47] 442 -- [UpdateExtPoint][123456] Update Coin [477] into database successfully!!!
[2025/07/27 00:36:08] 443 -- update friend DB succeed
[2025/07/27 00:41:05] 444 -- update friend DB succeed
[2025/07/27 00:46:06] 445 -- update friend DB succeed
[2025/07/27 00:51:07] 446 -- update friend DB succeed
[2025/07/27 00:53:58] 447 -- [UpdateExtPoint][123456] Update Coin [479] into database successfully!!!
[2025/07/27 00:56:07] 448 -- update friend DB succeed
[2025/07/27 01:01:08] 449 -- update friend DB succeed
[2025/07/27 01:03:02] 450 -- [UpdateExtPoint][123456] Update Coin [480] into database successfully!!!
[2025/07/27 01:06:09] 451 -- update friend DB succeed
[2025/07/27 01:07:33] 452 -- [UpdateExtPoint][123456] Update Coin [481] into database successfully!!!
[2025/07/27 01:11:06] 453 -- update friend DB succeed
[2025/07/27 01:16:07] 454 -- update friend DB succeed
[2025/07/27 01:21:07] 455 -- update friend DB succeed
[2025/07/27 01:26:08] 456 -- update friend DB succeed
[2025/07/27 01:31:08] 457 -- update friend DB succeed
[2025/07/27 01:36:06] 458 -- update friend DB succeed
[2025/07/27 01:41:06] 459 -- update friend DB succeed
[2025/07/27 01:46:07] 460 -- update friend DB succeed
[2025/07/27 01:51:07] 461 -- update friend DB succeed
[2025/07/27 01:56:08] 462 -- update friend DB succeed
[2025/07/27 02:01:08] 463 -- update friend DB succeed
[2025/07/27 02:06:06] 464 -- update friend DB succeed
[2025/07/27 02:11:07] 465 -- update friend DB succeed
[2025/07/27 02:16:07] 466 -- update friend DB succeed
[2025/07/27 02:21:08] 467 -- update friend DB succeed
[2025/07/27 02:26:08] 468 -- update friend DB succeed
[2025/07/27 02:31:09] 469 -- update friend DB succeed
[2025/07/27 02:36:06] 470 -- update friend DB succeed
[2025/07/27 02:41:07] 471 -- update friend DB succeed
[2025/07/27 02:46:07] 472 -- update friend DB succeed
[2025/07/27 02:51:08] 473 -- update friend DB succeed
[2025/07/27 02:56:08] 474 -- update friend DB succeed
[2025/07/27 03:01:09] 475 -- update friend DB succeed
[2025/07/27 03:06:06] 476 -- update friend DB succeed
[2025/07/27 03:11:07] 477 -- update friend DB succeed
[2025/07/27 03:16:07] 478 -- update friend DB succeed
[2025/07/27 03:21:08] 479 -- update friend DB succeed
[2025/07/27 03:26:08] 480 -- update friend DB succeed
[2025/07/27 03:31:09] 481 -- update friend DB succeed
[2025/07/27 03:36:06] 482 -- update friend DB succeed
[2025/07/27 03:41:07] 483 -- update friend DB succeed
[2025/07/27 03:46:07] 484 -- update friend DB succeed
[2025/07/27 03:51:08] 485 -- update friend DB succeed
[2025/07/27 03:56:09] 486 -- update friend DB succeed
[2025/07/27 04:01:06] 487 -- update friend DB succeed
[2025/07/27 04:06:07] 488 -- update friend DB succeed
[2025/07/27 04:11:07] 489 -- update friend DB succeed
[2025/07/27 04:16:08] 490 -- update friend DB succeed
[2025/07/27 04:21:08] 491 -- update friend DB succeed
[2025/07/27 04:26:09] 492 -- update friend DB succeed
[2025/07/27 04:31:06] 493 -- update friend DB succeed
[2025/07/27 04:36:07] 494 -- update friend DB succeed
[2025/07/27 04:41:07] 495 -- update friend DB succeed
[2025/07/27 04:46:08] 496 -- update friend DB succeed
[2025/07/27 04:51:09] 497 -- update friend DB succeed
[2025/07/27 04:56:06] 498 -- update friend DB succeed
[2025/07/27 05:01:07] 499 -- update friend DB succeed
[2025/07/27 05:06:07] 500 -- update friend DB succeed
[2025/07/27 05:11:08] 501 -- update friend DB succeed
[2025/07/27 05:16:08] 502 -- update friend DB succeed
[2025/07/27 05:21:09] 503 -- update friend DB succeed
[2025/07/27 05:26:09] 504 -- update friend DB succeed
[2025/07/27 05:31:06] 505 -- update friend DB succeed
[2025/07/27 05:36:07] 506 -- update friend DB succeed
[2025/07/27 05:41:07] 507 -- update friend DB succeed
[2025/07/27 05:46:08] 508 -- update friend DB succeed
[2025/07/27 05:51:09] 509 -- update friend DB succeed
[2025/07/27 05:56:06] 510 -- update friend DB succeed
[2025/07/27 06:01:07] 511 -- update friend DB succeed
[2025/07/27 06:06:07] 512 -- update friend DB succeed
[2025/07/27 06:11:08] 513 -- update friend DB succeed
[2025/07/27 06:16:09] 514 -- update friend DB succeed
[2025/07/27 06:21:06] 515 -- update friend DB succeed
[2025/07/27 06:26:07] 516 -- update friend DB succeed
[2025/07/27 06:31:07] 517 -- update friend DB succeed
[2025/07/27 06:36:08] 518 -- update friend DB succeed
[2025/07/27 06:41:08] 519 -- update friend DB succeed
[2025/07/27 06:46:09] 520 -- update friend DB succeed
[2025/07/27 06:51:06] 521 -- update friend DB succeed
[2025/07/27 06:56:07] 522 -- update friend DB succeed
[2025/07/27 07:01:07] 523 -- update friend DB succeed
[2025/07/27 07:06:08] 524 -- update friend DB succeed
[2025/07/27 07:11:08] 525 -- update friend DB succeed
[2025/07/27 07:16:09] 526 -- update friend DB succeed
[2025/07/27 07:21:07] 527 -- update friend DB succeed
[2025/07/27 07:26:07] 528 -- update friend DB succeed
[2025/07/27 07:31:08] 529 -- update friend DB succeed
[2025/07/27 07:36:08] 530 -- update friend DB succeed
[2025/07/27 07:41:09] 531 -- update friend DB succeed
[2025/07/27 07:46:09] 532 -- update friend DB succeed
[2025/07/27 07:51:07] 533 -- update friend DB succeed
[2025/07/27 07:56:07] 534 -- update friend DB succeed
[2025/07/27 08:01:08] 535 -- update friend DB succeed
[2025/07/27 08:06:08] 536 -- update friend DB succeed
[2025/07/27 08:11:09] 537 -- update friend DB succeed
[2025/07/27 08:16:06] 538 -- update friend DB succeed
[2025/07/27 08:21:07] 539 -- update friend DB succeed
[2025/07/27 08:26:07] 540 -- update friend DB succeed
[2025/07/27 08:31:08] 541 -- update friend DB succeed
[2025/07/27 08:36:09] 542 -- update friend DB succeed
[2025/07/27 08:41:09] 543 -- update friend DB succeed
[2025/07/27 08:46:07] 544 -- update friend DB succeed
[2025/07/27 08:51:07] 545 -- update friend DB succeed
[2025/07/27 08:56:08] 546 -- update friend DB succeed
[2025/07/27 09:01:08] 547 -- update friend DB succeed
[2025/07/27 09:06:09] 548 -- update friend DB succeed
[2025/07/27 09:11:09] 549 -- update friend DB succeed
[2025/07/27 09:16:07] 550 -- update friend DB succeed
[2025/07/27 09:21:08] 551 -- update friend DB succeed
[2025/07/27 09:26:08] 552 -- update friend DB succeed
[2025/07/27 09:31:09] 553 -- update friend DB succeed
[2025/07/27 09:36:09] 554 -- update friend DB succeed
[2025/07/27 09:41:07] 555 -- update friend DB succeed
[2025/07/27 09:46:08] 556 -- update friend DB succeed
[2025/07/27 09:51:08] 557 -- update friend DB succeed
[2025/07/27 09:56:09] 558 -- update friend DB succeed
[2025/07/27 10:01:09] 559 -- update friend DB succeed
[2025/07/27 10:06:07] 560 -- update friend DB succeed
[2025/07/27 10:11:08] 561 -- update friend DB succeed
[2025/07/27 10:16:08] 562 -- update friend DB succeed
[2025/07/27 10:21:09] 563 -- update friend DB succeed
[2025/07/27 10:26:09] 564 -- update friend DB succeed
[2025/07/27 10:31:10] 565 -- update friend DB succeed
[2025/07/27 10:36:07] 566 -- update friend DB succeed
[2025/07/27 10:41:07] 567 -- update friend DB succeed
[2025/07/27 10:46:08] 568 -- update friend DB succeed
[2025/07/27 10:51:09] 569 -- update friend DB succeed
[2025/07/27 10:56:09] 570 -- update friend DB succeed
[2025/07/27 11:01:07] 571 -- update friend DB succeed
[2025/07/27 11:06:07] 572 -- update friend DB succeed
[2025/07/27 11:11:08] 573 -- update friend DB succeed
[2025/07/27 11:16:08] 574 -- update friend DB succeed
[2025/07/27 11:21:09] 575 -- update friend DB succeed
[2025/07/27 11:26:10] 576 -- update friend DB succeed
[2025/07/27 11:31:07] 577 -- update friend DB succeed
[2025/07/27 11:36:08] 578 -- update friend DB succeed
[2025/07/27 11:41:08] 579 -- update friend DB succeed
[2025/07/27 11:46:09] 580 -- update friend DB succeed
[2025/07/27 11:51:09] 581 -- update friend DB succeed
[2025/07/27 11:56:07] 582 -- update friend DB succeed
[2025/07/27 12:01:08] 583 -- update friend DB succeed
[2025/07/27 12:06:08] 584 -- update friend DB succeed
[2025/07/27 12:11:09] 585 -- update friend DB succeed
[2025/07/27 12:16:09] 586 -- update friend DB succeed
[2025/07/27 12:21:10] 587 -- update friend DB succeed
[2025/07/27 12:26:07] 588 -- update friend DB succeed
[2025/07/27 12:31:08] 589 -- update friend DB succeed
[2025/07/27 12:36:08] 590 -- update friend DB succeed
[2025/07/27 12:41:09] 591 -- update friend DB succeed
[2025/07/27 12:46:09] 592 -- update friend DB succeed
[2025/07/27 12:51:07] 593 -- update friend DB succeed
[2025/07/27 12:56:07] 594 -- update friend DB succeed
[2025/07/27 13:01:08] 595 -- update friend DB succeed
[2025/07/27 13:06:08] 596 -- update friend DB succeed
[2025/07/27 13:11:09] 597 -- update friend DB succeed
[2025/07/27 13:16:09] 598 -- update friend DB succeed
[2025/07/27 13:21:10] 599 -- update friend DB succeed
[2025/07/27 13:26:07] 600 -- update friend DB succeed
[2025/07/27 13:31:08] 601 -- update friend DB succeed
[2025/07/27 13:36:08] 602 -- update friend DB succeed
[2025/07/27 13:41:09] 603 -- update friend DB succeed
[2025/07/27 13:46:09] 604 -- update friend DB succeed
[2025/07/27 13:51:07] 605 -- update friend DB succeed
[2025/07/27 13:56:07] 606 -- update friend DB succeed
[2025/07/27 14:01:08] 607 -- update friend DB succeed
[2025/07/27 14:06:08] 608 -- update friend DB succeed
[2025/07/27 14:11:09] 609 -- update friend DB succeed
[2025/07/27 14:16:10] 610 -- update friend DB succeed
[2025/07/27 14:21:07] 611 -- update friend DB succeed
[2025/07/27 14:26:08] 612 -- update friend DB succeed
[2025/07/27 14:31:08] 613 -- update friend DB succeed
[2025/07/27 14:36:09] 614 -- update friend DB succeed
[2025/07/27 14:41:09] 615 -- update friend DB succeed
[2025/07/27 14:46:10] 616 -- update friend DB succeed
[2025/07/27 14:51:07] 617 -- update friend DB succeed
[2025/07/27 14:56:08] 618 -- update friend DB succeed
[2025/07/27 15:01:08] 619 -- update friend DB succeed
[2025/07/27 15:06:09] 620 -- update friend DB succeed
[2025/07/27 15:11:09] 621 -- update friend DB succeed
[2025/07/27 15:16:10] 622 -- update friend DB succeed
[2025/07/27 15:21:07] 623 -- update friend DB succeed
[2025/07/27 15:26:08] 624 -- update friend DB succeed
[2025/07/27 15:31:08] 625 -- update friend DB succeed
[2025/07/27 15:36:09] 626 -- update friend DB succeed
[2025/07/27 15:41:10] 627 -- update friend DB succeed
[2025/07/27 15:46:07] 628 -- update friend DB succeed
[2025/07/27 15:51:08] 629 -- update friend DB succeed
[2025/07/27 15:56:08] 630 -- update friend DB succeed
[2025/07/27 16:01:09] 631 -- update friend DB succeed
[2025/07/27 16:06:09] 632 -- update friend DB succeed
[2025/07/27 16:11:10] 633 -- update friend DB succeed
[2025/07/27 16:16:08] 634 -- update friend DB succeed
[2025/07/27 16:21:08] 635 -- update friend DB succeed
[2025/07/27 16:26:08] 636 -- update friend DB succeed
[2025/07/27 16:31:09] 637 -- update friend DB succeed
[2025/07/27 16:36:10] 638 -- update friend DB succeed
[2025/07/27 16:41:07] 639 -- update friend DB succeed
[2025/07/27 16:46:08] 640 -- update friend DB succeed
[2025/07/27 16:51:08] 641 -- update friend DB succeed
[2025/07/27 16:56:09] 642 -- update friend DB succeed
[2025/07/27 17:01:10] 643 -- update friend DB succeed
[2025/07/27 17:06:10] 644 -- update friend DB succeed
[2025/07/27 17:11:07] 645 -- update friend DB succeed
[2025/07/27 17:16:08] 646 -- update friend DB succeed
[2025/07/27 17:21:08] 647 -- update friend DB succeed
[2025/07/27 17:26:09] 648 -- update friend DB succeed
[2025/07/27 17:31:10] 649 -- update friend DB succeed
[2025/07/27 17:36:10] 650 -- update friend DB succeed
[2025/07/27 17:41:08] 651 -- update friend DB succeed
[2025/07/27 17:46:08] 652 -- update friend DB succeed
[2025/07/27 17:51:09] 653 -- update friend DB succeed
[2025/07/27 17:56:09] 654 -- update friend DB succeed
[2025/07/27 18:01:10] 655 -- update friend DB succeed
[2025/07/27 18:06:10] 656 -- update friend DB succeed
[2025/07/27 18:11:08] 657 -- update friend DB succeed
[2025/07/27 18:16:08] 658 -- update friend DB succeed
[2025/07/27 18:21:09] 659 -- update friend DB succeed
[2025/07/27 18:26:09] 660 -- update friend DB succeed
[2025/07/27 18:31:10] 661 -- update friend DB succeed
[2025/07/27 18:36:10] 662 -- update friend DB succeed
[2025/07/27 18:41:08] 663 -- update friend DB succeed
[2025/07/27 18:46:08] 664 -- update friend DB succeed
[2025/07/27 18:51:09] 665 -- update friend DB succeed
[2025/07/27 18:56:09] 666 -- update friend DB succeed
[2025/07/27 19:01:10] 667 -- update friend DB succeed
[2025/07/27 19:06:08] 668 -- update friend DB succeed
[2025/07/27 19:11:08] 669 -- update friend DB succeed
[2025/07/27 19:16:09] 670 -- update friend DB succeed
[2025/07/27 19:21:09] 671 -- update friend DB succeed
[2025/07/27 19:26:10] 672 -- update friend DB succeed
[2025/07/27 19:31:07] 673 -- update friend DB succeed
[2025/07/27 19:36:08] 674 -- update friend DB succeed
[2025/07/27 19:41:08] 675 -- update friend DB succeed
[2025/07/27 19:46:09] 676 -- update friend DB succeed
[2025/07/27 19:51:09] 677 -- update friend DB succeed
[2025/07/27 19:56:10] 678 -- update friend DB succeed
[2025/07/27 20:01:10] 679 -- update friend DB succeed
[2025/07/27 20:06:08] 680 -- update friend DB succeed
[2025/07/27 20:11:09] 681 -- update friend DB succeed
[2025/07/27 20:16:09] 682 -- update friend DB succeed
[2025/07/27 20:21:10] 683 -- update friend DB succeed
[2025/07/27 20:26:10] 684 -- update friend DB succeed
[2025/07/27 20:31:08] 685 -- update friend DB succeed
[2025/07/27 20:36:08] 686 -- update friend DB succeed
[2025/07/27 20:41:09] 687 -- update friend DB succeed
[2025/07/27 20:46:09] 688 -- update friend DB succeed
[2025/07/27 20:51:10] 689 -- update friend DB succeed
[2025/07/27 20:56:10] 690 -- update friend DB succeed
[2025/07/27 21:01:08] 691 -- update friend DB succeed
[2025/07/27 21:06:08] 692 -- update friend DB succeed
[2025/07/27 21:11:09] 693 -- update friend DB succeed
[2025/07/27 21:16:10] 694 -- update friend DB succeed
[2025/07/27 21:21:10] 695 -- update friend DB succeed
[2025/07/27 21:26:11] 696 -- update friend DB succeed
[2025/07/27 21:31:08] 697 -- update friend DB succeed
[2025/07/27 21:36:08] 698 -- update friend DB succeed
[2025/07/27 21:41:09] 699 -- update friend DB succeed
[2025/07/27 21:46:09] 700 -- update friend DB succeed
[2025/07/27 21:51:10] 701 -- update friend DB succeed
[2025/07/27 21:56:11] 702 -- update friend DB succeed
[2025/07/27 22:01:08] 703 -- update friend DB succeed
[2025/07/27 22:06:09] 704 -- update friend DB succeed
[2025/07/27 22:11:09] 705 -- update friend DB succeed
[2025/07/27 22:16:10] 706 -- update friend DB succeed
[2025/07/27 22:21:10] 707 -- update friend DB succeed
[2025/07/27 22:26:11] 708 -- update friend DB succeed
[2025/07/27 22:31:08] 709 -- update friend DB succeed
[2025/07/27 22:36:09] 710 -- update friend DB succeed
[2025/07/27 22:41:09] 711 -- update friend DB succeed
[2025/07/27 22:46:10] 712 -- update friend DB succeed
[2025/07/27 22:51:10] 713 -- update friend DB succeed
[2025/07/27 22:56:08] 714 -- update friend DB succeed
[2025/07/27 23:01:09] 715 -- update friend DB succeed
[2025/07/27 23:06:09] 716 -- update friend DB succeed
[2025/07/27 23:11:10] 717 -- update friend DB succeed
[2025/07/27 23:16:10] 718 -- update friend DB succeed
[2025/07/27 23:21:11] 719 -- update friend DB succeed
[2025/07/27 23:26:08] 720 -- update friend DB succeed
[2025/07/27 23:31:09] 721 -- update friend DB succeed
[2025/07/27 23:36:09] 722 -- update friend DB succeed
[2025/07/27 23:41:10] 723 -- update friend DB succeed
[2025/07/27 23:46:10] 724 -- update friend DB succeed
[2025/07/27 23:51:08] 725 -- update friend DB succeed
[2025/07/27 23:56:09] 726 -- update friend DB succeed
[2025/07/28 00:01:09] 727 -- update friend DB succeed
[2025/07/28 00:06:10] 728 -- update friend DB succeed
[2025/07/28 00:11:11] 729 -- update friend DB succeed
[2025/07/28 00:16:08] 730 -- update friend DB succeed
[2025/07/28 00:21:08] 731 -- update friend DB succeed
[2025/07/28 00:26:09] 732 -- update friend DB succeed
[2025/07/28 00:31:10] 733 -- update friend DB succeed
[2025/07/28 00:36:10] 734 -- update friend DB succeed
[2025/07/28 00:41:11] 735 -- update friend DB succeed
[2025/07/28 00:46:08] 736 -- update friend DB succeed
[2025/07/28 00:51:09] 737 -- update friend DB succeed
[2025/07/28 00:56:09] 738 -- update friend DB succeed
[2025/07/28 01:01:10] 739 -- update friend DB succeed
[2025/07/28 01:06:11] 740 -- update friend DB succeed
[2025/07/28 01:11:08] 741 -- update friend DB succeed
[2025/07/28 01:16:09] 742 -- update friend DB succeed
[2025/07/28 01:21:09] 743 -- update friend DB succeed
[2025/07/28 01:26:10] 744 -- update friend DB succeed
[2025/07/28 01:31:10] 745 -- update friend DB succeed
[2025/07/28 01:36:08] 746 -- update friend DB succeed
[2025/07/28 01:41:09] 747 -- update friend DB succeed
[2025/07/28 01:46:09] 748 -- update friend DB succeed
[2025/07/28 01:51:10] 749 -- update friend DB succeed
[2025/07/28 01:56:11] 750 -- update friend DB succeed
[2025/07/28 02:01:11] 751 -- update friend DB succeed
[2025/07/28 02:06:09] 752 -- update friend DB succeed
[2025/07/28 02:11:09] 753 -- update friend DB succeed
[2025/07/28 02:16:10] 754 -- update friend DB succeed
[2025/07/28 02:21:11] 755 -- update friend DB succeed
[2025/07/28 02:26:08] 756 -- update friend DB succeed
[2025/07/28 02:31:09] 757 -- update friend DB succeed
[2025/07/28 02:36:10] 758 -- update friend DB succeed
[2025/07/28 02:41:10] 759 -- update friend DB succeed
[2025/07/28 02:46:11] 760 -- update friend DB succeed
[2025/07/28 02:51:08] 761 -- update friend DB succeed
[2025/07/28 02:56:09] 762 -- update friend DB succeed
[2025/07/28 03:01:10] 763 -- update friend DB succeed
[2025/07/28 03:06:10] 764 -- update friend DB succeed
[2025/07/28 03:11:11] 765 -- update friend DB succeed
[2025/07/28 03:16:11] 766 -- update friend DB succeed
[2025/07/28 03:21:09] 767 -- update friend DB succeed
[2025/07/28 03:26:09] 768 -- update friend DB succeed
[2025/07/28 03:31:10] 769 -- update friend DB succeed
[2025/07/28 03:36:11] 770 -- update friend DB succeed
[2025/07/28 03:41:11] 771 -- update friend DB succeed
[2025/07/28 03:46:09] 772 -- update friend DB succeed
[2025/07/28 03:51:09] 773 -- update friend DB succeed
[2025/07/28 03:56:10] 774 -- update friend DB succeed
[2025/07/28 04:01:10] 775 -- update friend DB succeed
[2025/07/28 04:06:11] 776 -- update friend DB succeed
[2025/07/28 04:11:09] 777 -- update friend DB succeed
[2025/07/28 04:16:09] 778 -- update friend DB succeed
[2025/07/28 04:21:10] 779 -- update friend DB succeed
[2025/07/28 04:26:10] 780 -- update friend DB succeed
[2025/07/28 04:31:11] 781 -- update friend DB succeed
[2025/07/28 04:36:11] 782 -- update friend DB succeed
[2025/07/28 04:41:09] 783 -- update friend DB succeed
[2025/07/28 04:46:10] 784 -- update friend DB succeed
[2025/07/28 04:51:10] 785 -- update friend DB succeed
[2025/07/28 04:56:11] 786 -- update friend DB succeed
[2025/07/28 05:01:11] 787 -- update friend DB succeed
[2025/07/28 05:06:09] 788 -- update friend DB succeed
[2025/07/28 05:11:10] 789 -- update friend DB succeed
[2025/07/28 05:16:10] 790 -- update friend DB succeed
[2025/07/28 05:21:11] 791 -- update friend DB succeed
[2025/07/28 05:26:11] 792 -- update friend DB succeed
[2025/07/28 05:31:09] 793 -- update friend DB succeed
[2025/07/28 05:36:09] 794 -- update friend DB succeed
[2025/07/28 05:41:10] 795 -- update friend DB succeed
[2025/07/28 05:46:10] 796 -- update friend DB succeed
[2025/07/28 05:51:11] 797 -- update friend DB succeed
[2025/07/28 05:56:12] 798 -- update friend DB succeed
[2025/07/28 06:01:09] 799 -- update friend DB succeed
[2025/07/28 06:06:10] 800 -- update friend DB succeed
[2025/07/28 06:11:10] 801 -- update friend DB succeed
[2025/07/28 06:16:11] 802 -- update friend DB succeed
[2025/07/28 06:21:11] 803 -- update friend DB succeed
[2025/07/28 06:26:09] 804 -- update friend DB succeed
[2025/07/28 06:31:09] 805 -- update friend DB succeed
[2025/07/28 06:36:10] 806 -- update friend DB succeed
[2025/07/28 06:41:11] 807 -- update friend DB succeed
[2025/07/28 06:46:11] 808 -- update friend DB succeed
[2025/07/28 06:51:09] 809 -- update friend DB succeed
[2025/07/28 06:56:10] 810 -- update friend DB succeed
[2025/07/28 07:01:10] 811 -- update friend DB succeed
[2025/07/28 07:06:11] 812 -- update friend DB succeed
[2025/07/28 07:11:11] 813 -- update friend DB succeed
[2025/07/28 07:16:09] 814 -- update friend DB succeed
[2025/07/28 07:21:09] 815 -- update friend DB succeed
[2025/07/28 07:26:10] 816 -- update friend DB succeed
[2025/07/28 07:31:11] 817 -- update friend DB succeed
[2025/07/28 07:36:11] 818 -- update friend DB succeed
[2025/07/28 07:41:09] 819 -- update friend DB succeed
[2025/07/28 07:46:10] 820 -- update friend DB succeed
[2025/07/28 07:51:10] 821 -- update friend DB succeed
[2025/07/28 07:56:11] 822 -- update friend DB succeed
[2025/07/28 08:01:11] 823 -- update friend DB succeed
[2025/07/28 08:06:09] 824 -- update friend DB succeed
[2025/07/28 08:11:10] 825 -- update friend DB succeed
[2025/07/28 08:16:10] 826 -- update friend DB succeed
[2025/07/28 08:21:11] 827 -- update friend DB succeed
[2025/07/28 08:26:11] 828 -- update friend DB succeed
[2025/07/28 08:31:12] 829 -- update friend DB succeed
[2025/07/28 08:35:00] 830 -- Destroy Channel: <00000002> \S754886848
[2025/07/28 08:35:00] 831 -- Destroy Channel: <00000003> \F0
[2025/07/28 08:35:00] 832 -- Destroy Channel: <00000004> \B754886848
[2025/07/28 08:35:00] 833 -- player logout: 123456
[2025/07/28 08:35:48] 834 -- player login: 123456 [BaoDaiSu] (0100007F, 00000000)
[2025/07/28 08:35:48] 835 -- Query ChannelID: \S from (0100007F, 00000000)
[2025/07/28 08:35:48] 836 -- Create Channel: <00000005> \S16777343
[2025/07/28 08:35:48] 837 -- Query ChannelID: 世界 from (0100007F, 00000000)
[2025/07/28 08:35:48] 838 -- Query ChannelID: \F0 from (0100007F, 00000000)
[2025/07/28 08:35:48] 839 -- Create Channel: <00000006> \F0
[2025/07/28 08:35:48] 840 -- Query ChannelID: GM from (0100007F, 00000000)
[2025/07/28 08:35:48] 841 -- Query ChannelID: \B from (0100007F, 00000000)
[2025/07/28 08:35:48] 842 -- Create Channel: <00000007> \B16777343
[2025/07/28 08:35:48] 843 -- Query ChannelID: \S from (0100007F, 00000000)
[2025/07/28 08:35:48] 844 -- Query ChannelID: 世界 from (0100007F, 00000000)
[2025/07/28 08:35:48] 845 -- Query ChannelID: \F0 from (0100007F, 00000000)
[2025/07/28 08:35:48] 846 -- Query ChannelID: GM from (0100007F, 00000000)
[2025/07/28 08:35:48] 847 -- Query ChannelID: \B from (0100007F, 00000000)
[2025/07/28 08:35:48] 848 -- sync friend list: BaoDaiSu (full)
[2025/07/28 08:35:48] 849 -- Query ChannelID: \S from (0100007F, 00000000)
[2025/07/28 08:35:48] 850 -- Query ChannelID: 世界 from (0100007F, 00000000)
[2025/07/28 08:35:48] 851 -- Query ChannelID: \F0 from (0100007F, 00000000)
[2025/07/28 08:35:48] 852 -- Query ChannelID: GM from (0100007F, 00000000)
[2025/07/28 08:35:48] 853 -- Query ChannelID: \B from (0100007F, 00000000)
[2025/07/28 08:35:48] 854 -- Query ChannelID: \S from (0100007F, 00000000)
[2025/07/28 08:35:48] 855 -- Query ChannelID: 世界 from (0100007F, 00000000)
[2025/07/28 08:35:48] 856 -- Query ChannelID: \F0 from (0100007F, 00000000)
[2025/07/28 08:35:48] 857 -- Query ChannelID: GM from (0100007F, 00000000)
[2025/07/28 08:35:48] 858 -- Query ChannelID: \B from (0100007F, 00000000)
[2025/07/28 08:35:48] 859 -- Subscribe Channel: 00000005 by (0100007F,00000000)
[2025/07/28 08:35:48] 860 -- Subscribe Channel: 00000001 by (0100007F,00000000)
[2025/07/28 08:35:48] 861 -- Subscribe Channel: 00000006 by (0100007F,00000000)
[2025/07/28 08:35:48] 862 -- Subscribe Channel: GM <00000000> by (0100007F,00000000)
[2025/07/28 08:35:48] 863 -- Subscribe Channel: 00000007 by (0100007F,00000000)
[2025/07/28 08:35:48] 864 -- Subscribe Channel: 00000005 by (0100007F,00000000)
[2025/07/28 08:35:48] 865 -- Subscribe Channel: 00000001 by (0100007F,00000000)
[2025/07/28 08:35:48] 866 -- Subscribe Channel: 00000006 by (0100007F,00000000)
[2025/07/28 08:35:48] 867 -- Subscribe Channel: GM <00000000> by (0100007F,00000000)
[2025/07/28 08:35:48] 868 -- Subscribe Channel: 00000007 by (0100007F,00000000)
[2025/07/28 08:35:48] 869 -- Subscribe Channel: 00000005 by (0100007F,00000000)
[2025/07/28 08:35:48] 870 -- Subscribe Channel: 00000001 by (0100007F,00000000)
[2025/07/28 08:35:48] 871 -- Subscribe Channel: 00000006 by (0100007F,00000000)
[2025/07/28 08:35:48] 872 -- Subscribe Channel: GM <00000000> by (0100007F,00000000)
[2025/07/28 08:35:48] 873 -- Subscribe Channel: 00000007 by (0100007F,00000000)
[2025/07/28 08:35:48] 874 -- Subscribe Channel: 00000005 by (0100007F,00000000)
[2025/07/28 08:35:48] 875 -- Subscribe Channel: 00000001 by (0100007F,00000000)
[2025/07/28 08:35:48] 876 -- Subscribe Channel: 00000006 by (0100007F,00000000)
[2025/07/28 08:35:48] 877 -- Subscribe Channel: GM <00000000> by (0100007F,00000000)
[2025/07/28 08:35:48] 878 -- Subscribe Channel: 00000007 by (0100007F,00000000)
[2025/07/28 08:36:09] 879 -- update friend DB succeed
[2025/07/28 08:41:10] 880 -- update friend DB succeed
[2025/07/28 08:46:11] 881 -- update friend DB succeed
[2025/07/28 08:51:11] 882 -- update friend DB succeed
[2025/07/28 08:56:12] 883 -- update friend DB succeed
[2025/07/28 09:01:09] 884 -- update friend DB succeed
[2025/07/28 09:06:10] 885 -- update friend DB succeed
[2025/07/28 09:11:10] 886 -- update friend DB succeed
[2025/07/28 09:16:10] 887 -- update friend DB succeed
[2025/07/28 09:21:11] 888 -- update friend DB succeed
[2025/07/28 09:26:12] 889 -- update friend DB succeed
[2025/07/28 09:31:09] 890 -- update friend DB succeed
[2025/07/28 09:36:10] 891 -- update friend DB succeed
[2025/07/28 09:41:10] 892 -- update friend DB succeed
[2025/07/28 09:46:11] 893 -- update friend DB succeed
[2025/07/28 09:51:11] 894 -- update friend DB succeed
[2025/07/28 09:56:09] 895 -- update friend DB succeed
[2025/07/28 10:01:10] 896 -- update friend DB succeed
[2025/07/28 10:06:10] 897 -- update friend DB succeed
[2025/07/28 10:11:11] 898 -- update friend DB succeed
[2025/07/28 10:16:11] 899 -- update friend DB succeed
[2025/07/28 10:21:12] 900 -- update friend DB succeed
[2025/07/28 10:26:09] 901 -- update friend DB succeed
[2025/07/28 10:31:10] 902 -- update friend DB succeed
[2025/07/28 10:36:10] 903 -- update friend DB succeed
[2025/07/28 10:41:11] 904 -- update friend DB succeed
[2025/07/28 10:46:12] 905 -- update friend DB succeed
[2025/07/28 10:51:12] 906 -- update friend DB succeed
[2025/07/28 10:56:10] 907 -- update friend DB succeed
[2025/07/28 11:01:10] 908 -- update friend DB succeed
[2025/07/28 11:06:11] 909 -- update friend DB succeed
[2025/07/28 11:11:11] 910 -- update friend DB succeed
[2025/07/28 11:16:12] 911 -- update friend DB succeed
[2025/07/28 11:21:09] 912 -- update friend DB succeed
[2025/07/28 11:26:10] 913 -- update friend DB succeed
[2025/07/28 11:31:10] 914 -- update friend DB succeed
[2025/07/28 11:36:11] 915 -- update friend DB succeed
[2025/07/28 11:41:12] 916 -- update friend DB succeed
[2025/07/28 11:46:12] 917 -- update friend DB succeed
[2025/07/28 11:51:10] 918 -- update friend DB succeed
[2025/07/28 11:56:10] 919 -- update friend DB succeed
[2025/07/28 12:01:11] 920 -- update friend DB succeed
[2025/07/28 12:06:11] 921 -- update friend DB succeed
[2025/07/28 12:11:12] 922 -- update friend DB succeed
[2025/07/28 12:16:09] 923 -- update friend DB succeed
[2025/07/28 12:21:10] 924 -- update friend DB succeed
[2025/07/28 12:26:11] 925 -- update friend DB succeed
[2025/07/28 12:31:11] 926 -- update friend DB succeed
[2025/07/28 12:36:12] 927 -- update friend DB succeed
[2025/07/28 12:41:12] 928 -- update friend DB succeed
[2025/07/28 12:46:10] 929 -- update friend DB succeed
[2025/07/28 12:51:10] 930 -- update friend DB succeed
[2025/07/28 12:56:11] 931 -- update friend DB succeed
[2025/07/28 13:01:11] 932 -- update friend DB succeed
[2025/07/28 13:06:12] 933 -- update friend DB succeed
[2025/07/28 13:11:10] 934 -- update friend DB succeed
[2025/07/28 13:16:10] 935 -- update friend DB succeed
[2025/07/28 13:21:11] 936 -- update friend DB succeed
[2025/07/28 13:26:11] 937 -- update friend DB succeed
[2025/07/28 13:31:12] 938 -- update friend DB succeed
[2025/07/28 13:36:09] 939 -- update friend DB succeed
[2025/07/28 13:41:10] 940 -- update friend DB succeed
[2025/07/28 13:43:43] 941 -- Destroy Channel: <00000005> \S16777343
[2025/07/28 13:43:43] 942 -- Destroy Channel: <00000006> \F0
[2025/07/28 13:43:43] 943 -- Destroy Channel: <00000007> \B16777343
[2025/07/28 13:43:43] 944 -- player logout: 123456
