
*
***** S3Relay Start (@ 2025/07/13 15:28:37.806) >>>>>
*

[2025/07/13 15:28:37] 1 -- Initializing ...
[2025/07/13 15:28:37] 2 -- Connect Database Success!
[2025/07/13 15:28:37] 3 -- Create Channel: [Stock, GM] <00000000> GM
[2025/07/13 15:28:37] 4 -- Create Channel: [Stock] <00000001> 世界
[2025/07/13 15:28:37] 5 -- friend timing update db: start
[2025/07/13 15:28:37] 6 -- relay server startup
[2025/07/13 15:28:37] 7 -- root client create: 192.168.254.42
[2025/07/13 15:28:37] 8 -- DBRole client create: 192.168.254.42
[2025/07/13 15:28:37] 9 -- root client close: 192.168.254.42
[2025/07/13 15:28:37] 10 -- gateway client create: 192.168.254.42
[2025/07/13 15:28:37] 11 -- host server startup
[2025/07/13 15:28:37] 12 -- tong server startup
[2025/07/13 15:28:37] 13 -- chat server startup
[2025/07/13 15:28:37] 14 -- SockThread start success
[2025/07/13 15:28:37] 15 -- tong database open ok!
[2025/07/13 15:28:37] 16 -- tongset init ok !
[2025/07/13 15:28:37] 17 -- Initialize OK
[2025/07/13 15:28:46] 18 -- host connect create: 127.0.0.1
[2025/07/13 15:28:46] 19 -- chat connect create: 127.0.0.1
[2025/07/13 15:28:46] 20 -- tong connect create: 127.0.0.1
[2025/07/13 15:28:58] 21 -- host connect create: 192.168.254.44
[2025/07/13 15:28:58] 22 -- chat connect create: 192.168.254.44
[2025/07/13 15:28:58] 23 -- tong connect create: 192.168.254.44
[2025/07/13 15:28:58] 24 -- host connect create: 192.168.254.43
[2025/07/13 15:28:58] 25 -- chat connect create: 192.168.254.43
[2025/07/13 15:28:58] 26 -- tong connect create: 192.168.254.43
[2025/07/13 15:28:58] 27 -- host connect create: 192.168.254.45
[2025/07/13 15:28:58] 28 -- chat connect create: 192.168.254.45
[2025/07/13 15:28:58] 29 -- tong connect create: 192.168.254.45
[2025/07/13 15:29:13] 30 -- load someone: DienBaQuan
[2025/07/13 15:29:13] 31 -- player login: 123456 [DienBaQuan] (2CFEA8C0, 00000000)
[2025/07/13 15:29:13] 32 -- Query ChannelID: \S from (2CFEA8C0, 00000000)
[2025/07/13 15:29:13] 33 -- Create Channel: <00000002> \S754886848
[2025/07/13 15:29:13] 34 -- Query ChannelID: 世界 from (2CFEA8C0, 00000000)
[2025/07/13 15:29:13] 35 -- Query ChannelID: \F2 from (2CFEA8C0, 00000000)
[2025/07/13 15:29:13] 36 -- Create Channel: <00000003> \F2
[2025/07/13 15:29:13] 37 -- Query ChannelID: GM from (2CFEA8C0, 00000000)
[2025/07/13 15:29:13] 38 -- Query ChannelID: \B from (2CFEA8C0, 00000000)
[2025/07/13 15:29:13] 39 -- Create Channel: <00000004> \B754886848
[2025/07/13 15:29:13] 40 -- Query ChannelID: \S from (2CFEA8C0, 00000000)
[2025/07/13 15:29:13] 41 -- Query ChannelID: 世界 from (2CFEA8C0, 00000000)
[2025/07/13 15:29:13] 42 -- Query ChannelID: \F2 from (2CFEA8C0, 00000000)
[2025/07/13 15:29:13] 43 -- Query ChannelID: GM from (2CFEA8C0, 00000000)
[2025/07/13 15:29:13] 44 -- Query ChannelID: \B from (2CFEA8C0, 00000000)
[2025/07/13 15:29:13] 45 -- Query ChannelID: \S from (2CFEA8C0, 00000000)
[2025/07/13 15:29:13] 46 -- Query ChannelID: 世界 from (2CFEA8C0, 00000000)
[2025/07/13 15:29:13] 47 -- Query ChannelID: \F2 from (2CFEA8C0, 00000000)
[2025/07/13 15:29:13] 48 -- Query ChannelID: GM from (2CFEA8C0, 00000000)
[2025/07/13 15:29:13] 49 -- Query ChannelID: \B from (2CFEA8C0, 00000000)
[2025/07/13 15:29:13] 50 -- Query ChannelID: \S from (2CFEA8C0, 00000000)
[2025/07/13 15:29:13] 51 -- Query ChannelID: 世界 from (2CFEA8C0, 00000000)
[2025/07/13 15:29:13] 52 -- Query ChannelID: \F2 from (2CFEA8C0, 00000000)
[2025/07/13 15:29:13] 53 -- Query ChannelID: GM from (2CFEA8C0, 00000000)
[2025/07/13 15:29:13] 54 -- Query ChannelID: \B from (2CFEA8C0, 00000000)
[2025/07/13 15:29:13] 55 -- sync friend list: DienBaQuan (full)
[2025/07/13 15:29:13] 56 -- Subscribe Channel: 00000002 by (2CFEA8C0,00000000)
[2025/07/13 15:29:13] 57 -- Subscribe Channel: 00000001 by (2CFEA8C0,00000000)
[2025/07/13 15:29:13] 58 -- Subscribe Channel: 00000003 by (2CFEA8C0,00000000)
[2025/07/13 15:29:13] 59 -- Subscribe Channel: GM <00000000> by (2CFEA8C0,00000000)
[2025/07/13 15:29:13] 60 -- Subscribe Channel: 00000004 by (2CFEA8C0,00000000)
[2025/07/13 15:29:13] 61 -- Subscribe Channel: 00000002 by (2CFEA8C0,00000000)
[2025/07/13 15:29:13] 62 -- Subscribe Channel: 00000001 by (2CFEA8C0,00000000)
[2025/07/13 15:29:13] 63 -- Subscribe Channel: 00000003 by (2CFEA8C0,00000000)
[2025/07/13 15:29:13] 64 -- Subscribe Channel: GM <00000000> by (2CFEA8C0,00000000)
[2025/07/13 15:29:13] 65 -- Subscribe Channel: 00000004 by (2CFEA8C0,00000000)
[2025/07/13 15:29:13] 66 -- Subscribe Channel: 00000002 by (2CFEA8C0,00000000)
[2025/07/13 15:29:13] 67 -- Subscribe Channel: 00000001 by (2CFEA8C0,00000000)
[2025/07/13 15:29:13] 68 -- Subscribe Channel: 00000003 by (2CFEA8C0,00000000)
[2025/07/13 15:29:13] 69 -- Subscribe Channel: GM <00000000> by (2CFEA8C0,00000000)
[2025/07/13 15:29:13] 70 -- Subscribe Channel: 00000004 by (2CFEA8C0,00000000)
[2025/07/13 15:29:13] 71 -- Subscribe Channel: 00000002 by (2CFEA8C0,00000000)
[2025/07/13 15:29:13] 72 -- Subscribe Channel: 00000001 by (2CFEA8C0,00000000)
[2025/07/13 15:29:13] 73 -- Subscribe Channel: 00000003 by (2CFEA8C0,00000000)
[2025/07/13 15:29:13] 74 -- Subscribe Channel: GM <00000000> by (2CFEA8C0,00000000)
[2025/07/13 15:29:13] 75 -- Subscribe Channel: 00000004 by (2CFEA8C0,00000000)
[2025/07/13 15:29:16] 76 -- Destroy Channel: <00000002> \S754886848
[2025/07/13 15:29:16] 77 -- Destroy Channel: <00000003> \F2
[2025/07/13 15:29:16] 78 -- Destroy Channel: <00000004> \B754886848
[2025/07/13 15:29:16] 79 -- player logout: 123456
