
*
***** S3Relay Start (@ 2025/07/13 15:27:51.053) >>>>>
*

[2025/07/13 15:27:51] 1 -- Initializing ...
[2025/07/13 15:27:51] 2 -- Connect Database Success!
[2025/07/13 15:27:51] 3 -- Create Channel: [Stock, GM] <00000000> GM
[2025/07/13 15:27:51] 4 -- Create Channel: [Stock] <00000001>  ¿ΩÁ
[2025/07/13 15:27:51] 5 -- friend timing update db: start
[2025/07/13 15:27:51] 6 -- relay server startup
[2025/07/13 15:27:51] 7 -- root client create: 192.168.254.42
[2025/07/13 15:27:51] 8 -- DBRole client create: 192.168.254.42
[2025/07/13 15:27:51] 9 -- root client close: 192.168.254.42
[2025/07/13 15:27:51] 10 -- gateway client create: 192.168.254.42
[2025/07/13 15:27:51] 11 -- host server startup
[2025/07/13 15:27:51] 12 -- tong server startup
[2025/07/13 15:27:51] 13 -- chat server startup
[2025/07/13 15:27:51] 14 -- SockThread start success
[2025/07/13 15:27:51] 15 -- tong database open ok!
[2025/07/13 15:27:51] 16 -- tongset init ok !
[2025/07/13 15:27:51] 17 -- Initialize OK
