
*
***** S3Relay Start (@ 2025/07/13 15:48:20.702) >>>>>
*

[2025/07/13 15:48:20] 1 -- Initializing ...
[2025/07/13 15:48:20] 2 -- Connect Database Success!
[2025/07/13 15:48:20] 3 -- Create Channel: [Stock, GM] <00000000> GM
[2025/07/13 15:48:20] 4 -- Create Channel: [Stock] <00000001> 世界
[2025/07/13 15:48:20] 5 -- friend timing update db: start
[2025/07/13 15:48:20] 6 -- relay server startup
[2025/07/13 15:48:20] 7 -- root client create: 192.168.254.42
[2025/07/13 15:48:20] 8 -- DBRole client create: 192.168.254.42
[2025/07/13 15:48:20] 9 -- root client close: 192.168.254.42
[2025/07/13 15:48:20] 10 -- gateway client create: 192.168.254.42
[2025/07/13 15:48:20] 11 -- host server startup
[2025/07/13 15:48:20] 12 -- tong server startup
[2025/07/13 15:48:20] 13 -- chat server startup
[2025/07/13 15:48:20] 14 -- SockThread start success
[2025/07/13 15:48:20] 15 -- tong database open ok!
[2025/07/13 15:48:20] 16 -- tongset init ok !
[2025/07/13 15:48:20] 17 -- Initialize OK
[2025/07/13 15:48:29] 18 -- host connect create: 127.0.0.1
[2025/07/13 15:48:29] 19 -- chat connect create: 127.0.0.1
[2025/07/13 15:48:29] 20 -- tong connect create: 127.0.0.1
[2025/07/13 15:48:38] 21 -- host connect create: 192.168.254.44
[2025/07/13 15:48:38] 22 -- chat connect create: 192.168.254.44
[2025/07/13 15:48:38] 23 -- tong connect create: 192.168.254.44
[2025/07/13 15:48:38] 24 -- host connect create: 192.168.254.43
[2025/07/13 15:48:38] 25 -- chat connect create: 192.168.254.43
[2025/07/13 15:48:38] 26 -- tong connect create: 192.168.254.43
[2025/07/13 15:48:38] 27 -- host connect create: 192.168.254.45
[2025/07/13 15:48:38] 28 -- chat connect create: 192.168.254.45
[2025/07/13 15:48:38] 29 -- tong connect create: 192.168.254.45
[2025/07/13 15:48:44] 30 -- load someone: DienBaQuan
[2025/07/13 15:48:44] 31 -- player login: 123456 [DienBaQuan] (2CFEA8C0, 00000000)
[2025/07/13 15:48:44] 32 -- Query ChannelID: \S from (2CFEA8C0, 00000000)
[2025/07/13 15:48:44] 33 -- Create Channel: <00000002> \S754886848
[2025/07/13 15:48:44] 34 -- Query ChannelID: 世界 from (2CFEA8C0, 00000000)
[2025/07/13 15:48:44] 35 -- Query ChannelID: \F2 from (2CFEA8C0, 00000000)
[2025/07/13 15:48:44] 36 -- Create Channel: <00000003> \F2
[2025/07/13 15:48:44] 37 -- Query ChannelID: GM from (2CFEA8C0, 00000000)
[2025/07/13 15:48:44] 38 -- Query ChannelID: \B from (2CFEA8C0, 00000000)
[2025/07/13 15:48:44] 39 -- Create Channel: <00000004> \B754886848
[2025/07/13 15:48:44] 40 -- Query ChannelID: \S from (2CFEA8C0, 00000000)
[2025/07/13 15:48:44] 41 -- Query ChannelID: 世界 from (2CFEA8C0, 00000000)
[2025/07/13 15:48:44] 42 -- Query ChannelID: \F2 from (2CFEA8C0, 00000000)
[2025/07/13 15:48:44] 43 -- Query ChannelID: GM from (2CFEA8C0, 00000000)
[2025/07/13 15:48:44] 44 -- Query ChannelID: \B from (2CFEA8C0, 00000000)
[2025/07/13 15:48:44] 45 -- sync friend list: DienBaQuan (full)
[2025/07/13 15:48:44] 46 -- Query ChannelID: \S from (2CFEA8C0, 00000000)
[2025/07/13 15:48:44] 47 -- Query ChannelID: 世界 from (2CFEA8C0, 00000000)
[2025/07/13 15:48:44] 48 -- Query ChannelID: \F2 from (2CFEA8C0, 00000000)
[2025/07/13 15:48:44] 49 -- Query ChannelID: GM from (2CFEA8C0, 00000000)
[2025/07/13 15:48:44] 50 -- Query ChannelID: \B from (2CFEA8C0, 00000000)
[2025/07/13 15:48:44] 51 -- Query ChannelID: \S from (2CFEA8C0, 00000000)
[2025/07/13 15:48:44] 52 -- Query ChannelID: 世界 from (2CFEA8C0, 00000000)
[2025/07/13 15:48:44] 53 -- Query ChannelID: \F2 from (2CFEA8C0, 00000000)
[2025/07/13 15:48:44] 54 -- Query ChannelID: GM from (2CFEA8C0, 00000000)
[2025/07/13 15:48:44] 55 -- Query ChannelID: \B from (2CFEA8C0, 00000000)
[2025/07/13 15:48:44] 56 -- Subscribe Channel: 00000002 by (2CFEA8C0,00000000)
[2025/07/13 15:48:44] 57 -- Subscribe Channel: 00000001 by (2CFEA8C0,00000000)
[2025/07/13 15:48:44] 58 -- Subscribe Channel: 00000003 by (2CFEA8C0,00000000)
[2025/07/13 15:48:44] 59 -- Subscribe Channel: GM <00000000> by (2CFEA8C0,00000000)
[2025/07/13 15:48:44] 60 -- Subscribe Channel: 00000004 by (2CFEA8C0,00000000)
[2025/07/13 15:48:44] 61 -- Subscribe Channel: 00000002 by (2CFEA8C0,00000000)
[2025/07/13 15:48:44] 62 -- Subscribe Channel: 00000001 by (2CFEA8C0,00000000)
[2025/07/13 15:48:44] 63 -- Subscribe Channel: 00000003 by (2CFEA8C0,00000000)
[2025/07/13 15:48:44] 64 -- Subscribe Channel: GM <00000000> by (2CFEA8C0,00000000)
[2025/07/13 15:48:44] 65 -- Subscribe Channel: 00000004 by (2CFEA8C0,00000000)
[2025/07/13 15:48:44] 66 -- Subscribe Channel: 00000002 by (2CFEA8C0,00000000)
[2025/07/13 15:48:44] 67 -- Subscribe Channel: 00000001 by (2CFEA8C0,00000000)
[2025/07/13 15:48:44] 68 -- Subscribe Channel: 00000003 by (2CFEA8C0,00000000)
[2025/07/13 15:48:44] 69 -- Subscribe Channel: GM <00000000> by (2CFEA8C0,00000000)
[2025/07/13 15:48:44] 70 -- Subscribe Channel: 00000004 by (2CFEA8C0,00000000)
[2025/07/13 15:48:44] 71 -- Subscribe Channel: 00000002 by (2CFEA8C0,00000000)
[2025/07/13 15:48:44] 72 -- Subscribe Channel: 00000001 by (2CFEA8C0,00000000)
[2025/07/13 15:48:44] 73 -- Subscribe Channel: 00000003 by (2CFEA8C0,00000000)
[2025/07/13 15:48:44] 74 -- Subscribe Channel: GM <00000000> by (2CFEA8C0,00000000)
[2025/07/13 15:48:44] 75 -- Subscribe Channel: 00000004 by (2CFEA8C0,00000000)
[2025/07/13 15:49:08] 76 -- Destroy Channel: <00000002> \S754886848
[2025/07/13 15:49:08] 77 -- Destroy Channel: <00000003> \F2
[2025/07/13 15:49:08] 78 -- Destroy Channel: <00000004> \B754886848
[2025/07/13 15:49:08] 79 -- player logout: 123456
[2025/07/13 15:53:26] 80 -- update friend DB succeed
