
*
***** S3Relay Start (@ 2025/07/13 16:55:52.280) >>>>>
*

[2025/07/13 16:55:52] 1 -- Initializing ...
[2025/07/13 16:55:52] 2 -- Connect Database Success!
[2025/07/13 16:55:52] 3 -- Create Channel: [Stock, GM] <00000000> GM
[2025/07/13 16:55:52] 4 -- Create Channel: [Stock] <00000001>  ¿ΩÁ
[2025/07/13 16:55:52] 5 -- friend timing update db: start
[2025/07/13 16:55:52] 6 -- relay server startup
[2025/07/13 16:55:52] 7 -- root client create: 192.168.254.42
[2025/07/13 16:55:52] 8 -- DBRole client create: 192.168.254.42
[2025/07/13 16:55:52] 9 -- root client close: 192.168.254.42
[2025/07/13 16:55:52] 10 -- gateway client create: 192.168.254.42
[2025/07/13 16:55:52] 11 -- host server startup
[2025/07/13 16:55:52] 12 -- tong server startup
[2025/07/13 16:55:52] 13 -- chat server startup
[2025/07/13 16:55:52] 14 -- SockThread start success
[2025/07/13 16:55:52] 15 -- tong database open ok!
[2025/07/13 16:55:52] 16 -- tongset init ok !
[2025/07/13 16:55:52] 17 -- Initialize OK
