
*
***** S3Relay Start (@ 2025/07/13 17:40:53.510) >>>>>
*

[2025/07/13 17:40:53] 1 -- Initializing ...
[2025/07/13 17:40:53] 2 -- Connect Database Success!
[2025/07/13 17:40:53] 3 -- Create Channel: [Stock, GM] <00000000> GM
[2025/07/13 17:40:53] 4 -- Create Channel: [Stock] <00000001> 世界
[2025/07/13 17:40:53] 5 -- friend timing update db: start
[2025/07/13 17:40:53] 6 -- relay server startup
[2025/07/13 17:40:53] 7 -- root client create: 192.168.254.42
[2025/07/13 17:40:53] 8 -- DBRole client create: 192.168.254.42
[2025/07/13 17:40:53] 9 -- root client close: 192.168.254.42
[2025/07/13 17:40:53] 10 -- gateway client create: 192.168.254.42
[2025/07/13 17:40:53] 11 -- host server startup
[2025/07/13 17:40:53] 12 -- tong server startup
[2025/07/13 17:40:53] 13 -- chat server startup
[2025/07/13 17:40:53] 14 -- SockThread start success
[2025/07/13 17:40:53] 15 -- tong database open ok!
[2025/07/13 17:40:53] 16 -- tongset init ok !
[2025/07/13 17:40:53] 17 -- Initialize OK
[2025/07/13 17:41:02] 18 -- host connect create: 127.0.0.1
[2025/07/13 17:41:02] 19 -- chat connect create: 127.0.0.1
[2025/07/13 17:41:02] 20 -- tong connect create: 127.0.0.1
[2025/07/13 17:41:08] 21 -- host connect create: 192.168.254.44
[2025/07/13 17:41:08] 22 -- chat connect create: 192.168.254.44
[2025/07/13 17:41:08] 23 -- host connect create: 192.168.254.43
[2025/07/13 17:41:08] 24 -- tong connect create: 192.168.254.44
[2025/07/13 17:41:08] 25 -- chat connect create: 192.168.254.43
[2025/07/13 17:41:08] 26 -- tong connect create: 192.168.254.43
[2025/07/13 17:41:08] 27 -- host connect create: 192.168.254.45
[2025/07/13 17:41:08] 28 -- chat connect create: 192.168.254.45
[2025/07/13 17:41:08] 29 -- tong connect create: 192.168.254.45
[2025/07/13 17:42:32] 30 -- load someone: DienBaQuan
[2025/07/13 17:42:32] 31 -- player login: 123456 [DienBaQuan] (2CFEA8C0, 00000000)
[2025/07/13 17:42:32] 32 -- Query ChannelID: \S from (2CFEA8C0, 00000000)
[2025/07/13 17:42:32] 33 -- Create Channel: <00000002> \S754886848
[2025/07/13 17:42:32] 34 -- Query ChannelID: 世界 from (2CFEA8C0, 00000000)
[2025/07/13 17:42:32] 35 -- Query ChannelID: \F2 from (2CFEA8C0, 00000000)
[2025/07/13 17:42:32] 36 -- Create Channel: <00000003> \F2
[2025/07/13 17:42:32] 37 -- Query ChannelID: GM from (2CFEA8C0, 00000000)
[2025/07/13 17:42:32] 38 -- Query ChannelID: \B from (2CFEA8C0, 00000000)
[2025/07/13 17:42:32] 39 -- Create Channel: <00000004> \B754886848
[2025/07/13 17:42:32] 40 -- Query ChannelID: \S from (2CFEA8C0, 00000000)
[2025/07/13 17:42:32] 41 -- Query ChannelID: 世界 from (2CFEA8C0, 00000000)
[2025/07/13 17:42:32] 42 -- Query ChannelID: \F2 from (2CFEA8C0, 00000000)
[2025/07/13 17:42:32] 43 -- Query ChannelID: GM from (2CFEA8C0, 00000000)
[2025/07/13 17:42:32] 44 -- Query ChannelID: \B from (2CFEA8C0, 00000000)
[2025/07/13 17:42:32] 45 -- sync friend list: DienBaQuan (full)
[2025/07/13 17:42:32] 46 -- Query ChannelID: \S from (2CFEA8C0, 00000000)
[2025/07/13 17:42:32] 47 -- Query ChannelID: 世界 from (2CFEA8C0, 00000000)
[2025/07/13 17:42:32] 48 -- Query ChannelID: \F2 from (2CFEA8C0, 00000000)
[2025/07/13 17:42:32] 49 -- Query ChannelID: GM from (2CFEA8C0, 00000000)
[2025/07/13 17:42:32] 50 -- Query ChannelID: \B from (2CFEA8C0, 00000000)
[2025/07/13 17:42:32] 51 -- Query ChannelID: \S from (2CFEA8C0, 00000000)
[2025/07/13 17:42:32] 52 -- Query ChannelID: 世界 from (2CFEA8C0, 00000000)
[2025/07/13 17:42:32] 53 -- Query ChannelID: \F2 from (2CFEA8C0, 00000000)
[2025/07/13 17:42:32] 54 -- Query ChannelID: GM from (2CFEA8C0, 00000000)
[2025/07/13 17:42:32] 55 -- Query ChannelID: \B from (2CFEA8C0, 00000000)
[2025/07/13 17:42:32] 56 -- Subscribe Channel: 00000002 by (2CFEA8C0,00000000)
[2025/07/13 17:42:32] 57 -- Subscribe Channel: 00000001 by (2CFEA8C0,00000000)
[2025/07/13 17:42:32] 58 -- Subscribe Channel: 00000003 by (2CFEA8C0,00000000)
[2025/07/13 17:42:32] 59 -- Subscribe Channel: GM <00000000> by (2CFEA8C0,00000000)
[2025/07/13 17:42:32] 60 -- Subscribe Channel: 00000004 by (2CFEA8C0,00000000)
[2025/07/13 17:42:32] 61 -- Subscribe Channel: 00000002 by (2CFEA8C0,00000000)
[2025/07/13 17:42:32] 62 -- Subscribe Channel: 00000001 by (2CFEA8C0,00000000)
[2025/07/13 17:42:32] 63 -- Subscribe Channel: 00000003 by (2CFEA8C0,00000000)
[2025/07/13 17:42:32] 64 -- Subscribe Channel: GM <00000000> by (2CFEA8C0,00000000)
[2025/07/13 17:42:32] 65 -- Subscribe Channel: 00000004 by (2CFEA8C0,00000000)
[2025/07/13 17:42:32] 66 -- Subscribe Channel: 00000002 by (2CFEA8C0,00000000)
[2025/07/13 17:42:32] 67 -- Subscribe Channel: 00000001 by (2CFEA8C0,00000000)
[2025/07/13 17:42:32] 68 -- Subscribe Channel: 00000003 by (2CFEA8C0,00000000)
[2025/07/13 17:42:32] 69 -- Subscribe Channel: GM <00000000> by (2CFEA8C0,00000000)
[2025/07/13 17:42:32] 70 -- Subscribe Channel: 00000004 by (2CFEA8C0,00000000)
[2025/07/13 17:42:32] 71 -- Subscribe Channel: 00000002 by (2CFEA8C0,00000000)
[2025/07/13 17:42:32] 72 -- Subscribe Channel: 00000001 by (2CFEA8C0,00000000)
[2025/07/13 17:42:32] 73 -- Subscribe Channel: 00000003 by (2CFEA8C0,00000000)
[2025/07/13 17:42:32] 74 -- Subscribe Channel: GM <00000000> by (2CFEA8C0,00000000)
[2025/07/13 17:42:32] 75 -- Subscribe Channel: 00000004 by (2CFEA8C0,00000000)
[2025/07/13 17:43:26] 76 -- Destroy Channel: <00000002> \S754886848
[2025/07/13 17:43:26] 77 -- Destroy Channel: <00000003> \F2
[2025/07/13 17:43:26] 78 -- Destroy Channel: <00000004> \B754886848
[2025/07/13 17:43:26] 79 -- player logout: 123456
