
*
***** S3Relay Start (@ 2025/07/20 08:52:45.763) >>>>>
*

[2025/07/20 08:52:45] 1 -- Initializing ...
[2025/07/20 08:52:45] 2 -- Connect Database Success!
[2025/07/20 08:52:45] 3 -- Create Channel: [Stock, GM] <00000000> GM
[2025/07/20 08:52:45] 4 -- Create Channel: [Stock] <00000001> 世界
[2025/07/20 08:52:45] 5 -- friend timing update db: start
[2025/07/20 08:52:45] 6 -- relay server startup
[2025/07/20 08:52:45] 7 -- root client create: 192.168.254.42
[2025/07/20 08:52:45] 8 -- DBRole client create: 192.168.254.42
[2025/07/20 08:52:45] 9 -- root client close: 192.168.254.42
[2025/07/20 08:52:45] 10 -- gateway client create: 192.168.254.42
[2025/07/20 08:52:45] 11 -- host server startup
[2025/07/20 08:52:45] 12 -- tong server startup
[2025/07/20 08:52:45] 13 -- chat server startup
[2025/07/20 08:52:45] 14 -- SockThread start success
[2025/07/20 08:52:45] 15 -- tong database open ok!
[2025/07/20 08:52:45] 16 -- tongset init ok !
[2025/07/20 08:52:45] 17 -- Initialize OK
[2025/07/20 08:52:51] 18 -- host connect create: 192.168.254.44
[2025/07/20 08:52:51] 19 -- chat connect create: 192.168.254.44
[2025/07/20 08:52:51] 20 -- tong connect create: 192.168.254.44
[2025/07/20 08:52:51] 21 -- host connect create: 192.168.254.43
[2025/07/20 08:52:51] 22 -- chat connect create: 192.168.254.43
[2025/07/20 08:52:51] 23 -- tong connect create: 192.168.254.43
[2025/07/20 08:52:54] 24 -- host connect create: 192.168.254.45
[2025/07/20 08:52:54] 25 -- chat connect create: 192.168.254.45
[2025/07/20 08:52:54] 26 -- tong connect create: 192.168.254.45
[2025/07/20 08:52:54] 27 -- host connect create: 127.0.0.1
[2025/07/20 08:52:54] 28 -- chat connect create: 127.0.0.1
[2025/07/20 08:52:54] 29 -- tong connect create: 127.0.0.1
[2025/07/20 08:53:03] 30 -- load someone: DienBaQuan
[2025/07/20 08:53:03] 31 -- player login: 123456 [DienBaQuan] (2CFEA8C0, 00000000)
[2025/07/20 08:53:03] 32 -- Query ChannelID: \S from (2CFEA8C0, 00000000)
[2025/07/20 08:53:03] 33 -- Create Channel: <00000002> \S754886848
[2025/07/20 08:53:03] 34 -- Query ChannelID: 世界 from (2CFEA8C0, 00000000)
[2025/07/20 08:53:03] 35 -- Query ChannelID: \F2 from (2CFEA8C0, 00000000)
[2025/07/20 08:53:03] 36 -- Create Channel: <00000003> \F2
[2025/07/20 08:53:03] 37 -- Query ChannelID: GM from (2CFEA8C0, 00000000)
[2025/07/20 08:53:03] 38 -- Query ChannelID: \B from (2CFEA8C0, 00000000)
[2025/07/20 08:53:03] 39 -- Create Channel: <00000004> \B754886848
[2025/07/20 08:53:03] 40 -- Query ChannelID: \S from (2CFEA8C0, 00000000)
[2025/07/20 08:53:03] 41 -- Query ChannelID: 世界 from (2CFEA8C0, 00000000)
[2025/07/20 08:53:03] 42 -- Query ChannelID: \F2 from (2CFEA8C0, 00000000)
[2025/07/20 08:53:03] 43 -- Query ChannelID: GM from (2CFEA8C0, 00000000)
[2025/07/20 08:53:03] 44 -- Query ChannelID: \B from (2CFEA8C0, 00000000)
[2025/07/20 08:53:03] 45 -- sync friend list: DienBaQuan (full)
[2025/07/20 08:53:03] 46 -- Query ChannelID: \S from (2CFEA8C0, 00000000)
[2025/07/20 08:53:03] 47 -- Query ChannelID: 世界 from (2CFEA8C0, 00000000)
[2025/07/20 08:53:03] 48 -- Query ChannelID: \F2 from (2CFEA8C0, 00000000)
[2025/07/20 08:53:03] 49 -- Query ChannelID: GM from (2CFEA8C0, 00000000)
[2025/07/20 08:53:03] 50 -- Query ChannelID: \B from (2CFEA8C0, 00000000)
[2025/07/20 08:53:03] 51 -- Query ChannelID: \S from (2CFEA8C0, 00000000)
[2025/07/20 08:53:03] 52 -- Query ChannelID: 世界 from (2CFEA8C0, 00000000)
[2025/07/20 08:53:03] 53 -- Query ChannelID: \F2 from (2CFEA8C0, 00000000)
[2025/07/20 08:53:03] 54 -- Query ChannelID: GM from (2CFEA8C0, 00000000)
[2025/07/20 08:53:03] 55 -- Query ChannelID: \B from (2CFEA8C0, 00000000)
[2025/07/20 08:53:03] 56 -- Subscribe Channel: 00000002 by (2CFEA8C0,00000000)
[2025/07/20 08:53:03] 57 -- Subscribe Channel: 00000001 by (2CFEA8C0,00000000)
[2025/07/20 08:53:03] 58 -- Subscribe Channel: 00000003 by (2CFEA8C0,00000000)
[2025/07/20 08:53:03] 59 -- Subscribe Channel: GM <00000000> by (2CFEA8C0,00000000)
[2025/07/20 08:53:03] 60 -- Subscribe Channel: 00000004 by (2CFEA8C0,00000000)
[2025/07/20 08:53:03] 61 -- Subscribe Channel: 00000002 by (2CFEA8C0,00000000)
[2025/07/20 08:53:03] 62 -- Subscribe Channel: 00000001 by (2CFEA8C0,00000000)
[2025/07/20 08:53:03] 63 -- Subscribe Channel: 00000003 by (2CFEA8C0,00000000)
[2025/07/20 08:53:03] 64 -- Subscribe Channel: GM <00000000> by (2CFEA8C0,00000000)
[2025/07/20 08:53:03] 65 -- Subscribe Channel: 00000004 by (2CFEA8C0,00000000)
[2025/07/20 08:53:03] 66 -- Subscribe Channel: 00000002 by (2CFEA8C0,00000000)
[2025/07/20 08:53:03] 67 -- Subscribe Channel: 00000001 by (2CFEA8C0,00000000)
[2025/07/20 08:53:03] 68 -- Subscribe Channel: 00000003 by (2CFEA8C0,00000000)
[2025/07/20 08:53:03] 69 -- Subscribe Channel: GM <00000000> by (2CFEA8C0,00000000)
[2025/07/20 08:53:03] 70 -- Subscribe Channel: 00000004 by (2CFEA8C0,00000000)
[2025/07/20 08:53:03] 71 -- Subscribe Channel: 00000002 by (2CFEA8C0,00000000)
[2025/07/20 08:53:03] 72 -- Subscribe Channel: 00000001 by (2CFEA8C0,00000000)
[2025/07/20 08:53:03] 73 -- Subscribe Channel: 00000003 by (2CFEA8C0,00000000)
[2025/07/20 08:53:03] 74 -- Subscribe Channel: GM <00000000> by (2CFEA8C0,00000000)
[2025/07/20 08:53:03] 75 -- Subscribe Channel: 00000004 by (2CFEA8C0,00000000)
[2025/07/20 08:57:49] 76 -- update friend DB succeed
[2025/07/20 09:02:50] 77 -- update friend DB succeed
