
*
***** S3Relay Start (@ 2025/07/20 09:07:07.412) >>>>>
*

[2025/07/20 09:07:07] 1 -- Initializing ...
[2025/07/20 09:07:07] 2 -- Connect Database Success!
[2025/07/20 09:07:07] 3 -- Create Channel: [Stock, GM] <00000000> GM
[2025/07/20 09:07:07] 4 -- Create Channel: [Stock] <00000001> 世界
[2025/07/20 09:07:07] 5 -- friend timing update db: start
[2025/07/20 09:07:07] 6 -- relay server startup
[2025/07/20 09:07:07] 7 -- root client create: 192.168.254.42
[2025/07/20 09:07:07] 8 -- DBRole client create: 192.168.254.42
[2025/07/20 09:07:07] 9 -- root client close: 192.168.254.42
[2025/07/20 09:07:07] 10 -- gateway client create: 192.168.254.42
[2025/07/20 09:07:07] 11 -- host server startup
[2025/07/20 09:07:07] 12 -- tong server startup
[2025/07/20 09:07:07] 13 -- chat server startup
[2025/07/20 09:07:07] 14 -- SockThread start success
[2025/07/20 09:07:07] 15 -- tong database open ok!
[2025/07/20 09:07:07] 16 -- tongset init ok !
[2025/07/20 09:07:07] 17 -- Initialize OK
[2025/07/20 09:07:16] 18 -- host connect create: 192.168.254.44
[2025/07/20 09:07:16] 19 -- chat connect create: 192.168.254.44
[2025/07/20 09:07:16] 20 -- tong connect create: 192.168.254.44
[2025/07/20 09:07:16] 21 -- host connect create: 192.168.254.43
[2025/07/20 09:07:16] 22 -- chat connect create: 192.168.254.43
[2025/07/20 09:07:16] 23 -- tong connect create: 192.168.254.43
[2025/07/20 09:07:16] 24 -- host connect create: 192.168.254.45
[2025/07/20 09:07:16] 25 -- chat connect create: 192.168.254.45
[2025/07/20 09:07:16] 26 -- tong connect create: 192.168.254.45
[2025/07/20 09:07:16] 27 -- host connect create: 127.0.0.1
[2025/07/20 09:07:16] 28 -- chat connect create: 127.0.0.1
[2025/07/20 09:07:16] 29 -- tong connect create: 127.0.0.1
[2025/07/20 09:07:25] 30 -- load someone: DienBaQuan
[2025/07/20 09:07:25] 31 -- player login: 123456 [DienBaQuan] (2CFEA8C0, 00000000)
[2025/07/20 09:07:25] 32 -- Query ChannelID: \S from (2CFEA8C0, 00000000)
[2025/07/20 09:07:25] 33 -- Create Channel: <00000002> \S754886848
[2025/07/20 09:07:25] 34 -- Query ChannelID: 世界 from (2CFEA8C0, 00000000)
[2025/07/20 09:07:25] 35 -- Query ChannelID: \F2 from (2CFEA8C0, 00000000)
[2025/07/20 09:07:25] 36 -- Create Channel: <00000003> \F2
[2025/07/20 09:07:25] 37 -- Query ChannelID: GM from (2CFEA8C0, 00000000)
[2025/07/20 09:07:25] 38 -- Query ChannelID: \B from (2CFEA8C0, 00000000)
[2025/07/20 09:07:25] 39 -- Create Channel: <00000004> \B754886848
[2025/07/20 09:07:25] 40 -- Query ChannelID: \S from (2CFEA8C0, 00000000)
[2025/07/20 09:07:25] 41 -- Query ChannelID: 世界 from (2CFEA8C0, 00000000)
[2025/07/20 09:07:25] 42 -- Query ChannelID: \F2 from (2CFEA8C0, 00000000)
[2025/07/20 09:07:25] 43 -- Query ChannelID: GM from (2CFEA8C0, 00000000)
[2025/07/20 09:07:25] 44 -- Query ChannelID: \B from (2CFEA8C0, 00000000)
[2025/07/20 09:07:25] 45 -- sync friend list: DienBaQuan (full)
[2025/07/20 09:07:25] 46 -- Query ChannelID: \S from (2CFEA8C0, 00000000)
[2025/07/20 09:07:25] 47 -- Query ChannelID: 世界 from (2CFEA8C0, 00000000)
[2025/07/20 09:07:25] 48 -- Query ChannelID: \F2 from (2CFEA8C0, 00000000)
[2025/07/20 09:07:25] 49 -- Query ChannelID: GM from (2CFEA8C0, 00000000)
[2025/07/20 09:07:25] 50 -- Query ChannelID: \B from (2CFEA8C0, 00000000)
[2025/07/20 09:07:25] 51 -- Query ChannelID: \S from (2CFEA8C0, 00000000)
[2025/07/20 09:07:25] 52 -- Query ChannelID: 世界 from (2CFEA8C0, 00000000)
[2025/07/20 09:07:25] 53 -- Query ChannelID: \F2 from (2CFEA8C0, 00000000)
[2025/07/20 09:07:25] 54 -- Query ChannelID: GM from (2CFEA8C0, 00000000)
[2025/07/20 09:07:25] 55 -- Query ChannelID: \B from (2CFEA8C0, 00000000)
[2025/07/20 09:07:25] 56 -- Subscribe Channel: 00000002 by (2CFEA8C0,00000000)
[2025/07/20 09:07:25] 57 -- Subscribe Channel: 00000001 by (2CFEA8C0,00000000)
[2025/07/20 09:07:25] 58 -- Subscribe Channel: 00000003 by (2CFEA8C0,00000000)
[2025/07/20 09:07:25] 59 -- Subscribe Channel: GM <00000000> by (2CFEA8C0,00000000)
[2025/07/20 09:07:25] 60 -- Subscribe Channel: 00000004 by (2CFEA8C0,00000000)
[2025/07/20 09:07:25] 61 -- Subscribe Channel: 00000002 by (2CFEA8C0,00000000)
[2025/07/20 09:07:25] 62 -- Subscribe Channel: 00000001 by (2CFEA8C0,00000000)
[2025/07/20 09:07:25] 63 -- Subscribe Channel: 00000003 by (2CFEA8C0,00000000)
[2025/07/20 09:07:25] 64 -- Subscribe Channel: GM <00000000> by (2CFEA8C0,00000000)
[2025/07/20 09:07:25] 65 -- Subscribe Channel: 00000004 by (2CFEA8C0,00000000)
[2025/07/20 09:07:25] 66 -- Subscribe Channel: 00000002 by (2CFEA8C0,00000000)
[2025/07/20 09:07:25] 67 -- Subscribe Channel: 00000001 by (2CFEA8C0,00000000)
[2025/07/20 09:07:25] 68 -- Subscribe Channel: 00000003 by (2CFEA8C0,00000000)
[2025/07/20 09:07:25] 69 -- Subscribe Channel: GM <00000000> by (2CFEA8C0,00000000)
[2025/07/20 09:07:25] 70 -- Subscribe Channel: 00000004 by (2CFEA8C0,00000000)
[2025/07/20 09:07:25] 71 -- Subscribe Channel: 00000002 by (2CFEA8C0,00000000)
[2025/07/20 09:07:25] 72 -- Subscribe Channel: 00000001 by (2CFEA8C0,00000000)
[2025/07/20 09:07:25] 73 -- Subscribe Channel: 00000003 by (2CFEA8C0,00000000)
[2025/07/20 09:07:25] 74 -- Subscribe Channel: GM <00000000> by (2CFEA8C0,00000000)
[2025/07/20 09:07:25] 75 -- Subscribe Channel: 00000004 by (2CFEA8C0,00000000)
[2025/07/20 09:12:10] 76 -- update friend DB succeed
[2025/07/20 09:17:11] 77 -- update friend DB succeed
[2025/07/20 09:19:14] 78 -- Destroy Channel: <00000002> \S754886848
[2025/07/20 09:19:14] 79 -- Destroy Channel: <00000003> \F2
[2025/07/20 09:19:14] 80 -- Destroy Channel: <00000004> \B754886848
[2025/07/20 09:19:14] 81 -- player logout: 123456
