
*
***** S3Relay Start (@ 2025/07/20 09:20:01.485) >>>>>
*

[2025/07/20 09:20:01] 1 -- Initializing ...
[2025/07/20 09:20:01] 2 -- Connect Database Success!
[2025/07/20 09:20:01] 3 -- Create Channel: [Stock, GM] <00000000> GM
[2025/07/20 09:20:01] 4 -- Create Channel: [Stock] <00000001> 世界
[2025/07/20 09:20:01] 5 -- friend timing update db: start
[2025/07/20 09:20:01] 6 -- relay server startup
[2025/07/20 09:20:01] 7 -- root client create: 192.168.254.42
[2025/07/20 09:20:01] 8 -- DBRole client create: 192.168.254.42
[2025/07/20 09:20:01] 9 -- root client close: 192.168.254.42
[2025/07/20 09:20:01] 10 -- gateway client create: 192.168.254.42
[2025/07/20 09:20:01] 11 -- host server startup
[2025/07/20 09:20:01] 12 -- tong server startup
[2025/07/20 09:20:01] 13 -- chat server startup
[2025/07/20 09:20:01] 14 -- SockThread start success
[2025/07/20 09:20:01] 15 -- tong database open ok!
[2025/07/20 09:20:01] 16 -- tongset init ok !
[2025/07/20 09:20:01] 17 -- Initialize OK
[2025/07/20 09:20:10] 18 -- host connect create: 192.168.254.44
[2025/07/20 09:20:10] 19 -- host connect create: 192.168.254.43
[2025/07/20 09:20:10] 20 -- chat connect create: 192.168.254.44
[2025/07/20 09:20:10] 21 -- chat connect create: 192.168.254.43
[2025/07/20 09:20:10] 22 -- tong connect create: 192.168.254.44
[2025/07/20 09:20:10] 23 -- tong connect create: 192.168.254.43
[2025/07/20 09:20:10] 24 -- host connect create: 192.168.254.45
[2025/07/20 09:20:10] 25 -- chat connect create: 192.168.254.45
[2025/07/20 09:20:10] 26 -- tong connect create: 192.168.254.45
[2025/07/20 09:20:10] 27 -- host connect create: 127.0.0.1
[2025/07/20 09:20:10] 28 -- chat connect create: 127.0.0.1
[2025/07/20 09:20:10] 29 -- tong connect create: 127.0.0.1
[2025/07/20 09:20:22] 30 -- load someone: DienBaQuan
[2025/07/20 09:20:22] 31 -- player login: 123456 [DienBaQuan] (2CFEA8C0, 00000000)
[2025/07/20 09:20:22] 32 -- Query ChannelID: \S from (2CFEA8C0, 00000000)
[2025/07/20 09:20:22] 33 -- Create Channel: <00000002> \S754886848
[2025/07/20 09:20:22] 34 -- Query ChannelID: 世界 from (2CFEA8C0, 00000000)
[2025/07/20 09:20:22] 35 -- Query ChannelID: \F2 from (2CFEA8C0, 00000000)
[2025/07/20 09:20:22] 36 -- Create Channel: <00000003> \F2
[2025/07/20 09:20:22] 37 -- Query ChannelID: GM from (2CFEA8C0, 00000000)
[2025/07/20 09:20:22] 38 -- Query ChannelID: \B from (2CFEA8C0, 00000000)
[2025/07/20 09:20:22] 39 -- Create Channel: <00000004> \B754886848
[2025/07/20 09:20:22] 40 -- Query ChannelID: \S from (2CFEA8C0, 00000000)
[2025/07/20 09:20:22] 41 -- Query ChannelID: 世界 from (2CFEA8C0, 00000000)
[2025/07/20 09:20:22] 42 -- Query ChannelID: \F2 from (2CFEA8C0, 00000000)
[2025/07/20 09:20:22] 43 -- Query ChannelID: GM from (2CFEA8C0, 00000000)
[2025/07/20 09:20:22] 44 -- Query ChannelID: \B from (2CFEA8C0, 00000000)
[2025/07/20 09:20:22] 45 -- sync friend list: DienBaQuan (full)
[2025/07/20 09:20:22] 46 -- Query ChannelID: \S from (2CFEA8C0, 00000000)
[2025/07/20 09:20:22] 47 -- Query ChannelID: 世界 from (2CFEA8C0, 00000000)
[2025/07/20 09:20:22] 48 -- Query ChannelID: \F2 from (2CFEA8C0, 00000000)
[2025/07/20 09:20:22] 49 -- Query ChannelID: GM from (2CFEA8C0, 00000000)
[2025/07/20 09:20:22] 50 -- Query ChannelID: \B from (2CFEA8C0, 00000000)
[2025/07/20 09:20:22] 51 -- Query ChannelID: \S from (2CFEA8C0, 00000000)
[2025/07/20 09:20:22] 52 -- Query ChannelID: 世界 from (2CFEA8C0, 00000000)
[2025/07/20 09:20:22] 53 -- Query ChannelID: \F2 from (2CFEA8C0, 00000000)
[2025/07/20 09:20:22] 54 -- Query ChannelID: GM from (2CFEA8C0, 00000000)
[2025/07/20 09:20:22] 55 -- Query ChannelID: \B from (2CFEA8C0, 00000000)
[2025/07/20 09:20:22] 56 -- Subscribe Channel: 00000002 by (2CFEA8C0,00000000)
[2025/07/20 09:20:22] 57 -- Subscribe Channel: 00000001 by (2CFEA8C0,00000000)
[2025/07/20 09:20:22] 58 -- Subscribe Channel: 00000003 by (2CFEA8C0,00000000)
[2025/07/20 09:20:22] 59 -- Subscribe Channel: GM <00000000> by (2CFEA8C0,00000000)
[2025/07/20 09:20:22] 60 -- Subscribe Channel: 00000004 by (2CFEA8C0,00000000)
[2025/07/20 09:20:22] 61 -- Subscribe Channel: 00000002 by (2CFEA8C0,00000000)
[2025/07/20 09:20:22] 62 -- Subscribe Channel: 00000001 by (2CFEA8C0,00000000)
[2025/07/20 09:20:22] 63 -- Subscribe Channel: 00000003 by (2CFEA8C0,00000000)
[2025/07/20 09:20:22] 64 -- Subscribe Channel: GM <00000000> by (2CFEA8C0,00000000)
[2025/07/20 09:20:22] 65 -- Subscribe Channel: 00000004 by (2CFEA8C0,00000000)
[2025/07/20 09:20:22] 66 -- Subscribe Channel: 00000002 by (2CFEA8C0,00000000)
[2025/07/20 09:20:22] 67 -- Subscribe Channel: 00000001 by (2CFEA8C0,00000000)
[2025/07/20 09:20:22] 68 -- Subscribe Channel: 00000003 by (2CFEA8C0,00000000)
[2025/07/20 09:20:22] 69 -- Subscribe Channel: GM <00000000> by (2CFEA8C0,00000000)
[2025/07/20 09:20:22] 70 -- Subscribe Channel: 00000004 by (2CFEA8C0,00000000)
[2025/07/20 09:20:22] 71 -- Subscribe Channel: 00000002 by (2CFEA8C0,00000000)
[2025/07/20 09:20:22] 72 -- Subscribe Channel: 00000001 by (2CFEA8C0,00000000)
[2025/07/20 09:20:22] 73 -- Subscribe Channel: 00000003 by (2CFEA8C0,00000000)
[2025/07/20 09:20:22] 74 -- Subscribe Channel: GM <00000000> by (2CFEA8C0,00000000)
[2025/07/20 09:20:22] 75 -- Subscribe Channel: 00000004 by (2CFEA8C0,00000000)
[2025/07/20 09:25:05] 76 -- update friend DB succeed
