
*
***** S3Relay Start (@ 2025/07/20 09:49:21.310) >>>>>
*

[2025/07/20 09:49:25] 1 -- Initializing ...
[2025/07/20 09:49:25] 2 -- Connect Database Success!
[2025/07/20 09:49:25] 3 -- Create Channel: [Stock, GM] <00000000> GM
[2025/07/20 09:49:25] 4 -- Create Channel: [Stock] <00000001>  ¿ΩÁ
[2025/07/20 09:49:25] 5 -- friend timing update db: start
[2025/07/20 09:49:25] 6 -- relay server startup
[2025/07/20 09:49:25] 7 -- root client create: 192.168.254.42
[2025/07/20 09:49:25] 8 -- root client close: 192.168.254.42
[2025/07/20 09:49:25] 9 -- FAIL: DBRole client - 192.168.254.42
[2025/07/20 09:49:25] 10 -- enable reclient: db
[2025/07/20 09:49:25] 11 -- FAIL: gateway client - 192.168.254.42
[2025/07/20 09:49:25] 12 -- enable reclient: gateway
[2025/07/20 09:49:25] 13 -- host server startup
[2025/07/20 09:49:25] 14 -- tong server startup
[2025/07/20 09:49:25] 15 -- chat server startup
[2025/07/20 09:49:25] 16 -- SockThread start success
[2025/07/20 09:49:25] 17 -- tong database open ok!
[2025/07/20 09:49:25] 18 -- tongset init ok !
[2025/07/20 09:49:25] 19 -- Initialize OK
