
*
***** S3Relay Start (@ 2025/07/20 09:45:59.900) >>>>>
*

[2025/07/20 09:46:04] 1 -- Initializing ...
[2025/07/20 09:46:04] 2 -- Connect Database Success!
[2025/07/20 09:46:04] 3 -- Create Channel: [Stock, GM] <00000000> GM
[2025/07/20 09:46:04] 4 -- Create Channel: [Stock] <00000001>  ¿ΩÁ
[2025/07/20 09:46:04] 5 -- friend timing update db: start
[2025/07/20 09:46:04] 6 -- relay server startup
[2025/07/20 09:46:04] 7 -- root client create: 192.168.254.42
[2025/07/20 09:46:04] 8 -- root client close: 192.168.254.42
[2025/07/20 09:46:04] 9 -- FAIL: DBRole client - 192.168.254.42
[2025/07/20 09:46:04] 10 -- enable reclient: db
[2025/07/20 09:46:04] 11 -- FAIL: gateway client - 192.168.254.42
[2025/07/20 09:46:04] 12 -- enable reclient: gateway
[2025/07/20 09:46:04] 13 -- host server startup
[2025/07/20 09:46:04] 14 -- tong server startup
[2025/07/20 09:46:04] 15 -- chat server startup
[2025/07/20 09:46:04] 16 -- SockThread start success
[2025/07/20 09:46:04] 17 -- tong database open ok!
[2025/07/20 09:46:04] 18 -- tongset init ok !
[2025/07/20 09:46:04] 19 -- Initialize OK
