
*
***** S3Relay Start (@ 2025/07/20 09:47:17.963) >>>>>
*

[2025/07/20 09:47:22] 1 -- Initializing ...
[2025/07/20 09:47:22] 2 -- Connect Database Success!
[2025/07/20 09:47:22] 3 -- Create Channel: [Stock, GM] <00000000> GM
[2025/07/20 09:47:22] 4 -- Create Channel: [Stock] <00000001>  ¿ΩÁ
[2025/07/20 09:47:22] 5 -- friend timing update db: start
[2025/07/20 09:47:22] 6 -- relay server startup
[2025/07/20 09:47:22] 7 -- root client create: 192.168.254.42
[2025/07/20 09:47:22] 8 -- root client close: 192.168.254.42
[2025/07/20 09:47:22] 9 -- FAIL: DBRole client - 192.168.254.42
[2025/07/20 09:47:22] 10 -- enable reclient: db
[2025/07/20 09:47:22] 11 -- FAIL: gateway client - 192.168.254.42
[2025/07/20 09:47:22] 12 -- enable reclient: gateway
[2025/07/20 09:47:22] 13 -- host server startup
[2025/07/20 09:47:22] 14 -- tong server startup
[2025/07/20 09:47:22] 15 -- chat server startup
[2025/07/20 09:47:22] 16 -- SockThread start success
[2025/07/20 09:47:22] 17 -- tong database open ok!
[2025/07/20 09:47:22] 18 -- tongset init ok !
[2025/07/20 09:47:22] 19 -- Initialize OK
