
*
***** S3Relay Start (@ 2025/07/20 09:46:28.719) >>>>>
*

[2025/07/20 09:46:32] 1 -- Initializing ...
[2025/07/20 09:46:32] 2 -- Connect Database Success!
[2025/07/20 09:46:32] 3 -- Create Channel: [Stock, GM] <00000000> GM
[2025/07/20 09:46:32] 4 -- Create Channel: [Stock] <00000001>  ¿ΩÁ
[2025/07/20 09:46:32] 5 -- friend timing update db: start
[2025/07/20 09:46:32] 6 -- relay server startup
[2025/07/20 09:46:32] 7 -- root client create: 192.168.254.42
[2025/07/20 09:46:32] 8 -- root client close: 192.168.254.42
[2025/07/20 09:46:32] 9 -- FAIL: DBRole client - 192.168.254.42
[2025/07/20 09:46:32] 10 -- enable reclient: db
[2025/07/20 09:46:32] 11 -- FAIL: gateway client - 192.168.254.42
[2025/07/20 09:46:32] 12 -- enable reclient: gateway
[2025/07/20 09:46:32] 13 -- host server startup
[2025/07/20 09:46:32] 14 -- tong server startup
[2025/07/20 09:46:32] 15 -- chat server startup
[2025/07/20 09:46:32] 16 -- SockThread start success
[2025/07/20 09:46:32] 17 -- tong database open ok!
[2025/07/20 09:46:32] 18 -- tongset init ok !
[2025/07/20 09:46:32] 19 -- Initialize OK
