
*
***** S3Relay Start (@ 2025/07/20 17:14:52.242) >>>>>
*

[2025/07/20 17:14:52] 1 -- Initializing ...
[2025/07/20 17:14:52] 2 -- Connect Database Success!
[2025/07/20 17:14:52] 3 -- Create Channel: [Stock, GM] <00000000> GM
[2025/07/20 17:14:52] 4 -- Create Channel: [Stock] <00000001> 世界
[2025/07/20 17:14:52] 5 -- friend timing update db: start
[2025/07/20 17:14:52] 6 -- relay server startup
[2025/07/20 17:14:52] 7 -- root client create: 192.168.254.42
[2025/07/20 17:14:52] 8 -- DBRole client create: 192.168.254.42
[2025/07/20 17:14:52] 9 -- root client close: 192.168.254.42
[2025/07/20 17:14:52] 10 -- gateway client create: 192.168.254.42
[2025/07/20 17:14:52] 11 -- host server startup
[2025/07/20 17:14:52] 12 -- tong server startup
[2025/07/20 17:14:52] 13 -- chat server startup
[2025/07/20 17:14:52] 14 -- SockThread start success
[2025/07/20 17:14:52] 15 -- tong database open ok!
[2025/07/20 17:14:52] 16 -- tongset init ok !
[2025/07/20 17:14:52] 17 -- Initialize OK
[2025/07/20 17:15:01] 18 -- host connect create: 127.0.0.1
[2025/07/20 17:15:01] 19 -- chat connect create: 127.0.0.1
[2025/07/20 17:15:01] 20 -- tong connect create: 127.0.0.1
[2025/07/20 17:15:16] 21 -- host connect create: 192.168.254.43
[2025/07/20 17:15:16] 22 -- chat connect create: 192.168.254.43
[2025/07/20 17:15:16] 23 -- tong connect create: 192.168.254.43
[2025/07/20 17:15:16] 24 -- host connect create: 192.168.254.44
[2025/07/20 17:15:16] 25 -- chat connect create: 192.168.254.44
[2025/07/20 17:15:16] 26 -- tong connect create: 192.168.254.44
[2025/07/20 17:15:25] 27 -- load someone: TieuVuong
[2025/07/20 17:15:25] 28 -- player login: 123456 [TieuVuong] (2CFEA8C0, 00000000)
[2025/07/20 17:15:25] 29 -- Query ChannelID: \S from (2CFEA8C0, 00000000)
[2025/07/20 17:15:25] 30 -- Create Channel: <00000002> \S754886848
[2025/07/20 17:15:25] 31 -- Query ChannelID: 世界 from (2CFEA8C0, 00000000)
[2025/07/20 17:15:25] 32 -- Query ChannelID: \F1 from (2CFEA8C0, 00000000)
[2025/07/20 17:15:25] 33 -- Create Channel: <00000003> \F1
[2025/07/20 17:15:25] 34 -- Query ChannelID: GM from (2CFEA8C0, 00000000)
[2025/07/20 17:15:25] 35 -- Query ChannelID: \B from (2CFEA8C0, 00000000)
[2025/07/20 17:15:25] 36 -- Create Channel: <00000004> \B754886848
[2025/07/20 17:15:25] 37 -- Query ChannelID: \S from (2CFEA8C0, 00000000)
[2025/07/20 17:15:25] 38 -- Query ChannelID: 世界 from (2CFEA8C0, 00000000)
[2025/07/20 17:15:25] 39 -- Query ChannelID: \F1 from (2CFEA8C0, 00000000)
[2025/07/20 17:15:25] 40 -- Query ChannelID: GM from (2CFEA8C0, 00000000)
[2025/07/20 17:15:25] 41 -- Query ChannelID: \B from (2CFEA8C0, 00000000)
[2025/07/20 17:15:25] 42 -- sync friend list: TieuVuong (full)
[2025/07/20 17:15:25] 43 -- Query ChannelID: \S from (2CFEA8C0, 00000000)
[2025/07/20 17:15:25] 44 -- Query ChannelID: 世界 from (2CFEA8C0, 00000000)
[2025/07/20 17:15:25] 45 -- Query ChannelID: \F1 from (2CFEA8C0, 00000000)
[2025/07/20 17:15:25] 46 -- Query ChannelID: GM from (2CFEA8C0, 00000000)
[2025/07/20 17:15:25] 47 -- Query ChannelID: \B from (2CFEA8C0, 00000000)
[2025/07/20 17:15:25] 48 -- Query ChannelID: \S from (2CFEA8C0, 00000000)
[2025/07/20 17:15:25] 49 -- Query ChannelID: 世界 from (2CFEA8C0, 00000000)
[2025/07/20 17:15:25] 50 -- Query ChannelID: \F1 from (2CFEA8C0, 00000000)
[2025/07/20 17:15:25] 51 -- Query ChannelID: GM from (2CFEA8C0, 00000000)
[2025/07/20 17:15:25] 52 -- Query ChannelID: \B from (2CFEA8C0, 00000000)
[2025/07/20 17:15:25] 53 -- Subscribe Channel: 00000002 by (2CFEA8C0,00000000)
[2025/07/20 17:15:25] 54 -- Subscribe Channel: 00000001 by (2CFEA8C0,00000000)
[2025/07/20 17:15:25] 55 -- Subscribe Channel: 00000003 by (2CFEA8C0,00000000)
[2025/07/20 17:15:25] 56 -- Subscribe Channel: GM <00000000> by (2CFEA8C0,00000000)
[2025/07/20 17:15:25] 57 -- Subscribe Channel: 00000004 by (2CFEA8C0,00000000)
[2025/07/20 17:15:25] 58 -- Subscribe Channel: 00000002 by (2CFEA8C0,00000000)
[2025/07/20 17:15:25] 59 -- Subscribe Channel: 00000001 by (2CFEA8C0,00000000)
[2025/07/20 17:15:25] 60 -- Subscribe Channel: 00000003 by (2CFEA8C0,00000000)
[2025/07/20 17:15:25] 61 -- Subscribe Channel: GM <00000000> by (2CFEA8C0,00000000)
[2025/07/20 17:15:25] 62 -- Subscribe Channel: 00000004 by (2CFEA8C0,00000000)
[2025/07/20 17:15:25] 63 -- Subscribe Channel: 00000002 by (2CFEA8C0,00000000)
[2025/07/20 17:15:25] 64 -- Subscribe Channel: 00000001 by (2CFEA8C0,00000000)
[2025/07/20 17:15:25] 65 -- Subscribe Channel: 00000003 by (2CFEA8C0,00000000)
[2025/07/20 17:15:25] 66 -- Subscribe Channel: GM <00000000> by (2CFEA8C0,00000000)
[2025/07/20 17:15:25] 67 -- Subscribe Channel: 00000004 by (2CFEA8C0,00000000)
[2025/07/20 17:15:25] 68 -- Subscribe Channel: 00000002 by (2CFEA8C0,00000000)
[2025/07/20 17:15:25] 69 -- Subscribe Channel: 00000001 by (2CFEA8C0,00000000)
[2025/07/20 17:15:25] 70 -- Subscribe Channel: 00000003 by (2CFEA8C0,00000000)
[2025/07/20 17:15:25] 71 -- Subscribe Channel: GM <00000000> by (2CFEA8C0,00000000)
[2025/07/20 17:15:25] 72 -- Subscribe Channel: 00000004 by (2CFEA8C0,00000000)
[2025/07/20 17:16:52] 73 -- Destroy Channel: <00000002> \S754886848
[2025/07/20 17:16:52] 74 -- Destroy Channel: <00000003> \F1
[2025/07/20 17:16:52] 75 -- Destroy Channel: <00000004> \B754886848
[2025/07/20 17:16:52] 76 -- player logout: 123456
