
*
***** S3Relay Start (@ 2025/07/20 17:38:42.178) >>>>>
*

[2025/07/20 17:38:42] 1 -- Initializing ...
[2025/07/20 17:38:42] 2 -- Connect Database Success!
[2025/07/20 17:38:42] 3 -- Create Channel: [Stock, GM] <00000000> GM
[2025/07/20 17:38:42] 4 -- Create Channel: [Stock] <00000001> 世界
[2025/07/20 17:38:42] 5 -- friend timing update db: start
[2025/07/20 17:38:42] 6 -- relay server startup
[2025/07/20 17:38:42] 7 -- root client create: 192.168.254.42
[2025/07/20 17:38:42] 8 -- DBRole client create: 192.168.254.42
[2025/07/20 17:38:42] 9 -- root client close: 192.168.254.42
[2025/07/20 17:38:42] 10 -- gateway client create: 192.168.254.42
[2025/07/20 17:38:42] 11 -- host server startup
[2025/07/20 17:38:42] 12 -- tong server startup
[2025/07/20 17:38:42] 13 -- chat server startup
[2025/07/20 17:38:42] 14 -- SockThread start success
[2025/07/20 17:38:42] 15 -- tong database open ok!
[2025/07/20 17:38:42] 16 -- tongset init ok !
[2025/07/20 17:38:42] 17 -- Initialize OK
[2025/07/20 17:38:51] 18 -- host connect create: 127.0.0.1
[2025/07/20 17:38:51] 19 -- chat connect create: 127.0.0.1
[2025/07/20 17:38:51] 20 -- tong connect create: 127.0.0.1
[2025/07/20 17:39:06] 21 -- host connect create: 192.168.254.43
[2025/07/20 17:39:06] 22 -- chat connect create: 192.168.254.43
[2025/07/20 17:39:06] 23 -- tong connect create: 192.168.254.43
[2025/07/20 17:39:09] 24 -- host connect create: 192.168.254.44
[2025/07/20 17:39:09] 25 -- chat connect create: 192.168.254.44
[2025/07/20 17:39:09] 26 -- tong connect create: 192.168.254.44
[2025/07/20 17:39:15] 27 -- load someone: TieuVuong
[2025/07/20 17:39:15] 28 -- player login: 123456 [TieuVuong] (2CFEA8C0, 00000000)
[2025/07/20 17:39:15] 29 -- Query ChannelID: \S from (2CFEA8C0, 00000000)
[2025/07/20 17:39:15] 30 -- Create Channel: <00000002> \S754886848
[2025/07/20 17:39:15] 31 -- Query ChannelID: 世界 from (2CFEA8C0, 00000000)
[2025/07/20 17:39:15] 32 -- Query ChannelID: \F1 from (2CFEA8C0, 00000000)
[2025/07/20 17:39:15] 33 -- Create Channel: <00000003> \F1
[2025/07/20 17:39:15] 34 -- Query ChannelID: GM from (2CFEA8C0, 00000000)
[2025/07/20 17:39:15] 35 -- Query ChannelID: \B from (2CFEA8C0, 00000000)
[2025/07/20 17:39:15] 36 -- Create Channel: <00000004> \B754886848
[2025/07/20 17:39:15] 37 -- Query ChannelID: \S from (2CFEA8C0, 00000000)
[2025/07/20 17:39:15] 38 -- Query ChannelID: 世界 from (2CFEA8C0, 00000000)
[2025/07/20 17:39:15] 39 -- Query ChannelID: \F1 from (2CFEA8C0, 00000000)
[2025/07/20 17:39:15] 40 -- Query ChannelID: GM from (2CFEA8C0, 00000000)
[2025/07/20 17:39:15] 41 -- Query ChannelID: \B from (2CFEA8C0, 00000000)
[2025/07/20 17:39:15] 42 -- sync friend list: TieuVuong (full)
[2025/07/20 17:39:15] 43 -- Query ChannelID: \S from (2CFEA8C0, 00000000)
[2025/07/20 17:39:15] 44 -- Query ChannelID: 世界 from (2CFEA8C0, 00000000)
[2025/07/20 17:39:15] 45 -- Query ChannelID: \F1 from (2CFEA8C0, 00000000)
[2025/07/20 17:39:15] 46 -- Query ChannelID: GM from (2CFEA8C0, 00000000)
[2025/07/20 17:39:15] 47 -- Query ChannelID: \B from (2CFEA8C0, 00000000)
[2025/07/20 17:39:15] 48 -- Query ChannelID: \S from (2CFEA8C0, 00000000)
[2025/07/20 17:39:15] 49 -- Query ChannelID: 世界 from (2CFEA8C0, 00000000)
[2025/07/20 17:39:15] 50 -- Query ChannelID: \F1 from (2CFEA8C0, 00000000)
[2025/07/20 17:39:15] 51 -- Query ChannelID: GM from (2CFEA8C0, 00000000)
[2025/07/20 17:39:15] 52 -- Query ChannelID: \B from (2CFEA8C0, 00000000)
[2025/07/20 17:39:15] 53 -- Subscribe Channel: 00000002 by (2CFEA8C0,00000000)
[2025/07/20 17:39:15] 54 -- Subscribe Channel: 00000001 by (2CFEA8C0,00000000)
[2025/07/20 17:39:15] 55 -- Subscribe Channel: 00000003 by (2CFEA8C0,00000000)
[2025/07/20 17:39:15] 56 -- Subscribe Channel: GM <00000000> by (2CFEA8C0,00000000)
[2025/07/20 17:39:15] 57 -- Subscribe Channel: 00000004 by (2CFEA8C0,00000000)
[2025/07/20 17:39:15] 58 -- Subscribe Channel: 00000002 by (2CFEA8C0,00000000)
[2025/07/20 17:39:15] 59 -- Subscribe Channel: 00000001 by (2CFEA8C0,00000000)
[2025/07/20 17:39:15] 60 -- Subscribe Channel: 00000003 by (2CFEA8C0,00000000)
[2025/07/20 17:39:15] 61 -- Subscribe Channel: GM <00000000> by (2CFEA8C0,00000000)
[2025/07/20 17:39:15] 62 -- Subscribe Channel: 00000004 by (2CFEA8C0,00000000)
[2025/07/20 17:39:15] 63 -- Subscribe Channel: 00000002 by (2CFEA8C0,00000000)
[2025/07/20 17:39:15] 64 -- Subscribe Channel: 00000001 by (2CFEA8C0,00000000)
[2025/07/20 17:39:15] 65 -- Subscribe Channel: 00000003 by (2CFEA8C0,00000000)
[2025/07/20 17:39:15] 66 -- Subscribe Channel: GM <00000000> by (2CFEA8C0,00000000)
[2025/07/20 17:39:15] 67 -- Subscribe Channel: 00000004 by (2CFEA8C0,00000000)
[2025/07/20 17:39:15] 68 -- Subscribe Channel: 00000002 by (2CFEA8C0,00000000)
[2025/07/20 17:39:15] 69 -- Subscribe Channel: 00000001 by (2CFEA8C0,00000000)
[2025/07/20 17:39:15] 70 -- Subscribe Channel: 00000003 by (2CFEA8C0,00000000)
[2025/07/20 17:39:15] 71 -- Subscribe Channel: GM <00000000> by (2CFEA8C0,00000000)
[2025/07/20 17:39:15] 72 -- Subscribe Channel: 00000004 by (2CFEA8C0,00000000)
[2025/07/20 17:40:51] 73 -- Destroy Channel: <00000002> \S754886848
[2025/07/20 17:40:51] 74 -- Destroy Channel: <00000003> \F1
[2025/07/20 17:40:51] 75 -- Destroy Channel: <00000004> \B754886848
[2025/07/20 17:40:51] 76 -- player logout: 123456
