
*
***** S3Relay Start (@ 2025/07/20 17:41:42.381) >>>>>
*

[2025/07/20 17:41:42] 1 -- Initializing ...
[2025/07/20 17:41:42] 2 -- Connect Database Success!
[2025/07/20 17:41:42] 3 -- Create Channel: [Stock, GM] <00000000> GM
[2025/07/20 17:41:42] 4 -- Create Channel: [Stock] <00000001> 世界
[2025/07/20 17:41:42] 5 -- friend timing update db: start
[2025/07/20 17:41:42] 6 -- relay server startup
[2025/07/20 17:41:42] 7 -- root client create: 192.168.254.42
[2025/07/20 17:41:42] 8 -- DBRole client create: 192.168.254.42
[2025/07/20 17:41:42] 9 -- root client close: 192.168.254.42
[2025/07/20 17:41:42] 10 -- gateway client create: 192.168.254.42
[2025/07/20 17:41:42] 11 -- host server startup
[2025/07/20 17:41:42] 12 -- tong server startup
[2025/07/20 17:41:42] 13 -- chat server startup
[2025/07/20 17:41:42] 14 -- SockThread start success
[2025/07/20 17:41:42] 15 -- tong database open ok!
[2025/07/20 17:41:42] 16 -- tongset init ok !
[2025/07/20 17:41:42] 17 -- Initialize OK
[2025/07/20 17:41:51] 18 -- host connect create: 127.0.0.1
[2025/07/20 17:41:51] 19 -- chat connect create: 127.0.0.1
[2025/07/20 17:41:51] 20 -- tong connect create: 127.0.0.1
[2025/07/20 17:41:57] 21 -- host connect create: 192.168.254.43
[2025/07/20 17:41:57] 22 -- chat connect create: 192.168.254.43
[2025/07/20 17:41:57] 23 -- tong connect create: 192.168.254.43
[2025/07/20 17:41:57] 24 -- host connect create: 192.168.254.44
[2025/07/20 17:41:57] 25 -- chat connect create: 192.168.254.44
[2025/07/20 17:41:57] 26 -- tong connect create: 192.168.254.44
[2025/07/20 17:42:03] 27 -- load someone: TieuVuong
[2025/07/20 17:42:03] 28 -- player login: 123456 [TieuVuong] (2CFEA8C0, 00000000)
[2025/07/20 17:42:03] 29 -- Query ChannelID: \S from (2CFEA8C0, 00000000)
[2025/07/20 17:42:03] 30 -- Create Channel: <00000002> \S754886848
[2025/07/20 17:42:03] 31 -- Query ChannelID: 世界 from (2CFEA8C0, 00000000)
[2025/07/20 17:42:03] 32 -- Query ChannelID: \F1 from (2CFEA8C0, 00000000)
[2025/07/20 17:42:03] 33 -- Create Channel: <00000003> \F1
[2025/07/20 17:42:03] 34 -- Query ChannelID: GM from (2CFEA8C0, 00000000)
[2025/07/20 17:42:03] 35 -- Query ChannelID: \B from (2CFEA8C0, 00000000)
[2025/07/20 17:42:03] 36 -- Create Channel: <00000004> \B754886848
[2025/07/20 17:42:03] 37 -- Query ChannelID: \S from (2CFEA8C0, 00000000)
[2025/07/20 17:42:03] 38 -- Query ChannelID: 世界 from (2CFEA8C0, 00000000)
[2025/07/20 17:42:03] 39 -- Query ChannelID: \F1 from (2CFEA8C0, 00000000)
[2025/07/20 17:42:03] 40 -- Query ChannelID: GM from (2CFEA8C0, 00000000)
[2025/07/20 17:42:03] 41 -- Query ChannelID: \B from (2CFEA8C0, 00000000)
[2025/07/20 17:42:03] 42 -- sync friend list: TieuVuong (full)
[2025/07/20 17:42:03] 43 -- Query ChannelID: \S from (2CFEA8C0, 00000000)
[2025/07/20 17:42:03] 44 -- Query ChannelID: 世界 from (2CFEA8C0, 00000000)
[2025/07/20 17:42:03] 45 -- Query ChannelID: \F1 from (2CFEA8C0, 00000000)
[2025/07/20 17:42:03] 46 -- Query ChannelID: GM from (2CFEA8C0, 00000000)
[2025/07/20 17:42:03] 47 -- Query ChannelID: \B from (2CFEA8C0, 00000000)
[2025/07/20 17:42:03] 48 -- Query ChannelID: \S from (2CFEA8C0, 00000000)
[2025/07/20 17:42:03] 49 -- Query ChannelID: 世界 from (2CFEA8C0, 00000000)
[2025/07/20 17:42:03] 50 -- Query ChannelID: \F1 from (2CFEA8C0, 00000000)
[2025/07/20 17:42:03] 51 -- Query ChannelID: GM from (2CFEA8C0, 00000000)
[2025/07/20 17:42:03] 52 -- Query ChannelID: \B from (2CFEA8C0, 00000000)
[2025/07/20 17:42:03] 53 -- Subscribe Channel: 00000002 by (2CFEA8C0,00000000)
[2025/07/20 17:42:03] 54 -- Subscribe Channel: 00000001 by (2CFEA8C0,00000000)
[2025/07/20 17:42:03] 55 -- Subscribe Channel: 00000003 by (2CFEA8C0,00000000)
[2025/07/20 17:42:03] 56 -- Subscribe Channel: GM <00000000> by (2CFEA8C0,00000000)
[2025/07/20 17:42:03] 57 -- Subscribe Channel: 00000004 by (2CFEA8C0,00000000)
[2025/07/20 17:42:03] 58 -- Subscribe Channel: 00000002 by (2CFEA8C0,00000000)
[2025/07/20 17:42:03] 59 -- Subscribe Channel: 00000001 by (2CFEA8C0,00000000)
[2025/07/20 17:42:03] 60 -- Subscribe Channel: 00000003 by (2CFEA8C0,00000000)
[2025/07/20 17:42:03] 61 -- Subscribe Channel: GM <00000000> by (2CFEA8C0,00000000)
[2025/07/20 17:42:03] 62 -- Subscribe Channel: 00000004 by (2CFEA8C0,00000000)
[2025/07/20 17:42:03] 63 -- Subscribe Channel: 00000002 by (2CFEA8C0,00000000)
[2025/07/20 17:42:03] 64 -- Subscribe Channel: 00000001 by (2CFEA8C0,00000000)
[2025/07/20 17:42:03] 65 -- Subscribe Channel: 00000003 by (2CFEA8C0,00000000)
[2025/07/20 17:42:03] 66 -- Subscribe Channel: GM <00000000> by (2CFEA8C0,00000000)
[2025/07/20 17:42:03] 67 -- Subscribe Channel: 00000004 by (2CFEA8C0,00000000)
[2025/07/20 17:42:03] 68 -- Subscribe Channel: 00000002 by (2CFEA8C0,00000000)
[2025/07/20 17:42:03] 69 -- Subscribe Channel: 00000001 by (2CFEA8C0,00000000)
[2025/07/20 17:42:03] 70 -- Subscribe Channel: 00000003 by (2CFEA8C0,00000000)
[2025/07/20 17:42:03] 71 -- Subscribe Channel: GM <00000000> by (2CFEA8C0,00000000)
[2025/07/20 17:42:03] 72 -- Subscribe Channel: 00000004 by (2CFEA8C0,00000000)
