
*
***** S3Relay Start (@ 2025/07/20 18:38:49.294) >>>>>
*

[2025/07/20 18:38:49] 1 -- Initializing ...
[2025/07/20 18:38:49] 2 -- Connect Database Success!
[2025/07/20 18:38:49] 3 -- Create Channel: [Stock, GM] <00000000> GM
[2025/07/20 18:38:49] 4 -- Create Channel: [Stock] <00000001> 世界
[2025/07/20 18:38:49] 5 -- friend timing update db: start
[2025/07/20 18:38:49] 6 -- relay server startup
[2025/07/20 18:38:49] 7 -- root client create: 192.168.254.42
[2025/07/20 18:38:49] 8 -- DBRole client create: 192.168.254.42
[2025/07/20 18:38:49] 9 -- root client close: 192.168.254.42
[2025/07/20 18:38:49] 10 -- gateway client create: 192.168.254.42
[2025/07/20 18:38:49] 11 -- host server startup
[2025/07/20 18:38:49] 12 -- tong server startup
[2025/07/20 18:38:49] 13 -- chat server startup
[2025/07/20 18:38:49] 14 -- SockThread start success
[2025/07/20 18:38:49] 15 -- tong database open ok!
[2025/07/20 18:38:49] 16 -- tongset init ok !
[2025/07/20 18:38:49] 17 -- Initialize OK
[2025/07/20 18:38:58] 18 -- host connect create: 127.0.0.1
[2025/07/20 18:38:58] 19 -- chat connect create: 127.0.0.1
[2025/07/20 18:38:58] 20 -- tong connect create: 127.0.0.1
[2025/07/20 18:39:01] 21 -- host connect create: 192.168.254.43
[2025/07/20 18:39:01] 22 -- chat connect create: 192.168.254.43
[2025/07/20 18:39:01] 23 -- tong connect create: 192.168.254.43
[2025/07/20 18:39:04] 24 -- host connect create: 192.168.254.44
[2025/07/20 18:39:04] 25 -- chat connect create: 192.168.254.44
[2025/07/20 18:39:04] 26 -- tong connect create: 192.168.254.44
[2025/07/20 18:39:10] 27 -- load someone: TieuVuong
[2025/07/20 18:39:10] 28 -- player login: 123456 [TieuVuong] (2CFEA8C0, 00000000)
[2025/07/20 18:39:10] 29 -- Query ChannelID: \S from (2CFEA8C0, 00000000)
[2025/07/20 18:39:10] 30 -- Create Channel: <00000002> \S754886848
[2025/07/20 18:39:10] 31 -- Query ChannelID: 世界 from (2CFEA8C0, 00000000)
[2025/07/20 18:39:10] 32 -- Query ChannelID: \F1 from (2CFEA8C0, 00000000)
[2025/07/20 18:39:10] 33 -- Create Channel: <00000003> \F1
[2025/07/20 18:39:10] 34 -- Query ChannelID: GM from (2CFEA8C0, 00000000)
[2025/07/20 18:39:10] 35 -- Query ChannelID: \B from (2CFEA8C0, 00000000)
[2025/07/20 18:39:10] 36 -- Create Channel: <00000004> \B754886848
[2025/07/20 18:39:10] 37 -- Query ChannelID: \S from (2CFEA8C0, 00000000)
[2025/07/20 18:39:10] 38 -- Query ChannelID: 世界 from (2CFEA8C0, 00000000)
[2025/07/20 18:39:10] 39 -- Query ChannelID: \F1 from (2CFEA8C0, 00000000)
[2025/07/20 18:39:10] 40 -- Query ChannelID: GM from (2CFEA8C0, 00000000)
[2025/07/20 18:39:10] 41 -- Query ChannelID: \B from (2CFEA8C0, 00000000)
[2025/07/20 18:39:10] 42 -- sync friend list: TieuVuong (full)
[2025/07/20 18:39:10] 43 -- Query ChannelID: \S from (2CFEA8C0, 00000000)
[2025/07/20 18:39:10] 44 -- Query ChannelID: 世界 from (2CFEA8C0, 00000000)
[2025/07/20 18:39:10] 45 -- Query ChannelID: \F1 from (2CFEA8C0, 00000000)
[2025/07/20 18:39:10] 46 -- Query ChannelID: GM from (2CFEA8C0, 00000000)
[2025/07/20 18:39:10] 47 -- Query ChannelID: \B from (2CFEA8C0, 00000000)
[2025/07/20 18:39:10] 48 -- Query ChannelID: \S from (2CFEA8C0, 00000000)
[2025/07/20 18:39:10] 49 -- Query ChannelID: 世界 from (2CFEA8C0, 00000000)
[2025/07/20 18:39:10] 50 -- Query ChannelID: \F1 from (2CFEA8C0, 00000000)
[2025/07/20 18:39:10] 51 -- Query ChannelID: GM from (2CFEA8C0, 00000000)
[2025/07/20 18:39:10] 52 -- Query ChannelID: \B from (2CFEA8C0, 00000000)
[2025/07/20 18:39:10] 53 -- Subscribe Channel: 00000002 by (2CFEA8C0,00000000)
[2025/07/20 18:39:10] 54 -- Subscribe Channel: 00000001 by (2CFEA8C0,00000000)
[2025/07/20 18:39:10] 55 -- Subscribe Channel: 00000003 by (2CFEA8C0,00000000)
[2025/07/20 18:39:10] 56 -- Subscribe Channel: GM <00000000> by (2CFEA8C0,00000000)
[2025/07/20 18:39:10] 57 -- Subscribe Channel: 00000004 by (2CFEA8C0,00000000)
[2025/07/20 18:39:10] 58 -- Subscribe Channel: 00000002 by (2CFEA8C0,00000000)
[2025/07/20 18:39:10] 59 -- Subscribe Channel: 00000001 by (2CFEA8C0,00000000)
[2025/07/20 18:39:10] 60 -- Subscribe Channel: 00000003 by (2CFEA8C0,00000000)
[2025/07/20 18:39:10] 61 -- Subscribe Channel: GM <00000000> by (2CFEA8C0,00000000)
[2025/07/20 18:39:10] 62 -- Subscribe Channel: 00000004 by (2CFEA8C0,00000000)
[2025/07/20 18:39:10] 63 -- Subscribe Channel: 00000002 by (2CFEA8C0,00000000)
[2025/07/20 18:39:10] 64 -- Subscribe Channel: 00000001 by (2CFEA8C0,00000000)
[2025/07/20 18:39:10] 65 -- Subscribe Channel: 00000003 by (2CFEA8C0,00000000)
[2025/07/20 18:39:10] 66 -- Subscribe Channel: GM <00000000> by (2CFEA8C0,00000000)
[2025/07/20 18:39:10] 67 -- Subscribe Channel: 00000004 by (2CFEA8C0,00000000)
[2025/07/20 18:39:10] 68 -- Subscribe Channel: 00000002 by (2CFEA8C0,00000000)
[2025/07/20 18:39:10] 69 -- Subscribe Channel: 00000001 by (2CFEA8C0,00000000)
[2025/07/20 18:39:10] 70 -- Subscribe Channel: 00000003 by (2CFEA8C0,00000000)
[2025/07/20 18:39:10] 71 -- Subscribe Channel: GM <00000000> by (2CFEA8C0,00000000)
[2025/07/20 18:39:10] 72 -- Subscribe Channel: 00000004 by (2CFEA8C0,00000000)
[2025/07/20 18:40:07] 73 -- Destroy Channel: <00000002> \S754886848
[2025/07/20 18:40:07] 74 -- Destroy Channel: <00000003> \F1
[2025/07/20 18:40:07] 75 -- Destroy Channel: <00000004> \B754886848
[2025/07/20 18:40:07] 76 -- player logout: 123456
[2025/07/20 18:43:53] 77 -- update friend DB succeed
[2025/07/20 18:48:53] 78 -- update friend DB succeed
[2025/07/20 18:53:54] 79 -- update friend DB succeed
[2025/07/20 18:58:55] 80 -- update friend DB succeed
