
*
***** S3Relay Start (@ 2025/07/20 18:34:59.748) >>>>>
*

[2025/07/20 18:34:59] 1 -- Initializing ...
[2025/07/20 18:34:59] 2 -- Connect Database Success!
[2025/07/20 18:34:59] 3 -- Create Channel: [Stock, GM] <00000000> GM
[2025/07/20 18:34:59] 4 -- Create Channel: [Stock] <00000001> 世界
[2025/07/20 18:34:59] 5 -- friend timing update db: start
[2025/07/20 18:34:59] 6 -- relay server startup
[2025/07/20 18:34:59] 7 -- root client create: 192.168.254.42
[2025/07/20 18:34:59] 8 -- DBRole client create: 192.168.254.42
[2025/07/20 18:34:59] 9 -- root client close: 192.168.254.42
[2025/07/20 18:34:59] 10 -- gateway client create: 192.168.254.42
[2025/07/20 18:34:59] 11 -- host server startup
[2025/07/20 18:34:59] 12 -- tong server startup
[2025/07/20 18:34:59] 13 -- chat server startup
[2025/07/20 18:34:59] 14 -- SockThread start success
[2025/07/20 18:34:59] 15 -- tong database open ok!
[2025/07/20 18:34:59] 16 -- tongset init ok !
[2025/07/20 18:34:59] 17 -- Initialize OK
[2025/07/20 18:35:08] 18 -- host connect create: 127.0.0.1
[2025/07/20 18:35:08] 19 -- chat connect create: 127.0.0.1
[2025/07/20 18:35:08] 20 -- tong connect create: 127.0.0.1
[2025/07/20 18:35:17] 21 -- host connect create: 192.168.254.43
[2025/07/20 18:35:17] 22 -- chat connect create: 192.168.254.43
[2025/07/20 18:35:17] 23 -- tong connect create: 192.168.254.43
[2025/07/20 18:35:17] 24 -- host connect create: 192.168.254.44
[2025/07/20 18:35:17] 25 -- chat connect create: 192.168.254.44
[2025/07/20 18:35:17] 26 -- tong connect create: 192.168.254.44
[2025/07/20 18:35:35] 27 -- load someone: TieuVuong
[2025/07/20 18:35:35] 28 -- player login: 123456 [TieuVuong] (2CFEA8C0, 00000000)
[2025/07/20 18:35:35] 29 -- Query ChannelID: \S from (2CFEA8C0, 00000000)
[2025/07/20 18:35:35] 30 -- Create Channel: <00000002> \S754886848
[2025/07/20 18:35:35] 31 -- Query ChannelID: 世界 from (2CFEA8C0, 00000000)
[2025/07/20 18:35:35] 32 -- Query ChannelID: \F1 from (2CFEA8C0, 00000000)
[2025/07/20 18:35:35] 33 -- Create Channel: <00000003> \F1
[2025/07/20 18:35:35] 34 -- Query ChannelID: GM from (2CFEA8C0, 00000000)
[2025/07/20 18:35:35] 35 -- Query ChannelID: \B from (2CFEA8C0, 00000000)
[2025/07/20 18:35:35] 36 -- Create Channel: <00000004> \B754886848
[2025/07/20 18:35:35] 37 -- Query ChannelID: \S from (2CFEA8C0, 00000000)
[2025/07/20 18:35:35] 38 -- Query ChannelID: 世界 from (2CFEA8C0, 00000000)
[2025/07/20 18:35:35] 39 -- Query ChannelID: \F1 from (2CFEA8C0, 00000000)
[2025/07/20 18:35:35] 40 -- Query ChannelID: GM from (2CFEA8C0, 00000000)
[2025/07/20 18:35:35] 41 -- Query ChannelID: \B from (2CFEA8C0, 00000000)
[2025/07/20 18:35:35] 42 -- sync friend list: TieuVuong (full)
[2025/07/20 18:35:35] 43 -- Query ChannelID: \S from (2CFEA8C0, 00000000)
[2025/07/20 18:35:35] 44 -- Query ChannelID: 世界 from (2CFEA8C0, 00000000)
[2025/07/20 18:35:35] 45 -- Query ChannelID: \F1 from (2CFEA8C0, 00000000)
[2025/07/20 18:35:35] 46 -- Query ChannelID: GM from (2CFEA8C0, 00000000)
[2025/07/20 18:35:35] 47 -- Query ChannelID: \B from (2CFEA8C0, 00000000)
[2025/07/20 18:35:35] 48 -- Query ChannelID: \S from (2CFEA8C0, 00000000)
[2025/07/20 18:35:35] 49 -- Query ChannelID: 世界 from (2CFEA8C0, 00000000)
[2025/07/20 18:35:35] 50 -- Query ChannelID: \F1 from (2CFEA8C0, 00000000)
[2025/07/20 18:35:35] 51 -- Query ChannelID: GM from (2CFEA8C0, 00000000)
[2025/07/20 18:35:35] 52 -- Query ChannelID: \B from (2CFEA8C0, 00000000)
[2025/07/20 18:35:35] 53 -- Subscribe Channel: 00000002 by (2CFEA8C0,00000000)
[2025/07/20 18:35:35] 54 -- Subscribe Channel: 00000001 by (2CFEA8C0,00000000)
[2025/07/20 18:35:35] 55 -- Subscribe Channel: 00000003 by (2CFEA8C0,00000000)
[2025/07/20 18:35:35] 56 -- Subscribe Channel: GM <00000000> by (2CFEA8C0,00000000)
[2025/07/20 18:35:35] 57 -- Subscribe Channel: 00000004 by (2CFEA8C0,00000000)
[2025/07/20 18:35:35] 58 -- Subscribe Channel: 00000002 by (2CFEA8C0,00000000)
[2025/07/20 18:35:35] 59 -- Subscribe Channel: 00000001 by (2CFEA8C0,00000000)
[2025/07/20 18:35:35] 60 -- Subscribe Channel: 00000003 by (2CFEA8C0,00000000)
[2025/07/20 18:35:35] 61 -- Subscribe Channel: GM <00000000> by (2CFEA8C0,00000000)
[2025/07/20 18:35:35] 62 -- Subscribe Channel: 00000004 by (2CFEA8C0,00000000)
[2025/07/20 18:35:35] 63 -- Subscribe Channel: 00000002 by (2CFEA8C0,00000000)
[2025/07/20 18:35:35] 64 -- Subscribe Channel: 00000001 by (2CFEA8C0,00000000)
[2025/07/20 18:35:35] 65 -- Subscribe Channel: 00000003 by (2CFEA8C0,00000000)
[2025/07/20 18:35:35] 66 -- Subscribe Channel: GM <00000000> by (2CFEA8C0,00000000)
[2025/07/20 18:35:35] 67 -- Subscribe Channel: 00000004 by (2CFEA8C0,00000000)
[2025/07/20 18:35:35] 68 -- Subscribe Channel: 00000002 by (2CFEA8C0,00000000)
[2025/07/20 18:35:35] 69 -- Subscribe Channel: 00000001 by (2CFEA8C0,00000000)
[2025/07/20 18:35:35] 70 -- Subscribe Channel: 00000003 by (2CFEA8C0,00000000)
[2025/07/20 18:35:35] 71 -- Subscribe Channel: GM <00000000> by (2CFEA8C0,00000000)
[2025/07/20 18:35:35] 72 -- Subscribe Channel: 00000004 by (2CFEA8C0,00000000)
[2025/07/20 18:35:53] 73 -- [UpdateExtPoint][123456] Update Coin [220] into database successfully!!!
[2025/07/20 18:37:36] 74 -- Destroy Channel: <00000002> \S754886848
[2025/07/20 18:37:36] 75 -- Destroy Channel: <00000003> \F1
[2025/07/20 18:37:36] 76 -- Destroy Channel: <00000004> \B754886848
[2025/07/20 18:37:36] 77 -- player logout: 123456
