
*
***** S3Relay Start (@ 2025/07/20 21:27:07.271) >>>>>
*

[2025/07/20 21:27:07] 1 -- Initializing ...
[2025/07/20 21:27:07] 2 -- Connect Database Success!
[2025/07/20 21:27:07] 3 -- Create Channel: [Stock, GM] <00000000> GM
[2025/07/20 21:27:07] 4 -- Create Channel: [Stock] <00000001> 世界
[2025/07/20 21:27:07] 5 -- friend timing update db: start
[2025/07/20 21:27:07] 6 -- relay server startup
[2025/07/20 21:27:07] 7 -- root client create: 192.168.254.42
[2025/07/20 21:27:07] 8 -- DBRole client create: 192.168.254.42
[2025/07/20 21:27:07] 9 -- root client close: 192.168.254.42
[2025/07/20 21:27:07] 10 -- gateway client create: 192.168.254.42
[2025/07/20 21:27:07] 11 -- host server startup
[2025/07/20 21:27:07] 12 -- tong server startup
[2025/07/20 21:27:07] 13 -- chat server startup
[2025/07/20 21:27:07] 14 -- SockThread start success
[2025/07/20 21:27:07] 15 -- tong database open ok!
[2025/07/20 21:27:07] 16 -- tongset init ok !
[2025/07/20 21:27:07] 17 -- Initialize OK
[2025/07/20 21:27:16] 18 -- host connect create: 127.0.0.1
[2025/07/20 21:27:16] 19 -- chat connect create: 127.0.0.1
[2025/07/20 21:27:16] 20 -- tong connect create: 127.0.0.1
[2025/07/20 21:27:31] 21 -- host connect create: 192.168.254.43
[2025/07/20 21:27:31] 22 -- chat connect create: 192.168.254.43
[2025/07/20 21:27:31] 23 -- tong connect create: 192.168.254.43
[2025/07/20 21:27:31] 24 -- host connect create: 192.168.254.44
[2025/07/20 21:27:31] 25 -- chat connect create: 192.168.254.44
[2025/07/20 21:27:31] 26 -- tong connect create: 192.168.254.44
[2025/07/20 21:29:28] 27 -- load someone: TieuVuong
[2025/07/20 21:29:28] 28 -- player login: 123456 [TieuVuong] (2CFEA8C0, 00000000)
[2025/07/20 21:29:28] 29 -- Query ChannelID: \S from (2CFEA8C0, 00000000)
[2025/07/20 21:29:28] 30 -- Create Channel: <00000002> \S754886848
[2025/07/20 21:29:28] 31 -- Query ChannelID: 世界 from (2CFEA8C0, 00000000)
[2025/07/20 21:29:28] 32 -- Query ChannelID: \F1 from (2CFEA8C0, 00000000)
[2025/07/20 21:29:28] 33 -- Create Channel: <00000003> \F1
[2025/07/20 21:29:28] 34 -- Query ChannelID: GM from (2CFEA8C0, 00000000)
[2025/07/20 21:29:28] 35 -- Query ChannelID: \B from (2CFEA8C0, 00000000)
[2025/07/20 21:29:28] 36 -- Create Channel: <00000004> \B754886848
[2025/07/20 21:29:28] 37 -- Query ChannelID: \S from (2CFEA8C0, 00000000)
[2025/07/20 21:29:28] 38 -- Query ChannelID: 世界 from (2CFEA8C0, 00000000)
[2025/07/20 21:29:28] 39 -- Query ChannelID: \F1 from (2CFEA8C0, 00000000)
[2025/07/20 21:29:28] 40 -- Query ChannelID: GM from (2CFEA8C0, 00000000)
[2025/07/20 21:29:28] 41 -- Query ChannelID: \B from (2CFEA8C0, 00000000)
[2025/07/20 21:29:28] 42 -- sync friend list: TieuVuong (full)
[2025/07/20 21:29:28] 43 -- Query ChannelID: \S from (2CFEA8C0, 00000000)
[2025/07/20 21:29:28] 44 -- Query ChannelID: 世界 from (2CFEA8C0, 00000000)
[2025/07/20 21:29:28] 45 -- Query ChannelID: \F1 from (2CFEA8C0, 00000000)
[2025/07/20 21:29:28] 46 -- Query ChannelID: GM from (2CFEA8C0, 00000000)
[2025/07/20 21:29:28] 47 -- Query ChannelID: \B from (2CFEA8C0, 00000000)
[2025/07/20 21:29:28] 48 -- Query ChannelID: \S from (2CFEA8C0, 00000000)
[2025/07/20 21:29:28] 49 -- Query ChannelID: 世界 from (2CFEA8C0, 00000000)
[2025/07/20 21:29:28] 50 -- Query ChannelID: \F1 from (2CFEA8C0, 00000000)
[2025/07/20 21:29:28] 51 -- Query ChannelID: GM from (2CFEA8C0, 00000000)
[2025/07/20 21:29:28] 52 -- Query ChannelID: \B from (2CFEA8C0, 00000000)
[2025/07/20 21:29:28] 53 -- Subscribe Channel: 00000002 by (2CFEA8C0,00000000)
[2025/07/20 21:29:28] 54 -- Subscribe Channel: 00000001 by (2CFEA8C0,00000000)
[2025/07/20 21:29:28] 55 -- Subscribe Channel: 00000003 by (2CFEA8C0,00000000)
[2025/07/20 21:29:28] 56 -- Subscribe Channel: GM <00000000> by (2CFEA8C0,00000000)
[2025/07/20 21:29:28] 57 -- Subscribe Channel: 00000004 by (2CFEA8C0,00000000)
[2025/07/20 21:29:28] 58 -- Subscribe Channel: 00000002 by (2CFEA8C0,00000000)
[2025/07/20 21:29:28] 59 -- Subscribe Channel: 00000001 by (2CFEA8C0,00000000)
[2025/07/20 21:29:28] 60 -- Subscribe Channel: 00000003 by (2CFEA8C0,00000000)
[2025/07/20 21:29:28] 61 -- Subscribe Channel: GM <00000000> by (2CFEA8C0,00000000)
[2025/07/20 21:29:28] 62 -- Subscribe Channel: 00000004 by (2CFEA8C0,00000000)
[2025/07/20 21:29:28] 63 -- Subscribe Channel: 00000002 by (2CFEA8C0,00000000)
[2025/07/20 21:29:28] 64 -- Subscribe Channel: 00000001 by (2CFEA8C0,00000000)
[2025/07/20 21:29:28] 65 -- Subscribe Channel: 00000003 by (2CFEA8C0,00000000)
[2025/07/20 21:29:28] 66 -- Subscribe Channel: GM <00000000> by (2CFEA8C0,00000000)
[2025/07/20 21:29:28] 67 -- Subscribe Channel: 00000004 by (2CFEA8C0,00000000)
[2025/07/20 21:29:28] 68 -- Subscribe Channel: 00000002 by (2CFEA8C0,00000000)
[2025/07/20 21:29:28] 69 -- Subscribe Channel: 00000001 by (2CFEA8C0,00000000)
[2025/07/20 21:29:28] 70 -- Subscribe Channel: 00000003 by (2CFEA8C0,00000000)
[2025/07/20 21:29:28] 71 -- Subscribe Channel: GM <00000000> by (2CFEA8C0,00000000)
[2025/07/20 21:29:28] 72 -- Subscribe Channel: 00000004 by (2CFEA8C0,00000000)
[2025/07/20 21:31:04] 73 -- Destroy Channel: <00000002> \S754886848
[2025/07/20 21:31:04] 74 -- Destroy Channel: <00000003> \F1
[2025/07/20 21:31:04] 75 -- Destroy Channel: <00000004> \B754886848
[2025/07/20 21:31:04] 76 -- player logout: 123456
[2025/07/20 21:32:10] 77 -- update friend DB succeed
[2025/07/20 21:37:11] 78 -- update friend DB succeed
[2025/07/20 21:42:11] 79 -- update friend DB succeed
[2025/07/20 21:47:12] 80 -- update friend DB succeed
[2025/07/20 21:52:12] 81 -- update friend DB succeed
[2025/07/20 21:57:13] 82 -- update friend DB succeed
[2025/07/20 22:02:10] 83 -- update friend DB succeed
[2025/07/20 22:07:10] 84 -- update friend DB succeed
[2025/07/20 22:12:11] 85 -- update friend DB succeed
[2025/07/20 22:17:11] 86 -- update friend DB succeed
[2025/07/20 22:22:12] 87 -- update friend DB succeed
[2025/07/20 22:27:12] 88 -- update friend DB succeed
[2025/07/20 22:32:13] 89 -- update friend DB succeed
[2025/07/20 22:37:10] 90 -- update friend DB succeed
[2025/07/20 22:42:11] 91 -- update friend DB succeed
[2025/07/20 22:47:11] 92 -- update friend DB succeed
[2025/07/20 22:52:12] 93 -- update friend DB succeed
[2025/07/20 22:57:12] 94 -- update friend DB succeed
[2025/07/20 23:02:13] 95 -- update friend DB succeed
[2025/07/20 23:07:10] 96 -- update friend DB succeed
[2025/07/20 23:12:11] 97 -- update friend DB succeed
[2025/07/20 23:17:11] 98 -- update friend DB succeed
[2025/07/20 23:22:11] 99 -- update friend DB succeed
