
*
***** S3Relay Start (@ 2025/07/17 17:16:08.041) >>>>>
*

[2025/07/17 17:16:08] 1 -- Initializing ...
[2025/07/17 17:16:08] 2 -- Connect Database Success!
[2025/07/17 17:16:08] 3 -- Create Channel: [Stock, GM] <00000000> GM
[2025/07/17 17:16:08] 4 -- Create Channel: [Stock] <00000001> 世界
[2025/07/17 17:16:08] 5 -- friend timing update db: start
[2025/07/17 17:16:08] 6 -- relay server startup
[2025/07/17 17:16:08] 7 -- root client create: 192.168.254.42
[2025/07/17 17:16:08] 8 -- DBRole client create: 192.168.254.42
[2025/07/17 17:16:08] 9 -- root client close: 192.168.254.42
[2025/07/17 17:16:08] 10 -- gateway client create: 192.168.254.42
[2025/07/17 17:16:08] 11 -- host server startup
[2025/07/17 17:16:08] 12 -- tong server startup
[2025/07/17 17:16:08] 13 -- chat server startup
[2025/07/17 17:16:08] 14 -- SockThread start success
[2025/07/17 17:16:08] 15 -- tong database open ok!
[2025/07/17 17:16:08] 16 -- tongset init ok !
[2025/07/17 17:16:08] 17 -- Initialize OK
[2025/07/17 17:16:17] 18 -- host connect create: 127.0.0.1
[2025/07/17 17:16:17] 19 -- chat connect create: 127.0.0.1
[2025/07/17 17:16:17] 20 -- tong connect create: 127.0.0.1
[2025/07/17 17:16:23] 21 -- host connect create: 192.168.254.44
[2025/07/17 17:16:23] 22 -- chat connect create: 192.168.254.44
[2025/07/17 17:16:23] 23 -- tong connect create: 192.168.254.44
[2025/07/17 17:16:23] 24 -- host connect create: 192.168.254.43
[2025/07/17 17:16:23] 25 -- chat connect create: 192.168.254.43
[2025/07/17 17:16:23] 26 -- tong connect create: 192.168.254.43
[2025/07/17 17:16:23] 27 -- host connect create: 192.168.254.45
[2025/07/17 17:16:23] 28 -- chat connect create: 192.168.254.45
[2025/07/17 17:16:23] 29 -- tong connect create: 192.168.254.45
[2025/07/17 17:16:35] 30 -- load someone: DienBaQuan
[2025/07/17 17:16:35] 31 -- player login: 123456 [DienBaQuan] (2CFEA8C0, 00000000)
[2025/07/17 17:16:35] 32 -- Query ChannelID: \S from (2CFEA8C0, 00000000)
[2025/07/17 17:16:35] 33 -- Create Channel: <00000002> \S754886848
[2025/07/17 17:16:35] 34 -- Query ChannelID: 世界 from (2CFEA8C0, 00000000)
[2025/07/17 17:16:35] 35 -- Query ChannelID: \F2 from (2CFEA8C0, 00000000)
[2025/07/17 17:16:35] 36 -- Create Channel: <00000003> \F2
[2025/07/17 17:16:35] 37 -- Query ChannelID: GM from (2CFEA8C0, 00000000)
[2025/07/17 17:16:35] 38 -- Query ChannelID: \B from (2CFEA8C0, 00000000)
[2025/07/17 17:16:35] 39 -- Create Channel: <00000004> \B754886848
[2025/07/17 17:16:35] 40 -- Query ChannelID: \S from (2CFEA8C0, 00000000)
[2025/07/17 17:16:35] 41 -- Query ChannelID: 世界 from (2CFEA8C0, 00000000)
[2025/07/17 17:16:35] 42 -- Query ChannelID: \F2 from (2CFEA8C0, 00000000)
[2025/07/17 17:16:35] 43 -- Query ChannelID: GM from (2CFEA8C0, 00000000)
[2025/07/17 17:16:35] 44 -- Query ChannelID: \B from (2CFEA8C0, 00000000)
[2025/07/17 17:16:35] 45 -- sync friend list: DienBaQuan (full)
[2025/07/17 17:16:35] 46 -- Query ChannelID: \S from (2CFEA8C0, 00000000)
[2025/07/17 17:16:35] 47 -- Query ChannelID: 世界 from (2CFEA8C0, 00000000)
[2025/07/17 17:16:35] 48 -- Query ChannelID: \F2 from (2CFEA8C0, 00000000)
[2025/07/17 17:16:35] 49 -- Query ChannelID: GM from (2CFEA8C0, 00000000)
[2025/07/17 17:16:35] 50 -- Query ChannelID: \B from (2CFEA8C0, 00000000)
[2025/07/17 17:16:35] 51 -- Query ChannelID: \S from (2CFEA8C0, 00000000)
[2025/07/17 17:16:35] 52 -- Query ChannelID: 世界 from (2CFEA8C0, 00000000)
[2025/07/17 17:16:35] 53 -- Query ChannelID: \F2 from (2CFEA8C0, 00000000)
[2025/07/17 17:16:35] 54 -- Query ChannelID: GM from (2CFEA8C0, 00000000)
[2025/07/17 17:16:35] 55 -- Query ChannelID: \B from (2CFEA8C0, 00000000)
[2025/07/17 17:16:35] 56 -- Subscribe Channel: 00000002 by (2CFEA8C0,00000000)
[2025/07/17 17:16:35] 57 -- Subscribe Channel: 00000001 by (2CFEA8C0,00000000)
[2025/07/17 17:16:35] 58 -- Subscribe Channel: 00000003 by (2CFEA8C0,00000000)
[2025/07/17 17:16:35] 59 -- Subscribe Channel: GM <00000000> by (2CFEA8C0,00000000)
[2025/07/17 17:16:35] 60 -- Subscribe Channel: 00000004 by (2CFEA8C0,00000000)
[2025/07/17 17:16:35] 61 -- Subscribe Channel: 00000002 by (2CFEA8C0,00000000)
[2025/07/17 17:16:35] 62 -- Subscribe Channel: 00000001 by (2CFEA8C0,00000000)
[2025/07/17 17:16:35] 63 -- Subscribe Channel: 00000003 by (2CFEA8C0,00000000)
[2025/07/17 17:16:35] 64 -- Subscribe Channel: GM <00000000> by (2CFEA8C0,00000000)
[2025/07/17 17:16:35] 65 -- Subscribe Channel: 00000004 by (2CFEA8C0,00000000)
[2025/07/17 17:16:38] 66 -- Subscribe Channel: 00000002 by (2CFEA8C0,00000000)
[2025/07/17 17:16:38] 67 -- Subscribe Channel: 00000001 by (2CFEA8C0,00000000)
[2025/07/17 17:16:38] 68 -- Subscribe Channel: 00000003 by (2CFEA8C0,00000000)
[2025/07/17 17:16:38] 69 -- Subscribe Channel: GM <00000000> by (2CFEA8C0,00000000)
[2025/07/17 17:16:38] 70 -- Subscribe Channel: 00000004 by (2CFEA8C0,00000000)
[2025/07/17 17:16:38] 71 -- Subscribe Channel: 00000002 by (2CFEA8C0,00000000)
[2025/07/17 17:16:38] 72 -- Subscribe Channel: 00000001 by (2CFEA8C0,00000000)
[2025/07/17 17:16:38] 73 -- Subscribe Channel: 00000003 by (2CFEA8C0,00000000)
[2025/07/17 17:16:38] 74 -- Subscribe Channel: GM <00000000> by (2CFEA8C0,00000000)
[2025/07/17 17:16:38] 75 -- Subscribe Channel: 00000004 by (2CFEA8C0,00000000)
[2025/07/17 17:18:20] 76 -- Destroy Channel: <00000002> \S754886848
[2025/07/17 17:18:20] 77 -- Destroy Channel: <00000003> \F2
[2025/07/17 17:18:20] 78 -- Destroy Channel: <00000004> \B754886848
[2025/07/17 17:18:20] 79 -- player logout: 123456
[2025/07/17 17:21:11] 80 -- update friend DB succeed
