
*
***** S3Relay Start (@ 2025/07/17 17:38:47.872) >>>>>
*

[2025/07/17 17:38:47] 1 -- Initializing ...
[2025/07/17 17:38:47] 2 -- Connect Database Success!
[2025/07/17 17:38:47] 3 -- Create Channel: [Stock, GM] <00000000> GM
[2025/07/17 17:38:47] 4 -- Create Channel: [Stock] <00000001> 世界
[2025/07/17 17:38:47] 5 -- friend timing update db: start
[2025/07/17 17:38:47] 6 -- relay server startup
[2025/07/17 17:38:47] 7 -- root client create: 192.168.254.42
[2025/07/17 17:38:47] 8 -- DBRole client create: 192.168.254.42
[2025/07/17 17:38:47] 9 -- root client close: 192.168.254.42
[2025/07/17 17:38:47] 10 -- gateway client create: 192.168.254.42
[2025/07/17 17:38:47] 11 -- host server startup
[2025/07/17 17:38:47] 12 -- tong server startup
[2025/07/17 17:38:47] 13 -- chat server startup
[2025/07/17 17:38:47] 14 -- SockThread start success
[2025/07/17 17:38:47] 15 -- tong database open ok!
[2025/07/17 17:38:47] 16 -- tongset init ok !
[2025/07/17 17:38:47] 17 -- Initialize OK
[2025/07/17 17:38:56] 18 -- host connect create: 127.0.0.1
[2025/07/17 17:38:56] 19 -- chat connect create: 127.0.0.1
[2025/07/17 17:38:56] 20 -- tong connect create: 127.0.0.1
[2025/07/17 17:38:59] 21 -- host connect create: 192.168.254.44
[2025/07/17 17:38:59] 22 -- chat connect create: 192.168.254.44
[2025/07/17 17:38:59] 23 -- tong connect create: 192.168.254.44
[2025/07/17 17:38:59] 24 -- host connect create: 192.168.254.43
[2025/07/17 17:38:59] 25 -- chat connect create: 192.168.254.43
[2025/07/17 17:38:59] 26 -- tong connect create: 192.168.254.43
[2025/07/17 17:39:02] 27 -- host connect create: 192.168.254.45
[2025/07/17 17:39:02] 28 -- chat connect create: 192.168.254.45
[2025/07/17 17:39:02] 29 -- tong connect create: 192.168.254.45
[2025/07/17 17:39:14] 30 -- load someone: DienBaQuan
[2025/07/17 17:39:14] 31 -- player login: 123456 [DienBaQuan] (2CFEA8C0, 00000000)
[2025/07/17 17:39:14] 32 -- Query ChannelID: \S from (2CFEA8C0, 00000000)
[2025/07/17 17:39:14] 33 -- Create Channel: <00000002> \S754886848
[2025/07/17 17:39:14] 34 -- Query ChannelID: 世界 from (2CFEA8C0, 00000000)
[2025/07/17 17:39:14] 35 -- Query ChannelID: \F2 from (2CFEA8C0, 00000000)
[2025/07/17 17:39:14] 36 -- Create Channel: <00000003> \F2
[2025/07/17 17:39:14] 37 -- Query ChannelID: GM from (2CFEA8C0, 00000000)
[2025/07/17 17:39:14] 38 -- Query ChannelID: \B from (2CFEA8C0, 00000000)
[2025/07/17 17:39:14] 39 -- Create Channel: <00000004> \B754886848
[2025/07/17 17:39:14] 40 -- Query ChannelID: \S from (2CFEA8C0, 00000000)
[2025/07/17 17:39:14] 41 -- Query ChannelID: 世界 from (2CFEA8C0, 00000000)
[2025/07/17 17:39:14] 42 -- Query ChannelID: \F2 from (2CFEA8C0, 00000000)
[2025/07/17 17:39:14] 43 -- Query ChannelID: GM from (2CFEA8C0, 00000000)
[2025/07/17 17:39:14] 44 -- Query ChannelID: \B from (2CFEA8C0, 00000000)
[2025/07/17 17:39:14] 45 -- sync friend list: DienBaQuan (full)
[2025/07/17 17:39:14] 46 -- Query ChannelID: \S from (2CFEA8C0, 00000000)
[2025/07/17 17:39:14] 47 -- Query ChannelID: 世界 from (2CFEA8C0, 00000000)
[2025/07/17 17:39:14] 48 -- Query ChannelID: \F2 from (2CFEA8C0, 00000000)
[2025/07/17 17:39:14] 49 -- Query ChannelID: GM from (2CFEA8C0, 00000000)
[2025/07/17 17:39:14] 50 -- Query ChannelID: \B from (2CFEA8C0, 00000000)
[2025/07/17 17:39:14] 51 -- Query ChannelID: \S from (2CFEA8C0, 00000000)
[2025/07/17 17:39:14] 52 -- Query ChannelID: 世界 from (2CFEA8C0, 00000000)
[2025/07/17 17:39:14] 53 -- Query ChannelID: \F2 from (2CFEA8C0, 00000000)
[2025/07/17 17:39:14] 54 -- Query ChannelID: GM from (2CFEA8C0, 00000000)
[2025/07/17 17:39:14] 55 -- Query ChannelID: \B from (2CFEA8C0, 00000000)
[2025/07/17 17:39:14] 56 -- Subscribe Channel: 00000002 by (2CFEA8C0,00000000)
[2025/07/17 17:39:14] 57 -- Subscribe Channel: 00000001 by (2CFEA8C0,00000000)
[2025/07/17 17:39:14] 58 -- Subscribe Channel: 00000003 by (2CFEA8C0,00000000)
[2025/07/17 17:39:14] 59 -- Subscribe Channel: GM <00000000> by (2CFEA8C0,00000000)
[2025/07/17 17:39:14] 60 -- Subscribe Channel: 00000004 by (2CFEA8C0,00000000)
[2025/07/17 17:39:14] 61 -- Subscribe Channel: 00000002 by (2CFEA8C0,00000000)
[2025/07/17 17:39:14] 62 -- Subscribe Channel: 00000001 by (2CFEA8C0,00000000)
[2025/07/17 17:39:14] 63 -- Subscribe Channel: 00000003 by (2CFEA8C0,00000000)
[2025/07/17 17:39:14] 64 -- Subscribe Channel: GM <00000000> by (2CFEA8C0,00000000)
[2025/07/17 17:39:14] 65 -- Subscribe Channel: 00000004 by (2CFEA8C0,00000000)
[2025/07/17 17:39:14] 66 -- Subscribe Channel: 00000002 by (2CFEA8C0,00000000)
[2025/07/17 17:39:14] 67 -- Subscribe Channel: 00000001 by (2CFEA8C0,00000000)
[2025/07/17 17:39:14] 68 -- Subscribe Channel: 00000003 by (2CFEA8C0,00000000)
[2025/07/17 17:39:14] 69 -- Subscribe Channel: GM <00000000> by (2CFEA8C0,00000000)
[2025/07/17 17:39:14] 70 -- Subscribe Channel: 00000004 by (2CFEA8C0,00000000)
[2025/07/17 17:39:14] 71 -- Subscribe Channel: 00000002 by (2CFEA8C0,00000000)
[2025/07/17 17:39:14] 72 -- Subscribe Channel: 00000001 by (2CFEA8C0,00000000)
[2025/07/17 17:39:14] 73 -- Subscribe Channel: 00000003 by (2CFEA8C0,00000000)
[2025/07/17 17:39:14] 74 -- Subscribe Channel: GM <00000000> by (2CFEA8C0,00000000)
[2025/07/17 17:39:14] 75 -- Subscribe Channel: 00000004 by (2CFEA8C0,00000000)
[2025/07/17 17:40:02] 76 -- Destroy Channel: <00000002> \S754886848
[2025/07/17 17:40:02] 77 -- Destroy Channel: <00000003> \F2
[2025/07/17 17:40:02] 78 -- Destroy Channel: <00000004> \B754886848
[2025/07/17 17:40:02] 79 -- player logout: 123456
