
*
***** S3Relay Start (@ 2025/07/17 18:13:05.633) >>>>>
*

[2025/07/17 18:13:05] 1 -- Initializing ...
[2025/07/17 18:13:05] 2 -- Connect Database Success!
[2025/07/17 18:13:05] 3 -- Create Channel: [Stock, GM] <00000000> GM
[2025/07/17 18:13:05] 4 -- Create Channel: [Stock] <00000001> 世界
[2025/07/17 18:13:05] 5 -- friend timing update db: start
[2025/07/17 18:13:05] 6 -- relay server startup
[2025/07/17 18:13:05] 7 -- root client create: 192.168.254.42
[2025/07/17 18:13:05] 8 -- DBRole client create: 192.168.254.42
[2025/07/17 18:13:05] 9 -- gateway client create: 192.168.254.42
[2025/07/17 18:13:05] 10 -- host server startup
[2025/07/17 18:13:05] 11 -- tong server startup
[2025/07/17 18:13:05] 12 -- chat server startup
[2025/07/17 18:13:05] 13 -- SockThread start success
[2025/07/17 18:13:05] 14 -- root client close: 192.168.254.42
[2025/07/17 18:13:05] 15 -- tong database open ok!
[2025/07/17 18:13:05] 16 -- tongset init ok !
[2025/07/17 18:13:05] 17 -- Initialize OK
[2025/07/17 18:13:14] 18 -- host connect create: 127.0.0.1
[2025/07/17 18:13:14] 19 -- chat connect create: 127.0.0.1
[2025/07/17 18:13:14] 20 -- tong connect create: 127.0.0.1
[2025/07/17 18:13:20] 21 -- host connect create: 192.168.254.43
[2025/07/17 18:13:20] 22 -- host connect create: 192.168.254.44
[2025/07/17 18:13:20] 23 -- chat connect create: 192.168.254.43
[2025/07/17 18:13:20] 24 -- chat connect create: 192.168.254.44
[2025/07/17 18:13:20] 25 -- tong connect create: 192.168.254.44
[2025/07/17 18:13:20] 26 -- tong connect create: 192.168.254.43
[2025/07/17 18:13:20] 27 -- host connect create: 192.168.254.45
[2025/07/17 18:13:20] 28 -- chat connect create: 192.168.254.45
[2025/07/17 18:13:20] 29 -- tong connect create: 192.168.254.45
[2025/07/17 18:13:29] 30 -- load someone: BaoDiaSu
[2025/07/17 18:13:29] 31 -- player login: 1234567 [BaoDiaSu] (2CFEA8C0, 00000000)
[2025/07/17 18:13:29] 32 -- Query ChannelID: \S from (2CFEA8C0, 00000000)
[2025/07/17 18:13:29] 33 -- Create Channel: <00000002> \S754886848
[2025/07/17 18:13:29] 34 -- Query ChannelID: 世界 from (2CFEA8C0, 00000000)
[2025/07/17 18:13:29] 35 -- Query ChannelID: \F0 from (2CFEA8C0, 00000000)
[2025/07/17 18:13:29] 36 -- Create Channel: <00000003> \F0
[2025/07/17 18:13:29] 37 -- Query ChannelID: GM from (2CFEA8C0, 00000000)
[2025/07/17 18:13:29] 38 -- Query ChannelID: \B from (2CFEA8C0, 00000000)
[2025/07/17 18:13:29] 39 -- Create Channel: <00000004> \B754886848
[2025/07/17 18:13:29] 40 -- Query ChannelID: \S from (2CFEA8C0, 00000000)
[2025/07/17 18:13:29] 41 -- Query ChannelID: 世界 from (2CFEA8C0, 00000000)
[2025/07/17 18:13:29] 42 -- Query ChannelID: \F0 from (2CFEA8C0, 00000000)
[2025/07/17 18:13:29] 43 -- Query ChannelID: GM from (2CFEA8C0, 00000000)
[2025/07/17 18:13:29] 44 -- Query ChannelID: \B from (2CFEA8C0, 00000000)
[2025/07/17 18:13:29] 45 -- sync friend list: BaoDiaSu (full)
[2025/07/17 18:13:29] 46 -- Query ChannelID: \S from (2CFEA8C0, 00000000)
[2025/07/17 18:13:29] 47 -- Query ChannelID: 世界 from (2CFEA8C0, 00000000)
[2025/07/17 18:13:29] 48 -- Query ChannelID: \F0 from (2CFEA8C0, 00000000)
[2025/07/17 18:13:29] 49 -- Query ChannelID: GM from (2CFEA8C0, 00000000)
[2025/07/17 18:13:29] 50 -- Query ChannelID: \B from (2CFEA8C0, 00000000)
[2025/07/17 18:13:29] 51 -- Query ChannelID: \S from (2CFEA8C0, 00000000)
[2025/07/17 18:13:29] 52 -- Query ChannelID: 世界 from (2CFEA8C0, 00000000)
[2025/07/17 18:13:29] 53 -- Query ChannelID: \F0 from (2CFEA8C0, 00000000)
[2025/07/17 18:13:29] 54 -- Query ChannelID: GM from (2CFEA8C0, 00000000)
[2025/07/17 18:13:29] 55 -- Query ChannelID: \B from (2CFEA8C0, 00000000)
[2025/07/17 18:13:29] 56 -- Subscribe Channel: 00000002 by (2CFEA8C0,00000000)
[2025/07/17 18:13:29] 57 -- Subscribe Channel: 00000001 by (2CFEA8C0,00000000)
[2025/07/17 18:13:29] 58 -- Subscribe Channel: 00000003 by (2CFEA8C0,00000000)
[2025/07/17 18:13:29] 59 -- Subscribe Channel: GM <00000000> by (2CFEA8C0,00000000)
[2025/07/17 18:13:29] 60 -- Subscribe Channel: 00000004 by (2CFEA8C0,00000000)
[2025/07/17 18:13:29] 61 -- Subscribe Channel: 00000002 by (2CFEA8C0,00000000)
[2025/07/17 18:13:29] 62 -- Subscribe Channel: 00000001 by (2CFEA8C0,00000000)
[2025/07/17 18:13:29] 63 -- Subscribe Channel: 00000003 by (2CFEA8C0,00000000)
[2025/07/17 18:13:29] 64 -- Subscribe Channel: GM <00000000> by (2CFEA8C0,00000000)
[2025/07/17 18:13:29] 65 -- Subscribe Channel: 00000004 by (2CFEA8C0,00000000)
[2025/07/17 18:13:29] 66 -- Subscribe Channel: 00000002 by (2CFEA8C0,00000000)
[2025/07/17 18:13:29] 67 -- Subscribe Channel: 00000001 by (2CFEA8C0,00000000)
[2025/07/17 18:13:29] 68 -- Subscribe Channel: 00000003 by (2CFEA8C0,00000000)
[2025/07/17 18:13:29] 69 -- Subscribe Channel: GM <00000000> by (2CFEA8C0,00000000)
[2025/07/17 18:13:29] 70 -- Subscribe Channel: 00000004 by (2CFEA8C0,00000000)
[2025/07/17 18:13:29] 71 -- Subscribe Channel: 00000002 by (2CFEA8C0,00000000)
[2025/07/17 18:13:29] 72 -- Subscribe Channel: 00000001 by (2CFEA8C0,00000000)
[2025/07/17 18:13:29] 73 -- Subscribe Channel: 00000003 by (2CFEA8C0,00000000)
[2025/07/17 18:13:29] 74 -- Subscribe Channel: GM <00000000> by (2CFEA8C0,00000000)
[2025/07/17 18:13:29] 75 -- Subscribe Channel: 00000004 by (2CFEA8C0,00000000)
[2025/07/17 18:14:53] 76 -- Destroy Channel: <00000002> \S754886848
[2025/07/17 18:14:53] 77 -- Destroy Channel: <00000003> \F0
[2025/07/17 18:14:53] 78 -- Destroy Channel: <00000004> \B754886848
[2025/07/17 18:14:53] 79 -- player logout: 1234567
[2025/07/17 18:18:08] 80 -- update friend DB succeed
[2025/07/17 18:23:08] 81 -- update friend DB succeed
[2025/07/17 18:28:08] 82 -- update friend DB succeed
[2025/07/17 18:33:08] 83 -- update friend DB succeed
[2025/07/17 18:38:08] 84 -- update friend DB succeed
[2025/07/17 18:43:09] 85 -- update friend DB succeed
[2025/07/17 18:48:09] 86 -- update friend DB succeed
[2025/07/17 18:53:09] 87 -- update friend DB succeed
[2025/07/17 18:58:09] 88 -- update friend DB succeed
[2025/07/17 19:03:09] 89 -- update friend DB succeed
[2025/07/17 19:08:09] 90 -- update friend DB succeed
[2025/07/17 19:13:09] 91 -- update friend DB succeed
[2025/07/17 19:18:09] 92 -- update friend DB succeed
[2025/07/17 19:23:10] 93 -- update friend DB succeed
