
*
***** S3Relay Start (@ 2025/07/14 17:14:19.913) >>>>>
*

[2025/07/14 17:14:20] 1 -- Initializing ...
[2025/07/14 17:14:20] 2 -- Connect Database Success!
[2025/07/14 17:14:20] 3 -- Create Channel: [Stock, GM] <00000000> GM
[2025/07/14 17:14:20] 4 -- Create Channel: [Stock] <00000001> 世界
[2025/07/14 17:14:20] 5 -- friend timing update db: start
[2025/07/14 17:14:20] 6 -- relay server startup
[2025/07/14 17:14:20] 7 -- root client create: 192.168.254.42
[2025/07/14 17:14:20] 8 -- DBRole client create: 192.168.254.42
[2025/07/14 17:14:20] 9 -- gateway client create: 192.168.254.42
[2025/07/14 17:14:20] 10 -- host server startup
[2025/07/14 17:14:20] 11 -- tong server startup
[2025/07/14 17:14:20] 12 -- root client close: 192.168.254.42
[2025/07/14 17:14:20] 13 -- chat server startup
[2025/07/14 17:14:20] 14 -- SockThread start success
[2025/07/14 17:14:20] 15 -- tong database open ok!
[2025/07/14 17:14:20] 16 -- tongset init ok !
[2025/07/14 17:14:20] 17 -- Initialize OK
[2025/07/14 17:14:28] 18 -- host connect create: 127.0.0.1
[2025/07/14 17:14:28] 19 -- chat connect create: 127.0.0.1
[2025/07/14 17:14:28] 20 -- tong connect create: 127.0.0.1
[2025/07/14 17:14:40] 21 -- host connect create: 192.168.254.44
[2025/07/14 17:14:40] 22 -- chat connect create: 192.168.254.44
[2025/07/14 17:14:40] 23 -- tong connect create: 192.168.254.44
[2025/07/14 17:14:40] 24 -- host connect create: 192.168.254.43
[2025/07/14 17:14:40] 25 -- chat connect create: 192.168.254.43
[2025/07/14 17:14:40] 26 -- tong connect create: 192.168.254.43
[2025/07/14 17:14:43] 27 -- host connect create: 192.168.254.45
[2025/07/14 17:14:43] 28 -- chat connect create: 192.168.254.45
[2025/07/14 17:14:43] 29 -- tong connect create: 192.168.254.45
[2025/07/14 17:14:55] 30 -- load someone: DienBaQuan
[2025/07/14 17:14:55] 31 -- player login: 123456 [DienBaQuan] (2CFEA8C0, 00000000)
[2025/07/14 17:14:55] 32 -- Query ChannelID: \S from (2CFEA8C0, 00000000)
[2025/07/14 17:14:55] 33 -- Create Channel: <00000002> \S754886848
[2025/07/14 17:14:55] 34 -- Query ChannelID: 世界 from (2CFEA8C0, 00000000)
[2025/07/14 17:14:55] 35 -- Query ChannelID: \F2 from (2CFEA8C0, 00000000)
[2025/07/14 17:14:55] 36 -- Create Channel: <00000003> \F2
[2025/07/14 17:14:55] 37 -- Query ChannelID: GM from (2CFEA8C0, 00000000)
[2025/07/14 17:14:55] 38 -- Query ChannelID: \B from (2CFEA8C0, 00000000)
[2025/07/14 17:14:55] 39 -- Create Channel: <00000004> \B754886848
[2025/07/14 17:14:55] 40 -- Query ChannelID: \S from (2CFEA8C0, 00000000)
[2025/07/14 17:14:55] 41 -- Query ChannelID: 世界 from (2CFEA8C0, 00000000)
[2025/07/14 17:14:55] 42 -- Query ChannelID: \F2 from (2CFEA8C0, 00000000)
[2025/07/14 17:14:55] 43 -- Query ChannelID: GM from (2CFEA8C0, 00000000)
[2025/07/14 17:14:55] 44 -- Query ChannelID: \B from (2CFEA8C0, 00000000)
[2025/07/14 17:14:55] 45 -- sync friend list: DienBaQuan (full)
[2025/07/14 17:14:55] 46 -- Query ChannelID: \S from (2CFEA8C0, 00000000)
[2025/07/14 17:14:55] 47 -- Query ChannelID: 世界 from (2CFEA8C0, 00000000)
[2025/07/14 17:14:55] 48 -- Query ChannelID: \F2 from (2CFEA8C0, 00000000)
[2025/07/14 17:14:55] 49 -- Query ChannelID: GM from (2CFEA8C0, 00000000)
[2025/07/14 17:14:55] 50 -- Query ChannelID: \B from (2CFEA8C0, 00000000)
[2025/07/14 17:14:55] 51 -- Query ChannelID: \S from (2CFEA8C0, 00000000)
[2025/07/14 17:14:55] 52 -- Query ChannelID: 世界 from (2CFEA8C0, 00000000)
[2025/07/14 17:14:55] 53 -- Query ChannelID: \F2 from (2CFEA8C0, 00000000)
[2025/07/14 17:14:55] 54 -- Query ChannelID: GM from (2CFEA8C0, 00000000)
[2025/07/14 17:14:55] 55 -- Query ChannelID: \B from (2CFEA8C0, 00000000)
[2025/07/14 17:14:55] 56 -- Subscribe Channel: 00000002 by (2CFEA8C0,00000000)
[2025/07/14 17:14:55] 57 -- Subscribe Channel: 00000001 by (2CFEA8C0,00000000)
[2025/07/14 17:14:55] 58 -- Subscribe Channel: 00000003 by (2CFEA8C0,00000000)
[2025/07/14 17:14:55] 59 -- Subscribe Channel: GM <00000000> by (2CFEA8C0,00000000)
[2025/07/14 17:14:55] 60 -- Subscribe Channel: 00000004 by (2CFEA8C0,00000000)
[2025/07/14 17:14:55] 61 -- Subscribe Channel: 00000002 by (2CFEA8C0,00000000)
[2025/07/14 17:14:55] 62 -- Subscribe Channel: 00000001 by (2CFEA8C0,00000000)
[2025/07/14 17:14:55] 63 -- Subscribe Channel: 00000003 by (2CFEA8C0,00000000)
[2025/07/14 17:14:55] 64 -- Subscribe Channel: GM <00000000> by (2CFEA8C0,00000000)
[2025/07/14 17:14:55] 65 -- Subscribe Channel: 00000004 by (2CFEA8C0,00000000)
[2025/07/14 17:14:55] 66 -- Subscribe Channel: 00000002 by (2CFEA8C0,00000000)
[2025/07/14 17:14:55] 67 -- Subscribe Channel: 00000001 by (2CFEA8C0,00000000)
[2025/07/14 17:14:55] 68 -- Subscribe Channel: 00000003 by (2CFEA8C0,00000000)
[2025/07/14 17:14:55] 69 -- Subscribe Channel: GM <00000000> by (2CFEA8C0,00000000)
[2025/07/14 17:14:55] 70 -- Subscribe Channel: 00000004 by (2CFEA8C0,00000000)
[2025/07/14 17:14:55] 71 -- Subscribe Channel: 00000002 by (2CFEA8C0,00000000)
[2025/07/14 17:14:55] 72 -- Subscribe Channel: 00000001 by (2CFEA8C0,00000000)
[2025/07/14 17:14:55] 73 -- Subscribe Channel: 00000003 by (2CFEA8C0,00000000)
[2025/07/14 17:14:55] 74 -- Subscribe Channel: GM <00000000> by (2CFEA8C0,00000000)
[2025/07/14 17:14:55] 75 -- Subscribe Channel: 00000004 by (2CFEA8C0,00000000)
[2025/07/14 17:16:10] 76 -- Destroy Channel: <00000002> \S754886848
[2025/07/14 17:16:10] 77 -- Destroy Channel: <00000003> \F2
[2025/07/14 17:16:10] 78 -- Destroy Channel: <00000004> \B754886848
[2025/07/14 17:16:10] 79 -- player logout: 123456
[2025/07/14 17:16:22] 80 -- player login: 123456 [DienBaQuan] (2CFEA8C0, 00000001)
[2025/07/14 17:16:22] 81 -- Query ChannelID: \S from (2CFEA8C0, 00000001)
[2025/07/14 17:16:22] 82 -- Create Channel: <00000005> \S754886848
[2025/07/14 17:16:22] 83 -- Query ChannelID: 世界 from (2CFEA8C0, 00000001)
[2025/07/14 17:16:22] 84 -- Query ChannelID: \F2 from (2CFEA8C0, 00000001)
[2025/07/14 17:16:22] 85 -- Create Channel: <00000006> \F2
[2025/07/14 17:16:22] 86 -- Query ChannelID: GM from (2CFEA8C0, 00000001)
[2025/07/14 17:16:22] 87 -- Query ChannelID: \B from (2CFEA8C0, 00000001)
[2025/07/14 17:16:22] 88 -- Create Channel: <00000007> \B754886848
[2025/07/14 17:16:22] 89 -- sync friend list: DienBaQuan (full)
[2025/07/14 17:16:22] 90 -- Query ChannelID: \S from (2CFEA8C0, 00000001)
[2025/07/14 17:16:22] 91 -- Query ChannelID: 世界 from (2CFEA8C0, 00000001)
[2025/07/14 17:16:22] 92 -- Query ChannelID: \F2 from (2CFEA8C0, 00000001)
[2025/07/14 17:16:22] 93 -- Query ChannelID: GM from (2CFEA8C0, 00000001)
[2025/07/14 17:16:22] 94 -- Query ChannelID: \B from (2CFEA8C0, 00000001)
[2025/07/14 17:16:22] 95 -- Query ChannelID: \S from (2CFEA8C0, 00000001)
[2025/07/14 17:16:22] 96 -- Query ChannelID: 世界 from (2CFEA8C0, 00000001)
[2025/07/14 17:16:22] 97 -- Query ChannelID: \F2 from (2CFEA8C0, 00000001)
[2025/07/14 17:16:22] 98 -- Query ChannelID: GM from (2CFEA8C0, 00000001)
[2025/07/14 17:16:22] 99 -- Query ChannelID: \B from (2CFEA8C0, 00000001)
[2025/07/14 17:16:22] 100 -- Query ChannelID: \S from (2CFEA8C0, 00000001)
[2025/07/14 17:16:22] 101 -- Query ChannelID: 世界 from (2CFEA8C0, 00000001)
[2025/07/14 17:16:22] 102 -- Query ChannelID: \F2 from (2CFEA8C0, 00000001)
[2025/07/14 17:16:22] 103 -- Query ChannelID: GM from (2CFEA8C0, 00000001)
[2025/07/14 17:16:22] 104 -- Query ChannelID: \B from (2CFEA8C0, 00000001)
[2025/07/14 17:16:22] 105 -- Subscribe Channel: 00000005 by (2CFEA8C0,00000001)
[2025/07/14 17:16:22] 106 -- Subscribe Channel: 00000001 by (2CFEA8C0,00000001)
[2025/07/14 17:16:22] 107 -- Subscribe Channel: 00000006 by (2CFEA8C0,00000001)
[2025/07/14 17:16:22] 108 -- Subscribe Channel: GM <00000000> by (2CFEA8C0,00000001)
[2025/07/14 17:16:22] 109 -- Subscribe Channel: 00000007 by (2CFEA8C0,00000001)
[2025/07/14 17:16:22] 110 -- Subscribe Channel: 00000005 by (2CFEA8C0,00000001)
[2025/07/14 17:16:22] 111 -- Subscribe Channel: 00000001 by (2CFEA8C0,00000001)
[2025/07/14 17:16:22] 112 -- Subscribe Channel: 00000006 by (2CFEA8C0,00000001)
[2025/07/14 17:16:22] 113 -- Subscribe Channel: GM <00000000> by (2CFEA8C0,00000001)
[2025/07/14 17:16:22] 114 -- Subscribe Channel: 00000007 by (2CFEA8C0,00000001)
[2025/07/14 17:16:22] 115 -- Subscribe Channel: 00000005 by (2CFEA8C0,00000001)
[2025/07/14 17:16:22] 116 -- Subscribe Channel: 00000001 by (2CFEA8C0,00000001)
[2025/07/14 17:16:22] 117 -- Subscribe Channel: 00000006 by (2CFEA8C0,00000001)
[2025/07/14 17:16:22] 118 -- Subscribe Channel: GM <00000000> by (2CFEA8C0,00000001)
[2025/07/14 17:16:22] 119 -- Subscribe Channel: 00000007 by (2CFEA8C0,00000001)
[2025/07/14 17:16:22] 120 -- Subscribe Channel: 00000005 by (2CFEA8C0,00000001)
[2025/07/14 17:16:22] 121 -- Subscribe Channel: 00000001 by (2CFEA8C0,00000001)
[2025/07/14 17:16:22] 122 -- Subscribe Channel: 00000006 by (2CFEA8C0,00000001)
[2025/07/14 17:16:22] 123 -- Subscribe Channel: GM <00000000> by (2CFEA8C0,00000001)
[2025/07/14 17:16:22] 124 -- Subscribe Channel: 00000007 by (2CFEA8C0,00000001)
[2025/07/14 17:19:22] 125 -- update friend DB succeed
[2025/07/14 17:24:23] 126 -- update friend DB succeed
[2025/07/14 17:29:23] 127 -- update friend DB succeed
[2025/07/14 17:32:50] 128 -- Destroy Channel: <00000005> \S754886848
[2025/07/14 17:32:50] 129 -- Destroy Channel: <00000006> \F2
[2025/07/14 17:32:50] 130 -- Destroy Channel: <00000007> \B754886848
[2025/07/14 17:32:50] 131 -- player logout: 123456
