
*
***** S3Relay Start (@ 2025/07/14 17:57:25.151) >>>>>
*

[2025/07/14 17:57:25] 1 -- Initializing ...
[2025/07/14 17:57:25] 2 -- Connect Database Success!
[2025/07/14 17:57:25] 3 -- Create Channel: [Stock, GM] <00000000> GM
[2025/07/14 17:57:25] 4 -- Create Channel: [Stock] <00000001> 世界
[2025/07/14 17:57:25] 5 -- friend timing update db: start
[2025/07/14 17:57:25] 6 -- relay server startup
[2025/07/14 17:57:25] 7 -- root client create: 192.168.254.42
[2025/07/14 17:57:25] 8 -- DBRole client create: 192.168.254.42
[2025/07/14 17:57:25] 9 -- root client close: 192.168.254.42
[2025/07/14 17:57:25] 10 -- gateway client create: 192.168.254.42
[2025/07/14 17:57:25] 11 -- host server startup
[2025/07/14 17:57:25] 12 -- tong server startup
[2025/07/14 17:57:25] 13 -- chat server startup
[2025/07/14 17:57:25] 14 -- SockThread start success
[2025/07/14 17:57:25] 15 -- tong database open ok!
[2025/07/14 17:57:25] 16 -- tongset init ok !
[2025/07/14 17:57:25] 17 -- Initialize OK
[2025/07/14 17:57:34] 18 -- host connect create: 127.0.0.1
[2025/07/14 17:57:34] 19 -- chat connect create: 127.0.0.1
[2025/07/14 17:57:34] 20 -- tong connect create: 127.0.0.1
[2025/07/14 17:57:40] 21 -- host connect create: 192.168.254.44
[2025/07/14 17:57:40] 22 -- chat connect create: 192.168.254.44
[2025/07/14 17:57:40] 23 -- tong connect create: 192.168.254.44
[2025/07/14 17:57:40] 24 -- host connect create: 192.168.254.43
[2025/07/14 17:57:40] 25 -- chat connect create: 192.168.254.43
[2025/07/14 17:57:40] 26 -- tong connect create: 192.168.254.43
[2025/07/14 17:57:43] 27 -- host connect create: 192.168.254.45
[2025/07/14 17:57:43] 28 -- chat connect create: 192.168.254.45
[2025/07/14 17:57:43] 29 -- tong connect create: 192.168.254.45
[2025/07/14 17:57:55] 30 -- load someone: DienBaQuan
[2025/07/14 17:57:55] 31 -- player login: 123456 [DienBaQuan] (2CFEA8C0, 00000000)
[2025/07/14 17:57:55] 32 -- Query ChannelID: \S from (2CFEA8C0, 00000000)
[2025/07/14 17:57:55] 33 -- Create Channel: <00000002> \S754886848
[2025/07/14 17:57:55] 34 -- Query ChannelID: 世界 from (2CFEA8C0, 00000000)
[2025/07/14 17:57:55] 35 -- Query ChannelID: \F2 from (2CFEA8C0, 00000000)
[2025/07/14 17:57:55] 36 -- Create Channel: <00000003> \F2
[2025/07/14 17:57:55] 37 -- Query ChannelID: GM from (2CFEA8C0, 00000000)
[2025/07/14 17:57:55] 38 -- Query ChannelID: \B from (2CFEA8C0, 00000000)
[2025/07/14 17:57:55] 39 -- Create Channel: <00000004> \B754886848
[2025/07/14 17:57:55] 40 -- Query ChannelID: \S from (2CFEA8C0, 00000000)
[2025/07/14 17:57:55] 41 -- Query ChannelID: 世界 from (2CFEA8C0, 00000000)
[2025/07/14 17:57:55] 42 -- Query ChannelID: \F2 from (2CFEA8C0, 00000000)
[2025/07/14 17:57:55] 43 -- Query ChannelID: GM from (2CFEA8C0, 00000000)
[2025/07/14 17:57:55] 44 -- Query ChannelID: \B from (2CFEA8C0, 00000000)
[2025/07/14 17:57:55] 45 -- sync friend list: DienBaQuan (full)
[2025/07/14 17:57:55] 46 -- Query ChannelID: \S from (2CFEA8C0, 00000000)
[2025/07/14 17:57:55] 47 -- Query ChannelID: 世界 from (2CFEA8C0, 00000000)
[2025/07/14 17:57:55] 48 -- Query ChannelID: \F2 from (2CFEA8C0, 00000000)
[2025/07/14 17:57:55] 49 -- Query ChannelID: GM from (2CFEA8C0, 00000000)
[2025/07/14 17:57:55] 50 -- Query ChannelID: \B from (2CFEA8C0, 00000000)
[2025/07/14 17:57:55] 51 -- Query ChannelID: \S from (2CFEA8C0, 00000000)
[2025/07/14 17:57:55] 52 -- Query ChannelID: 世界 from (2CFEA8C0, 00000000)
[2025/07/14 17:57:55] 53 -- Query ChannelID: \F2 from (2CFEA8C0, 00000000)
[2025/07/14 17:57:55] 54 -- Query ChannelID: GM from (2CFEA8C0, 00000000)
[2025/07/14 17:57:55] 55 -- Query ChannelID: \B from (2CFEA8C0, 00000000)
[2025/07/14 17:57:55] 56 -- Subscribe Channel: 00000002 by (2CFEA8C0,00000000)
[2025/07/14 17:57:55] 57 -- Subscribe Channel: 00000001 by (2CFEA8C0,00000000)
[2025/07/14 17:57:55] 58 -- Subscribe Channel: 00000003 by (2CFEA8C0,00000000)
[2025/07/14 17:57:55] 59 -- Subscribe Channel: GM <00000000> by (2CFEA8C0,00000000)
[2025/07/14 17:57:55] 60 -- Subscribe Channel: 00000004 by (2CFEA8C0,00000000)
[2025/07/14 17:57:55] 61 -- Subscribe Channel: 00000002 by (2CFEA8C0,00000000)
[2025/07/14 17:57:55] 62 -- Subscribe Channel: 00000001 by (2CFEA8C0,00000000)
[2025/07/14 17:57:55] 63 -- Subscribe Channel: 00000003 by (2CFEA8C0,00000000)
[2025/07/14 17:57:55] 64 -- Subscribe Channel: GM <00000000> by (2CFEA8C0,00000000)
[2025/07/14 17:57:55] 65 -- Subscribe Channel: 00000004 by (2CFEA8C0,00000000)
[2025/07/14 17:57:55] 66 -- Subscribe Channel: 00000002 by (2CFEA8C0,00000000)
[2025/07/14 17:57:55] 67 -- Subscribe Channel: 00000001 by (2CFEA8C0,00000000)
[2025/07/14 17:57:55] 68 -- Subscribe Channel: 00000003 by (2CFEA8C0,00000000)
[2025/07/14 17:57:55] 69 -- Subscribe Channel: GM <00000000> by (2CFEA8C0,00000000)
[2025/07/14 17:57:55] 70 -- Subscribe Channel: 00000004 by (2CFEA8C0,00000000)
[2025/07/14 17:57:55] 71 -- Subscribe Channel: 00000002 by (2CFEA8C0,00000000)
[2025/07/14 17:57:55] 72 -- Subscribe Channel: 00000001 by (2CFEA8C0,00000000)
[2025/07/14 17:57:55] 73 -- Subscribe Channel: 00000003 by (2CFEA8C0,00000000)
[2025/07/14 17:57:55] 74 -- Subscribe Channel: GM <00000000> by (2CFEA8C0,00000000)
[2025/07/14 17:57:55] 75 -- Subscribe Channel: 00000004 by (2CFEA8C0,00000000)
[2025/07/14 17:58:07] 76 -- Destroy Channel: <00000002> \S754886848
[2025/07/14 17:58:07] 77 -- Destroy Channel: <00000003> \F2
[2025/07/14 17:58:07] 78 -- Destroy Channel: <00000004> \B754886848
[2025/07/14 17:58:07] 79 -- player logout: 123456
[2025/07/14 18:02:28] 80 -- update friend DB succeed
