
*
***** S3Relay Start (@ 2025/07/14 19:07:10.185) >>>>>
*

[2025/07/14 19:07:10] 1 -- Initializing ...
[2025/07/14 19:07:10] 2 -- Connect Database Success!
[2025/07/14 19:07:10] 3 -- Create Channel: [Stock, GM] <00000000> GM
[2025/07/14 19:07:10] 4 -- Create Channel: [Stock] <00000001> 世界
[2025/07/14 19:07:10] 5 -- friend timing update db: start
[2025/07/14 19:07:10] 6 -- relay server startup
[2025/07/14 19:07:10] 7 -- root client create: 192.168.254.42
[2025/07/14 19:07:10] 8 -- DBRole client create: 192.168.254.42
[2025/07/14 19:07:10] 9 -- gateway client create: 192.168.254.42
[2025/07/14 19:07:10] 10 -- host server startup
[2025/07/14 19:07:10] 11 -- root client close: 192.168.254.42
[2025/07/14 19:07:10] 12 -- tong server startup
[2025/07/14 19:07:10] 13 -- chat server startup
[2025/07/14 19:07:10] 14 -- SockThread start success
[2025/07/14 19:07:10] 15 -- tong database open ok!
[2025/07/14 19:07:10] 16 -- tongset init ok !
[2025/07/14 19:07:10] 17 -- Initialize OK
[2025/07/14 19:07:19] 18 -- host connect create: 127.0.0.1
[2025/07/14 19:07:19] 19 -- chat connect create: 127.0.0.1
[2025/07/14 19:07:19] 20 -- tong connect create: 127.0.0.1
[2025/07/14 19:07:25] 21 -- host connect create: 192.168.254.44
[2025/07/14 19:07:25] 22 -- chat connect create: 192.168.254.44
[2025/07/14 19:07:25] 23 -- tong connect create: 192.168.254.44
[2025/07/14 19:07:28] 24 -- host connect create: 192.168.254.43
[2025/07/14 19:07:28] 25 -- chat connect create: 192.168.254.43
[2025/07/14 19:07:28] 26 -- tong connect create: 192.168.254.43
[2025/07/14 19:07:28] 27 -- host connect create: 192.168.254.45
[2025/07/14 19:07:28] 28 -- chat connect create: 192.168.254.45
[2025/07/14 19:07:28] 29 -- tong connect create: 192.168.254.45
[2025/07/14 19:07:34] 30 -- load someone: DienBaQuan
[2025/07/14 19:07:34] 31 -- player login: 123456 [DienBaQuan] (2CFEA8C0, 00000000)
[2025/07/14 19:07:34] 32 -- Query ChannelID: \S from (2CFEA8C0, 00000000)
[2025/07/14 19:07:34] 33 -- Create Channel: <00000002> \S754886848
[2025/07/14 19:07:34] 34 -- Query ChannelID: 世界 from (2CFEA8C0, 00000000)
[2025/07/14 19:07:34] 35 -- Query ChannelID: \F2 from (2CFEA8C0, 00000000)
[2025/07/14 19:07:34] 36 -- Create Channel: <00000003> \F2
[2025/07/14 19:07:34] 37 -- Query ChannelID: GM from (2CFEA8C0, 00000000)
[2025/07/14 19:07:34] 38 -- Query ChannelID: \B from (2CFEA8C0, 00000000)
[2025/07/14 19:07:34] 39 -- Create Channel: <00000004> \B754886848
[2025/07/14 19:07:34] 40 -- Query ChannelID: \S from (2CFEA8C0, 00000000)
[2025/07/14 19:07:34] 41 -- Query ChannelID: 世界 from (2CFEA8C0, 00000000)
[2025/07/14 19:07:34] 42 -- Query ChannelID: \F2 from (2CFEA8C0, 00000000)
[2025/07/14 19:07:34] 43 -- Query ChannelID: GM from (2CFEA8C0, 00000000)
[2025/07/14 19:07:34] 44 -- Query ChannelID: \B from (2CFEA8C0, 00000000)
[2025/07/14 19:07:34] 45 -- sync friend list: DienBaQuan (full)
[2025/07/14 19:07:34] 46 -- Query ChannelID: \S from (2CFEA8C0, 00000000)
[2025/07/14 19:07:34] 47 -- Query ChannelID: 世界 from (2CFEA8C0, 00000000)
[2025/07/14 19:07:34] 48 -- Query ChannelID: \F2 from (2CFEA8C0, 00000000)
[2025/07/14 19:07:34] 49 -- Query ChannelID: GM from (2CFEA8C0, 00000000)
[2025/07/14 19:07:34] 50 -- Query ChannelID: \B from (2CFEA8C0, 00000000)
[2025/07/14 19:07:34] 51 -- Query ChannelID: \S from (2CFEA8C0, 00000000)
[2025/07/14 19:07:34] 52 -- Query ChannelID: 世界 from (2CFEA8C0, 00000000)
[2025/07/14 19:07:34] 53 -- Query ChannelID: \F2 from (2CFEA8C0, 00000000)
[2025/07/14 19:07:34] 54 -- Query ChannelID: GM from (2CFEA8C0, 00000000)
[2025/07/14 19:07:34] 55 -- Query ChannelID: \B from (2CFEA8C0, 00000000)
[2025/07/14 19:07:34] 56 -- Subscribe Channel: 00000002 by (2CFEA8C0,00000000)
[2025/07/14 19:07:34] 57 -- Subscribe Channel: 00000001 by (2CFEA8C0,00000000)
[2025/07/14 19:07:34] 58 -- Subscribe Channel: 00000003 by (2CFEA8C0,00000000)
[2025/07/14 19:07:34] 59 -- Subscribe Channel: GM <00000000> by (2CFEA8C0,00000000)
[2025/07/14 19:07:34] 60 -- Subscribe Channel: 00000004 by (2CFEA8C0,00000000)
[2025/07/14 19:07:34] 61 -- Subscribe Channel: 00000002 by (2CFEA8C0,00000000)
[2025/07/14 19:07:34] 62 -- Subscribe Channel: 00000001 by (2CFEA8C0,00000000)
[2025/07/14 19:07:34] 63 -- Subscribe Channel: 00000003 by (2CFEA8C0,00000000)
[2025/07/14 19:07:34] 64 -- Subscribe Channel: GM <00000000> by (2CFEA8C0,00000000)
[2025/07/14 19:07:34] 65 -- Subscribe Channel: 00000004 by (2CFEA8C0,00000000)
[2025/07/14 19:07:34] 66 -- Subscribe Channel: 00000002 by (2CFEA8C0,00000000)
[2025/07/14 19:07:34] 67 -- Subscribe Channel: 00000001 by (2CFEA8C0,00000000)
[2025/07/14 19:07:34] 68 -- Subscribe Channel: 00000003 by (2CFEA8C0,00000000)
[2025/07/14 19:07:34] 69 -- Subscribe Channel: GM <00000000> by (2CFEA8C0,00000000)
[2025/07/14 19:07:34] 70 -- Subscribe Channel: 00000004 by (2CFEA8C0,00000000)
[2025/07/14 19:07:34] 71 -- Subscribe Channel: 00000002 by (2CFEA8C0,00000000)
[2025/07/14 19:07:34] 72 -- Subscribe Channel: 00000001 by (2CFEA8C0,00000000)
[2025/07/14 19:07:34] 73 -- Subscribe Channel: 00000003 by (2CFEA8C0,00000000)
[2025/07/14 19:07:34] 74 -- Subscribe Channel: GM <00000000> by (2CFEA8C0,00000000)
[2025/07/14 19:07:34] 75 -- Subscribe Channel: 00000004 by (2CFEA8C0,00000000)
[2025/07/14 19:12:13] 76 -- update friend DB succeed
[2025/07/14 19:14:25] 77 -- Destroy Channel: <00000002> \S754886848
[2025/07/14 19:14:25] 78 -- Destroy Channel: <00000003> \F2
[2025/07/14 19:14:25] 79 -- Destroy Channel: <00000004> \B754886848
[2025/07/14 19:14:25] 80 -- player logout: 123456
