
*
***** S3Relay Start (@ 2025/07/14 19:16:28.346) >>>>>
*

[2025/07/14 19:16:28] 1 -- Initializing ...
[2025/07/14 19:16:28] 2 -- Connect Database Success!
[2025/07/14 19:16:28] 3 -- Create Channel: [Stock, GM] <00000000> GM
[2025/07/14 19:16:28] 4 -- Create Channel: [Stock] <00000001> 世界
[2025/07/14 19:16:28] 5 -- friend timing update db: start
[2025/07/14 19:16:28] 6 -- relay server startup
[2025/07/14 19:16:28] 7 -- root client create: 192.168.254.42
[2025/07/14 19:16:28] 8 -- DBRole client create: 192.168.254.42
[2025/07/14 19:16:28] 9 -- root client close: 192.168.254.42
[2025/07/14 19:16:28] 10 -- gateway client create: 192.168.254.42
[2025/07/14 19:16:28] 11 -- host server startup
[2025/07/14 19:16:28] 12 -- tong server startup
[2025/07/14 19:16:28] 13 -- chat server startup
[2025/07/14 19:16:28] 14 -- SockThread start success
[2025/07/14 19:16:28] 15 -- tong database open ok!
[2025/07/14 19:16:28] 16 -- tongset init ok !
[2025/07/14 19:16:28] 17 -- Initialize OK
[2025/07/14 19:16:37] 18 -- host connect create: 127.0.0.1
[2025/07/14 19:16:37] 19 -- chat connect create: 127.0.0.1
[2025/07/14 19:16:37] 20 -- tong connect create: 127.0.0.1
[2025/07/14 19:17:52] 21 -- host connect create: 192.168.254.44
[2025/07/14 19:17:52] 22 -- chat connect create: 192.168.254.44
[2025/07/14 19:17:52] 23 -- tong connect create: 192.168.254.44
[2025/07/14 19:17:55] 24 -- host connect create: 192.168.254.43
[2025/07/14 19:17:55] 25 -- chat connect create: 192.168.254.43
[2025/07/14 19:17:55] 26 -- tong connect create: 192.168.254.43
[2025/07/14 19:17:55] 27 -- host connect create: 192.168.254.45
[2025/07/14 19:17:55] 28 -- chat connect create: 192.168.254.45
[2025/07/14 19:17:55] 29 -- tong connect create: 192.168.254.45
[2025/07/14 19:18:01] 30 -- load someone: DienBaQuan
[2025/07/14 19:18:01] 31 -- player login: 123456 [DienBaQuan] (2CFEA8C0, 00000000)
[2025/07/14 19:18:01] 32 -- Query ChannelID: \S from (2CFEA8C0, 00000000)
[2025/07/14 19:18:01] 33 -- Create Channel: <00000002> \S754886848
[2025/07/14 19:18:01] 34 -- Query ChannelID: 世界 from (2CFEA8C0, 00000000)
[2025/07/14 19:18:01] 35 -- Query ChannelID: \F2 from (2CFEA8C0, 00000000)
[2025/07/14 19:18:01] 36 -- Create Channel: <00000003> \F2
[2025/07/14 19:18:01] 37 -- Query ChannelID: GM from (2CFEA8C0, 00000000)
[2025/07/14 19:18:01] 38 -- Query ChannelID: \B from (2CFEA8C0, 00000000)
[2025/07/14 19:18:01] 39 -- Create Channel: <00000004> \B754886848
[2025/07/14 19:18:01] 40 -- Query ChannelID: \S from (2CFEA8C0, 00000000)
[2025/07/14 19:18:01] 41 -- Query ChannelID: 世界 from (2CFEA8C0, 00000000)
[2025/07/14 19:18:01] 42 -- Query ChannelID: \F2 from (2CFEA8C0, 00000000)
[2025/07/14 19:18:01] 43 -- Query ChannelID: GM from (2CFEA8C0, 00000000)
[2025/07/14 19:18:01] 44 -- Query ChannelID: \B from (2CFEA8C0, 00000000)
[2025/07/14 19:18:01] 45 -- sync friend list: DienBaQuan (full)
[2025/07/14 19:18:04] 46 -- Query ChannelID: \S from (2CFEA8C0, 00000000)
[2025/07/14 19:18:04] 47 -- Query ChannelID: 世界 from (2CFEA8C0, 00000000)
[2025/07/14 19:18:04] 48 -- Query ChannelID: \F2 from (2CFEA8C0, 00000000)
[2025/07/14 19:18:04] 49 -- Query ChannelID: GM from (2CFEA8C0, 00000000)
[2025/07/14 19:18:04] 50 -- Query ChannelID: \B from (2CFEA8C0, 00000000)
[2025/07/14 19:18:04] 51 -- Query ChannelID: \S from (2CFEA8C0, 00000000)
[2025/07/14 19:18:04] 52 -- Query ChannelID: 世界 from (2CFEA8C0, 00000000)
[2025/07/14 19:18:04] 53 -- Query ChannelID: \F2 from (2CFEA8C0, 00000000)
[2025/07/14 19:18:04] 54 -- Query ChannelID: GM from (2CFEA8C0, 00000000)
[2025/07/14 19:18:04] 55 -- Query ChannelID: \B from (2CFEA8C0, 00000000)
[2025/07/14 19:18:04] 56 -- Subscribe Channel: 00000002 by (2CFEA8C0,00000000)
[2025/07/14 19:18:04] 57 -- Subscribe Channel: 00000001 by (2CFEA8C0,00000000)
[2025/07/14 19:18:04] 58 -- Subscribe Channel: 00000003 by (2CFEA8C0,00000000)
[2025/07/14 19:18:04] 59 -- Subscribe Channel: GM <00000000> by (2CFEA8C0,00000000)
[2025/07/14 19:18:04] 60 -- Subscribe Channel: 00000004 by (2CFEA8C0,00000000)
[2025/07/14 19:18:04] 61 -- Subscribe Channel: 00000002 by (2CFEA8C0,00000000)
[2025/07/14 19:18:04] 62 -- Subscribe Channel: 00000001 by (2CFEA8C0,00000000)
[2025/07/14 19:18:04] 63 -- Subscribe Channel: 00000003 by (2CFEA8C0,00000000)
[2025/07/14 19:18:04] 64 -- Subscribe Channel: GM <00000000> by (2CFEA8C0,00000000)
[2025/07/14 19:18:04] 65 -- Subscribe Channel: 00000004 by (2CFEA8C0,00000000)
[2025/07/14 19:18:04] 66 -- Subscribe Channel: 00000002 by (2CFEA8C0,00000000)
[2025/07/14 19:18:04] 67 -- Subscribe Channel: 00000001 by (2CFEA8C0,00000000)
[2025/07/14 19:18:04] 68 -- Subscribe Channel: 00000003 by (2CFEA8C0,00000000)
[2025/07/14 19:18:04] 69 -- Subscribe Channel: GM <00000000> by (2CFEA8C0,00000000)
[2025/07/14 19:18:04] 70 -- Subscribe Channel: 00000004 by (2CFEA8C0,00000000)
[2025/07/14 19:18:04] 71 -- Subscribe Channel: 00000002 by (2CFEA8C0,00000000)
[2025/07/14 19:18:04] 72 -- Subscribe Channel: 00000001 by (2CFEA8C0,00000000)
[2025/07/14 19:18:04] 73 -- Subscribe Channel: 00000003 by (2CFEA8C0,00000000)
[2025/07/14 19:18:04] 74 -- Subscribe Channel: GM <00000000> by (2CFEA8C0,00000000)
[2025/07/14 19:18:04] 75 -- Subscribe Channel: 00000004 by (2CFEA8C0,00000000)
[2025/07/14 19:18:25] 76 -- Destroy Channel: <00000002> \S754886848
[2025/07/14 19:18:25] 77 -- Destroy Channel: <00000003> \F2
[2025/07/14 19:18:25] 78 -- Destroy Channel: <00000004> \B754886848
[2025/07/14 19:18:25] 79 -- player logout: 123456
