
*
***** S3Relay Start (@ 2025/07/14 20:47:03.734) >>>>>
*

[2025/07/14 20:47:03] 1 -- Initializing ...
[2025/07/14 20:47:03] 2 -- Connect Database Success!
[2025/07/14 20:47:03] 3 -- Create Channel: [Stock, GM] <00000000> GM
[2025/07/14 20:47:03] 4 -- Create Channel: [Stock] <00000001> 世界
[2025/07/14 20:47:03] 5 -- friend timing update db: start
[2025/07/14 20:47:03] 6 -- relay server startup
[2025/07/14 20:47:03] 7 -- root client create: 192.168.254.42
[2025/07/14 20:47:03] 8 -- DBRole client create: 192.168.254.42
[2025/07/14 20:47:03] 9 -- root client close: 192.168.254.42
[2025/07/14 20:47:03] 10 -- gateway client create: 192.168.254.42
[2025/07/14 20:47:03] 11 -- host server startup
[2025/07/14 20:47:03] 12 -- tong server startup
[2025/07/14 20:47:03] 13 -- chat server startup
[2025/07/14 20:47:03] 14 -- SockThread start success
[2025/07/14 20:47:03] 15 -- tong database open ok!
[2025/07/14 20:47:03] 16 -- tongset init ok !
[2025/07/14 20:47:03] 17 -- Initialize OK
[2025/07/14 20:47:12] 18 -- host connect create: 127.0.0.1
[2025/07/14 20:47:12] 19 -- chat connect create: 127.0.0.1
[2025/07/14 20:47:12] 20 -- tong connect create: 127.0.0.1
[2025/07/14 20:47:15] 21 -- host connect create: 192.168.254.44
[2025/07/14 20:47:15] 22 -- host connect create: 192.168.254.43
[2025/07/14 20:47:15] 23 -- chat connect create: 192.168.254.44
[2025/07/14 20:47:15] 24 -- tong connect create: 192.168.254.44
[2025/07/14 20:47:15] 25 -- chat connect create: 192.168.254.43
[2025/07/14 20:47:15] 26 -- tong connect create: 192.168.254.43
[2025/07/14 20:47:18] 27 -- host connect create: 192.168.254.45
[2025/07/14 20:47:18] 28 -- chat connect create: 192.168.254.45
[2025/07/14 20:47:18] 29 -- tong connect create: 192.168.254.45
[2025/07/14 20:47:30] 30 -- load someone: DienBaQuan
[2025/07/14 20:47:30] 31 -- player login: 123456 [DienBaQuan] (2CFEA8C0, 00000000)
[2025/07/14 20:47:30] 32 -- Query ChannelID: \S from (2CFEA8C0, 00000000)
[2025/07/14 20:47:30] 33 -- Create Channel: <00000002> \S754886848
[2025/07/14 20:47:30] 34 -- Query ChannelID: 世界 from (2CFEA8C0, 00000000)
[2025/07/14 20:47:30] 35 -- Query ChannelID: \F2 from (2CFEA8C0, 00000000)
[2025/07/14 20:47:30] 36 -- Create Channel: <00000003> \F2
[2025/07/14 20:47:30] 37 -- Query ChannelID: GM from (2CFEA8C0, 00000000)
[2025/07/14 20:47:30] 38 -- Query ChannelID: \B from (2CFEA8C0, 00000000)
[2025/07/14 20:47:30] 39 -- Create Channel: <00000004> \B754886848
[2025/07/14 20:47:30] 40 -- Query ChannelID: \S from (2CFEA8C0, 00000000)
[2025/07/14 20:47:30] 41 -- Query ChannelID: 世界 from (2CFEA8C0, 00000000)
[2025/07/14 20:47:30] 42 -- Query ChannelID: \F2 from (2CFEA8C0, 00000000)
[2025/07/14 20:47:30] 43 -- Query ChannelID: GM from (2CFEA8C0, 00000000)
[2025/07/14 20:47:30] 44 -- Query ChannelID: \B from (2CFEA8C0, 00000000)
[2025/07/14 20:47:30] 45 -- sync friend list: DienBaQuan (full)
[2025/07/14 20:47:30] 46 -- Query ChannelID: \S from (2CFEA8C0, 00000000)
[2025/07/14 20:47:30] 47 -- Query ChannelID: 世界 from (2CFEA8C0, 00000000)
[2025/07/14 20:47:30] 48 -- Query ChannelID: \F2 from (2CFEA8C0, 00000000)
[2025/07/14 20:47:30] 49 -- Query ChannelID: GM from (2CFEA8C0, 00000000)
[2025/07/14 20:47:30] 50 -- Query ChannelID: \B from (2CFEA8C0, 00000000)
[2025/07/14 20:47:30] 51 -- Query ChannelID: \S from (2CFEA8C0, 00000000)
[2025/07/14 20:47:30] 52 -- Query ChannelID: 世界 from (2CFEA8C0, 00000000)
[2025/07/14 20:47:30] 53 -- Query ChannelID: \F2 from (2CFEA8C0, 00000000)
[2025/07/14 20:47:30] 54 -- Query ChannelID: GM from (2CFEA8C0, 00000000)
[2025/07/14 20:47:30] 55 -- Query ChannelID: \B from (2CFEA8C0, 00000000)
[2025/07/14 20:47:30] 56 -- Subscribe Channel: 00000002 by (2CFEA8C0,00000000)
[2025/07/14 20:47:30] 57 -- Subscribe Channel: 00000001 by (2CFEA8C0,00000000)
[2025/07/14 20:47:30] 58 -- Subscribe Channel: 00000003 by (2CFEA8C0,00000000)
[2025/07/14 20:47:30] 59 -- Subscribe Channel: GM <00000000> by (2CFEA8C0,00000000)
[2025/07/14 20:47:30] 60 -- Subscribe Channel: 00000004 by (2CFEA8C0,00000000)
[2025/07/14 20:47:30] 61 -- Subscribe Channel: 00000002 by (2CFEA8C0,00000000)
[2025/07/14 20:47:30] 62 -- Subscribe Channel: 00000001 by (2CFEA8C0,00000000)
[2025/07/14 20:47:30] 63 -- Subscribe Channel: 00000003 by (2CFEA8C0,00000000)
[2025/07/14 20:47:30] 64 -- Subscribe Channel: GM <00000000> by (2CFEA8C0,00000000)
[2025/07/14 20:47:30] 65 -- Subscribe Channel: 00000004 by (2CFEA8C0,00000000)
[2025/07/14 20:47:30] 66 -- Subscribe Channel: 00000002 by (2CFEA8C0,00000000)
[2025/07/14 20:47:30] 67 -- Subscribe Channel: 00000001 by (2CFEA8C0,00000000)
[2025/07/14 20:47:30] 68 -- Subscribe Channel: 00000003 by (2CFEA8C0,00000000)
[2025/07/14 20:47:30] 69 -- Subscribe Channel: GM <00000000> by (2CFEA8C0,00000000)
[2025/07/14 20:47:30] 70 -- Subscribe Channel: 00000004 by (2CFEA8C0,00000000)
[2025/07/14 20:47:30] 71 -- Subscribe Channel: 00000002 by (2CFEA8C0,00000000)
[2025/07/14 20:47:30] 72 -- Subscribe Channel: 00000001 by (2CFEA8C0,00000000)
[2025/07/14 20:47:30] 73 -- Subscribe Channel: 00000003 by (2CFEA8C0,00000000)
[2025/07/14 20:47:30] 74 -- Subscribe Channel: GM <00000000> by (2CFEA8C0,00000000)
[2025/07/14 20:47:30] 75 -- Subscribe Channel: 00000004 by (2CFEA8C0,00000000)
[2025/07/14 20:52:07] 76 -- update friend DB succeed
[2025/07/14 20:57:07] 77 -- update friend DB succeed
