
*
***** S3Relay Start (@ 2025/07/14 22:25:16.405) >>>>>
*

[2025/07/14 22:25:16] 1 -- Initializing ...
[2025/07/14 22:25:16] 2 -- Connect Database Success!
[2025/07/14 22:25:16] 3 -- Create Channel: [Stock, GM] <00000000> GM
[2025/07/14 22:25:16] 4 -- Create Channel: [Stock] <00000001> 世界
[2025/07/14 22:25:16] 5 -- friend timing update db: start
[2025/07/14 22:25:16] 6 -- relay server startup
[2025/07/14 22:25:16] 7 -- root client create: 192.168.254.42
[2025/07/14 22:25:16] 8 -- DBRole client create: 192.168.254.42
[2025/07/14 22:25:16] 9 -- root client close: 192.168.254.42
[2025/07/14 22:25:16] 10 -- gateway client create: 192.168.254.42
[2025/07/14 22:25:16] 11 -- host server startup
[2025/07/14 22:25:16] 12 -- tong server startup
[2025/07/14 22:25:16] 13 -- chat server startup
[2025/07/14 22:25:16] 14 -- SockThread start success
[2025/07/14 22:25:16] 15 -- tong database open ok!
[2025/07/14 22:25:16] 16 -- tongset init ok !
[2025/07/14 22:25:16] 17 -- Initialize OK
[2025/07/14 22:25:25] 18 -- host connect create: 127.0.0.1
[2025/07/14 22:25:25] 19 -- chat connect create: 127.0.0.1
[2025/07/14 22:25:25] 20 -- tong connect create: 127.0.0.1
[2025/07/14 22:25:37] 21 -- host connect create: 192.168.254.44
[2025/07/14 22:25:37] 22 -- chat connect create: 192.168.254.44
[2025/07/14 22:25:37] 23 -- tong connect create: 192.168.254.44
[2025/07/14 22:25:37] 24 -- host connect create: 192.168.254.43
[2025/07/14 22:25:37] 25 -- chat connect create: 192.168.254.43
[2025/07/14 22:25:37] 26 -- tong connect create: 192.168.254.43
[2025/07/14 22:25:40] 27 -- host connect create: 192.168.254.45
[2025/07/14 22:25:40] 28 -- chat connect create: 192.168.254.45
[2025/07/14 22:25:40] 29 -- tong connect create: 192.168.254.45
[2025/07/14 22:25:52] 30 -- load someone: DienBaQuan
[2025/07/14 22:25:52] 31 -- player login: 123456 [DienBaQuan] (2CFEA8C0, 00000000)
[2025/07/14 22:25:52] 32 -- Query ChannelID: \S from (2CFEA8C0, 00000000)
[2025/07/14 22:25:52] 33 -- Create Channel: <00000002> \S754886848
[2025/07/14 22:25:52] 34 -- Query ChannelID: 世界 from (2CFEA8C0, 00000000)
[2025/07/14 22:25:52] 35 -- Query ChannelID: \F2 from (2CFEA8C0, 00000000)
[2025/07/14 22:25:52] 36 -- Create Channel: <00000003> \F2
[2025/07/14 22:25:52] 37 -- Query ChannelID: GM from (2CFEA8C0, 00000000)
[2025/07/14 22:25:52] 38 -- Query ChannelID: \B from (2CFEA8C0, 00000000)
[2025/07/14 22:25:52] 39 -- Create Channel: <00000004> \B754886848
[2025/07/14 22:25:52] 40 -- Query ChannelID: \S from (2CFEA8C0, 00000000)
[2025/07/14 22:25:52] 41 -- Query ChannelID: 世界 from (2CFEA8C0, 00000000)
[2025/07/14 22:25:52] 42 -- Query ChannelID: \F2 from (2CFEA8C0, 00000000)
[2025/07/14 22:25:52] 43 -- Query ChannelID: GM from (2CFEA8C0, 00000000)
[2025/07/14 22:25:52] 44 -- Query ChannelID: \B from (2CFEA8C0, 00000000)
[2025/07/14 22:25:52] 45 -- sync friend list: DienBaQuan (full)
[2025/07/14 22:25:52] 46 -- Query ChannelID: \S from (2CFEA8C0, 00000000)
[2025/07/14 22:25:52] 47 -- Query ChannelID: 世界 from (2CFEA8C0, 00000000)
[2025/07/14 22:25:52] 48 -- Query ChannelID: \F2 from (2CFEA8C0, 00000000)
[2025/07/14 22:25:52] 49 -- Query ChannelID: GM from (2CFEA8C0, 00000000)
[2025/07/14 22:25:52] 50 -- Query ChannelID: \B from (2CFEA8C0, 00000000)
[2025/07/14 22:25:52] 51 -- Query ChannelID: \S from (2CFEA8C0, 00000000)
[2025/07/14 22:25:52] 52 -- Query ChannelID: 世界 from (2CFEA8C0, 00000000)
[2025/07/14 22:25:52] 53 -- Query ChannelID: \F2 from (2CFEA8C0, 00000000)
[2025/07/14 22:25:52] 54 -- Query ChannelID: GM from (2CFEA8C0, 00000000)
[2025/07/14 22:25:52] 55 -- Query ChannelID: \B from (2CFEA8C0, 00000000)
[2025/07/14 22:25:52] 56 -- Subscribe Channel: 00000002 by (2CFEA8C0,00000000)
[2025/07/14 22:25:52] 57 -- Subscribe Channel: 00000001 by (2CFEA8C0,00000000)
[2025/07/14 22:25:52] 58 -- Subscribe Channel: 00000003 by (2CFEA8C0,00000000)
[2025/07/14 22:25:52] 59 -- Subscribe Channel: GM <00000000> by (2CFEA8C0,00000000)
[2025/07/14 22:25:52] 60 -- Subscribe Channel: 00000004 by (2CFEA8C0,00000000)
[2025/07/14 22:25:52] 61 -- Subscribe Channel: 00000002 by (2CFEA8C0,00000000)
[2025/07/14 22:25:52] 62 -- Subscribe Channel: 00000001 by (2CFEA8C0,00000000)
[2025/07/14 22:25:52] 63 -- Subscribe Channel: 00000003 by (2CFEA8C0,00000000)
[2025/07/14 22:25:52] 64 -- Subscribe Channel: GM <00000000> by (2CFEA8C0,00000000)
[2025/07/14 22:25:52] 65 -- Subscribe Channel: 00000004 by (2CFEA8C0,00000000)
[2025/07/14 22:25:52] 66 -- Subscribe Channel: 00000002 by (2CFEA8C0,00000000)
[2025/07/14 22:25:52] 67 -- Subscribe Channel: 00000001 by (2CFEA8C0,00000000)
[2025/07/14 22:25:52] 68 -- Subscribe Channel: 00000003 by (2CFEA8C0,00000000)
[2025/07/14 22:25:52] 69 -- Subscribe Channel: GM <00000000> by (2CFEA8C0,00000000)
[2025/07/14 22:25:52] 70 -- Subscribe Channel: 00000004 by (2CFEA8C0,00000000)
[2025/07/14 22:25:52] 71 -- Subscribe Channel: 00000002 by (2CFEA8C0,00000000)
[2025/07/14 22:25:52] 72 -- Subscribe Channel: 00000001 by (2CFEA8C0,00000000)
[2025/07/14 22:25:52] 73 -- Subscribe Channel: 00000003 by (2CFEA8C0,00000000)
[2025/07/14 22:25:52] 74 -- Subscribe Channel: GM <00000000> by (2CFEA8C0,00000000)
[2025/07/14 22:25:52] 75 -- Subscribe Channel: 00000004 by (2CFEA8C0,00000000)
[2025/07/14 22:30:19] 76 -- update friend DB succeed
[2025/07/14 22:35:20] 77 -- update friend DB succeed
