
*
***** S3Relay Start (@ 2025/07/14 22:37:20.931) >>>>>
*

[2025/07/14 22:37:21] 1 -- Initializing ...
[2025/07/14 22:37:21] 2 -- Connect Database Success!
[2025/07/14 22:37:21] 3 -- Create Channel: [Stock, GM] <00000000> GM
[2025/07/14 22:37:21] 4 -- Create Channel: [Stock] <00000001> 世界
[2025/07/14 22:37:21] 5 -- friend timing update db: start
[2025/07/14 22:37:21] 6 -- relay server startup
[2025/07/14 22:37:21] 7 -- root client create: 192.168.254.42
[2025/07/14 22:37:21] 8 -- DBRole client create: 192.168.254.42
[2025/07/14 22:37:21] 9 -- root client close: 192.168.254.42
[2025/07/14 22:37:21] 10 -- gateway client create: 192.168.254.42
[2025/07/14 22:37:21] 11 -- host server startup
[2025/07/14 22:37:21] 12 -- tong server startup
[2025/07/14 22:37:21] 13 -- chat server startup
[2025/07/14 22:37:21] 14 -- SockThread start success
[2025/07/14 22:37:21] 15 -- tong database open ok!
[2025/07/14 22:37:21] 16 -- tongset init ok !
[2025/07/14 22:37:21] 17 -- Initialize OK
[2025/07/14 22:37:29] 18 -- host connect create: 127.0.0.1
[2025/07/14 22:37:29] 19 -- chat connect create: 127.0.0.1
[2025/07/14 22:37:29] 20 -- tong connect create: 127.0.0.1
[2025/07/14 22:37:38] 21 -- host connect create: 192.168.254.44
[2025/07/14 22:37:38] 22 -- chat connect create: 192.168.254.44
[2025/07/14 22:37:38] 23 -- tong connect create: 192.168.254.44
[2025/07/14 22:37:38] 24 -- host connect create: 192.168.254.43
[2025/07/14 22:37:38] 25 -- chat connect create: 192.168.254.43
[2025/07/14 22:37:38] 26 -- tong connect create: 192.168.254.43
[2025/07/14 22:37:41] 27 -- host connect create: 192.168.254.45
[2025/07/14 22:37:41] 28 -- chat connect create: 192.168.254.45
[2025/07/14 22:37:41] 29 -- tong connect create: 192.168.254.45
[2025/07/14 22:37:47] 30 -- load someone: DienBaQuan
[2025/07/14 22:37:47] 31 -- player login: 123456 [DienBaQuan] (2CFEA8C0, 00000000)
[2025/07/14 22:37:47] 32 -- Query ChannelID: \S from (2CFEA8C0, 00000000)
[2025/07/14 22:37:47] 33 -- Create Channel: <00000002> \S754886848
[2025/07/14 22:37:47] 34 -- Query ChannelID: 世界 from (2CFEA8C0, 00000000)
[2025/07/14 22:37:47] 35 -- Query ChannelID: \F2 from (2CFEA8C0, 00000000)
[2025/07/14 22:37:47] 36 -- Create Channel: <00000003> \F2
[2025/07/14 22:37:47] 37 -- Query ChannelID: GM from (2CFEA8C0, 00000000)
[2025/07/14 22:37:47] 38 -- Query ChannelID: \B from (2CFEA8C0, 00000000)
[2025/07/14 22:37:47] 39 -- Create Channel: <00000004> \B754886848
[2025/07/14 22:37:47] 40 -- Query ChannelID: \S from (2CFEA8C0, 00000000)
[2025/07/14 22:37:47] 41 -- Query ChannelID: 世界 from (2CFEA8C0, 00000000)
[2025/07/14 22:37:47] 42 -- Query ChannelID: \F2 from (2CFEA8C0, 00000000)
[2025/07/14 22:37:47] 43 -- Query ChannelID: GM from (2CFEA8C0, 00000000)
[2025/07/14 22:37:47] 44 -- Query ChannelID: \B from (2CFEA8C0, 00000000)
[2025/07/14 22:37:47] 45 -- sync friend list: DienBaQuan (full)
[2025/07/14 22:37:47] 46 -- Query ChannelID: \S from (2CFEA8C0, 00000000)
[2025/07/14 22:37:47] 47 -- Query ChannelID: 世界 from (2CFEA8C0, 00000000)
[2025/07/14 22:37:47] 48 -- Query ChannelID: \F2 from (2CFEA8C0, 00000000)
[2025/07/14 22:37:47] 49 -- Query ChannelID: GM from (2CFEA8C0, 00000000)
[2025/07/14 22:37:47] 50 -- Query ChannelID: \B from (2CFEA8C0, 00000000)
[2025/07/14 22:37:47] 51 -- Query ChannelID: \S from (2CFEA8C0, 00000000)
[2025/07/14 22:37:47] 52 -- Query ChannelID: 世界 from (2CFEA8C0, 00000000)
[2025/07/14 22:37:47] 53 -- Query ChannelID: \F2 from (2CFEA8C0, 00000000)
[2025/07/14 22:37:47] 54 -- Query ChannelID: GM from (2CFEA8C0, 00000000)
[2025/07/14 22:37:47] 55 -- Query ChannelID: \B from (2CFEA8C0, 00000000)
[2025/07/14 22:37:47] 56 -- Subscribe Channel: 00000002 by (2CFEA8C0,00000000)
[2025/07/14 22:37:47] 57 -- Subscribe Channel: 00000001 by (2CFEA8C0,00000000)
[2025/07/14 22:37:47] 58 -- Subscribe Channel: 00000003 by (2CFEA8C0,00000000)
[2025/07/14 22:37:47] 59 -- Subscribe Channel: GM <00000000> by (2CFEA8C0,00000000)
[2025/07/14 22:37:47] 60 -- Subscribe Channel: 00000004 by (2CFEA8C0,00000000)
[2025/07/14 22:37:47] 61 -- Subscribe Channel: 00000002 by (2CFEA8C0,00000000)
[2025/07/14 22:37:47] 62 -- Subscribe Channel: 00000001 by (2CFEA8C0,00000000)
[2025/07/14 22:37:47] 63 -- Subscribe Channel: 00000003 by (2CFEA8C0,00000000)
[2025/07/14 22:37:47] 64 -- Subscribe Channel: GM <00000000> by (2CFEA8C0,00000000)
[2025/07/14 22:37:47] 65 -- Subscribe Channel: 00000004 by (2CFEA8C0,00000000)
[2025/07/14 22:37:47] 66 -- Subscribe Channel: 00000002 by (2CFEA8C0,00000000)
[2025/07/14 22:37:47] 67 -- Subscribe Channel: 00000001 by (2CFEA8C0,00000000)
[2025/07/14 22:37:47] 68 -- Subscribe Channel: 00000003 by (2CFEA8C0,00000000)
[2025/07/14 22:37:47] 69 -- Subscribe Channel: GM <00000000> by (2CFEA8C0,00000000)
[2025/07/14 22:37:47] 70 -- Subscribe Channel: 00000004 by (2CFEA8C0,00000000)
[2025/07/14 22:37:47] 71 -- Subscribe Channel: 00000002 by (2CFEA8C0,00000000)
[2025/07/14 22:37:47] 72 -- Subscribe Channel: 00000001 by (2CFEA8C0,00000000)
[2025/07/14 22:37:47] 73 -- Subscribe Channel: 00000003 by (2CFEA8C0,00000000)
[2025/07/14 22:37:47] 74 -- Subscribe Channel: GM <00000000> by (2CFEA8C0,00000000)
[2025/07/14 22:37:47] 75 -- Subscribe Channel: 00000004 by (2CFEA8C0,00000000)
[2025/07/14 22:40:21] 76 -- Destroy Channel: <00000002> \S754886848
[2025/07/14 22:40:21] 77 -- Destroy Channel: <00000003> \F2
[2025/07/14 22:40:21] 78 -- Destroy Channel: <00000004> \B754886848
[2025/07/14 22:40:21] 79 -- player logout: 123456
