
*
***** S3Relay Start (@ 2025/07/14 22:43:53.523) >>>>>
*

[2025/07/14 22:43:53] 1 -- Initializing ...
[2025/07/14 22:43:53] 2 -- Connect Database Success!
[2025/07/14 22:43:53] 3 -- Create Channel: [Stock, GM] <00000000> GM
[2025/07/14 22:43:53] 4 -- Create Channel: [Stock] <00000001> 世界
[2025/07/14 22:43:53] 5 -- friend timing update db: start
[2025/07/14 22:43:53] 6 -- relay server startup
[2025/07/14 22:43:53] 7 -- root client create: 192.168.254.42
[2025/07/14 22:43:53] 8 -- DBRole client create: 192.168.254.42
[2025/07/14 22:43:53] 9 -- root client close: 192.168.254.42
[2025/07/14 22:43:53] 10 -- gateway client create: 192.168.254.42
[2025/07/14 22:43:53] 11 -- host server startup
[2025/07/14 22:43:53] 12 -- tong server startup
[2025/07/14 22:43:53] 13 -- chat server startup
[2025/07/14 22:43:53] 14 -- SockThread start success
[2025/07/14 22:43:53] 15 -- tong database open ok!
[2025/07/14 22:43:53] 16 -- tongset init ok !
[2025/07/14 22:43:53] 17 -- Initialize OK
[2025/07/14 22:44:14] 18 -- host connect create: 192.168.254.44
[2025/07/14 22:44:14] 19 -- chat connect create: 192.168.254.44
[2025/07/14 22:44:14] 20 -- tong connect create: 192.168.254.44
[2025/07/14 22:44:14] 21 -- host connect create: 192.168.254.43
[2025/07/14 22:44:14] 22 -- chat connect create: 192.168.254.43
[2025/07/14 22:44:14] 23 -- tong connect create: 192.168.254.43
[2025/07/14 22:44:14] 24 -- host connect create: 192.168.254.45
[2025/07/14 22:44:14] 25 -- chat connect create: 192.168.254.45
[2025/07/14 22:44:14] 26 -- tong connect create: 192.168.254.45
[2025/07/14 22:44:17] 27 -- host connect create: 127.0.0.1
[2025/07/14 22:44:17] 28 -- chat connect create: 127.0.0.1
[2025/07/14 22:44:17] 29 -- tong connect create: 127.0.0.1
[2025/07/14 22:44:26] 30 -- load someone: DienBaQuan
[2025/07/14 22:44:26] 31 -- player login: 123456 [DienBaQuan] (2CFEA8C0, 00000000)
[2025/07/14 22:44:26] 32 -- Query ChannelID: \S from (2CFEA8C0, 00000000)
[2025/07/14 22:44:26] 33 -- Create Channel: <00000002> \S754886848
[2025/07/14 22:44:26] 34 -- Query ChannelID: 世界 from (2CFEA8C0, 00000000)
[2025/07/14 22:44:26] 35 -- Query ChannelID: \F2 from (2CFEA8C0, 00000000)
[2025/07/14 22:44:26] 36 -- Create Channel: <00000003> \F2
[2025/07/14 22:44:26] 37 -- Query ChannelID: GM from (2CFEA8C0, 00000000)
[2025/07/14 22:44:26] 38 -- Query ChannelID: \B from (2CFEA8C0, 00000000)
[2025/07/14 22:44:26] 39 -- Create Channel: <00000004> \B754886848
[2025/07/14 22:44:26] 40 -- Query ChannelID: \S from (2CFEA8C0, 00000000)
[2025/07/14 22:44:26] 41 -- Query ChannelID: 世界 from (2CFEA8C0, 00000000)
[2025/07/14 22:44:26] 42 -- Query ChannelID: \F2 from (2CFEA8C0, 00000000)
[2025/07/14 22:44:26] 43 -- Query ChannelID: GM from (2CFEA8C0, 00000000)
[2025/07/14 22:44:26] 44 -- Query ChannelID: \B from (2CFEA8C0, 00000000)
[2025/07/14 22:44:26] 45 -- sync friend list: DienBaQuan (full)
[2025/07/14 22:44:26] 46 -- Query ChannelID: \S from (2CFEA8C0, 00000000)
[2025/07/14 22:44:26] 47 -- Query ChannelID: 世界 from (2CFEA8C0, 00000000)
[2025/07/14 22:44:26] 48 -- Query ChannelID: \F2 from (2CFEA8C0, 00000000)
[2025/07/14 22:44:26] 49 -- Query ChannelID: GM from (2CFEA8C0, 00000000)
[2025/07/14 22:44:26] 50 -- Query ChannelID: \B from (2CFEA8C0, 00000000)
[2025/07/14 22:44:26] 51 -- Query ChannelID: \S from (2CFEA8C0, 00000000)
[2025/07/14 22:44:26] 52 -- Query ChannelID: 世界 from (2CFEA8C0, 00000000)
[2025/07/14 22:44:26] 53 -- Query ChannelID: \F2 from (2CFEA8C0, 00000000)
[2025/07/14 22:44:26] 54 -- Query ChannelID: GM from (2CFEA8C0, 00000000)
[2025/07/14 22:44:26] 55 -- Query ChannelID: \B from (2CFEA8C0, 00000000)
[2025/07/14 22:44:26] 56 -- Subscribe Channel: 00000002 by (2CFEA8C0,00000000)
[2025/07/14 22:44:26] 57 -- Subscribe Channel: 00000001 by (2CFEA8C0,00000000)
[2025/07/14 22:44:26] 58 -- Subscribe Channel: 00000003 by (2CFEA8C0,00000000)
[2025/07/14 22:44:26] 59 -- Subscribe Channel: GM <00000000> by (2CFEA8C0,00000000)
[2025/07/14 22:44:26] 60 -- Subscribe Channel: 00000004 by (2CFEA8C0,00000000)
[2025/07/14 22:44:26] 61 -- Subscribe Channel: 00000002 by (2CFEA8C0,00000000)
[2025/07/14 22:44:26] 62 -- Subscribe Channel: 00000001 by (2CFEA8C0,00000000)
[2025/07/14 22:44:26] 63 -- Subscribe Channel: 00000003 by (2CFEA8C0,00000000)
[2025/07/14 22:44:26] 64 -- Subscribe Channel: GM <00000000> by (2CFEA8C0,00000000)
[2025/07/14 22:44:26] 65 -- Subscribe Channel: 00000004 by (2CFEA8C0,00000000)
[2025/07/14 22:44:26] 66 -- Subscribe Channel: 00000002 by (2CFEA8C0,00000000)
[2025/07/14 22:44:26] 67 -- Subscribe Channel: 00000001 by (2CFEA8C0,00000000)
[2025/07/14 22:44:26] 68 -- Subscribe Channel: 00000003 by (2CFEA8C0,00000000)
[2025/07/14 22:44:26] 69 -- Subscribe Channel: GM <00000000> by (2CFEA8C0,00000000)
[2025/07/14 22:44:26] 70 -- Subscribe Channel: 00000004 by (2CFEA8C0,00000000)
[2025/07/14 22:44:26] 71 -- Subscribe Channel: 00000002 by (2CFEA8C0,00000000)
[2025/07/14 22:44:26] 72 -- Subscribe Channel: 00000001 by (2CFEA8C0,00000000)
[2025/07/14 22:44:26] 73 -- Subscribe Channel: 00000003 by (2CFEA8C0,00000000)
[2025/07/14 22:44:26] 74 -- Subscribe Channel: GM <00000000> by (2CFEA8C0,00000000)
[2025/07/14 22:44:26] 75 -- Subscribe Channel: 00000004 by (2CFEA8C0,00000000)
[2025/07/14 22:48:56] 76 -- update friend DB succeed
