
*
***** S3Relay Start (@ 2025/07/14 23:13:59.931) >>>>>
*

[2025/07/14 23:14:00] 1 -- Initializing ...
[2025/07/14 23:14:00] 2 -- Connect Database Success!
[2025/07/14 23:14:00] 3 -- Create Channel: [Stock, GM] <00000000> GM
[2025/07/14 23:14:00] 4 -- Create Channel: [Stock] <00000001> 世界
[2025/07/14 23:14:00] 5 -- friend timing update db: start
[2025/07/14 23:14:00] 6 -- relay server startup
[2025/07/14 23:14:00] 7 -- root client create: 192.168.254.42
[2025/07/14 23:14:00] 8 -- DBRole client create: 192.168.254.42
[2025/07/14 23:14:00] 9 -- root client close: 192.168.254.42
[2025/07/14 23:14:00] 10 -- gateway client create: 192.168.254.42
[2025/07/14 23:14:00] 11 -- host server startup
[2025/07/14 23:14:00] 12 -- tong server startup
[2025/07/14 23:14:00] 13 -- chat server startup
[2025/07/14 23:14:00] 14 -- SockThread start success
[2025/07/14 23:14:00] 15 -- tong database open ok!
[2025/07/14 23:14:00] 16 -- tongset init ok !
[2025/07/14 23:14:00] 17 -- Initialize OK
[2025/07/14 23:14:08] 18 -- host connect create: 127.0.0.1
[2025/07/14 23:14:08] 19 -- chat connect create: 127.0.0.1
[2025/07/14 23:14:08] 20 -- tong connect create: 127.0.0.1
[2025/07/14 23:14:17] 21 -- host connect create: 192.168.254.44
[2025/07/14 23:14:17] 22 -- chat connect create: 192.168.254.44
[2025/07/14 23:14:17] 23 -- tong connect create: 192.168.254.44
[2025/07/14 23:14:17] 24 -- host connect create: 192.168.254.43
[2025/07/14 23:14:17] 25 -- chat connect create: 192.168.254.43
[2025/07/14 23:14:17] 26 -- tong connect create: 192.168.254.43
[2025/07/14 23:14:17] 27 -- host connect create: 192.168.254.45
[2025/07/14 23:14:17] 28 -- chat connect create: 192.168.254.45
[2025/07/14 23:14:17] 29 -- tong connect create: 192.168.254.45
[2025/07/14 23:14:23] 30 -- load someone: BaoDiaSu
[2025/07/14 23:14:23] 31 -- player login: 1234567 [BaoDiaSu] (2CFEA8C0, 00000000)
[2025/07/14 23:14:23] 32 -- Query ChannelID: \S from (2CFEA8C0, 00000000)
[2025/07/14 23:14:23] 33 -- Create Channel: <00000002> \S754886848
[2025/07/14 23:14:23] 34 -- Query ChannelID: 世界 from (2CFEA8C0, 00000000)
[2025/07/14 23:14:23] 35 -- Query ChannelID: \F0 from (2CFEA8C0, 00000000)
[2025/07/14 23:14:23] 36 -- Create Channel: <00000003> \F0
[2025/07/14 23:14:23] 37 -- Query ChannelID: GM from (2CFEA8C0, 00000000)
[2025/07/14 23:14:23] 38 -- Query ChannelID: \B from (2CFEA8C0, 00000000)
[2025/07/14 23:14:23] 39 -- Create Channel: <00000004> \B754886848
[2025/07/14 23:14:23] 40 -- Query ChannelID: \S from (2CFEA8C0, 00000000)
[2025/07/14 23:14:23] 41 -- Query ChannelID: 世界 from (2CFEA8C0, 00000000)
[2025/07/14 23:14:23] 42 -- Query ChannelID: \F0 from (2CFEA8C0, 00000000)
[2025/07/14 23:14:23] 43 -- Query ChannelID: GM from (2CFEA8C0, 00000000)
[2025/07/14 23:14:23] 44 -- Query ChannelID: \B from (2CFEA8C0, 00000000)
[2025/07/14 23:14:23] 45 -- sync friend list: BaoDiaSu (full)
[2025/07/14 23:14:23] 46 -- Query ChannelID: \S from (2CFEA8C0, 00000000)
[2025/07/14 23:14:23] 47 -- Query ChannelID: 世界 from (2CFEA8C0, 00000000)
[2025/07/14 23:14:23] 48 -- Query ChannelID: \F0 from (2CFEA8C0, 00000000)
[2025/07/14 23:14:23] 49 -- Query ChannelID: GM from (2CFEA8C0, 00000000)
[2025/07/14 23:14:23] 50 -- Query ChannelID: \B from (2CFEA8C0, 00000000)
[2025/07/14 23:14:23] 51 -- Query ChannelID: \S from (2CFEA8C0, 00000000)
[2025/07/14 23:14:23] 52 -- Query ChannelID: 世界 from (2CFEA8C0, 00000000)
[2025/07/14 23:14:23] 53 -- Query ChannelID: \F0 from (2CFEA8C0, 00000000)
[2025/07/14 23:14:23] 54 -- Query ChannelID: GM from (2CFEA8C0, 00000000)
[2025/07/14 23:14:23] 55 -- Query ChannelID: \B from (2CFEA8C0, 00000000)
[2025/07/14 23:14:23] 56 -- Subscribe Channel: 00000002 by (2CFEA8C0,00000000)
[2025/07/14 23:14:23] 57 -- Subscribe Channel: 00000001 by (2CFEA8C0,00000000)
[2025/07/14 23:14:23] 58 -- Subscribe Channel: 00000003 by (2CFEA8C0,00000000)
[2025/07/14 23:14:23] 59 -- Subscribe Channel: GM <00000000> by (2CFEA8C0,00000000)
[2025/07/14 23:14:23] 60 -- Subscribe Channel: 00000004 by (2CFEA8C0,00000000)
[2025/07/14 23:14:23] 61 -- Subscribe Channel: 00000002 by (2CFEA8C0,00000000)
[2025/07/14 23:14:23] 62 -- Subscribe Channel: 00000001 by (2CFEA8C0,00000000)
[2025/07/14 23:14:23] 63 -- Subscribe Channel: 00000003 by (2CFEA8C0,00000000)
[2025/07/14 23:14:23] 64 -- Subscribe Channel: GM <00000000> by (2CFEA8C0,00000000)
[2025/07/14 23:14:23] 65 -- Subscribe Channel: 00000004 by (2CFEA8C0,00000000)
[2025/07/14 23:14:23] 66 -- Subscribe Channel: 00000002 by (2CFEA8C0,00000000)
[2025/07/14 23:14:23] 67 -- Subscribe Channel: 00000001 by (2CFEA8C0,00000000)
[2025/07/14 23:14:23] 68 -- Subscribe Channel: 00000003 by (2CFEA8C0,00000000)
[2025/07/14 23:14:23] 69 -- Subscribe Channel: GM <00000000> by (2CFEA8C0,00000000)
[2025/07/14 23:14:23] 70 -- Subscribe Channel: 00000004 by (2CFEA8C0,00000000)
[2025/07/14 23:14:23] 71 -- Subscribe Channel: 00000002 by (2CFEA8C0,00000000)
[2025/07/14 23:14:23] 72 -- Subscribe Channel: 00000001 by (2CFEA8C0,00000000)
[2025/07/14 23:14:23] 73 -- Subscribe Channel: 00000003 by (2CFEA8C0,00000000)
[2025/07/14 23:14:23] 74 -- Subscribe Channel: GM <00000000> by (2CFEA8C0,00000000)
[2025/07/14 23:14:23] 75 -- Subscribe Channel: 00000004 by (2CFEA8C0,00000000)
[2025/07/14 23:14:35] 76 -- load someone: NgaMyTieuNu
[2025/07/14 23:14:35] 77 -- player login: 12345678 [NgaMyTieuNu] (2CFEA8C0, 00000001)
[2025/07/14 23:14:35] 78 -- Query ChannelID: \S from (2CFEA8C0, 00000001)
[2025/07/14 23:14:35] 79 -- Query ChannelID: 世界 from (2CFEA8C0, 00000001)
[2025/07/14 23:14:35] 80 -- Query ChannelID: \F4 from (2CFEA8C0, 00000001)
[2025/07/14 23:14:35] 81 -- Create Channel: <00000005> \F4
[2025/07/14 23:14:35] 82 -- Query ChannelID: GM from (2CFEA8C0, 00000001)
[2025/07/14 23:14:35] 83 -- Query ChannelID: \B from (2CFEA8C0, 00000001)
[2025/07/14 23:14:35] 84 -- Query ChannelID: \S from (2CFEA8C0, 00000001)
[2025/07/14 23:14:35] 85 -- Query ChannelID: 世界 from (2CFEA8C0, 00000001)
[2025/07/14 23:14:35] 86 -- Query ChannelID: \F4 from (2CFEA8C0, 00000001)
[2025/07/14 23:14:35] 87 -- Query ChannelID: GM from (2CFEA8C0, 00000001)
[2025/07/14 23:14:35] 88 -- Query ChannelID: \B from (2CFEA8C0, 00000001)
[2025/07/14 23:14:35] 89 -- sync friend list: NgaMyTieuNu (full)
[2025/07/14 23:14:35] 90 -- Query ChannelID: \S from (2CFEA8C0, 00000001)
[2025/07/14 23:14:35] 91 -- Query ChannelID: 世界 from (2CFEA8C0, 00000001)
[2025/07/14 23:14:35] 92 -- Query ChannelID: \F4 from (2CFEA8C0, 00000001)
[2025/07/14 23:14:35] 93 -- Query ChannelID: GM from (2CFEA8C0, 00000001)
[2025/07/14 23:14:35] 94 -- Query ChannelID: \B from (2CFEA8C0, 00000001)
[2025/07/14 23:14:35] 95 -- Query ChannelID: \S from (2CFEA8C0, 00000001)
[2025/07/14 23:14:35] 96 -- Query ChannelID: 世界 from (2CFEA8C0, 00000001)
[2025/07/14 23:14:35] 97 -- Query ChannelID: \F4 from (2CFEA8C0, 00000001)
[2025/07/14 23:14:35] 98 -- Query ChannelID: GM from (2CFEA8C0, 00000001)
[2025/07/14 23:14:35] 99 -- Query ChannelID: \B from (2CFEA8C0, 00000001)
[2025/07/14 23:14:35] 100 -- Subscribe Channel: 00000002 by (2CFEA8C0,00000001)
[2025/07/14 23:14:35] 101 -- Subscribe Channel: 00000001 by (2CFEA8C0,00000001)
[2025/07/14 23:14:35] 102 -- Subscribe Channel: 00000005 by (2CFEA8C0,00000001)
[2025/07/14 23:14:35] 103 -- Subscribe Channel: GM <00000000> by (2CFEA8C0,00000001)
[2025/07/14 23:14:35] 104 -- Subscribe Channel: 00000004 by (2CFEA8C0,00000001)
[2025/07/14 23:14:35] 105 -- Subscribe Channel: 00000002 by (2CFEA8C0,00000001)
[2025/07/14 23:14:35] 106 -- Subscribe Channel: 00000001 by (2CFEA8C0,00000001)
[2025/07/14 23:14:35] 107 -- Subscribe Channel: 00000005 by (2CFEA8C0,00000001)
[2025/07/14 23:14:35] 108 -- Subscribe Channel: GM <00000000> by (2CFEA8C0,00000001)
[2025/07/14 23:14:35] 109 -- Subscribe Channel: 00000004 by (2CFEA8C0,00000001)
[2025/07/14 23:14:35] 110 -- Subscribe Channel: 00000002 by (2CFEA8C0,00000001)
[2025/07/14 23:14:35] 111 -- Subscribe Channel: 00000001 by (2CFEA8C0,00000001)
[2025/07/14 23:14:35] 112 -- Subscribe Channel: 00000005 by (2CFEA8C0,00000001)
[2025/07/14 23:14:35] 113 -- Subscribe Channel: GM <00000000> by (2CFEA8C0,00000001)
[2025/07/14 23:14:35] 114 -- Subscribe Channel: 00000004 by (2CFEA8C0,00000001)
[2025/07/14 23:14:35] 115 -- Subscribe Channel: 00000002 by (2CFEA8C0,00000001)
[2025/07/14 23:14:35] 116 -- Subscribe Channel: 00000001 by (2CFEA8C0,00000001)
[2025/07/14 23:14:35] 117 -- Subscribe Channel: 00000005 by (2CFEA8C0,00000001)
[2025/07/14 23:14:35] 118 -- Subscribe Channel: GM <00000000> by (2CFEA8C0,00000001)
[2025/07/14 23:14:35] 119 -- Subscribe Channel: 00000004 by (2CFEA8C0,00000001)
[2025/07/14 23:15:18] 120 -- Query ChannelID: \T0 from (2CFEA8C0, 00000001)
[2025/07/14 23:15:18] 121 -- Create Channel: <00000006> \T0:754886848
[2025/07/14 23:15:18] 122 -- Query ChannelID: \T0 from (2CFEA8C0, 00000001)
[2025/07/14 23:15:18] 123 -- Query ChannelID: \T0 from (2CFEA8C0, 00000001)
[2025/07/14 23:15:18] 124 -- Subscribe Channel: 00000006 by (2CFEA8C0,00000001)
[2025/07/14 23:15:18] 125 -- Subscribe Channel: 00000006 by (2CFEA8C0,00000001)
[2025/07/14 23:15:18] 126 -- Subscribe Channel: 00000006 by (2CFEA8C0,00000001)
[2025/07/14 23:15:21] 127 -- Query ChannelID: \T0 from (2CFEA8C0, 00000000)
[2025/07/14 23:15:21] 128 -- Query ChannelID: \T0 from (2CFEA8C0, 00000000)
[2025/07/14 23:15:21] 129 -- Query ChannelID: \T0 from (2CFEA8C0, 00000000)
[2025/07/14 23:15:21] 130 -- Subscribe Channel: 00000006 by (2CFEA8C0,00000000)
[2025/07/14 23:15:21] 131 -- Subscribe Channel: 00000006 by (2CFEA8C0,00000000)
[2025/07/14 23:15:21] 132 -- Subscribe Channel: 00000006 by (2CFEA8C0,00000000)
[2025/07/14 23:17:15] 133 -- load someone: DienBaQuan
[2025/07/14 23:17:15] 134 -- player login: 123456 [DienBaQuan] (2CFEA8C0, 00000002)
[2025/07/14 23:17:15] 135 -- Query ChannelID: \S from (2CFEA8C0, 00000002)
[2025/07/14 23:17:15] 136 -- Query ChannelID: 世界 from (2CFEA8C0, 00000002)
[2025/07/14 23:17:15] 137 -- Query ChannelID: \F2 from (2CFEA8C0, 00000002)
[2025/07/14 23:17:15] 138 -- Create Channel: <00000007> \F2
[2025/07/14 23:17:15] 139 -- Query ChannelID: GM from (2CFEA8C0, 00000002)
[2025/07/14 23:17:15] 140 -- Query ChannelID: \B from (2CFEA8C0, 00000002)
[2025/07/14 23:17:15] 141 -- Query ChannelID: \S from (2CFEA8C0, 00000002)
[2025/07/14 23:17:15] 142 -- Query ChannelID: 世界 from (2CFEA8C0, 00000002)
[2025/07/14 23:17:15] 143 -- Query ChannelID: \F2 from (2CFEA8C0, 00000002)
[2025/07/14 23:17:15] 144 -- Query ChannelID: GM from (2CFEA8C0, 00000002)
[2025/07/14 23:17:15] 145 -- Query ChannelID: \B from (2CFEA8C0, 00000002)
[2025/07/14 23:17:15] 146 -- sync friend list: DienBaQuan (full)
[2025/07/14 23:17:15] 147 -- Query ChannelID: \S from (2CFEA8C0, 00000002)
[2025/07/14 23:17:15] 148 -- Query ChannelID: 世界 from (2CFEA8C0, 00000002)
[2025/07/14 23:17:15] 149 -- Query ChannelID: \F2 from (2CFEA8C0, 00000002)
[2025/07/14 23:17:15] 150 -- Query ChannelID: GM from (2CFEA8C0, 00000002)
[2025/07/14 23:17:15] 151 -- Query ChannelID: \B from (2CFEA8C0, 00000002)
[2025/07/14 23:17:15] 152 -- Query ChannelID: \S from (2CFEA8C0, 00000002)
[2025/07/14 23:17:15] 153 -- Query ChannelID: 世界 from (2CFEA8C0, 00000002)
[2025/07/14 23:17:15] 154 -- Query ChannelID: \F2 from (2CFEA8C0, 00000002)
[2025/07/14 23:17:15] 155 -- Query ChannelID: GM from (2CFEA8C0, 00000002)
[2025/07/14 23:17:15] 156 -- Query ChannelID: \B from (2CFEA8C0, 00000002)
[2025/07/14 23:17:15] 157 -- Subscribe Channel: 00000002 by (2CFEA8C0,00000002)
[2025/07/14 23:17:15] 158 -- Subscribe Channel: 00000001 by (2CFEA8C0,00000002)
[2025/07/14 23:17:15] 159 -- Subscribe Channel: 00000007 by (2CFEA8C0,00000002)
[2025/07/14 23:17:15] 160 -- Subscribe Channel: GM <00000000> by (2CFEA8C0,00000002)
[2025/07/14 23:17:15] 161 -- Subscribe Channel: 00000004 by (2CFEA8C0,00000002)
[2025/07/14 23:17:15] 162 -- Subscribe Channel: 00000002 by (2CFEA8C0,00000002)
[2025/07/14 23:17:15] 163 -- Subscribe Channel: 00000001 by (2CFEA8C0,00000002)
[2025/07/14 23:17:15] 164 -- Subscribe Channel: 00000007 by (2CFEA8C0,00000002)
[2025/07/14 23:17:15] 165 -- Subscribe Channel: GM <00000000> by (2CFEA8C0,00000002)
[2025/07/14 23:17:15] 166 -- Subscribe Channel: 00000004 by (2CFEA8C0,00000002)
[2025/07/14 23:17:15] 167 -- Subscribe Channel: 00000002 by (2CFEA8C0,00000002)
[2025/07/14 23:17:15] 168 -- Subscribe Channel: 00000001 by (2CFEA8C0,00000002)
[2025/07/14 23:17:15] 169 -- Subscribe Channel: 00000007 by (2CFEA8C0,00000002)
[2025/07/14 23:17:15] 170 -- Subscribe Channel: GM <00000000> by (2CFEA8C0,00000002)
[2025/07/14 23:17:15] 171 -- Subscribe Channel: 00000004 by (2CFEA8C0,00000002)
[2025/07/14 23:17:15] 172 -- Subscribe Channel: 00000002 by (2CFEA8C0,00000002)
[2025/07/14 23:17:15] 173 -- Subscribe Channel: 00000001 by (2CFEA8C0,00000002)
[2025/07/14 23:17:15] 174 -- Subscribe Channel: 00000007 by (2CFEA8C0,00000002)
[2025/07/14 23:17:15] 175 -- Subscribe Channel: GM <00000000> by (2CFEA8C0,00000002)
[2025/07/14 23:17:15] 176 -- Subscribe Channel: 00000004 by (2CFEA8C0,00000002)
[2025/07/14 23:17:36] 177 -- Query ChannelID: \T0 from (2CFEA8C0, 00000002)
[2025/07/14 23:17:36] 178 -- Subscribe Channel: 00000006 by (2CFEA8C0,00000002)
[2025/07/14 23:19:03] 179 -- update friend DB succeed
[2025/07/14 23:24:03] 180 -- update friend DB succeed
[2025/07/14 23:29:03] 181 -- update friend DB succeed
[2025/07/14 23:34:04] 182 -- update friend DB succeed
[2025/07/14 23:39:04] 183 -- update friend DB succeed
[2025/07/14 23:44:04] 184 -- update friend DB succeed
[2025/07/14 23:49:05] 185 -- update friend DB succeed
[2025/07/14 23:54:05] 186 -- update friend DB succeed
[2025/07/14 23:59:05] 187 -- update friend DB succeed
[2025/07/15 00:04:03] 188 -- update friend DB succeed
[2025/07/15 00:09:03] 189 -- update friend DB succeed
[2025/07/15 00:14:03] 190 -- update friend DB succeed
[2025/07/15 00:19:04] 191 -- update friend DB succeed
[2025/07/15 00:24:04] 192 -- update friend DB succeed
[2025/07/15 00:29:05] 193 -- update friend DB succeed
[2025/07/15 00:34:05] 194 -- update friend DB succeed
[2025/07/15 00:39:05] 195 -- update friend DB succeed
[2025/07/15 00:39:39] 196 -- Destroy Channel: <00000003> \F0
[2025/07/15 00:39:39] 197 -- player logout: 1234567
[2025/07/15 00:39:50] 198 -- Destroy Channel: <00000007> \F2
[2025/07/15 00:39:50] 199 -- player logout: 123456
[2025/07/15 00:40:08] 200 -- Destroy Channel: <00000002> \S754886848
[2025/07/15 00:40:08] 201 -- Destroy Channel: <00000004> \B754886848
[2025/07/15 00:40:08] 202 -- Destroy Channel: <00000005> \F4
[2025/07/15 00:40:08] 203 -- Destroy Channel: <00000006> \T0:754886848
[2025/07/15 00:40:08] 204 -- player logout: 12345678
