
*
***** S3Relay Start (@ 2025/07/19 14:40:01.651) >>>>>
*

[2025/07/19 14:40:01] 1 -- Initializing ...
[2025/07/19 14:40:01] 2 -- Connect Database Success!
[2025/07/19 14:40:01] 3 -- Create Channel: [Stock, GM] <00000000> GM
[2025/07/19 14:40:01] 4 -- Create Channel: [Stock] <00000001> 世界
[2025/07/19 14:40:01] 5 -- friend timing update db: start
[2025/07/19 14:40:01] 6 -- relay server startup
[2025/07/19 14:40:01] 7 -- root client create: 192.168.254.42
[2025/07/19 14:40:01] 8 -- DBRole client create: 192.168.254.42
[2025/07/19 14:40:01] 9 -- root client close: 192.168.254.42
[2025/07/19 14:40:01] 10 -- gateway client create: 192.168.254.42
[2025/07/19 14:40:01] 11 -- host server startup
[2025/07/19 14:40:01] 12 -- tong server startup
[2025/07/19 14:40:01] 13 -- chat server startup
[2025/07/19 14:40:01] 14 -- SockThread start success
[2025/07/19 14:40:01] 15 -- tong database open ok!
[2025/07/19 14:40:01] 16 -- tongset init ok !
[2025/07/19 14:40:01] 17 -- Initialize OK
[2025/07/19 14:40:13] 18 -- host connect create: 127.0.0.1
[2025/07/19 14:40:13] 19 -- chat connect create: 127.0.0.1
[2025/07/19 14:40:13] 20 -- tong connect create: 127.0.0.1
[2025/07/19 14:40:13] 21 -- host connect create: 192.168.254.44
[2025/07/19 14:40:13] 22 -- chat connect create: 192.168.254.44
[2025/07/19 14:40:13] 23 -- tong connect create: 192.168.254.44
[2025/07/19 14:40:13] 24 -- host connect create: 192.168.254.43
[2025/07/19 14:40:13] 25 -- chat connect create: 192.168.254.43
[2025/07/19 14:40:13] 26 -- tong connect create: 192.168.254.43
[2025/07/19 14:40:13] 27 -- host connect create: 192.168.254.45
[2025/07/19 14:40:13] 28 -- chat connect create: 192.168.254.45
[2025/07/19 14:40:13] 29 -- tong connect create: 192.168.254.45
[2025/07/19 14:40:28] 30 -- load someone: BaoDiaSu
[2025/07/19 14:40:28] 31 -- player login: 1234567 [BaoDiaSu] (2CFEA8C0, 00000000)
[2025/07/19 14:40:28] 32 -- sync friend list: BaoDiaSu (full)
[2025/07/19 14:40:28] 33 -- Query ChannelID: \S from (2CFEA8C0, 00000000)
[2025/07/19 14:40:28] 34 -- Create Channel: <00000002> \S754886848
[2025/07/19 14:40:28] 35 -- Query ChannelID: 世界 from (2CFEA8C0, 00000000)
[2025/07/19 14:40:28] 36 -- Query ChannelID: \F0 from (2CFEA8C0, 00000000)
[2025/07/19 14:40:28] 37 -- Create Channel: <00000003> \F0
[2025/07/19 14:40:28] 38 -- Query ChannelID: GM from (2CFEA8C0, 00000000)
[2025/07/19 14:40:28] 39 -- Query ChannelID: \B from (2CFEA8C0, 00000000)
[2025/07/19 14:40:28] 40 -- Create Channel: <00000004> \B754886848
[2025/07/19 14:40:28] 41 -- Query ChannelID: \S from (2CFEA8C0, 00000000)
[2025/07/19 14:40:28] 42 -- Query ChannelID: 世界 from (2CFEA8C0, 00000000)
[2025/07/19 14:40:28] 43 -- Query ChannelID: \F0 from (2CFEA8C0, 00000000)
[2025/07/19 14:40:28] 44 -- Query ChannelID: GM from (2CFEA8C0, 00000000)
[2025/07/19 14:40:28] 45 -- Query ChannelID: \B from (2CFEA8C0, 00000000)
[2025/07/19 14:40:28] 46 -- Query ChannelID: \S from (2CFEA8C0, 00000000)
[2025/07/19 14:40:28] 47 -- Query ChannelID: 世界 from (2CFEA8C0, 00000000)
[2025/07/19 14:40:28] 48 -- Query ChannelID: \F0 from (2CFEA8C0, 00000000)
[2025/07/19 14:40:28] 49 -- Query ChannelID: GM from (2CFEA8C0, 00000000)
[2025/07/19 14:40:28] 50 -- Query ChannelID: \B from (2CFEA8C0, 00000000)
[2025/07/19 14:40:28] 51 -- Query ChannelID: \S from (2CFEA8C0, 00000000)
[2025/07/19 14:40:28] 52 -- Query ChannelID: 世界 from (2CFEA8C0, 00000000)
[2025/07/19 14:40:28] 53 -- Query ChannelID: \F0 from (2CFEA8C0, 00000000)
[2025/07/19 14:40:28] 54 -- Query ChannelID: GM from (2CFEA8C0, 00000000)
[2025/07/19 14:40:28] 55 -- Query ChannelID: \B from (2CFEA8C0, 00000000)
[2025/07/19 14:40:28] 56 -- Subscribe Channel: 00000002 by (2CFEA8C0,00000000)
[2025/07/19 14:40:28] 57 -- Subscribe Channel: 00000001 by (2CFEA8C0,00000000)
[2025/07/19 14:40:28] 58 -- Subscribe Channel: 00000003 by (2CFEA8C0,00000000)
[2025/07/19 14:40:28] 59 -- Subscribe Channel: GM <00000000> by (2CFEA8C0,00000000)
[2025/07/19 14:40:28] 60 -- Subscribe Channel: 00000004 by (2CFEA8C0,00000000)
[2025/07/19 14:40:28] 61 -- Subscribe Channel: 00000002 by (2CFEA8C0,00000000)
[2025/07/19 14:40:28] 62 -- Subscribe Channel: 00000001 by (2CFEA8C0,00000000)
[2025/07/19 14:40:28] 63 -- Subscribe Channel: 00000003 by (2CFEA8C0,00000000)
[2025/07/19 14:40:28] 64 -- Subscribe Channel: GM <00000000> by (2CFEA8C0,00000000)
[2025/07/19 14:40:28] 65 -- Subscribe Channel: 00000004 by (2CFEA8C0,00000000)
[2025/07/19 14:40:28] 66 -- Subscribe Channel: 00000002 by (2CFEA8C0,00000000)
[2025/07/19 14:40:28] 67 -- Subscribe Channel: 00000001 by (2CFEA8C0,00000000)
[2025/07/19 14:40:28] 68 -- Subscribe Channel: 00000003 by (2CFEA8C0,00000000)
[2025/07/19 14:40:28] 69 -- Subscribe Channel: GM <00000000> by (2CFEA8C0,00000000)
[2025/07/19 14:40:28] 70 -- Subscribe Channel: 00000004 by (2CFEA8C0,00000000)
[2025/07/19 14:40:28] 71 -- Subscribe Channel: 00000002 by (2CFEA8C0,00000000)
[2025/07/19 14:40:28] 72 -- Subscribe Channel: 00000001 by (2CFEA8C0,00000000)
[2025/07/19 14:40:28] 73 -- Subscribe Channel: 00000003 by (2CFEA8C0,00000000)
[2025/07/19 14:40:28] 74 -- Subscribe Channel: GM <00000000> by (2CFEA8C0,00000000)
[2025/07/19 14:40:28] 75 -- Subscribe Channel: 00000004 by (2CFEA8C0,00000000)
[2025/07/19 14:41:10] 76 -- Destroy Channel: <00000002> \S754886848
[2025/07/19 14:41:10] 77 -- Destroy Channel: <00000003> \F0
[2025/07/19 14:41:10] 78 -- Destroy Channel: <00000004> \B754886848
[2025/07/19 14:41:10] 79 -- player logout: 1234567
[2025/07/19 14:45:05] 80 -- update friend DB succeed
