
*
***** S3Relay Start (@ 2025/07/19 16:42:16.954) >>>>>
*

[2025/07/19 16:42:17] 1 -- Initializing ...
[2025/07/19 16:42:17] 2 -- Connect Database Success!
[2025/07/19 16:42:17] 3 -- Create Channel: [Stock, GM] <00000000> GM
[2025/07/19 16:42:17] 4 -- Create Channel: [Stock] <00000001> 世界
[2025/07/19 16:42:17] 5 -- friend timing update db: start
[2025/07/19 16:42:17] 6 -- relay server startup
[2025/07/19 16:42:17] 7 -- root client create: 192.168.254.42
[2025/07/19 16:42:17] 8 -- DBRole client create: 192.168.254.42
[2025/07/19 16:42:17] 9 -- root client close: 192.168.254.42
[2025/07/19 16:42:17] 10 -- gateway client create: 192.168.254.42
[2025/07/19 16:42:17] 11 -- host server startup
[2025/07/19 16:42:17] 12 -- tong server startup
[2025/07/19 16:42:17] 13 -- chat server startup
[2025/07/19 16:42:17] 14 -- SockThread start success
[2025/07/19 16:42:17] 15 -- tong database open ok!
[2025/07/19 16:42:17] 16 -- tongset init ok !
[2025/07/19 16:42:17] 17 -- Initialize OK
[2025/07/19 16:42:25] 18 -- host connect create: 127.0.0.1
[2025/07/19 16:42:25] 19 -- chat connect create: 127.0.0.1
[2025/07/19 16:42:25] 20 -- tong connect create: 127.0.0.1
[2025/07/19 16:42:35] 21 -- host connect create: 192.168.254.44
[2025/07/19 16:42:35] 22 -- chat connect create: 192.168.254.44
[2025/07/19 16:42:35] 23 -- tong connect create: 192.168.254.44
[2025/07/19 16:42:35] 24 -- host connect create: 192.168.254.43
[2025/07/19 16:42:35] 25 -- chat connect create: 192.168.254.43
[2025/07/19 16:42:35] 26 -- tong connect create: 192.168.254.43
[2025/07/19 16:42:35] 27 -- host connect create: 192.168.254.45
[2025/07/19 16:42:35] 28 -- chat connect create: 192.168.254.45
[2025/07/19 16:42:35] 29 -- tong connect create: 192.168.254.45
[2025/07/19 16:42:50] 30 -- load someone: BaoDiaSu
[2025/07/19 16:42:50] 31 -- player login: 1234567 [BaoDiaSu] (2CFEA8C0, 00000000)
[2025/07/19 16:42:50] 32 -- Query ChannelID: \S from (2CFEA8C0, 00000000)
[2025/07/19 16:42:50] 33 -- Create Channel: <00000002> \S754886848
[2025/07/19 16:42:50] 34 -- Query ChannelID: 世界 from (2CFEA8C0, 00000000)
[2025/07/19 16:42:50] 35 -- Query ChannelID: \F0 from (2CFEA8C0, 00000000)
[2025/07/19 16:42:50] 36 -- Create Channel: <00000003> \F0
[2025/07/19 16:42:50] 37 -- Query ChannelID: GM from (2CFEA8C0, 00000000)
[2025/07/19 16:42:50] 38 -- Query ChannelID: \B from (2CFEA8C0, 00000000)
[2025/07/19 16:42:50] 39 -- Create Channel: <00000004> \B754886848
[2025/07/19 16:42:50] 40 -- Query ChannelID: \S from (2CFEA8C0, 00000000)
[2025/07/19 16:42:50] 41 -- Query ChannelID: 世界 from (2CFEA8C0, 00000000)
[2025/07/19 16:42:50] 42 -- Query ChannelID: \F0 from (2CFEA8C0, 00000000)
[2025/07/19 16:42:50] 43 -- Query ChannelID: GM from (2CFEA8C0, 00000000)
[2025/07/19 16:42:50] 44 -- Query ChannelID: \B from (2CFEA8C0, 00000000)
[2025/07/19 16:42:50] 45 -- Query ChannelID: \S from (2CFEA8C0, 00000000)
[2025/07/19 16:42:50] 46 -- Query ChannelID: 世界 from (2CFEA8C0, 00000000)
[2025/07/19 16:42:50] 47 -- Query ChannelID: \F0 from (2CFEA8C0, 00000000)
[2025/07/19 16:42:50] 48 -- Query ChannelID: GM from (2CFEA8C0, 00000000)
[2025/07/19 16:42:50] 49 -- Query ChannelID: \B from (2CFEA8C0, 00000000)
[2025/07/19 16:42:50] 50 -- Query ChannelID: \S from (2CFEA8C0, 00000000)
[2025/07/19 16:42:50] 51 -- Query ChannelID: 世界 from (2CFEA8C0, 00000000)
[2025/07/19 16:42:50] 52 -- Query ChannelID: \F0 from (2CFEA8C0, 00000000)
[2025/07/19 16:42:50] 53 -- Query ChannelID: GM from (2CFEA8C0, 00000000)
[2025/07/19 16:42:50] 54 -- Query ChannelID: \B from (2CFEA8C0, 00000000)
[2025/07/19 16:42:50] 55 -- sync friend list: BaoDiaSu (full)
[2025/07/19 16:42:50] 56 -- Subscribe Channel: 00000002 by (2CFEA8C0,00000000)
[2025/07/19 16:42:50] 57 -- Subscribe Channel: 00000001 by (2CFEA8C0,00000000)
[2025/07/19 16:42:50] 58 -- Subscribe Channel: 00000003 by (2CFEA8C0,00000000)
[2025/07/19 16:42:50] 59 -- Subscribe Channel: GM <00000000> by (2CFEA8C0,00000000)
[2025/07/19 16:42:50] 60 -- Subscribe Channel: 00000004 by (2CFEA8C0,00000000)
[2025/07/19 16:42:50] 61 -- Subscribe Channel: 00000002 by (2CFEA8C0,00000000)
[2025/07/19 16:42:50] 62 -- Subscribe Channel: 00000001 by (2CFEA8C0,00000000)
[2025/07/19 16:42:50] 63 -- Subscribe Channel: 00000003 by (2CFEA8C0,00000000)
[2025/07/19 16:42:50] 64 -- Subscribe Channel: GM <00000000> by (2CFEA8C0,00000000)
[2025/07/19 16:42:50] 65 -- Subscribe Channel: 00000004 by (2CFEA8C0,00000000)
[2025/07/19 16:42:50] 66 -- Subscribe Channel: 00000002 by (2CFEA8C0,00000000)
[2025/07/19 16:42:50] 67 -- Subscribe Channel: 00000001 by (2CFEA8C0,00000000)
[2025/07/19 16:42:50] 68 -- Subscribe Channel: 00000003 by (2CFEA8C0,00000000)
[2025/07/19 16:42:50] 69 -- Subscribe Channel: GM <00000000> by (2CFEA8C0,00000000)
[2025/07/19 16:42:50] 70 -- Subscribe Channel: 00000004 by (2CFEA8C0,00000000)
[2025/07/19 16:42:50] 71 -- Subscribe Channel: 00000002 by (2CFEA8C0,00000000)
[2025/07/19 16:42:50] 72 -- Subscribe Channel: 00000001 by (2CFEA8C0,00000000)
[2025/07/19 16:42:50] 73 -- Subscribe Channel: 00000003 by (2CFEA8C0,00000000)
[2025/07/19 16:42:50] 74 -- Subscribe Channel: GM <00000000> by (2CFEA8C0,00000000)
[2025/07/19 16:42:50] 75 -- Subscribe Channel: 00000004 by (2CFEA8C0,00000000)
[2025/07/19 16:47:20] 76 -- update friend DB succeed
[2025/07/19 16:48:53] 77 -- Destroy Channel: <00000002> \S754886848
[2025/07/19 16:48:53] 78 -- Destroy Channel: <00000003> \F0
[2025/07/19 16:48:53] 79 -- Destroy Channel: <00000004> \B754886848
[2025/07/19 16:48:53] 80 -- player logout: 1234567
