
*
***** S3Relay Start (@ 2025/07/19 17:29:40.253) >>>>>
*

[2025/07/19 17:29:40] 1 -- Initializing ...
[2025/07/19 17:29:40] 2 -- Connect Database Success!
[2025/07/19 17:29:40] 3 -- Create Channel: [Stock, GM] <00000000> GM
[2025/07/19 17:29:40] 4 -- Create Channel: [Stock] <00000001> 世界
[2025/07/19 17:29:40] 5 -- friend timing update db: start
[2025/07/19 17:29:40] 6 -- relay server startup
[2025/07/19 17:29:40] 7 -- root client create: 192.168.254.42
[2025/07/19 17:29:40] 8 -- DBRole client create: 192.168.254.42
[2025/07/19 17:29:40] 9 -- root client close: 192.168.254.42
[2025/07/19 17:29:40] 10 -- gateway client create: 192.168.254.42
[2025/07/19 17:29:40] 11 -- host server startup
[2025/07/19 17:29:40] 12 -- tong server startup
[2025/07/19 17:29:40] 13 -- chat server startup
[2025/07/19 17:29:40] 14 -- SockThread start success
[2025/07/19 17:29:40] 15 -- tong database open ok!
[2025/07/19 17:29:40] 16 -- tongset init ok !
[2025/07/19 17:29:40] 17 -- Initialize OK
[2025/07/19 17:29:49] 18 -- host connect create: 127.0.0.1
[2025/07/19 17:29:49] 19 -- chat connect create: 127.0.0.1
[2025/07/19 17:29:49] 20 -- tong connect create: 127.0.0.1
[2025/07/19 17:29:58] 21 -- host connect create: 192.168.254.44
[2025/07/19 17:29:58] 22 -- chat connect create: 192.168.254.44
[2025/07/19 17:29:58] 23 -- tong connect create: 192.168.254.44
[2025/07/19 17:29:58] 24 -- host connect create: 192.168.254.43
[2025/07/19 17:29:58] 25 -- chat connect create: 192.168.254.43
[2025/07/19 17:29:58] 26 -- tong connect create: 192.168.254.43
[2025/07/19 17:29:58] 27 -- host connect create: 192.168.254.45
[2025/07/19 17:29:58] 28 -- chat connect create: 192.168.254.45
[2025/07/19 17:29:58] 29 -- tong connect create: 192.168.254.45
[2025/07/19 17:30:31] 30 -- load someone: BaoDiaSu
[2025/07/19 17:30:31] 31 -- player login: 1234567 [BaoDiaSu] (2CFEA8C0, 00000000)
[2025/07/19 17:30:31] 32 -- Query ChannelID: \S from (2CFEA8C0, 00000000)
[2025/07/19 17:30:31] 33 -- Create Channel: <00000002> \S754886848
[2025/07/19 17:30:31] 34 -- Query ChannelID: 世界 from (2CFEA8C0, 00000000)
[2025/07/19 17:30:31] 35 -- Query ChannelID: \F0 from (2CFEA8C0, 00000000)
[2025/07/19 17:30:31] 36 -- Create Channel: <00000003> \F0
[2025/07/19 17:30:31] 37 -- Query ChannelID: GM from (2CFEA8C0, 00000000)
[2025/07/19 17:30:31] 38 -- Query ChannelID: \B from (2CFEA8C0, 00000000)
[2025/07/19 17:30:31] 39 -- Create Channel: <00000004> \B754886848
[2025/07/19 17:30:31] 40 -- Query ChannelID: \S from (2CFEA8C0, 00000000)
[2025/07/19 17:30:31] 41 -- Query ChannelID: 世界 from (2CFEA8C0, 00000000)
[2025/07/19 17:30:31] 42 -- Query ChannelID: \F0 from (2CFEA8C0, 00000000)
[2025/07/19 17:30:31] 43 -- Query ChannelID: GM from (2CFEA8C0, 00000000)
[2025/07/19 17:30:31] 44 -- Query ChannelID: \B from (2CFEA8C0, 00000000)
[2025/07/19 17:30:31] 45 -- sync friend list: BaoDiaSu (full)
[2025/07/19 17:30:31] 46 -- Query ChannelID: \S from (2CFEA8C0, 00000000)
[2025/07/19 17:30:31] 47 -- Query ChannelID: 世界 from (2CFEA8C0, 00000000)
[2025/07/19 17:30:31] 48 -- Query ChannelID: \F0 from (2CFEA8C0, 00000000)
[2025/07/19 17:30:31] 49 -- Query ChannelID: GM from (2CFEA8C0, 00000000)
[2025/07/19 17:30:31] 50 -- Query ChannelID: \B from (2CFEA8C0, 00000000)
[2025/07/19 17:30:31] 51 -- Query ChannelID: \S from (2CFEA8C0, 00000000)
[2025/07/19 17:30:31] 52 -- Query ChannelID: 世界 from (2CFEA8C0, 00000000)
[2025/07/19 17:30:31] 53 -- Query ChannelID: \F0 from (2CFEA8C0, 00000000)
[2025/07/19 17:30:31] 54 -- Query ChannelID: GM from (2CFEA8C0, 00000000)
[2025/07/19 17:30:31] 55 -- Query ChannelID: \B from (2CFEA8C0, 00000000)
[2025/07/19 17:30:31] 56 -- Subscribe Channel: 00000002 by (2CFEA8C0,00000000)
[2025/07/19 17:30:31] 57 -- Subscribe Channel: 00000001 by (2CFEA8C0,00000000)
[2025/07/19 17:30:31] 58 -- Subscribe Channel: 00000003 by (2CFEA8C0,00000000)
[2025/07/19 17:30:31] 59 -- Subscribe Channel: GM <00000000> by (2CFEA8C0,00000000)
[2025/07/19 17:30:31] 60 -- Subscribe Channel: 00000004 by (2CFEA8C0,00000000)
[2025/07/19 17:30:31] 61 -- Subscribe Channel: 00000002 by (2CFEA8C0,00000000)
[2025/07/19 17:30:31] 62 -- Subscribe Channel: 00000001 by (2CFEA8C0,00000000)
[2025/07/19 17:30:31] 63 -- Subscribe Channel: 00000003 by (2CFEA8C0,00000000)
[2025/07/19 17:30:31] 64 -- Subscribe Channel: GM <00000000> by (2CFEA8C0,00000000)
[2025/07/19 17:30:31] 65 -- Subscribe Channel: 00000004 by (2CFEA8C0,00000000)
[2025/07/19 17:30:31] 66 -- Subscribe Channel: 00000002 by (2CFEA8C0,00000000)
[2025/07/19 17:30:31] 67 -- Subscribe Channel: 00000001 by (2CFEA8C0,00000000)
[2025/07/19 17:30:31] 68 -- Subscribe Channel: 00000003 by (2CFEA8C0,00000000)
[2025/07/19 17:30:31] 69 -- Subscribe Channel: GM <00000000> by (2CFEA8C0,00000000)
[2025/07/19 17:30:31] 70 -- Subscribe Channel: 00000004 by (2CFEA8C0,00000000)
[2025/07/19 17:30:31] 71 -- Subscribe Channel: 00000002 by (2CFEA8C0,00000000)
[2025/07/19 17:30:31] 72 -- Subscribe Channel: 00000001 by (2CFEA8C0,00000000)
[2025/07/19 17:30:31] 73 -- Subscribe Channel: 00000003 by (2CFEA8C0,00000000)
[2025/07/19 17:30:31] 74 -- Subscribe Channel: GM <00000000> by (2CFEA8C0,00000000)
[2025/07/19 17:30:31] 75 -- Subscribe Channel: 00000004 by (2CFEA8C0,00000000)
[2025/07/19 17:34:43] 76 -- update friend DB succeed
[2025/07/19 17:39:44] 77 -- update friend DB succeed
[2025/07/19 17:44:45] 78 -- update friend DB succeed
