
*
***** S3Relay Start (@ 2025/07/19 18:12:43.975) >>>>>
*

[2025/07/19 18:12:44] 1 -- Initializing ...
[2025/07/19 18:12:44] 2 -- Connect Database Success!
[2025/07/19 18:12:44] 3 -- Create Channel: [Stock, GM] <00000000> GM
[2025/07/19 18:12:44] 4 -- Create Channel: [Stock] <00000001> 世界
[2025/07/19 18:12:44] 5 -- friend timing update db: start
[2025/07/19 18:12:44] 6 -- relay server startup
[2025/07/19 18:12:44] 7 -- root client create: 192.168.254.42
[2025/07/19 18:12:44] 8 -- DBRole client create: 192.168.254.42
[2025/07/19 18:12:44] 9 -- root client close: 192.168.254.42
[2025/07/19 18:12:44] 10 -- host server startup
[2025/07/19 18:12:44] 11 -- tong server startup
[2025/07/19 18:12:44] 12 -- chat server startup
[2025/07/19 18:12:44] 13 -- SockThread start success
[2025/07/19 18:12:44] 14 -- gateway client create: 192.168.254.42
[2025/07/19 18:12:44] 15 -- tong database open ok!
[2025/07/19 18:12:44] 16 -- tongset init ok !
[2025/07/19 18:12:44] 17 -- Initialize OK
[2025/07/19 18:12:53] 18 -- host connect create: 127.0.0.1
[2025/07/19 18:12:53] 19 -- chat connect create: 127.0.0.1
[2025/07/19 18:12:53] 20 -- tong connect create: 127.0.0.1
[2025/07/19 18:12:59] 21 -- host connect create: 192.168.254.44
[2025/07/19 18:12:59] 22 -- chat connect create: 192.168.254.44
[2025/07/19 18:12:59] 23 -- tong connect create: 192.168.254.44
[2025/07/19 18:12:59] 24 -- host connect create: 192.168.254.43
[2025/07/19 18:12:59] 25 -- chat connect create: 192.168.254.43
[2025/07/19 18:12:59] 26 -- tong connect create: 192.168.254.43
[2025/07/19 18:13:02] 27 -- host connect create: 192.168.254.45
[2025/07/19 18:13:02] 28 -- chat connect create: 192.168.254.45
[2025/07/19 18:13:02] 29 -- tong connect create: 192.168.254.45
[2025/07/19 18:13:14] 30 -- load someone: BaoDiaSu
[2025/07/19 18:13:14] 31 -- player login: 1234567 [BaoDiaSu] (2CFEA8C0, 00000000)
[2025/07/19 18:13:14] 32 -- Query ChannelID: \S from (2CFEA8C0, 00000000)
[2025/07/19 18:13:14] 33 -- Create Channel: <00000002> \S754886848
[2025/07/19 18:13:14] 34 -- Query ChannelID: 世界 from (2CFEA8C0, 00000000)
[2025/07/19 18:13:14] 35 -- Query ChannelID: \F0 from (2CFEA8C0, 00000000)
[2025/07/19 18:13:14] 36 -- Create Channel: <00000003> \F0
[2025/07/19 18:13:14] 37 -- Query ChannelID: GM from (2CFEA8C0, 00000000)
[2025/07/19 18:13:14] 38 -- Query ChannelID: \B from (2CFEA8C0, 00000000)
[2025/07/19 18:13:14] 39 -- Create Channel: <00000004> \B754886848
[2025/07/19 18:13:14] 40 -- Query ChannelID: \S from (2CFEA8C0, 00000000)
[2025/07/19 18:13:14] 41 -- Query ChannelID: 世界 from (2CFEA8C0, 00000000)
[2025/07/19 18:13:14] 42 -- Query ChannelID: \F0 from (2CFEA8C0, 00000000)
[2025/07/19 18:13:14] 43 -- Query ChannelID: GM from (2CFEA8C0, 00000000)
[2025/07/19 18:13:14] 44 -- Query ChannelID: \B from (2CFEA8C0, 00000000)
[2025/07/19 18:13:14] 45 -- Query ChannelID: \S from (2CFEA8C0, 00000000)
[2025/07/19 18:13:14] 46 -- Query ChannelID: 世界 from (2CFEA8C0, 00000000)
[2025/07/19 18:13:14] 47 -- Query ChannelID: \F0 from (2CFEA8C0, 00000000)
[2025/07/19 18:13:14] 48 -- Query ChannelID: GM from (2CFEA8C0, 00000000)
[2025/07/19 18:13:14] 49 -- Query ChannelID: \B from (2CFEA8C0, 00000000)
[2025/07/19 18:13:14] 50 -- Query ChannelID: \S from (2CFEA8C0, 00000000)
[2025/07/19 18:13:14] 51 -- Query ChannelID: 世界 from (2CFEA8C0, 00000000)
[2025/07/19 18:13:14] 52 -- Query ChannelID: \F0 from (2CFEA8C0, 00000000)
[2025/07/19 18:13:14] 53 -- Query ChannelID: GM from (2CFEA8C0, 00000000)
[2025/07/19 18:13:14] 54 -- Query ChannelID: \B from (2CFEA8C0, 00000000)
[2025/07/19 18:13:14] 55 -- sync friend list: BaoDiaSu (full)
[2025/07/19 18:13:17] 56 -- Subscribe Channel: 00000002 by (2CFEA8C0,00000000)
[2025/07/19 18:13:17] 57 -- Subscribe Channel: 00000001 by (2CFEA8C0,00000000)
[2025/07/19 18:13:17] 58 -- Subscribe Channel: 00000003 by (2CFEA8C0,00000000)
[2025/07/19 18:13:17] 59 -- Subscribe Channel: GM <00000000> by (2CFEA8C0,00000000)
[2025/07/19 18:13:17] 60 -- Subscribe Channel: 00000004 by (2CFEA8C0,00000000)
[2025/07/19 18:13:17] 61 -- Subscribe Channel: 00000002 by (2CFEA8C0,00000000)
[2025/07/19 18:13:17] 62 -- Subscribe Channel: 00000001 by (2CFEA8C0,00000000)
[2025/07/19 18:13:17] 63 -- Subscribe Channel: 00000003 by (2CFEA8C0,00000000)
[2025/07/19 18:13:17] 64 -- Subscribe Channel: GM <00000000> by (2CFEA8C0,00000000)
[2025/07/19 18:13:17] 65 -- Subscribe Channel: 00000004 by (2CFEA8C0,00000000)
[2025/07/19 18:13:17] 66 -- Subscribe Channel: 00000002 by (2CFEA8C0,00000000)
[2025/07/19 18:13:17] 67 -- Subscribe Channel: 00000001 by (2CFEA8C0,00000000)
[2025/07/19 18:13:17] 68 -- Subscribe Channel: 00000003 by (2CFEA8C0,00000000)
[2025/07/19 18:13:17] 69 -- Subscribe Channel: GM <00000000> by (2CFEA8C0,00000000)
[2025/07/19 18:13:17] 70 -- Subscribe Channel: 00000004 by (2CFEA8C0,00000000)
[2025/07/19 18:13:17] 71 -- Subscribe Channel: 00000002 by (2CFEA8C0,00000000)
[2025/07/19 18:13:17] 72 -- Subscribe Channel: 00000001 by (2CFEA8C0,00000000)
[2025/07/19 18:13:17] 73 -- Subscribe Channel: 00000003 by (2CFEA8C0,00000000)
[2025/07/19 18:13:17] 74 -- Subscribe Channel: GM <00000000> by (2CFEA8C0,00000000)
[2025/07/19 18:13:17] 75 -- Subscribe Channel: 00000004 by (2CFEA8C0,00000000)
[2025/07/19 18:17:47] 76 -- update friend DB succeed
[2025/07/19 18:22:48] 77 -- update friend DB succeed
[2025/07/19 18:22:51] 78 -- Destroy Channel: <00000002> \S754886848
[2025/07/19 18:22:51] 79 -- Destroy Channel: <00000003> \F0
[2025/07/19 18:22:51] 80 -- Destroy Channel: <00000004> \B754886848
[2025/07/19 18:22:51] 81 -- player logout: 1234567
