
*
***** S3Relay Start (@ 2025/07/19 18:24:38.044) >>>>>
*

[2025/07/19 18:24:38] 1 -- Initializing ...
[2025/07/19 18:24:38] 2 -- Connect Database Success!
[2025/07/19 18:24:38] 3 -- Create Channel: [Stock, GM] <00000000> GM
[2025/07/19 18:24:38] 4 -- Create Channel: [Stock] <00000001> 世界
[2025/07/19 18:24:38] 5 -- friend timing update db: start
[2025/07/19 18:24:38] 6 -- relay server startup
[2025/07/19 18:24:38] 7 -- root client create: 192.168.254.42
[2025/07/19 18:24:38] 8 -- DBRole client create: 192.168.254.42
[2025/07/19 18:24:38] 9 -- root client close: 192.168.254.42
[2025/07/19 18:24:38] 10 -- gateway client create: 192.168.254.42
[2025/07/19 18:24:38] 11 -- host server startup
[2025/07/19 18:24:38] 12 -- tong server startup
[2025/07/19 18:24:38] 13 -- chat server startup
[2025/07/19 18:24:38] 14 -- SockThread start success
[2025/07/19 18:24:38] 15 -- tong database open ok!
[2025/07/19 18:24:38] 16 -- tongset init ok !
[2025/07/19 18:24:38] 17 -- Initialize OK
[2025/07/19 18:24:47] 18 -- host connect create: 127.0.0.1
[2025/07/19 18:24:47] 19 -- chat connect create: 127.0.0.1
[2025/07/19 18:24:47] 20 -- tong connect create: 127.0.0.1
[2025/07/19 18:24:59] 21 -- host connect create: 192.168.254.44
[2025/07/19 18:24:59] 22 -- host connect create: 192.168.254.43
[2025/07/19 18:24:59] 23 -- chat connect create: 192.168.254.43
[2025/07/19 18:24:59] 24 -- chat connect create: 192.168.254.44
[2025/07/19 18:24:59] 25 -- tong connect create: 192.168.254.43
[2025/07/19 18:24:59] 26 -- tong connect create: 192.168.254.44
[2025/07/19 18:25:02] 27 -- host connect create: 192.168.254.45
[2025/07/19 18:25:02] 28 -- chat connect create: 192.168.254.45
[2025/07/19 18:25:02] 29 -- tong connect create: 192.168.254.45
[2025/07/19 18:25:11] 30 -- load someone: BaoDiaSu
[2025/07/19 18:25:11] 31 -- player login: 1234567 [BaoDiaSu] (2CFEA8C0, 00000000)
[2025/07/19 18:25:11] 32 -- Query ChannelID: \S from (2CFEA8C0, 00000000)
[2025/07/19 18:25:11] 33 -- Create Channel: <00000002> \S754886848
[2025/07/19 18:25:11] 34 -- Query ChannelID: 世界 from (2CFEA8C0, 00000000)
[2025/07/19 18:25:11] 35 -- Query ChannelID: \F0 from (2CFEA8C0, 00000000)
[2025/07/19 18:25:11] 36 -- Create Channel: <00000003> \F0
[2025/07/19 18:25:11] 37 -- Query ChannelID: GM from (2CFEA8C0, 00000000)
[2025/07/19 18:25:11] 38 -- Query ChannelID: \B from (2CFEA8C0, 00000000)
[2025/07/19 18:25:11] 39 -- Create Channel: <00000004> \B754886848
[2025/07/19 18:25:11] 40 -- Query ChannelID: \S from (2CFEA8C0, 00000000)
[2025/07/19 18:25:11] 41 -- Query ChannelID: 世界 from (2CFEA8C0, 00000000)
[2025/07/19 18:25:11] 42 -- Query ChannelID: \F0 from (2CFEA8C0, 00000000)
[2025/07/19 18:25:11] 43 -- Query ChannelID: GM from (2CFEA8C0, 00000000)
[2025/07/19 18:25:11] 44 -- Query ChannelID: \B from (2CFEA8C0, 00000000)
[2025/07/19 18:25:11] 45 -- sync friend list: BaoDiaSu (full)
[2025/07/19 18:25:11] 46 -- Query ChannelID: \S from (2CFEA8C0, 00000000)
[2025/07/19 18:25:11] 47 -- Query ChannelID: 世界 from (2CFEA8C0, 00000000)
[2025/07/19 18:25:11] 48 -- Query ChannelID: \F0 from (2CFEA8C0, 00000000)
[2025/07/19 18:25:11] 49 -- Query ChannelID: GM from (2CFEA8C0, 00000000)
[2025/07/19 18:25:11] 50 -- Query ChannelID: \B from (2CFEA8C0, 00000000)
[2025/07/19 18:25:11] 51 -- Query ChannelID: \S from (2CFEA8C0, 00000000)
[2025/07/19 18:25:11] 52 -- Query ChannelID: 世界 from (2CFEA8C0, 00000000)
[2025/07/19 18:25:11] 53 -- Query ChannelID: \F0 from (2CFEA8C0, 00000000)
[2025/07/19 18:25:11] 54 -- Query ChannelID: GM from (2CFEA8C0, 00000000)
[2025/07/19 18:25:11] 55 -- Query ChannelID: \B from (2CFEA8C0, 00000000)
[2025/07/19 18:25:11] 56 -- Subscribe Channel: 00000002 by (2CFEA8C0,00000000)
[2025/07/19 18:25:11] 57 -- Subscribe Channel: 00000001 by (2CFEA8C0,00000000)
[2025/07/19 18:25:11] 58 -- Subscribe Channel: 00000003 by (2CFEA8C0,00000000)
[2025/07/19 18:25:11] 59 -- Subscribe Channel: GM <00000000> by (2CFEA8C0,00000000)
[2025/07/19 18:25:11] 60 -- Subscribe Channel: 00000004 by (2CFEA8C0,00000000)
[2025/07/19 18:25:11] 61 -- Subscribe Channel: 00000002 by (2CFEA8C0,00000000)
[2025/07/19 18:25:11] 62 -- Subscribe Channel: 00000001 by (2CFEA8C0,00000000)
[2025/07/19 18:25:11] 63 -- Subscribe Channel: 00000003 by (2CFEA8C0,00000000)
[2025/07/19 18:25:11] 64 -- Subscribe Channel: GM <00000000> by (2CFEA8C0,00000000)
[2025/07/19 18:25:11] 65 -- Subscribe Channel: 00000004 by (2CFEA8C0,00000000)
[2025/07/19 18:25:11] 66 -- Subscribe Channel: 00000002 by (2CFEA8C0,00000000)
[2025/07/19 18:25:11] 67 -- Subscribe Channel: 00000001 by (2CFEA8C0,00000000)
[2025/07/19 18:25:11] 68 -- Subscribe Channel: 00000003 by (2CFEA8C0,00000000)
[2025/07/19 18:25:11] 69 -- Subscribe Channel: GM <00000000> by (2CFEA8C0,00000000)
[2025/07/19 18:25:11] 70 -- Subscribe Channel: 00000004 by (2CFEA8C0,00000000)
[2025/07/19 18:25:11] 71 -- Subscribe Channel: 00000002 by (2CFEA8C0,00000000)
[2025/07/19 18:25:11] 72 -- Subscribe Channel: 00000001 by (2CFEA8C0,00000000)
[2025/07/19 18:25:11] 73 -- Subscribe Channel: 00000003 by (2CFEA8C0,00000000)
[2025/07/19 18:25:11] 74 -- Subscribe Channel: GM <00000000> by (2CFEA8C0,00000000)
[2025/07/19 18:25:11] 75 -- Subscribe Channel: 00000004 by (2CFEA8C0,00000000)
[2025/07/19 18:29:41] 76 -- update friend DB succeed
[2025/07/19 18:31:50] 77 -- Destroy Channel: <00000002> \S754886848
[2025/07/19 18:31:50] 78 -- Destroy Channel: <00000003> \F0
[2025/07/19 18:31:50] 79 -- Destroy Channel: <00000004> \B754886848
[2025/07/19 18:31:50] 80 -- player logout: 1234567
