
*
***** S3Relay Start (@ 2025/07/19 19:42:48.954) >>>>>
*

[2025/07/19 19:42:49] 1 -- Initializing ...
[2025/07/19 19:42:49] 2 -- Connect Database Success!
[2025/07/19 19:42:49] 3 -- Create Channel: [Stock, GM] <00000000> GM
[2025/07/19 19:42:49] 4 -- Create Channel: [Stock] <00000001> 世界
[2025/07/19 19:42:49] 5 -- friend timing update db: start
[2025/07/19 19:42:49] 6 -- relay server startup
[2025/07/19 19:42:49] 7 -- root client create: 192.168.254.42
[2025/07/19 19:42:49] 8 -- DBRole client create: 192.168.254.42
[2025/07/19 19:42:49] 9 -- root client close: 192.168.254.42
[2025/07/19 19:42:49] 10 -- gateway client create: 192.168.254.42
[2025/07/19 19:42:49] 11 -- host server startup
[2025/07/19 19:42:49] 12 -- tong server startup
[2025/07/19 19:42:49] 13 -- chat server startup
[2025/07/19 19:42:49] 14 -- SockThread start success
[2025/07/19 19:42:49] 15 -- tong database open ok!
[2025/07/19 19:42:49] 16 -- tongset init ok !
[2025/07/19 19:42:49] 17 -- Initialize OK
[2025/07/19 19:42:57] 18 -- host connect create: 127.0.0.1
[2025/07/19 19:42:57] 19 -- chat connect create: 127.0.0.1
[2025/07/19 19:42:57] 20 -- tong connect create: 127.0.0.1
[2025/07/19 19:43:04] 21 -- host connect create: 192.168.254.44
[2025/07/19 19:43:04] 22 -- chat connect create: 192.168.254.44
[2025/07/19 19:43:04] 23 -- tong connect create: 192.168.254.44
[2025/07/19 19:43:04] 24 -- host connect create: 192.168.254.43
[2025/07/19 19:43:04] 25 -- chat connect create: 192.168.254.43
[2025/07/19 19:43:04] 26 -- tong connect create: 192.168.254.43
[2025/07/19 19:43:04] 27 -- host connect create: 192.168.254.45
[2025/07/19 19:43:04] 28 -- chat connect create: 192.168.254.45
[2025/07/19 19:43:04] 29 -- tong connect create: 192.168.254.45
[2025/07/19 19:43:16] 30 -- load someone: BaoDiaSu
[2025/07/19 19:43:16] 31 -- player login: 1234567 [BaoDiaSu] (2CFEA8C0, 00000000)
[2025/07/19 19:43:16] 32 -- Query ChannelID: \S from (2CFEA8C0, 00000000)
[2025/07/19 19:43:16] 33 -- Create Channel: <00000002> \S754886848
[2025/07/19 19:43:16] 34 -- Query ChannelID: 世界 from (2CFEA8C0, 00000000)
[2025/07/19 19:43:16] 35 -- Query ChannelID: \F0 from (2CFEA8C0, 00000000)
[2025/07/19 19:43:16] 36 -- Create Channel: <00000003> \F0
[2025/07/19 19:43:16] 37 -- Query ChannelID: GM from (2CFEA8C0, 00000000)
[2025/07/19 19:43:16] 38 -- Query ChannelID: \B from (2CFEA8C0, 00000000)
[2025/07/19 19:43:16] 39 -- Create Channel: <00000004> \B754886848
[2025/07/19 19:43:16] 40 -- Query ChannelID: \S from (2CFEA8C0, 00000000)
[2025/07/19 19:43:16] 41 -- Query ChannelID: 世界 from (2CFEA8C0, 00000000)
[2025/07/19 19:43:16] 42 -- Query ChannelID: \F0 from (2CFEA8C0, 00000000)
[2025/07/19 19:43:16] 43 -- Query ChannelID: GM from (2CFEA8C0, 00000000)
[2025/07/19 19:43:16] 44 -- Query ChannelID: \B from (2CFEA8C0, 00000000)
[2025/07/19 19:43:16] 45 -- sync friend list: BaoDiaSu (full)
[2025/07/19 19:43:16] 46 -- Query ChannelID: \S from (2CFEA8C0, 00000000)
[2025/07/19 19:43:16] 47 -- Query ChannelID: 世界 from (2CFEA8C0, 00000000)
[2025/07/19 19:43:16] 48 -- Query ChannelID: \F0 from (2CFEA8C0, 00000000)
[2025/07/19 19:43:16] 49 -- Query ChannelID: GM from (2CFEA8C0, 00000000)
[2025/07/19 19:43:16] 50 -- Query ChannelID: \B from (2CFEA8C0, 00000000)
[2025/07/19 19:43:16] 51 -- Query ChannelID: \S from (2CFEA8C0, 00000000)
[2025/07/19 19:43:16] 52 -- Query ChannelID: 世界 from (2CFEA8C0, 00000000)
[2025/07/19 19:43:16] 53 -- Query ChannelID: \F0 from (2CFEA8C0, 00000000)
[2025/07/19 19:43:16] 54 -- Query ChannelID: GM from (2CFEA8C0, 00000000)
[2025/07/19 19:43:16] 55 -- Query ChannelID: \B from (2CFEA8C0, 00000000)
[2025/07/19 19:43:16] 56 -- Subscribe Channel: 00000002 by (2CFEA8C0,00000000)
[2025/07/19 19:43:16] 57 -- Subscribe Channel: 00000001 by (2CFEA8C0,00000000)
[2025/07/19 19:43:16] 58 -- Subscribe Channel: 00000003 by (2CFEA8C0,00000000)
[2025/07/19 19:43:16] 59 -- Subscribe Channel: GM <00000000> by (2CFEA8C0,00000000)
[2025/07/19 19:43:16] 60 -- Subscribe Channel: 00000004 by (2CFEA8C0,00000000)
[2025/07/19 19:43:16] 61 -- Subscribe Channel: 00000002 by (2CFEA8C0,00000000)
[2025/07/19 19:43:16] 62 -- Subscribe Channel: 00000001 by (2CFEA8C0,00000000)
[2025/07/19 19:43:16] 63 -- Subscribe Channel: 00000003 by (2CFEA8C0,00000000)
[2025/07/19 19:43:16] 64 -- Subscribe Channel: GM <00000000> by (2CFEA8C0,00000000)
[2025/07/19 19:43:16] 65 -- Subscribe Channel: 00000004 by (2CFEA8C0,00000000)
[2025/07/19 19:43:16] 66 -- Subscribe Channel: 00000002 by (2CFEA8C0,00000000)
[2025/07/19 19:43:16] 67 -- Subscribe Channel: 00000001 by (2CFEA8C0,00000000)
[2025/07/19 19:43:16] 68 -- Subscribe Channel: 00000003 by (2CFEA8C0,00000000)
[2025/07/19 19:43:16] 69 -- Subscribe Channel: GM <00000000> by (2CFEA8C0,00000000)
[2025/07/19 19:43:16] 70 -- Subscribe Channel: 00000004 by (2CFEA8C0,00000000)
[2025/07/19 19:43:16] 71 -- Subscribe Channel: 00000002 by (2CFEA8C0,00000000)
[2025/07/19 19:43:16] 72 -- Subscribe Channel: 00000001 by (2CFEA8C0,00000000)
[2025/07/19 19:43:16] 73 -- Subscribe Channel: 00000003 by (2CFEA8C0,00000000)
[2025/07/19 19:43:16] 74 -- Subscribe Channel: GM <00000000> by (2CFEA8C0,00000000)
[2025/07/19 19:43:16] 75 -- Subscribe Channel: 00000004 by (2CFEA8C0,00000000)
[2025/07/19 19:44:25] 76 -- Destroy Channel: <00000002> \S754886848
[2025/07/19 19:44:25] 77 -- Destroy Channel: <00000003> \F0
[2025/07/19 19:44:25] 78 -- Destroy Channel: <00000004> \B754886848
[2025/07/19 19:44:25] 79 -- player logout: 1234567
