
*
***** S3Relay Start (@ 2025/07/19 20:04:11.547) >>>>>
*

[2025/07/19 20:04:11] 1 -- Initializing ...
[2025/07/19 20:04:11] 2 -- Connect Database Success!
[2025/07/19 20:04:11] 3 -- Create Channel: [Stock, GM] <00000000> GM
[2025/07/19 20:04:11] 4 -- Create Channel: [Stock] <00000001> 世界
[2025/07/19 20:04:11] 5 -- friend timing update db: start
[2025/07/19 20:04:11] 6 -- relay server startup
[2025/07/19 20:04:11] 7 -- root client create: 192.168.254.42
[2025/07/19 20:04:11] 8 -- DBRole client create: 192.168.254.42
[2025/07/19 20:04:11] 9 -- root client close: 192.168.254.42
[2025/07/19 20:04:11] 10 -- gateway client create: 192.168.254.42
[2025/07/19 20:04:11] 11 -- host server startup
[2025/07/19 20:04:11] 12 -- tong server startup
[2025/07/19 20:04:11] 13 -- chat server startup
[2025/07/19 20:04:11] 14 -- SockThread start success
[2025/07/19 20:04:11] 15 -- tong database open ok!
[2025/07/19 20:04:11] 16 -- tongset init ok !
[2025/07/19 20:04:11] 17 -- Initialize OK
[2025/07/19 20:04:20] 18 -- host connect create: 127.0.0.1
[2025/07/19 20:04:20] 19 -- chat connect create: 127.0.0.1
[2025/07/19 20:04:20] 20 -- tong connect create: 127.0.0.1
[2025/07/19 20:04:26] 21 -- host connect create: 192.168.254.44
[2025/07/19 20:04:26] 22 -- chat connect create: 192.168.254.44
[2025/07/19 20:04:26] 23 -- tong connect create: 192.168.254.44
[2025/07/19 20:04:26] 24 -- host connect create: 192.168.254.43
[2025/07/19 20:04:26] 25 -- chat connect create: 192.168.254.43
[2025/07/19 20:04:26] 26 -- tong connect create: 192.168.254.43
[2025/07/19 20:04:26] 27 -- host connect create: 192.168.254.45
[2025/07/19 20:04:26] 28 -- chat connect create: 192.168.254.45
[2025/07/19 20:04:26] 29 -- tong connect create: 192.168.254.45
[2025/07/19 20:04:32] 30 -- load someone: BaoDiaSu
[2025/07/19 20:04:32] 31 -- player login: 1234567 [BaoDiaSu] (2CFEA8C0, 00000000)
[2025/07/19 20:04:32] 32 -- Query ChannelID: \S from (2CFEA8C0, 00000000)
[2025/07/19 20:04:32] 33 -- Create Channel: <00000002> \S754886848
[2025/07/19 20:04:32] 34 -- Query ChannelID: 世界 from (2CFEA8C0, 00000000)
[2025/07/19 20:04:32] 35 -- Query ChannelID: \F0 from (2CFEA8C0, 00000000)
[2025/07/19 20:04:32] 36 -- Create Channel: <00000003> \F0
[2025/07/19 20:04:32] 37 -- Query ChannelID: GM from (2CFEA8C0, 00000000)
[2025/07/19 20:04:32] 38 -- Query ChannelID: \B from (2CFEA8C0, 00000000)
[2025/07/19 20:04:32] 39 -- Create Channel: <00000004> \B754886848
[2025/07/19 20:04:32] 40 -- Query ChannelID: \S from (2CFEA8C0, 00000000)
[2025/07/19 20:04:32] 41 -- Query ChannelID: 世界 from (2CFEA8C0, 00000000)
[2025/07/19 20:04:32] 42 -- Query ChannelID: \F0 from (2CFEA8C0, 00000000)
[2025/07/19 20:04:32] 43 -- Query ChannelID: GM from (2CFEA8C0, 00000000)
[2025/07/19 20:04:32] 44 -- Query ChannelID: \B from (2CFEA8C0, 00000000)
[2025/07/19 20:04:32] 45 -- sync friend list: BaoDiaSu (full)
[2025/07/19 20:04:32] 46 -- Query ChannelID: \S from (2CFEA8C0, 00000000)
[2025/07/19 20:04:32] 47 -- Query ChannelID: 世界 from (2CFEA8C0, 00000000)
[2025/07/19 20:04:32] 48 -- Query ChannelID: \F0 from (2CFEA8C0, 00000000)
[2025/07/19 20:04:32] 49 -- Query ChannelID: GM from (2CFEA8C0, 00000000)
[2025/07/19 20:04:32] 50 -- Query ChannelID: \B from (2CFEA8C0, 00000000)
[2025/07/19 20:04:32] 51 -- Query ChannelID: \S from (2CFEA8C0, 00000000)
[2025/07/19 20:04:32] 52 -- Query ChannelID: 世界 from (2CFEA8C0, 00000000)
[2025/07/19 20:04:32] 53 -- Query ChannelID: \F0 from (2CFEA8C0, 00000000)
[2025/07/19 20:04:32] 54 -- Query ChannelID: GM from (2CFEA8C0, 00000000)
[2025/07/19 20:04:32] 55 -- Query ChannelID: \B from (2CFEA8C0, 00000000)
[2025/07/19 20:04:32] 56 -- Subscribe Channel: 00000002 by (2CFEA8C0,00000000)
[2025/07/19 20:04:32] 57 -- Subscribe Channel: 00000001 by (2CFEA8C0,00000000)
[2025/07/19 20:04:32] 58 -- Subscribe Channel: 00000003 by (2CFEA8C0,00000000)
[2025/07/19 20:04:32] 59 -- Subscribe Channel: GM <00000000> by (2CFEA8C0,00000000)
[2025/07/19 20:04:32] 60 -- Subscribe Channel: 00000004 by (2CFEA8C0,00000000)
[2025/07/19 20:04:32] 61 -- Subscribe Channel: 00000002 by (2CFEA8C0,00000000)
[2025/07/19 20:04:32] 62 -- Subscribe Channel: 00000001 by (2CFEA8C0,00000000)
[2025/07/19 20:04:32] 63 -- Subscribe Channel: 00000003 by (2CFEA8C0,00000000)
[2025/07/19 20:04:32] 64 -- Subscribe Channel: GM <00000000> by (2CFEA8C0,00000000)
[2025/07/19 20:04:32] 65 -- Subscribe Channel: 00000004 by (2CFEA8C0,00000000)
[2025/07/19 20:04:32] 66 -- Subscribe Channel: 00000002 by (2CFEA8C0,00000000)
[2025/07/19 20:04:32] 67 -- Subscribe Channel: 00000001 by (2CFEA8C0,00000000)
[2025/07/19 20:04:32] 68 -- Subscribe Channel: 00000003 by (2CFEA8C0,00000000)
[2025/07/19 20:04:32] 69 -- Subscribe Channel: GM <00000000> by (2CFEA8C0,00000000)
[2025/07/19 20:04:32] 70 -- Subscribe Channel: 00000004 by (2CFEA8C0,00000000)
[2025/07/19 20:04:32] 71 -- Subscribe Channel: 00000002 by (2CFEA8C0,00000000)
[2025/07/19 20:04:32] 72 -- Subscribe Channel: 00000001 by (2CFEA8C0,00000000)
[2025/07/19 20:04:32] 73 -- Subscribe Channel: 00000003 by (2CFEA8C0,00000000)
[2025/07/19 20:04:32] 74 -- Subscribe Channel: GM <00000000> by (2CFEA8C0,00000000)
[2025/07/19 20:04:32] 75 -- Subscribe Channel: 00000004 by (2CFEA8C0,00000000)
[2025/07/19 20:09:15] 76 -- update friend DB succeed
[2025/07/19 20:14:15] 77 -- update friend DB succeed
[2025/07/19 20:19:16] 78 -- update friend DB succeed
[2025/07/19 20:24:17] 79 -- update friend DB succeed
[2025/07/19 20:29:15] 80 -- update friend DB succeed
[2025/07/19 20:34:15] 81 -- update friend DB succeed
[2025/07/19 20:39:16] 82 -- update friend DB succeed
[2025/07/19 20:44:17] 83 -- update friend DB succeed
[2025/07/19 20:49:14] 84 -- update friend DB succeed
[2025/07/19 20:54:15] 85 -- update friend DB succeed
[2025/07/19 20:59:16] 86 -- update friend DB succeed
[2025/07/19 21:04:16] 87 -- update friend DB succeed
[2025/07/19 21:09:17] 88 -- update friend DB succeed
[2025/07/19 21:14:15] 89 -- update friend DB succeed
[2025/07/19 21:19:15] 90 -- update friend DB succeed
[2025/07/19 21:24:16] 91 -- update friend DB succeed
[2025/07/19 21:25:46] 92 -- Destroy Channel: <00000002> \S754886848
[2025/07/19 21:25:46] 93 -- Destroy Channel: <00000003> \F0
[2025/07/19 21:25:46] 94 -- Destroy Channel: <00000004> \B754886848
[2025/07/19 21:25:46] 95 -- player logout: 1234567
