
*
***** S3Relay Start (@ 2025/07/19 22:14:44.515) >>>>>
*

[2025/07/19 22:14:44] 1 -- Initializing ...
[2025/07/19 22:14:44] 2 -- Connect Database Success!
[2025/07/19 22:14:44] 3 -- Create Channel: [Stock, GM] <00000000> GM
[2025/07/19 22:14:44] 4 -- Create Channel: [Stock] <00000001> 世界
[2025/07/19 22:14:44] 5 -- friend timing update db: start
[2025/07/19 22:14:44] 6 -- relay server startup
[2025/07/19 22:14:44] 7 -- root client create: 192.168.254.42
[2025/07/19 22:14:44] 8 -- DBRole client create: 192.168.254.42
[2025/07/19 22:14:44] 9 -- root client close: 192.168.254.42
[2025/07/19 22:14:44] 10 -- gateway client create: 192.168.254.42
[2025/07/19 22:14:44] 11 -- host server startup
[2025/07/19 22:14:44] 12 -- tong server startup
[2025/07/19 22:14:44] 13 -- chat server startup
[2025/07/19 22:14:44] 14 -- SockThread start success
[2025/07/19 22:14:44] 15 -- tong database open ok!
[2025/07/19 22:14:44] 16 -- tongset init ok !
[2025/07/19 22:14:44] 17 -- Initialize OK
[2025/07/19 22:14:53] 18 -- host connect create: 127.0.0.1
[2025/07/19 22:14:53] 19 -- chat connect create: 127.0.0.1
[2025/07/19 22:14:53] 20 -- tong connect create: 127.0.0.1
[2025/07/19 22:14:59] 21 -- host connect create: 192.168.254.44
[2025/07/19 22:14:59] 22 -- chat connect create: 192.168.254.44
[2025/07/19 22:14:59] 23 -- tong connect create: 192.168.254.44
[2025/07/19 22:14:59] 24 -- host connect create: 192.168.254.43
[2025/07/19 22:14:59] 25 -- chat connect create: 192.168.254.43
[2025/07/19 22:14:59] 26 -- tong connect create: 192.168.254.43
[2025/07/19 22:15:02] 27 -- host connect create: 192.168.254.45
[2025/07/19 22:15:02] 28 -- chat connect create: 192.168.254.45
[2025/07/19 22:15:02] 29 -- tong connect create: 192.168.254.45
[2025/07/19 22:15:38] 30 -- load someone: BaoDiaSu
[2025/07/19 22:15:38] 31 -- player login: 1234567 [BaoDiaSu] (2CFEA8C0, 00000000)
[2025/07/19 22:15:38] 32 -- Query ChannelID: \S from (2CFEA8C0, 00000000)
[2025/07/19 22:15:38] 33 -- Create Channel: <00000002> \S754886848
[2025/07/19 22:15:38] 34 -- Query ChannelID: 世界 from (2CFEA8C0, 00000000)
[2025/07/19 22:15:38] 35 -- Query ChannelID: \F0 from (2CFEA8C0, 00000000)
[2025/07/19 22:15:38] 36 -- Create Channel: <00000003> \F0
[2025/07/19 22:15:38] 37 -- Query ChannelID: GM from (2CFEA8C0, 00000000)
[2025/07/19 22:15:38] 38 -- Query ChannelID: \B from (2CFEA8C0, 00000000)
[2025/07/19 22:15:38] 39 -- Create Channel: <00000004> \B754886848
[2025/07/19 22:15:38] 40 -- Query ChannelID: \S from (2CFEA8C0, 00000000)
[2025/07/19 22:15:38] 41 -- Query ChannelID: 世界 from (2CFEA8C0, 00000000)
[2025/07/19 22:15:38] 42 -- Query ChannelID: \F0 from (2CFEA8C0, 00000000)
[2025/07/19 22:15:38] 43 -- Query ChannelID: GM from (2CFEA8C0, 00000000)
[2025/07/19 22:15:38] 44 -- Query ChannelID: \B from (2CFEA8C0, 00000000)
[2025/07/19 22:15:38] 45 -- sync friend list: BaoDiaSu (full)
[2025/07/19 22:15:38] 46 -- Query ChannelID: \S from (2CFEA8C0, 00000000)
[2025/07/19 22:15:38] 47 -- Query ChannelID: 世界 from (2CFEA8C0, 00000000)
[2025/07/19 22:15:38] 48 -- Query ChannelID: \F0 from (2CFEA8C0, 00000000)
[2025/07/19 22:15:38] 49 -- Query ChannelID: GM from (2CFEA8C0, 00000000)
[2025/07/19 22:15:38] 50 -- Query ChannelID: \B from (2CFEA8C0, 00000000)
[2025/07/19 22:15:38] 51 -- Query ChannelID: \S from (2CFEA8C0, 00000000)
[2025/07/19 22:15:38] 52 -- Query ChannelID: 世界 from (2CFEA8C0, 00000000)
[2025/07/19 22:15:38] 53 -- Query ChannelID: \F0 from (2CFEA8C0, 00000000)
[2025/07/19 22:15:38] 54 -- Query ChannelID: GM from (2CFEA8C0, 00000000)
[2025/07/19 22:15:38] 55 -- Query ChannelID: \B from (2CFEA8C0, 00000000)
[2025/07/19 22:15:38] 56 -- Subscribe Channel: 00000002 by (2CFEA8C0,00000000)
[2025/07/19 22:15:38] 57 -- Subscribe Channel: 00000001 by (2CFEA8C0,00000000)
[2025/07/19 22:15:38] 58 -- Subscribe Channel: 00000003 by (2CFEA8C0,00000000)
[2025/07/19 22:15:38] 59 -- Subscribe Channel: GM <00000000> by (2CFEA8C0,00000000)
[2025/07/19 22:15:38] 60 -- Subscribe Channel: 00000004 by (2CFEA8C0,00000000)
[2025/07/19 22:15:38] 61 -- Subscribe Channel: 00000002 by (2CFEA8C0,00000000)
[2025/07/19 22:15:38] 62 -- Subscribe Channel: 00000001 by (2CFEA8C0,00000000)
[2025/07/19 22:15:38] 63 -- Subscribe Channel: 00000003 by (2CFEA8C0,00000000)
[2025/07/19 22:15:38] 64 -- Subscribe Channel: GM <00000000> by (2CFEA8C0,00000000)
[2025/07/19 22:15:38] 65 -- Subscribe Channel: 00000004 by (2CFEA8C0,00000000)
[2025/07/19 22:15:38] 66 -- Subscribe Channel: 00000002 by (2CFEA8C0,00000000)
[2025/07/19 22:15:38] 67 -- Subscribe Channel: 00000001 by (2CFEA8C0,00000000)
[2025/07/19 22:15:38] 68 -- Subscribe Channel: 00000003 by (2CFEA8C0,00000000)
[2025/07/19 22:15:38] 69 -- Subscribe Channel: GM <00000000> by (2CFEA8C0,00000000)
[2025/07/19 22:15:38] 70 -- Subscribe Channel: 00000004 by (2CFEA8C0,00000000)
[2025/07/19 22:15:38] 71 -- Subscribe Channel: 00000002 by (2CFEA8C0,00000000)
[2025/07/19 22:15:38] 72 -- Subscribe Channel: 00000001 by (2CFEA8C0,00000000)
[2025/07/19 22:15:38] 73 -- Subscribe Channel: 00000003 by (2CFEA8C0,00000000)
[2025/07/19 22:15:38] 74 -- Subscribe Channel: GM <00000000> by (2CFEA8C0,00000000)
[2025/07/19 22:15:38] 75 -- Subscribe Channel: 00000004 by (2CFEA8C0,00000000)
[2025/07/19 22:16:17] 76 -- Destroy Channel: <00000002> \S754886848
[2025/07/19 22:16:17] 77 -- Destroy Channel: <00000003> \F0
[2025/07/19 22:16:17] 78 -- Destroy Channel: <00000004> \B754886848
[2025/07/19 22:16:17] 79 -- player logout: 1234567
[2025/07/19 22:19:47] 80 -- update friend DB succeed
[2025/07/19 22:24:48] 81 -- update friend DB succeed
