
*
***** S3Relay Start (@ 2025/07/16 14:21:59.884) >>>>>
*

[2025/07/16 14:21:59] 1 -- Initializing ...
[2025/07/16 14:21:59] 2 -- Connect Database Success!
[2025/07/16 14:21:59] 3 -- Create Channel: [Stock, GM] <00000000> GM
[2025/07/16 14:21:59] 4 -- Create Channel: [Stock] <00000001> 世界
[2025/07/16 14:21:59] 5 -- friend timing update db: start
[2025/07/16 14:21:59] 6 -- relay server startup
[2025/07/16 14:21:59] 7 -- root client create: 192.168.254.42
[2025/07/16 14:21:59] 8 -- DBRole client create: 192.168.254.42
[2025/07/16 14:21:59] 9 -- root client close: 192.168.254.42
[2025/07/16 14:21:59] 10 -- gateway client create: 192.168.254.42
[2025/07/16 14:21:59] 11 -- host server startup
[2025/07/16 14:21:59] 12 -- tong server startup
[2025/07/16 14:21:59] 13 -- chat server startup
[2025/07/16 14:21:59] 14 -- SockThread start success
[2025/07/16 14:21:59] 15 -- tong database open ok!
[2025/07/16 14:21:59] 16 -- tongset init ok !
[2025/07/16 14:22:00] 17 -- Initialize OK
[2025/07/16 14:22:11] 18 -- host connect create: 127.0.0.1
[2025/07/16 14:22:11] 19 -- chat connect create: 127.0.0.1
[2025/07/16 14:22:11] 20 -- tong connect create: 127.0.0.1
[2025/07/16 14:22:20] 21 -- host connect create: 192.168.254.43
[2025/07/16 14:22:20] 22 -- chat connect create: 192.168.254.43
[2025/07/16 14:22:20] 23 -- tong connect create: 192.168.254.43
[2025/07/16 14:22:20] 24 -- host connect create: 192.168.254.44
[2025/07/16 14:22:20] 25 -- chat connect create: 192.168.254.44
[2025/07/16 14:22:20] 26 -- tong connect create: 192.168.254.44
[2025/07/16 14:22:23] 27 -- host connect create: 192.168.254.45
[2025/07/16 14:22:23] 28 -- chat connect create: 192.168.254.45
[2025/07/16 14:22:23] 29 -- tong connect create: 192.168.254.45
[2025/07/16 14:22:29] 30 -- load someone: BaoDiaSu
[2025/07/16 14:22:29] 31 -- player login: 1234567 [BaoDiaSu] (2CFEA8C0, 00000000)
[2025/07/16 14:22:29] 32 -- Query ChannelID: \S from (2CFEA8C0, 00000000)
[2025/07/16 14:22:29] 33 -- Create Channel: <00000002> \S754886848
[2025/07/16 14:22:29] 34 -- Query ChannelID: 世界 from (2CFEA8C0, 00000000)
[2025/07/16 14:22:29] 35 -- Query ChannelID: \F0 from (2CFEA8C0, 00000000)
[2025/07/16 14:22:29] 36 -- Create Channel: <00000003> \F0
[2025/07/16 14:22:29] 37 -- Query ChannelID: GM from (2CFEA8C0, 00000000)
[2025/07/16 14:22:29] 38 -- Query ChannelID: \B from (2CFEA8C0, 00000000)
[2025/07/16 14:22:29] 39 -- Create Channel: <00000004> \B754886848
[2025/07/16 14:22:29] 40 -- Query ChannelID: \S from (2CFEA8C0, 00000000)
[2025/07/16 14:22:29] 41 -- Query ChannelID: 世界 from (2CFEA8C0, 00000000)
[2025/07/16 14:22:29] 42 -- Query ChannelID: \F0 from (2CFEA8C0, 00000000)
[2025/07/16 14:22:29] 43 -- Query ChannelID: GM from (2CFEA8C0, 00000000)
[2025/07/16 14:22:29] 44 -- Query ChannelID: \B from (2CFEA8C0, 00000000)
[2025/07/16 14:22:29] 45 -- Query ChannelID: \S from (2CFEA8C0, 00000000)
[2025/07/16 14:22:29] 46 -- Query ChannelID: 世界 from (2CFEA8C0, 00000000)
[2025/07/16 14:22:29] 47 -- Query ChannelID: \F0 from (2CFEA8C0, 00000000)
[2025/07/16 14:22:29] 48 -- Query ChannelID: GM from (2CFEA8C0, 00000000)
[2025/07/16 14:22:29] 49 -- Query ChannelID: \B from (2CFEA8C0, 00000000)
[2025/07/16 14:22:29] 50 -- Query ChannelID: \S from (2CFEA8C0, 00000000)
[2025/07/16 14:22:29] 51 -- Query ChannelID: 世界 from (2CFEA8C0, 00000000)
[2025/07/16 14:22:29] 52 -- Query ChannelID: \F0 from (2CFEA8C0, 00000000)
[2025/07/16 14:22:29] 53 -- Query ChannelID: GM from (2CFEA8C0, 00000000)
[2025/07/16 14:22:29] 54 -- Query ChannelID: \B from (2CFEA8C0, 00000000)
[2025/07/16 14:22:29] 55 -- sync friend list: BaoDiaSu (full)
[2025/07/16 14:22:29] 56 -- Subscribe Channel: 00000002 by (2CFEA8C0,00000000)
[2025/07/16 14:22:29] 57 -- Subscribe Channel: 00000001 by (2CFEA8C0,00000000)
[2025/07/16 14:22:29] 58 -- Subscribe Channel: 00000003 by (2CFEA8C0,00000000)
[2025/07/16 14:22:29] 59 -- Subscribe Channel: GM <00000000> by (2CFEA8C0,00000000)
[2025/07/16 14:22:29] 60 -- Subscribe Channel: 00000004 by (2CFEA8C0,00000000)
[2025/07/16 14:22:29] 61 -- Subscribe Channel: 00000002 by (2CFEA8C0,00000000)
[2025/07/16 14:22:29] 62 -- Subscribe Channel: 00000001 by (2CFEA8C0,00000000)
[2025/07/16 14:22:29] 63 -- Subscribe Channel: 00000003 by (2CFEA8C0,00000000)
[2025/07/16 14:22:29] 64 -- Subscribe Channel: GM <00000000> by (2CFEA8C0,00000000)
[2025/07/16 14:22:29] 65 -- Subscribe Channel: 00000004 by (2CFEA8C0,00000000)
[2025/07/16 14:22:29] 66 -- Subscribe Channel: 00000002 by (2CFEA8C0,00000000)
[2025/07/16 14:22:29] 67 -- Subscribe Channel: 00000001 by (2CFEA8C0,00000000)
[2025/07/16 14:22:29] 68 -- Subscribe Channel: 00000003 by (2CFEA8C0,00000000)
[2025/07/16 14:22:29] 69 -- Subscribe Channel: GM <00000000> by (2CFEA8C0,00000000)
[2025/07/16 14:22:29] 70 -- Subscribe Channel: 00000004 by (2CFEA8C0,00000000)
[2025/07/16 14:22:29] 71 -- Subscribe Channel: 00000002 by (2CFEA8C0,00000000)
[2025/07/16 14:22:29] 72 -- Subscribe Channel: 00000001 by (2CFEA8C0,00000000)
[2025/07/16 14:22:29] 73 -- Subscribe Channel: 00000003 by (2CFEA8C0,00000000)
[2025/07/16 14:22:29] 74 -- Subscribe Channel: GM <00000000> by (2CFEA8C0,00000000)
[2025/07/16 14:22:29] 75 -- Subscribe Channel: 00000004 by (2CFEA8C0,00000000)
[2025/07/16 14:27:03] 76 -- update friend DB succeed
[2025/07/16 14:32:03] 77 -- update friend DB succeed
[2025/07/16 14:37:03] 78 -- update friend DB succeed
[2025/07/16 14:42:04] 79 -- update friend DB succeed
[2025/07/16 14:47:04] 80 -- update friend DB succeed
[2025/07/16 14:52:05] 81 -- update friend DB succeed
[2025/07/16 14:57:05] 82 -- update friend DB succeed
[2025/07/16 15:02:03] 83 -- update friend DB succeed
[2025/07/16 15:07:03] 84 -- update friend DB succeed
[2025/07/16 15:12:03] 85 -- update friend DB succeed
[2025/07/16 15:17:04] 86 -- update friend DB succeed
[2025/07/16 15:22:04] 87 -- update friend DB succeed
[2025/07/16 15:27:04] 88 -- update friend DB succeed
[2025/07/16 15:32:05] 89 -- update friend DB succeed
[2025/07/16 15:37:05] 90 -- update friend DB succeed
[2025/07/16 15:42:03] 91 -- update friend DB succeed
[2025/07/16 15:47:03] 92 -- update friend DB succeed
[2025/07/16 15:52:03] 93 -- update friend DB succeed
[2025/07/16 15:57:04] 94 -- update friend DB succeed
[2025/07/16 16:02:04] 95 -- update friend DB succeed
[2025/07/16 16:07:05] 96 -- update friend DB succeed
[2025/07/16 16:12:05] 97 -- update friend DB succeed
[2025/07/16 16:17:05] 98 -- update friend DB succeed
[2025/07/16 16:22:03] 99 -- update friend DB succeed
[2025/07/16 16:27:03] 100 -- update friend DB succeed
[2025/07/16 16:32:03] 101 -- update friend DB succeed
[2025/07/16 16:37:03] 102 -- update friend DB succeed
[2025/07/16 16:42:04] 103 -- update friend DB succeed
[2025/07/16 16:47:04] 104 -- update friend DB succeed
[2025/07/16 16:52:04] 105 -- update friend DB succeed
[2025/07/16 16:57:04] 106 -- update friend DB succeed
