
*
***** S3Relay Start (@ 2025/07/16 17:12:00.549) >>>>>
*

[2025/07/16 17:12:00] 1 -- Initializing ...
[2025/07/16 17:12:00] 2 -- Connect Database Success!
[2025/07/16 17:12:00] 3 -- Create Channel: [Stock, GM] <00000000> GM
[2025/07/16 17:12:00] 4 -- Create Channel: [Stock] <00000001> 世界
[2025/07/16 17:12:00] 5 -- friend timing update db: start
[2025/07/16 17:12:00] 6 -- relay server startup
[2025/07/16 17:12:00] 7 -- root client create: 192.168.254.42
[2025/07/16 17:12:00] 8 -- DBRole client create: 192.168.254.42
[2025/07/16 17:12:00] 9 -- root client close: 192.168.254.42
[2025/07/16 17:12:00] 10 -- gateway client create: 192.168.254.42
[2025/07/16 17:12:00] 11 -- host server startup
[2025/07/16 17:12:00] 12 -- tong server startup
[2025/07/16 17:12:00] 13 -- chat server startup
[2025/07/16 17:12:00] 14 -- SockThread start success
[2025/07/16 17:12:00] 15 -- tong database open ok!
[2025/07/16 17:12:00] 16 -- tongset init ok !
[2025/07/16 17:12:00] 17 -- Initialize OK
[2025/07/16 17:12:09] 18 -- host connect create: 127.0.0.1
[2025/07/16 17:12:09] 19 -- chat connect create: 127.0.0.1
[2025/07/16 17:12:09] 20 -- tong connect create: 127.0.0.1
[2025/07/16 17:12:24] 21 -- host connect create: 192.168.254.44
[2025/07/16 17:12:24] 22 -- chat connect create: 192.168.254.44
[2025/07/16 17:12:24] 23 -- tong connect create: 192.168.254.44
[2025/07/16 17:12:24] 24 -- host connect create: 192.168.254.43
[2025/07/16 17:12:24] 25 -- chat connect create: 192.168.254.43
[2025/07/16 17:12:24] 26 -- tong connect create: 192.168.254.43
[2025/07/16 17:12:24] 27 -- host connect create: 192.168.254.45
[2025/07/16 17:12:24] 28 -- chat connect create: 192.168.254.45
[2025/07/16 17:12:24] 29 -- tong connect create: 192.168.254.45
[2025/07/16 17:12:36] 30 -- load someone: BaoDiaSu
[2025/07/16 17:12:36] 31 -- player login: 1234567 [BaoDiaSu] (2CFEA8C0, 00000000)
[2025/07/16 17:12:36] 32 -- Query ChannelID: \S from (2CFEA8C0, 00000000)
[2025/07/16 17:12:36] 33 -- Create Channel: <00000002> \S754886848
[2025/07/16 17:12:36] 34 -- Query ChannelID: 世界 from (2CFEA8C0, 00000000)
[2025/07/16 17:12:36] 35 -- Query ChannelID: \F0 from (2CFEA8C0, 00000000)
[2025/07/16 17:12:36] 36 -- Create Channel: <00000003> \F0
[2025/07/16 17:12:36] 37 -- Query ChannelID: GM from (2CFEA8C0, 00000000)
[2025/07/16 17:12:36] 38 -- Query ChannelID: \B from (2CFEA8C0, 00000000)
[2025/07/16 17:12:36] 39 -- Create Channel: <00000004> \B754886848
[2025/07/16 17:12:36] 40 -- Query ChannelID: \S from (2CFEA8C0, 00000000)
[2025/07/16 17:12:36] 41 -- Query ChannelID: 世界 from (2CFEA8C0, 00000000)
[2025/07/16 17:12:36] 42 -- Query ChannelID: \F0 from (2CFEA8C0, 00000000)
[2025/07/16 17:12:36] 43 -- Query ChannelID: GM from (2CFEA8C0, 00000000)
[2025/07/16 17:12:36] 44 -- Query ChannelID: \B from (2CFEA8C0, 00000000)
[2025/07/16 17:12:36] 45 -- sync friend list: BaoDiaSu (full)
[2025/07/16 17:12:36] 46 -- Query ChannelID: \S from (2CFEA8C0, 00000000)
[2025/07/16 17:12:36] 47 -- Query ChannelID: 世界 from (2CFEA8C0, 00000000)
[2025/07/16 17:12:36] 48 -- Query ChannelID: \F0 from (2CFEA8C0, 00000000)
[2025/07/16 17:12:36] 49 -- Query ChannelID: GM from (2CFEA8C0, 00000000)
[2025/07/16 17:12:36] 50 -- Query ChannelID: \B from (2CFEA8C0, 00000000)
[2025/07/16 17:12:36] 51 -- Query ChannelID: \S from (2CFEA8C0, 00000000)
[2025/07/16 17:12:36] 52 -- Query ChannelID: 世界 from (2CFEA8C0, 00000000)
[2025/07/16 17:12:36] 53 -- Query ChannelID: \F0 from (2CFEA8C0, 00000000)
[2025/07/16 17:12:36] 54 -- Query ChannelID: GM from (2CFEA8C0, 00000000)
[2025/07/16 17:12:36] 55 -- Query ChannelID: \B from (2CFEA8C0, 00000000)
[2025/07/16 17:12:36] 56 -- Subscribe Channel: 00000002 by (2CFEA8C0,00000000)
[2025/07/16 17:12:36] 57 -- Subscribe Channel: 00000001 by (2CFEA8C0,00000000)
[2025/07/16 17:12:36] 58 -- Subscribe Channel: 00000003 by (2CFEA8C0,00000000)
[2025/07/16 17:12:36] 59 -- Subscribe Channel: GM <00000000> by (2CFEA8C0,00000000)
[2025/07/16 17:12:36] 60 -- Subscribe Channel: 00000004 by (2CFEA8C0,00000000)
[2025/07/16 17:12:36] 61 -- Subscribe Channel: 00000002 by (2CFEA8C0,00000000)
[2025/07/16 17:12:36] 62 -- Subscribe Channel: 00000001 by (2CFEA8C0,00000000)
[2025/07/16 17:12:36] 63 -- Subscribe Channel: 00000003 by (2CFEA8C0,00000000)
[2025/07/16 17:12:36] 64 -- Subscribe Channel: GM <00000000> by (2CFEA8C0,00000000)
[2025/07/16 17:12:36] 65 -- Subscribe Channel: 00000004 by (2CFEA8C0,00000000)
[2025/07/16 17:12:36] 66 -- Subscribe Channel: 00000002 by (2CFEA8C0,00000000)
[2025/07/16 17:12:36] 67 -- Subscribe Channel: 00000001 by (2CFEA8C0,00000000)
[2025/07/16 17:12:36] 68 -- Subscribe Channel: 00000003 by (2CFEA8C0,00000000)
[2025/07/16 17:12:36] 69 -- Subscribe Channel: GM <00000000> by (2CFEA8C0,00000000)
[2025/07/16 17:12:36] 70 -- Subscribe Channel: 00000004 by (2CFEA8C0,00000000)
[2025/07/16 17:12:36] 71 -- Subscribe Channel: 00000002 by (2CFEA8C0,00000000)
[2025/07/16 17:12:36] 72 -- Subscribe Channel: 00000001 by (2CFEA8C0,00000000)
[2025/07/16 17:12:36] 73 -- Subscribe Channel: 00000003 by (2CFEA8C0,00000000)
[2025/07/16 17:12:36] 74 -- Subscribe Channel: GM <00000000> by (2CFEA8C0,00000000)
[2025/07/16 17:12:36] 75 -- Subscribe Channel: 00000004 by (2CFEA8C0,00000000)
[2025/07/16 17:13:51] 76 -- load someone: DienBaQuan
[2025/07/16 17:13:51] 77 -- player login: 123456 [DienBaQuan] (2CFEA8C0, 00000001)
[2025/07/16 17:13:51] 78 -- Query ChannelID: \S from (2CFEA8C0, 00000001)
[2025/07/16 17:13:51] 79 -- Query ChannelID: 世界 from (2CFEA8C0, 00000001)
[2025/07/16 17:13:51] 80 -- Query ChannelID: \F2 from (2CFEA8C0, 00000001)
[2025/07/16 17:13:51] 81 -- Create Channel: <00000005> \F2
[2025/07/16 17:13:51] 82 -- Query ChannelID: GM from (2CFEA8C0, 00000001)
[2025/07/16 17:13:51] 83 -- Query ChannelID: \B from (2CFEA8C0, 00000001)
[2025/07/16 17:13:51] 84 -- Query ChannelID: \S from (2CFEA8C0, 00000001)
[2025/07/16 17:13:51] 85 -- Query ChannelID: 世界 from (2CFEA8C0, 00000001)
[2025/07/16 17:13:51] 86 -- Query ChannelID: \F2 from (2CFEA8C0, 00000001)
[2025/07/16 17:13:51] 87 -- Query ChannelID: GM from (2CFEA8C0, 00000001)
[2025/07/16 17:13:51] 88 -- Query ChannelID: \B from (2CFEA8C0, 00000001)
[2025/07/16 17:13:51] 89 -- sync friend list: DienBaQuan (full)
[2025/07/16 17:13:51] 90 -- Query ChannelID: \S from (2CFEA8C0, 00000001)
[2025/07/16 17:13:51] 91 -- Query ChannelID: 世界 from (2CFEA8C0, 00000001)
[2025/07/16 17:13:51] 92 -- Query ChannelID: \F2 from (2CFEA8C0, 00000001)
[2025/07/16 17:13:51] 93 -- Query ChannelID: GM from (2CFEA8C0, 00000001)
[2025/07/16 17:13:51] 94 -- Query ChannelID: \B from (2CFEA8C0, 00000001)
[2025/07/16 17:13:51] 95 -- Query ChannelID: \S from (2CFEA8C0, 00000001)
[2025/07/16 17:13:51] 96 -- Query ChannelID: 世界 from (2CFEA8C0, 00000001)
[2025/07/16 17:13:51] 97 -- Query ChannelID: \F2 from (2CFEA8C0, 00000001)
[2025/07/16 17:13:51] 98 -- Query ChannelID: GM from (2CFEA8C0, 00000001)
[2025/07/16 17:13:51] 99 -- Query ChannelID: \B from (2CFEA8C0, 00000001)
[2025/07/16 17:13:51] 100 -- Subscribe Channel: 00000002 by (2CFEA8C0,00000001)
[2025/07/16 17:13:51] 101 -- Subscribe Channel: 00000001 by (2CFEA8C0,00000001)
[2025/07/16 17:13:51] 102 -- Subscribe Channel: 00000005 by (2CFEA8C0,00000001)
[2025/07/16 17:13:51] 103 -- Subscribe Channel: GM <00000000> by (2CFEA8C0,00000001)
[2025/07/16 17:13:51] 104 -- Subscribe Channel: 00000004 by (2CFEA8C0,00000001)
[2025/07/16 17:13:51] 105 -- Subscribe Channel: 00000002 by (2CFEA8C0,00000001)
[2025/07/16 17:13:51] 106 -- Subscribe Channel: 00000001 by (2CFEA8C0,00000001)
[2025/07/16 17:13:51] 107 -- Subscribe Channel: 00000005 by (2CFEA8C0,00000001)
[2025/07/16 17:13:51] 108 -- Subscribe Channel: GM <00000000> by (2CFEA8C0,00000001)
[2025/07/16 17:13:51] 109 -- Subscribe Channel: 00000004 by (2CFEA8C0,00000001)
[2025/07/16 17:13:51] 110 -- Subscribe Channel: 00000002 by (2CFEA8C0,00000001)
[2025/07/16 17:13:51] 111 -- Subscribe Channel: 00000001 by (2CFEA8C0,00000001)
[2025/07/16 17:13:51] 112 -- Subscribe Channel: 00000005 by (2CFEA8C0,00000001)
[2025/07/16 17:13:51] 113 -- Subscribe Channel: GM <00000000> by (2CFEA8C0,00000001)
[2025/07/16 17:13:51] 114 -- Subscribe Channel: 00000004 by (2CFEA8C0,00000001)
[2025/07/16 17:13:51] 115 -- Subscribe Channel: 00000002 by (2CFEA8C0,00000001)
[2025/07/16 17:13:51] 116 -- Subscribe Channel: 00000001 by (2CFEA8C0,00000001)
[2025/07/16 17:13:51] 117 -- Subscribe Channel: 00000005 by (2CFEA8C0,00000001)
[2025/07/16 17:13:51] 118 -- Subscribe Channel: GM <00000000> by (2CFEA8C0,00000001)
[2025/07/16 17:13:51] 119 -- Subscribe Channel: 00000004 by (2CFEA8C0,00000001)
[2025/07/16 17:17:03] 120 -- update friend DB succeed
[2025/07/16 17:22:04] 121 -- update friend DB succeed
