
*
***** S3Relay Start (@ 2025/07/16 17:50:25.057) >>>>>
*

[2025/07/16 17:50:25] 1 -- Initializing ...
[2025/07/16 17:50:25] 2 -- Connect Database Success!
[2025/07/16 17:50:25] 3 -- Create Channel: [Stock, GM] <00000000> GM
[2025/07/16 17:50:25] 4 -- Create Channel: [Stock] <00000001> 世界
[2025/07/16 17:50:25] 5 -- friend timing update db: start
[2025/07/16 17:50:25] 6 -- relay server startup
[2025/07/16 17:50:25] 7 -- root client create: 192.168.254.42
[2025/07/16 17:50:25] 8 -- DBRole client create: 192.168.254.42
[2025/07/16 17:50:25] 9 -- root client close: 192.168.254.42
[2025/07/16 17:50:25] 10 -- gateway client create: 192.168.254.42
[2025/07/16 17:50:25] 11 -- host server startup
[2025/07/16 17:50:25] 12 -- tong server startup
[2025/07/16 17:50:25] 13 -- chat server startup
[2025/07/16 17:50:25] 14 -- SockThread start success
[2025/07/16 17:50:25] 15 -- tong database open ok!
[2025/07/16 17:50:25] 16 -- tongset init ok !
[2025/07/16 17:50:25] 17 -- Initialize OK
[2025/07/16 17:50:34] 18 -- host connect create: 127.0.0.1
[2025/07/16 17:50:34] 19 -- chat connect create: 127.0.0.1
[2025/07/16 17:50:34] 20 -- tong connect create: 127.0.0.1
[2025/07/16 17:50:49] 21 -- host connect create: 192.168.254.43
[2025/07/16 17:50:49] 22 -- host connect create: 192.168.254.44
[2025/07/16 17:50:49] 23 -- chat connect create: 192.168.254.44
[2025/07/16 17:50:49] 24 -- chat connect create: 192.168.254.43
[2025/07/16 17:50:49] 25 -- tong connect create: 192.168.254.43
[2025/07/16 17:50:49] 26 -- tong connect create: 192.168.254.44
[2025/07/16 17:50:52] 27 -- host connect create: 192.168.254.45
[2025/07/16 17:50:52] 28 -- chat connect create: 192.168.254.45
[2025/07/16 17:50:52] 29 -- tong connect create: 192.168.254.45
[2025/07/16 17:51:04] 30 -- load someone: BaoDiaSu
[2025/07/16 17:51:04] 31 -- player login: 1234567 [BaoDiaSu] (2CFEA8C0, 00000000)
[2025/07/16 17:51:04] 32 -- Query ChannelID: \S from (2CFEA8C0, 00000000)
[2025/07/16 17:51:04] 33 -- Create Channel: <00000002> \S754886848
[2025/07/16 17:51:04] 34 -- Query ChannelID: 世界 from (2CFEA8C0, 00000000)
[2025/07/16 17:51:04] 35 -- Query ChannelID: \F0 from (2CFEA8C0, 00000000)
[2025/07/16 17:51:04] 36 -- Create Channel: <00000003> \F0
[2025/07/16 17:51:04] 37 -- Query ChannelID: GM from (2CFEA8C0, 00000000)
[2025/07/16 17:51:04] 38 -- Query ChannelID: \B from (2CFEA8C0, 00000000)
[2025/07/16 17:51:04] 39 -- Create Channel: <00000004> \B754886848
[2025/07/16 17:51:04] 40 -- Query ChannelID: \S from (2CFEA8C0, 00000000)
[2025/07/16 17:51:04] 41 -- Query ChannelID: 世界 from (2CFEA8C0, 00000000)
[2025/07/16 17:51:04] 42 -- Query ChannelID: \F0 from (2CFEA8C0, 00000000)
[2025/07/16 17:51:04] 43 -- Query ChannelID: GM from (2CFEA8C0, 00000000)
[2025/07/16 17:51:04] 44 -- Query ChannelID: \B from (2CFEA8C0, 00000000)
[2025/07/16 17:51:04] 45 -- sync friend list: BaoDiaSu (full)
[2025/07/16 17:51:04] 46 -- Query ChannelID: \S from (2CFEA8C0, 00000000)
[2025/07/16 17:51:04] 47 -- Query ChannelID: 世界 from (2CFEA8C0, 00000000)
[2025/07/16 17:51:04] 48 -- Query ChannelID: \F0 from (2CFEA8C0, 00000000)
[2025/07/16 17:51:04] 49 -- Query ChannelID: GM from (2CFEA8C0, 00000000)
[2025/07/16 17:51:04] 50 -- Query ChannelID: \B from (2CFEA8C0, 00000000)
[2025/07/16 17:51:04] 51 -- Query ChannelID: \S from (2CFEA8C0, 00000000)
[2025/07/16 17:51:04] 52 -- Query ChannelID: 世界 from (2CFEA8C0, 00000000)
[2025/07/16 17:51:04] 53 -- Query ChannelID: \F0 from (2CFEA8C0, 00000000)
[2025/07/16 17:51:04] 54 -- Query ChannelID: GM from (2CFEA8C0, 00000000)
[2025/07/16 17:51:04] 55 -- Query ChannelID: \B from (2CFEA8C0, 00000000)
[2025/07/16 17:51:04] 56 -- Subscribe Channel: 00000002 by (2CFEA8C0,00000000)
[2025/07/16 17:51:04] 57 -- Subscribe Channel: 00000001 by (2CFEA8C0,00000000)
[2025/07/16 17:51:04] 58 -- Subscribe Channel: 00000003 by (2CFEA8C0,00000000)
[2025/07/16 17:51:04] 59 -- Subscribe Channel: GM <00000000> by (2CFEA8C0,00000000)
[2025/07/16 17:51:04] 60 -- Subscribe Channel: 00000004 by (2CFEA8C0,00000000)
[2025/07/16 17:51:04] 61 -- Subscribe Channel: 00000002 by (2CFEA8C0,00000000)
[2025/07/16 17:51:04] 62 -- Subscribe Channel: 00000001 by (2CFEA8C0,00000000)
[2025/07/16 17:51:04] 63 -- Subscribe Channel: 00000003 by (2CFEA8C0,00000000)
[2025/07/16 17:51:04] 64 -- Subscribe Channel: GM <00000000> by (2CFEA8C0,00000000)
[2025/07/16 17:51:04] 65 -- Subscribe Channel: 00000004 by (2CFEA8C0,00000000)
[2025/07/16 17:51:04] 66 -- Subscribe Channel: 00000002 by (2CFEA8C0,00000000)
[2025/07/16 17:51:04] 67 -- Subscribe Channel: 00000001 by (2CFEA8C0,00000000)
[2025/07/16 17:51:04] 68 -- Subscribe Channel: 00000003 by (2CFEA8C0,00000000)
[2025/07/16 17:51:04] 69 -- Subscribe Channel: GM <00000000> by (2CFEA8C0,00000000)
[2025/07/16 17:51:04] 70 -- Subscribe Channel: 00000004 by (2CFEA8C0,00000000)
[2025/07/16 17:51:04] 71 -- Subscribe Channel: 00000002 by (2CFEA8C0,00000000)
[2025/07/16 17:51:04] 72 -- Subscribe Channel: 00000001 by (2CFEA8C0,00000000)
[2025/07/16 17:51:04] 73 -- Subscribe Channel: 00000003 by (2CFEA8C0,00000000)
[2025/07/16 17:51:04] 74 -- Subscribe Channel: GM <00000000> by (2CFEA8C0,00000000)
[2025/07/16 17:51:04] 75 -- Subscribe Channel: 00000004 by (2CFEA8C0,00000000)
[2025/07/16 17:53:07] 76 -- Destroy Channel: <00000002> \S754886848
[2025/07/16 17:53:07] 77 -- Destroy Channel: <00000003> \F0
[2025/07/16 17:53:07] 78 -- Destroy Channel: <00000004> \B754886848
[2025/07/16 17:53:07] 79 -- player logout: 1234567
[2025/07/16 17:55:28] 80 -- update friend DB succeed
[2025/07/16 18:00:28] 81 -- update friend DB succeed
[2025/07/16 18:05:28] 82 -- update friend DB succeed
[2025/07/16 18:10:28] 83 -- update friend DB succeed
[2025/07/16 18:15:28] 84 -- update friend DB succeed
[2025/07/16 18:20:28] 85 -- update friend DB succeed
[2025/07/16 18:25:28] 86 -- update friend DB succeed
