
*
***** S3Relay Start (@ 2025/07/16 18:40:45.320) >>>>>
*

[2025/07/16 18:40:45] 1 -- Initializing ...
[2025/07/16 18:40:45] 2 -- Connect Database Success!
[2025/07/16 18:40:45] 3 -- Create Channel: [Stock, GM] <00000000> GM
[2025/07/16 18:40:45] 4 -- Create Channel: [Stock] <00000001> 世界
[2025/07/16 18:40:45] 5 -- friend timing update db: start
[2025/07/16 18:40:45] 6 -- relay server startup
[2025/07/16 18:40:45] 7 -- root client create: 192.168.254.42
[2025/07/16 18:40:45] 8 -- DBRole client create: 192.168.254.42
[2025/07/16 18:40:45] 9 -- root client close: 192.168.254.42
[2025/07/16 18:40:45] 10 -- gateway client create: 192.168.254.42
[2025/07/16 18:40:45] 11 -- host server startup
[2025/07/16 18:40:45] 12 -- tong server startup
[2025/07/16 18:40:45] 13 -- chat server startup
[2025/07/16 18:40:45] 14 -- SockThread start success
[2025/07/16 18:40:45] 15 -- tong database open ok!
[2025/07/16 18:40:45] 16 -- tongset init ok !
[2025/07/16 18:40:45] 17 -- Initialize OK
[2025/07/16 18:40:54] 18 -- host connect create: 127.0.0.1
[2025/07/16 18:40:54] 19 -- chat connect create: 127.0.0.1
[2025/07/16 18:40:54] 20 -- tong connect create: 127.0.0.1
[2025/07/16 18:41:06] 21 -- host connect create: 192.168.254.43
[2025/07/16 18:41:06] 22 -- host connect create: 192.168.254.44
[2025/07/16 18:41:06] 23 -- chat connect create: 192.168.254.43
[2025/07/16 18:41:06] 24 -- tong connect create: 192.168.254.43
[2025/07/16 18:41:06] 25 -- chat connect create: 192.168.254.44
[2025/07/16 18:41:06] 26 -- tong connect create: 192.168.254.44
[2025/07/16 18:41:06] 27 -- host connect create: 192.168.254.45
[2025/07/16 18:41:06] 28 -- chat connect create: 192.168.254.45
[2025/07/16 18:41:06] 29 -- tong connect create: 192.168.254.45
[2025/07/16 18:41:24] 30 -- load someone: BaoDiaSu
[2025/07/16 18:41:24] 31 -- player login: 1234567 [BaoDiaSu] (2CFEA8C0, 00000000)
[2025/07/16 18:41:24] 32 -- Query ChannelID: \S from (2CFEA8C0, 00000000)
[2025/07/16 18:41:24] 33 -- Create Channel: <00000002> \S754886848
[2025/07/16 18:41:24] 34 -- Query ChannelID: 世界 from (2CFEA8C0, 00000000)
[2025/07/16 18:41:24] 35 -- Query ChannelID: \F0 from (2CFEA8C0, 00000000)
[2025/07/16 18:41:24] 36 -- Create Channel: <00000003> \F0
[2025/07/16 18:41:24] 37 -- Query ChannelID: GM from (2CFEA8C0, 00000000)
[2025/07/16 18:41:24] 38 -- Query ChannelID: \B from (2CFEA8C0, 00000000)
[2025/07/16 18:41:24] 39 -- Create Channel: <00000004> \B754886848
[2025/07/16 18:41:24] 40 -- sync friend list: BaoDiaSu (full)
[2025/07/16 18:41:24] 41 -- Query ChannelID: \S from (2CFEA8C0, 00000000)
[2025/07/16 18:41:24] 42 -- Query ChannelID: 世界 from (2CFEA8C0, 00000000)
[2025/07/16 18:41:24] 43 -- Query ChannelID: \F0 from (2CFEA8C0, 00000000)
[2025/07/16 18:41:24] 44 -- Query ChannelID: GM from (2CFEA8C0, 00000000)
[2025/07/16 18:41:24] 45 -- Query ChannelID: \B from (2CFEA8C0, 00000000)
[2025/07/16 18:41:24] 46 -- Query ChannelID: \S from (2CFEA8C0, 00000000)
[2025/07/16 18:41:24] 47 -- Query ChannelID: 世界 from (2CFEA8C0, 00000000)
[2025/07/16 18:41:24] 48 -- Query ChannelID: \F0 from (2CFEA8C0, 00000000)
[2025/07/16 18:41:24] 49 -- Query ChannelID: GM from (2CFEA8C0, 00000000)
[2025/07/16 18:41:24] 50 -- Query ChannelID: \B from (2CFEA8C0, 00000000)
[2025/07/16 18:41:24] 51 -- Query ChannelID: \S from (2CFEA8C0, 00000000)
[2025/07/16 18:41:24] 52 -- Query ChannelID: 世界 from (2CFEA8C0, 00000000)
[2025/07/16 18:41:24] 53 -- Query ChannelID: \F0 from (2CFEA8C0, 00000000)
[2025/07/16 18:41:24] 54 -- Query ChannelID: GM from (2CFEA8C0, 00000000)
[2025/07/16 18:41:24] 55 -- Query ChannelID: \B from (2CFEA8C0, 00000000)
[2025/07/16 18:41:24] 56 -- Subscribe Channel: 00000002 by (2CFEA8C0,00000000)
[2025/07/16 18:41:24] 57 -- Subscribe Channel: 00000001 by (2CFEA8C0,00000000)
[2025/07/16 18:41:24] 58 -- Subscribe Channel: 00000003 by (2CFEA8C0,00000000)
[2025/07/16 18:41:24] 59 -- Subscribe Channel: GM <00000000> by (2CFEA8C0,00000000)
[2025/07/16 18:41:24] 60 -- Subscribe Channel: 00000004 by (2CFEA8C0,00000000)
[2025/07/16 18:41:24] 61 -- Subscribe Channel: 00000002 by (2CFEA8C0,00000000)
[2025/07/16 18:41:24] 62 -- Subscribe Channel: 00000001 by (2CFEA8C0,00000000)
[2025/07/16 18:41:24] 63 -- Subscribe Channel: 00000003 by (2CFEA8C0,00000000)
[2025/07/16 18:41:24] 64 -- Subscribe Channel: GM <00000000> by (2CFEA8C0,00000000)
[2025/07/16 18:41:24] 65 -- Subscribe Channel: 00000004 by (2CFEA8C0,00000000)
[2025/07/16 18:41:24] 66 -- Subscribe Channel: 00000002 by (2CFEA8C0,00000000)
[2025/07/16 18:41:24] 67 -- Subscribe Channel: 00000001 by (2CFEA8C0,00000000)
[2025/07/16 18:41:24] 68 -- Subscribe Channel: 00000003 by (2CFEA8C0,00000000)
[2025/07/16 18:41:24] 69 -- Subscribe Channel: GM <00000000> by (2CFEA8C0,00000000)
[2025/07/16 18:41:24] 70 -- Subscribe Channel: 00000004 by (2CFEA8C0,00000000)
[2025/07/16 18:41:24] 71 -- Subscribe Channel: 00000002 by (2CFEA8C0,00000000)
[2025/07/16 18:41:24] 72 -- Subscribe Channel: 00000001 by (2CFEA8C0,00000000)
[2025/07/16 18:41:24] 73 -- Subscribe Channel: 00000003 by (2CFEA8C0,00000000)
[2025/07/16 18:41:24] 74 -- Subscribe Channel: GM <00000000> by (2CFEA8C0,00000000)
[2025/07/16 18:41:24] 75 -- Subscribe Channel: 00000004 by (2CFEA8C0,00000000)
[2025/07/16 18:42:18] 76 -- Destroy Channel: <00000002> \S754886848
[2025/07/16 18:42:18] 77 -- Destroy Channel: <00000003> \F0
[2025/07/16 18:42:18] 78 -- Destroy Channel: <00000004> \B754886848
[2025/07/16 18:42:18] 79 -- player logout: 1234567
