
*
***** S3Relay Start (@ 2025/07/16 18:45:01.240) >>>>>
*

[2025/07/16 18:45:01] 1 -- Initializing ...
[2025/07/16 18:45:01] 2 -- Connect Database Success!
[2025/07/16 18:45:01] 3 -- Create Channel: [Stock, GM] <00000000> GM
[2025/07/16 18:45:01] 4 -- Create Channel: [Stock] <00000001> 世界
[2025/07/16 18:45:01] 5 -- friend timing update db: start
[2025/07/16 18:45:01] 6 -- relay server startup
[2025/07/16 18:45:01] 7 -- root client create: 192.168.254.42
[2025/07/16 18:45:01] 8 -- DBRole client create: 192.168.254.42
[2025/07/16 18:45:01] 9 -- root client close: 192.168.254.42
[2025/07/16 18:45:01] 10 -- gateway client create: 192.168.254.42
[2025/07/16 18:45:01] 11 -- host server startup
[2025/07/16 18:45:01] 12 -- tong server startup
[2025/07/16 18:45:01] 13 -- chat server startup
[2025/07/16 18:45:01] 14 -- SockThread start success
[2025/07/16 18:45:01] 15 -- tong database open ok!
[2025/07/16 18:45:01] 16 -- tongset init ok !
[2025/07/16 18:45:01] 17 -- Initialize OK
[2025/07/16 18:45:10] 18 -- host connect create: 127.0.0.1
[2025/07/16 18:45:10] 19 -- chat connect create: 127.0.0.1
[2025/07/16 18:45:10] 20 -- tong connect create: 127.0.0.1
[2025/07/16 18:45:22] 21 -- host connect create: 192.168.254.44
[2025/07/16 18:45:22] 22 -- chat connect create: 192.168.254.44
[2025/07/16 18:45:22] 23 -- tong connect create: 192.168.254.44
[2025/07/16 18:45:22] 24 -- host connect create: 192.168.254.43
[2025/07/16 18:45:22] 25 -- chat connect create: 192.168.254.43
[2025/07/16 18:45:22] 26 -- tong connect create: 192.168.254.43
[2025/07/16 18:45:25] 27 -- host connect create: 192.168.254.45
[2025/07/16 18:45:25] 28 -- chat connect create: 192.168.254.45
[2025/07/16 18:45:25] 29 -- tong connect create: 192.168.254.45
[2025/07/16 18:45:52] 30 -- load someone: BaoDiaSu
[2025/07/16 18:45:52] 31 -- player login: 1234567 [BaoDiaSu] (2CFEA8C0, 00000000)
[2025/07/16 18:45:52] 32 -- Query ChannelID: \S from (2CFEA8C0, 00000000)
[2025/07/16 18:45:52] 33 -- Create Channel: <00000002> \S754886848
[2025/07/16 18:45:52] 34 -- Query ChannelID: 世界 from (2CFEA8C0, 00000000)
[2025/07/16 18:45:52] 35 -- Query ChannelID: \F0 from (2CFEA8C0, 00000000)
[2025/07/16 18:45:52] 36 -- Create Channel: <00000003> \F0
[2025/07/16 18:45:52] 37 -- Query ChannelID: GM from (2CFEA8C0, 00000000)
[2025/07/16 18:45:52] 38 -- Query ChannelID: \B from (2CFEA8C0, 00000000)
[2025/07/16 18:45:52] 39 -- Create Channel: <00000004> \B754886848
[2025/07/16 18:45:52] 40 -- Query ChannelID: \S from (2CFEA8C0, 00000000)
[2025/07/16 18:45:52] 41 -- Query ChannelID: 世界 from (2CFEA8C0, 00000000)
[2025/07/16 18:45:52] 42 -- Query ChannelID: \F0 from (2CFEA8C0, 00000000)
[2025/07/16 18:45:52] 43 -- Query ChannelID: GM from (2CFEA8C0, 00000000)
[2025/07/16 18:45:52] 44 -- Query ChannelID: \B from (2CFEA8C0, 00000000)
[2025/07/16 18:45:52] 45 -- sync friend list: BaoDiaSu (full)
[2025/07/16 18:45:52] 46 -- Query ChannelID: \S from (2CFEA8C0, 00000000)
[2025/07/16 18:45:52] 47 -- Query ChannelID: 世界 from (2CFEA8C0, 00000000)
[2025/07/16 18:45:52] 48 -- Query ChannelID: \F0 from (2CFEA8C0, 00000000)
[2025/07/16 18:45:52] 49 -- Query ChannelID: GM from (2CFEA8C0, 00000000)
[2025/07/16 18:45:52] 50 -- Query ChannelID: \B from (2CFEA8C0, 00000000)
[2025/07/16 18:45:52] 51 -- Query ChannelID: \S from (2CFEA8C0, 00000000)
[2025/07/16 18:45:52] 52 -- Query ChannelID: 世界 from (2CFEA8C0, 00000000)
[2025/07/16 18:45:52] 53 -- Query ChannelID: \F0 from (2CFEA8C0, 00000000)
[2025/07/16 18:45:52] 54 -- Query ChannelID: GM from (2CFEA8C0, 00000000)
[2025/07/16 18:45:52] 55 -- Query ChannelID: \B from (2CFEA8C0, 00000000)
[2025/07/16 18:45:52] 56 -- Subscribe Channel: 00000002 by (2CFEA8C0,00000000)
[2025/07/16 18:45:52] 57 -- Subscribe Channel: 00000001 by (2CFEA8C0,00000000)
[2025/07/16 18:45:52] 58 -- Subscribe Channel: 00000003 by (2CFEA8C0,00000000)
[2025/07/16 18:45:52] 59 -- Subscribe Channel: GM <00000000> by (2CFEA8C0,00000000)
[2025/07/16 18:45:52] 60 -- Subscribe Channel: 00000004 by (2CFEA8C0,00000000)
[2025/07/16 18:45:52] 61 -- Subscribe Channel: 00000002 by (2CFEA8C0,00000000)
[2025/07/16 18:45:52] 62 -- Subscribe Channel: 00000001 by (2CFEA8C0,00000000)
[2025/07/16 18:45:52] 63 -- Subscribe Channel: 00000003 by (2CFEA8C0,00000000)
[2025/07/16 18:45:52] 64 -- Subscribe Channel: GM <00000000> by (2CFEA8C0,00000000)
[2025/07/16 18:45:52] 65 -- Subscribe Channel: 00000004 by (2CFEA8C0,00000000)
[2025/07/16 18:45:52] 66 -- Subscribe Channel: 00000002 by (2CFEA8C0,00000000)
[2025/07/16 18:45:52] 67 -- Subscribe Channel: 00000001 by (2CFEA8C0,00000000)
[2025/07/16 18:45:52] 68 -- Subscribe Channel: 00000003 by (2CFEA8C0,00000000)
[2025/07/16 18:45:52] 69 -- Subscribe Channel: GM <00000000> by (2CFEA8C0,00000000)
[2025/07/16 18:45:52] 70 -- Subscribe Channel: 00000004 by (2CFEA8C0,00000000)
[2025/07/16 18:45:52] 71 -- Subscribe Channel: 00000002 by (2CFEA8C0,00000000)
[2025/07/16 18:45:52] 72 -- Subscribe Channel: 00000001 by (2CFEA8C0,00000000)
[2025/07/16 18:45:52] 73 -- Subscribe Channel: 00000003 by (2CFEA8C0,00000000)
[2025/07/16 18:45:52] 74 -- Subscribe Channel: GM <00000000> by (2CFEA8C0,00000000)
[2025/07/16 18:45:52] 75 -- Subscribe Channel: 00000004 by (2CFEA8C0,00000000)
[2025/07/16 18:46:25] 76 -- Destroy Channel: <00000002> \S754886848
[2025/07/16 18:46:25] 77 -- Destroy Channel: <00000003> \F0
[2025/07/16 18:46:25] 78 -- Destroy Channel: <00000004> \B754886848
[2025/07/16 18:46:25] 79 -- player logout: 1234567
[2025/07/16 18:46:34] 80 -- load someone: DienBaQuan
[2025/07/16 18:46:34] 81 -- player login: 123456 [DienBaQuan] (2CFEA8C0, 00000001)
[2025/07/16 18:46:34] 82 -- Query ChannelID: \S from (2CFEA8C0, 00000001)
[2025/07/16 18:46:34] 83 -- Create Channel: <00000005> \S754886848
[2025/07/16 18:46:34] 84 -- Query ChannelID: 世界 from (2CFEA8C0, 00000001)
[2025/07/16 18:46:34] 85 -- Query ChannelID: \F2 from (2CFEA8C0, 00000001)
[2025/07/16 18:46:34] 86 -- Create Channel: <00000006> \F2
[2025/07/16 18:46:34] 87 -- Query ChannelID: GM from (2CFEA8C0, 00000001)
[2025/07/16 18:46:34] 88 -- Query ChannelID: \B from (2CFEA8C0, 00000001)
[2025/07/16 18:46:34] 89 -- Create Channel: <00000007> \B754886848
[2025/07/16 18:46:34] 90 -- Query ChannelID: \S from (2CFEA8C0, 00000001)
[2025/07/16 18:46:34] 91 -- Query ChannelID: 世界 from (2CFEA8C0, 00000001)
[2025/07/16 18:46:34] 92 -- Query ChannelID: \F2 from (2CFEA8C0, 00000001)
[2025/07/16 18:46:34] 93 -- Query ChannelID: GM from (2CFEA8C0, 00000001)
[2025/07/16 18:46:34] 94 -- Query ChannelID: \B from (2CFEA8C0, 00000001)
[2025/07/16 18:46:34] 95 -- sync friend list: DienBaQuan (full)
[2025/07/16 18:46:34] 96 -- Query ChannelID: \S from (2CFEA8C0, 00000001)
[2025/07/16 18:46:34] 97 -- Query ChannelID: 世界 from (2CFEA8C0, 00000001)
[2025/07/16 18:46:34] 98 -- Query ChannelID: \F2 from (2CFEA8C0, 00000001)
[2025/07/16 18:46:34] 99 -- Query ChannelID: GM from (2CFEA8C0, 00000001)
[2025/07/16 18:46:34] 100 -- Query ChannelID: \B from (2CFEA8C0, 00000001)
[2025/07/16 18:46:34] 101 -- Query ChannelID: \S from (2CFEA8C0, 00000001)
[2025/07/16 18:46:34] 102 -- Query ChannelID: 世界 from (2CFEA8C0, 00000001)
[2025/07/16 18:46:34] 103 -- Query ChannelID: \F2 from (2CFEA8C0, 00000001)
[2025/07/16 18:46:34] 104 -- Query ChannelID: GM from (2CFEA8C0, 00000001)
[2025/07/16 18:46:34] 105 -- Query ChannelID: \B from (2CFEA8C0, 00000001)
[2025/07/16 18:46:34] 106 -- Subscribe Channel: 00000005 by (2CFEA8C0,00000001)
[2025/07/16 18:46:34] 107 -- Subscribe Channel: 00000001 by (2CFEA8C0,00000001)
[2025/07/16 18:46:34] 108 -- Subscribe Channel: 00000006 by (2CFEA8C0,00000001)
[2025/07/16 18:46:34] 109 -- Subscribe Channel: GM <00000000> by (2CFEA8C0,00000001)
[2025/07/16 18:46:34] 110 -- Subscribe Channel: 00000007 by (2CFEA8C0,00000001)
[2025/07/16 18:46:34] 111 -- Subscribe Channel: 00000005 by (2CFEA8C0,00000001)
[2025/07/16 18:46:34] 112 -- Subscribe Channel: 00000001 by (2CFEA8C0,00000001)
[2025/07/16 18:46:34] 113 -- Subscribe Channel: 00000006 by (2CFEA8C0,00000001)
[2025/07/16 18:46:34] 114 -- Subscribe Channel: GM <00000000> by (2CFEA8C0,00000001)
[2025/07/16 18:46:34] 115 -- Subscribe Channel: 00000007 by (2CFEA8C0,00000001)
[2025/07/16 18:46:34] 116 -- Subscribe Channel: 00000005 by (2CFEA8C0,00000001)
[2025/07/16 18:46:34] 117 -- Subscribe Channel: 00000001 by (2CFEA8C0,00000001)
[2025/07/16 18:46:34] 118 -- Subscribe Channel: 00000006 by (2CFEA8C0,00000001)
[2025/07/16 18:46:34] 119 -- Subscribe Channel: GM <00000000> by (2CFEA8C0,00000001)
[2025/07/16 18:46:34] 120 -- Subscribe Channel: 00000007 by (2CFEA8C0,00000001)
[2025/07/16 18:46:34] 121 -- Subscribe Channel: 00000005 by (2CFEA8C0,00000001)
[2025/07/16 18:46:34] 122 -- Subscribe Channel: 00000001 by (2CFEA8C0,00000001)
[2025/07/16 18:46:34] 123 -- Subscribe Channel: 00000006 by (2CFEA8C0,00000001)
[2025/07/16 18:46:34] 124 -- Subscribe Channel: GM <00000000> by (2CFEA8C0,00000001)
[2025/07/16 18:46:34] 125 -- Subscribe Channel: 00000007 by (2CFEA8C0,00000001)
[2025/07/16 18:47:55] 126 -- Destroy Channel: <00000005> \S754886848
[2025/07/16 18:47:55] 127 -- Destroy Channel: <00000006> \F2
[2025/07/16 18:47:55] 128 -- Destroy Channel: <00000007> \B754886848
[2025/07/16 18:47:55] 129 -- player logout: 123456
[2025/07/16 18:50:04] 130 -- update friend DB succeed
[2025/07/16 18:55:04] 131 -- update friend DB succeed
[2025/07/16 19:00:05] 132 -- update friend DB succeed
[2025/07/16 19:05:05] 133 -- update friend DB succeed
[2025/07/16 19:10:05] 134 -- update friend DB succeed
[2025/07/16 19:15:06] 135 -- update friend DB succeed
[2025/07/16 19:20:06] 136 -- update friend DB succeed
[2025/07/16 19:25:07] 137 -- update friend DB succeed
