
*
***** S3Relay Start (@ 2025/07/16 19:31:22.195) >>>>>
*

[2025/07/16 19:31:22] 1 -- Initializing ...
[2025/07/16 19:31:22] 2 -- Connect Database Success!
[2025/07/16 19:31:22] 3 -- Create Channel: [Stock, GM] <00000000> GM
[2025/07/16 19:31:22] 4 -- Create Channel: [Stock] <00000001> 世界
[2025/07/16 19:31:22] 5 -- friend timing update db: start
[2025/07/16 19:31:22] 6 -- relay server startup
[2025/07/16 19:31:22] 7 -- root client create: 192.168.254.42
[2025/07/16 19:31:22] 8 -- DBRole client create: 192.168.254.42
[2025/07/16 19:31:22] 9 -- root client close: 192.168.254.42
[2025/07/16 19:31:22] 10 -- gateway client create: 192.168.254.42
[2025/07/16 19:31:22] 11 -- host server startup
[2025/07/16 19:31:22] 12 -- tong server startup
[2025/07/16 19:31:22] 13 -- chat server startup
[2025/07/16 19:31:22] 14 -- SockThread start success
[2025/07/16 19:31:22] 15 -- tong database open ok!
[2025/07/16 19:31:22] 16 -- tongset init ok !
[2025/07/16 19:31:22] 17 -- Initialize OK
[2025/07/16 19:31:31] 18 -- host connect create: 127.0.0.1
[2025/07/16 19:31:31] 19 -- chat connect create: 127.0.0.1
[2025/07/16 19:31:31] 20 -- tong connect create: 127.0.0.1
[2025/07/16 19:31:40] 21 -- host connect create: 192.168.254.43
[2025/07/16 19:31:40] 22 -- chat connect create: 192.168.254.43
[2025/07/16 19:31:40] 23 -- host connect create: 192.168.254.44
[2025/07/16 19:31:40] 24 -- chat connect create: 192.168.254.44
[2025/07/16 19:31:40] 25 -- tong connect create: 192.168.254.43
[2025/07/16 19:31:40] 26 -- tong connect create: 192.168.254.44
[2025/07/16 19:31:40] 27 -- host connect create: 192.168.254.45
[2025/07/16 19:31:40] 28 -- chat connect create: 192.168.254.45
[2025/07/16 19:31:40] 29 -- tong connect create: 192.168.254.45
[2025/07/16 19:31:52] 30 -- load someone: BaoDiaSu
[2025/07/16 19:31:52] 31 -- player login: 1234567 [BaoDiaSu] (2CFEA8C0, 00000000)
[2025/07/16 19:31:52] 32 -- Query ChannelID: \S from (2CFEA8C0, 00000000)
[2025/07/16 19:31:52] 33 -- Create Channel: <00000002> \S754886848
[2025/07/16 19:31:52] 34 -- Query ChannelID: 世界 from (2CFEA8C0, 00000000)
[2025/07/16 19:31:52] 35 -- Query ChannelID: \F0 from (2CFEA8C0, 00000000)
[2025/07/16 19:31:52] 36 -- Create Channel: <00000003> \F0
[2025/07/16 19:31:52] 37 -- Query ChannelID: GM from (2CFEA8C0, 00000000)
[2025/07/16 19:31:52] 38 -- Query ChannelID: \B from (2CFEA8C0, 00000000)
[2025/07/16 19:31:52] 39 -- Create Channel: <00000004> \B754886848
[2025/07/16 19:31:52] 40 -- Query ChannelID: \S from (2CFEA8C0, 00000000)
[2025/07/16 19:31:52] 41 -- Query ChannelID: 世界 from (2CFEA8C0, 00000000)
[2025/07/16 19:31:52] 42 -- Query ChannelID: \F0 from (2CFEA8C0, 00000000)
[2025/07/16 19:31:52] 43 -- Query ChannelID: GM from (2CFEA8C0, 00000000)
[2025/07/16 19:31:52] 44 -- Query ChannelID: \B from (2CFEA8C0, 00000000)
[2025/07/16 19:31:52] 45 -- sync friend list: BaoDiaSu (full)
[2025/07/16 19:31:52] 46 -- Query ChannelID: \S from (2CFEA8C0, 00000000)
[2025/07/16 19:31:52] 47 -- Query ChannelID: 世界 from (2CFEA8C0, 00000000)
[2025/07/16 19:31:52] 48 -- Query ChannelID: \F0 from (2CFEA8C0, 00000000)
[2025/07/16 19:31:52] 49 -- Query ChannelID: GM from (2CFEA8C0, 00000000)
[2025/07/16 19:31:52] 50 -- Query ChannelID: \B from (2CFEA8C0, 00000000)
[2025/07/16 19:31:52] 51 -- Query ChannelID: \S from (2CFEA8C0, 00000000)
[2025/07/16 19:31:52] 52 -- Query ChannelID: 世界 from (2CFEA8C0, 00000000)
[2025/07/16 19:31:52] 53 -- Query ChannelID: \F0 from (2CFEA8C0, 00000000)
[2025/07/16 19:31:52] 54 -- Query ChannelID: GM from (2CFEA8C0, 00000000)
[2025/07/16 19:31:52] 55 -- Query ChannelID: \B from (2CFEA8C0, 00000000)
[2025/07/16 19:31:52] 56 -- Subscribe Channel: 00000002 by (2CFEA8C0,00000000)
[2025/07/16 19:31:52] 57 -- Subscribe Channel: 00000001 by (2CFEA8C0,00000000)
[2025/07/16 19:31:52] 58 -- Subscribe Channel: 00000003 by (2CFEA8C0,00000000)
[2025/07/16 19:31:52] 59 -- Subscribe Channel: GM <00000000> by (2CFEA8C0,00000000)
[2025/07/16 19:31:52] 60 -- Subscribe Channel: 00000004 by (2CFEA8C0,00000000)
[2025/07/16 19:31:52] 61 -- Subscribe Channel: 00000002 by (2CFEA8C0,00000000)
[2025/07/16 19:31:52] 62 -- Subscribe Channel: 00000001 by (2CFEA8C0,00000000)
[2025/07/16 19:31:52] 63 -- Subscribe Channel: 00000003 by (2CFEA8C0,00000000)
[2025/07/16 19:31:52] 64 -- Subscribe Channel: GM <00000000> by (2CFEA8C0,00000000)
[2025/07/16 19:31:52] 65 -- Subscribe Channel: 00000004 by (2CFEA8C0,00000000)
[2025/07/16 19:31:52] 66 -- Subscribe Channel: 00000002 by (2CFEA8C0,00000000)
[2025/07/16 19:31:52] 67 -- Subscribe Channel: 00000001 by (2CFEA8C0,00000000)
[2025/07/16 19:31:52] 68 -- Subscribe Channel: 00000003 by (2CFEA8C0,00000000)
[2025/07/16 19:31:52] 69 -- Subscribe Channel: GM <00000000> by (2CFEA8C0,00000000)
[2025/07/16 19:31:52] 70 -- Subscribe Channel: 00000004 by (2CFEA8C0,00000000)
[2025/07/16 19:31:52] 71 -- Subscribe Channel: 00000002 by (2CFEA8C0,00000000)
[2025/07/16 19:31:52] 72 -- Subscribe Channel: 00000001 by (2CFEA8C0,00000000)
[2025/07/16 19:31:52] 73 -- Subscribe Channel: 00000003 by (2CFEA8C0,00000000)
[2025/07/16 19:31:52] 74 -- Subscribe Channel: GM <00000000> by (2CFEA8C0,00000000)
[2025/07/16 19:31:52] 75 -- Subscribe Channel: 00000004 by (2CFEA8C0,00000000)
[2025/07/16 19:32:58] 76 -- Destroy Channel: <00000002> \S754886848
[2025/07/16 19:32:58] 77 -- Destroy Channel: <00000003> \F0
[2025/07/16 19:32:58] 78 -- Destroy Channel: <00000004> \B754886848
[2025/07/16 19:32:58] 79 -- player logout: 1234567
[2025/07/16 19:36:25] 80 -- update friend DB succeed
