
*
***** S3Relay Start (@ 2025/07/18 23:29:03.192) >>>>>
*

[2025/07/18 23:29:03] 1 -- Initializing ...
[2025/07/18 23:29:03] 2 -- Connect Database Success!
[2025/07/18 23:29:03] 3 -- Create Channel: [Stock, GM] <00000000> GM
[2025/07/18 23:29:03] 4 -- Create Channel: [Stock] <00000001> 世界
[2025/07/18 23:29:03] 5 -- friend timing update db: start
[2025/07/18 23:29:03] 6 -- relay server startup
[2025/07/18 23:29:03] 7 -- root client create: 192.168.254.42
[2025/07/18 23:29:03] 8 -- DBRole client create: 192.168.254.42
[2025/07/18 23:29:03] 9 -- root client close: 192.168.254.42
[2025/07/18 23:29:03] 10 -- gateway client create: 192.168.254.42
[2025/07/18 23:29:03] 11 -- host server startup
[2025/07/18 23:29:03] 12 -- tong server startup
[2025/07/18 23:29:03] 13 -- chat server startup
[2025/07/18 23:29:03] 14 -- SockThread start success
[2025/07/18 23:29:03] 15 -- tong database open ok!
[2025/07/18 23:29:03] 16 -- tongset init ok !
[2025/07/18 23:29:03] 17 -- Initialize OK
[2025/07/18 23:29:12] 18 -- host connect create: 127.0.0.1
[2025/07/18 23:29:12] 19 -- chat connect create: 127.0.0.1
[2025/07/18 23:29:12] 20 -- tong connect create: 127.0.0.1
[2025/07/18 23:29:57] 21 -- host connect create: 192.168.254.44
[2025/07/18 23:29:57] 22 -- chat connect create: 192.168.254.44
[2025/07/18 23:29:57] 23 -- host connect create: 192.168.254.43
[2025/07/18 23:29:57] 24 -- chat connect create: 192.168.254.43
[2025/07/18 23:29:57] 25 -- tong connect create: 192.168.254.44
[2025/07/18 23:29:57] 26 -- tong connect create: 192.168.254.43
[2025/07/18 23:29:57] 27 -- host connect create: 192.168.254.45
[2025/07/18 23:29:57] 28 -- chat connect create: 192.168.254.45
[2025/07/18 23:29:57] 29 -- tong connect create: 192.168.254.45
[2025/07/18 23:30:27] 30 -- load someone: DienBaQuan
[2025/07/18 23:30:27] 31 -- player login: 123456 [DienBaQuan] (2CFEA8C0, 00000000)
[2025/07/18 23:30:27] 32 -- Query ChannelID: \S from (2CFEA8C0, 00000000)
[2025/07/18 23:30:27] 33 -- Create Channel: <00000002> \S754886848
[2025/07/18 23:30:27] 34 -- Query ChannelID: 世界 from (2CFEA8C0, 00000000)
[2025/07/18 23:30:27] 35 -- Query ChannelID: \F2 from (2CFEA8C0, 00000000)
[2025/07/18 23:30:27] 36 -- Create Channel: <00000003> \F2
[2025/07/18 23:30:27] 37 -- Query ChannelID: GM from (2CFEA8C0, 00000000)
[2025/07/18 23:30:27] 38 -- Query ChannelID: \B from (2CFEA8C0, 00000000)
[2025/07/18 23:30:27] 39 -- Create Channel: <00000004> \B754886848
[2025/07/18 23:30:27] 40 -- Query ChannelID: \S from (2CFEA8C0, 00000000)
[2025/07/18 23:30:27] 41 -- Query ChannelID: 世界 from (2CFEA8C0, 00000000)
[2025/07/18 23:30:27] 42 -- Query ChannelID: \F2 from (2CFEA8C0, 00000000)
[2025/07/18 23:30:27] 43 -- Query ChannelID: GM from (2CFEA8C0, 00000000)
[2025/07/18 23:30:27] 44 -- Query ChannelID: \B from (2CFEA8C0, 00000000)
[2025/07/18 23:30:27] 45 -- sync friend list: DienBaQuan (full)
[2025/07/18 23:30:27] 46 -- Query ChannelID: \S from (2CFEA8C0, 00000000)
[2025/07/18 23:30:27] 47 -- Query ChannelID: 世界 from (2CFEA8C0, 00000000)
[2025/07/18 23:30:27] 48 -- Query ChannelID: \F2 from (2CFEA8C0, 00000000)
[2025/07/18 23:30:27] 49 -- Query ChannelID: GM from (2CFEA8C0, 00000000)
[2025/07/18 23:30:27] 50 -- Query ChannelID: \B from (2CFEA8C0, 00000000)
[2025/07/18 23:30:27] 51 -- Query ChannelID: \S from (2CFEA8C0, 00000000)
[2025/07/18 23:30:27] 52 -- Query ChannelID: 世界 from (2CFEA8C0, 00000000)
[2025/07/18 23:30:27] 53 -- Query ChannelID: \F2 from (2CFEA8C0, 00000000)
[2025/07/18 23:30:27] 54 -- Query ChannelID: GM from (2CFEA8C0, 00000000)
[2025/07/18 23:30:27] 55 -- Query ChannelID: \B from (2CFEA8C0, 00000000)
[2025/07/18 23:30:27] 56 -- Subscribe Channel: 00000002 by (2CFEA8C0,00000000)
[2025/07/18 23:30:27] 57 -- Subscribe Channel: 00000001 by (2CFEA8C0,00000000)
[2025/07/18 23:30:27] 58 -- Subscribe Channel: 00000003 by (2CFEA8C0,00000000)
[2025/07/18 23:30:27] 59 -- Subscribe Channel: GM <00000000> by (2CFEA8C0,00000000)
[2025/07/18 23:30:27] 60 -- Subscribe Channel: 00000004 by (2CFEA8C0,00000000)
[2025/07/18 23:30:27] 61 -- Subscribe Channel: 00000002 by (2CFEA8C0,00000000)
[2025/07/18 23:30:27] 62 -- Subscribe Channel: 00000001 by (2CFEA8C0,00000000)
[2025/07/18 23:30:27] 63 -- Subscribe Channel: 00000003 by (2CFEA8C0,00000000)
[2025/07/18 23:30:27] 64 -- Subscribe Channel: GM <00000000> by (2CFEA8C0,00000000)
[2025/07/18 23:30:27] 65 -- Subscribe Channel: 00000004 by (2CFEA8C0,00000000)
[2025/07/18 23:30:27] 66 -- Subscribe Channel: 00000002 by (2CFEA8C0,00000000)
[2025/07/18 23:30:27] 67 -- Subscribe Channel: 00000001 by (2CFEA8C0,00000000)
[2025/07/18 23:30:27] 68 -- Subscribe Channel: 00000003 by (2CFEA8C0,00000000)
[2025/07/18 23:30:27] 69 -- Subscribe Channel: GM <00000000> by (2CFEA8C0,00000000)
[2025/07/18 23:30:27] 70 -- Subscribe Channel: 00000004 by (2CFEA8C0,00000000)
[2025/07/18 23:30:27] 71 -- Subscribe Channel: 00000002 by (2CFEA8C0,00000000)
[2025/07/18 23:30:27] 72 -- Subscribe Channel: 00000001 by (2CFEA8C0,00000000)
[2025/07/18 23:30:27] 73 -- Subscribe Channel: 00000003 by (2CFEA8C0,00000000)
[2025/07/18 23:30:27] 74 -- Subscribe Channel: GM <00000000> by (2CFEA8C0,00000000)
[2025/07/18 23:30:27] 75 -- Subscribe Channel: 00000004 by (2CFEA8C0,00000000)
[2025/07/18 23:34:06] 76 -- update friend DB succeed
[2025/07/18 23:39:07] 77 -- update friend DB succeed
[2025/07/18 23:44:08] 78 -- update friend DB succeed
[2025/07/18 23:49:09] 79 -- update friend DB succeed
[2025/07/18 23:54:06] 80 -- update friend DB succeed
