
*
***** S3Relay Start (@ 2025/07/15 08:15:47.450) >>>>>
*

[2025/07/15 08:15:47] 1 -- Initializing ...
[2025/07/15 08:15:47] 2 -- Connect Database Success!
[2025/07/15 08:15:47] 3 -- Create Channel: [Stock, GM] <00000000> GM
[2025/07/15 08:15:47] 4 -- Create Channel: [Stock] <00000001> 世界
[2025/07/15 08:15:47] 5 -- friend timing update db: start
[2025/07/15 08:15:47] 6 -- relay server startup
[2025/07/15 08:15:47] 7 -- root client create: 192.168.254.42
[2025/07/15 08:15:47] 8 -- DBRole client create: 192.168.254.42
[2025/07/15 08:15:47] 9 -- root client close: 192.168.254.42
[2025/07/15 08:15:47] 10 -- gateway client create: 192.168.254.42
[2025/07/15 08:15:47] 11 -- host server startup
[2025/07/15 08:15:47] 12 -- tong server startup
[2025/07/15 08:15:47] 13 -- chat server startup
[2025/07/15 08:15:47] 14 -- SockThread start success
[2025/07/15 08:15:47] 15 -- tong database open ok!
[2025/07/15 08:15:47] 16 -- tongset init ok !
[2025/07/15 08:15:47] 17 -- Initialize OK
[2025/07/15 08:15:56] 18 -- host connect create: 127.0.0.1
[2025/07/15 08:15:56] 19 -- chat connect create: 127.0.0.1
[2025/07/15 08:15:56] 20 -- tong connect create: 127.0.0.1
[2025/07/15 08:16:05] 21 -- host connect create: 192.168.254.44
[2025/07/15 08:16:05] 22 -- chat connect create: 192.168.254.44
[2025/07/15 08:16:05] 23 -- tong connect create: 192.168.254.44
[2025/07/15 08:16:05] 24 -- host connect create: 192.168.254.43
[2025/07/15 08:16:05] 25 -- chat connect create: 192.168.254.43
[2025/07/15 08:16:05] 26 -- tong connect create: 192.168.254.43
[2025/07/15 08:16:05] 27 -- host connect create: 192.168.254.45
[2025/07/15 08:16:05] 28 -- chat connect create: 192.168.254.45
[2025/07/15 08:16:05] 29 -- tong connect create: 192.168.254.45
[2025/07/15 08:16:17] 30 -- load someone: BaoDiaSu
[2025/07/15 08:16:17] 31 -- player login: 1234567 [BaoDiaSu] (2CFEA8C0, 00000000)
[2025/07/15 08:16:17] 32 -- sync friend list: BaoDiaSu (full)
[2025/07/15 08:16:17] 33 -- Query ChannelID: \S from (2CFEA8C0, 00000000)
[2025/07/15 08:16:17] 34 -- Create Channel: <00000002> \S754886848
[2025/07/15 08:16:17] 35 -- Query ChannelID: 世界 from (2CFEA8C0, 00000000)
[2025/07/15 08:16:17] 36 -- Query ChannelID: \F0 from (2CFEA8C0, 00000000)
[2025/07/15 08:16:17] 37 -- Create Channel: <00000003> \F0
[2025/07/15 08:16:17] 38 -- Query ChannelID: GM from (2CFEA8C0, 00000000)
[2025/07/15 08:16:17] 39 -- Query ChannelID: \B from (2CFEA8C0, 00000000)
[2025/07/15 08:16:17] 40 -- Create Channel: <00000004> \B754886848
[2025/07/15 08:16:17] 41 -- Query ChannelID: \S from (2CFEA8C0, 00000000)
[2025/07/15 08:16:17] 42 -- Query ChannelID: 世界 from (2CFEA8C0, 00000000)
[2025/07/15 08:16:17] 43 -- Query ChannelID: \F0 from (2CFEA8C0, 00000000)
[2025/07/15 08:16:17] 44 -- Query ChannelID: GM from (2CFEA8C0, 00000000)
[2025/07/15 08:16:17] 45 -- Query ChannelID: \B from (2CFEA8C0, 00000000)
[2025/07/15 08:16:17] 46 -- Query ChannelID: \S from (2CFEA8C0, 00000000)
[2025/07/15 08:16:17] 47 -- Query ChannelID: 世界 from (2CFEA8C0, 00000000)
[2025/07/15 08:16:17] 48 -- Query ChannelID: \F0 from (2CFEA8C0, 00000000)
[2025/07/15 08:16:17] 49 -- Query ChannelID: GM from (2CFEA8C0, 00000000)
[2025/07/15 08:16:17] 50 -- Query ChannelID: \B from (2CFEA8C0, 00000000)
[2025/07/15 08:16:17] 51 -- Query ChannelID: \S from (2CFEA8C0, 00000000)
[2025/07/15 08:16:17] 52 -- Query ChannelID: 世界 from (2CFEA8C0, 00000000)
[2025/07/15 08:16:17] 53 -- Query ChannelID: \F0 from (2CFEA8C0, 00000000)
[2025/07/15 08:16:17] 54 -- Query ChannelID: GM from (2CFEA8C0, 00000000)
[2025/07/15 08:16:17] 55 -- Query ChannelID: \B from (2CFEA8C0, 00000000)
[2025/07/15 08:16:17] 56 -- Subscribe Channel: 00000002 by (2CFEA8C0,00000000)
[2025/07/15 08:16:17] 57 -- Subscribe Channel: 00000001 by (2CFEA8C0,00000000)
[2025/07/15 08:16:17] 58 -- Subscribe Channel: 00000003 by (2CFEA8C0,00000000)
[2025/07/15 08:16:17] 59 -- Subscribe Channel: GM <00000000> by (2CFEA8C0,00000000)
[2025/07/15 08:16:17] 60 -- Subscribe Channel: 00000004 by (2CFEA8C0,00000000)
[2025/07/15 08:16:17] 61 -- Subscribe Channel: 00000002 by (2CFEA8C0,00000000)
[2025/07/15 08:16:17] 62 -- Subscribe Channel: 00000001 by (2CFEA8C0,00000000)
[2025/07/15 08:16:17] 63 -- Subscribe Channel: 00000003 by (2CFEA8C0,00000000)
[2025/07/15 08:16:17] 64 -- Subscribe Channel: GM <00000000> by (2CFEA8C0,00000000)
[2025/07/15 08:16:17] 65 -- Subscribe Channel: 00000004 by (2CFEA8C0,00000000)
[2025/07/15 08:16:17] 66 -- Subscribe Channel: 00000002 by (2CFEA8C0,00000000)
[2025/07/15 08:16:17] 67 -- Subscribe Channel: 00000001 by (2CFEA8C0,00000000)
[2025/07/15 08:16:17] 68 -- Subscribe Channel: 00000003 by (2CFEA8C0,00000000)
[2025/07/15 08:16:17] 69 -- Subscribe Channel: GM <00000000> by (2CFEA8C0,00000000)
[2025/07/15 08:16:17] 70 -- Subscribe Channel: 00000004 by (2CFEA8C0,00000000)
[2025/07/15 08:16:17] 71 -- Subscribe Channel: 00000002 by (2CFEA8C0,00000000)
[2025/07/15 08:16:17] 72 -- Subscribe Channel: 00000001 by (2CFEA8C0,00000000)
[2025/07/15 08:16:17] 73 -- Subscribe Channel: 00000003 by (2CFEA8C0,00000000)
[2025/07/15 08:16:17] 74 -- Subscribe Channel: GM <00000000> by (2CFEA8C0,00000000)
[2025/07/15 08:16:17] 75 -- Subscribe Channel: 00000004 by (2CFEA8C0,00000000)
[2025/07/15 08:16:29] 76 -- load someone: NgaMyTieuNu
[2025/07/15 08:16:29] 77 -- player login: 12345678 [NgaMyTieuNu] (2CFEA8C0, 00000001)
[2025/07/15 08:16:29] 78 -- Query ChannelID: \S from (2CFEA8C0, 00000001)
[2025/07/15 08:16:29] 79 -- Query ChannelID: 世界 from (2CFEA8C0, 00000001)
[2025/07/15 08:16:29] 80 -- Query ChannelID: \F4 from (2CFEA8C0, 00000001)
[2025/07/15 08:16:29] 81 -- Create Channel: <00000005> \F4
[2025/07/15 08:16:29] 82 -- Query ChannelID: GM from (2CFEA8C0, 00000001)
[2025/07/15 08:16:29] 83 -- Query ChannelID: \B from (2CFEA8C0, 00000001)
[2025/07/15 08:16:29] 84 -- Query ChannelID: \S from (2CFEA8C0, 00000001)
[2025/07/15 08:16:29] 85 -- Query ChannelID: 世界 from (2CFEA8C0, 00000001)
[2025/07/15 08:16:29] 86 -- Query ChannelID: \F4 from (2CFEA8C0, 00000001)
[2025/07/15 08:16:29] 87 -- Query ChannelID: GM from (2CFEA8C0, 00000001)
[2025/07/15 08:16:29] 88 -- Query ChannelID: \B from (2CFEA8C0, 00000001)
[2025/07/15 08:16:29] 89 -- sync friend list: NgaMyTieuNu (full)
[2025/07/15 08:16:29] 90 -- Query ChannelID: \S from (2CFEA8C0, 00000001)
[2025/07/15 08:16:29] 91 -- Query ChannelID: 世界 from (2CFEA8C0, 00000001)
[2025/07/15 08:16:29] 92 -- Query ChannelID: \F4 from (2CFEA8C0, 00000001)
[2025/07/15 08:16:29] 93 -- Query ChannelID: GM from (2CFEA8C0, 00000001)
[2025/07/15 08:16:29] 94 -- Query ChannelID: \B from (2CFEA8C0, 00000001)
[2025/07/15 08:16:29] 95 -- Query ChannelID: \S from (2CFEA8C0, 00000001)
[2025/07/15 08:16:29] 96 -- Query ChannelID: 世界 from (2CFEA8C0, 00000001)
[2025/07/15 08:16:29] 97 -- Query ChannelID: \F4 from (2CFEA8C0, 00000001)
[2025/07/15 08:16:29] 98 -- Query ChannelID: GM from (2CFEA8C0, 00000001)
[2025/07/15 08:16:29] 99 -- Query ChannelID: \B from (2CFEA8C0, 00000001)
[2025/07/15 08:16:29] 100 -- Subscribe Channel: 00000002 by (2CFEA8C0,00000001)
[2025/07/15 08:16:29] 101 -- Subscribe Channel: 00000001 by (2CFEA8C0,00000001)
[2025/07/15 08:16:29] 102 -- Subscribe Channel: 00000005 by (2CFEA8C0,00000001)
[2025/07/15 08:16:29] 103 -- Subscribe Channel: GM <00000000> by (2CFEA8C0,00000001)
[2025/07/15 08:16:29] 104 -- Subscribe Channel: 00000004 by (2CFEA8C0,00000001)
[2025/07/15 08:16:29] 105 -- Subscribe Channel: 00000002 by (2CFEA8C0,00000001)
[2025/07/15 08:16:29] 106 -- Subscribe Channel: 00000001 by (2CFEA8C0,00000001)
[2025/07/15 08:16:29] 107 -- Subscribe Channel: 00000005 by (2CFEA8C0,00000001)
[2025/07/15 08:16:29] 108 -- Subscribe Channel: GM <00000000> by (2CFEA8C0,00000001)
[2025/07/15 08:16:29] 109 -- Subscribe Channel: 00000004 by (2CFEA8C0,00000001)
[2025/07/15 08:16:29] 110 -- Subscribe Channel: 00000002 by (2CFEA8C0,00000001)
[2025/07/15 08:16:29] 111 -- Subscribe Channel: 00000001 by (2CFEA8C0,00000001)
[2025/07/15 08:16:29] 112 -- Subscribe Channel: 00000005 by (2CFEA8C0,00000001)
[2025/07/15 08:16:29] 113 -- Subscribe Channel: GM <00000000> by (2CFEA8C0,00000001)
[2025/07/15 08:16:29] 114 -- Subscribe Channel: 00000004 by (2CFEA8C0,00000001)
[2025/07/15 08:16:29] 115 -- Subscribe Channel: 00000002 by (2CFEA8C0,00000001)
[2025/07/15 08:16:29] 116 -- Subscribe Channel: 00000001 by (2CFEA8C0,00000001)
[2025/07/15 08:16:29] 117 -- Subscribe Channel: 00000005 by (2CFEA8C0,00000001)
[2025/07/15 08:16:29] 118 -- Subscribe Channel: GM <00000000> by (2CFEA8C0,00000001)
[2025/07/15 08:16:29] 119 -- Subscribe Channel: 00000004 by (2CFEA8C0,00000001)
[2025/07/15 08:16:38] 120 -- Query ChannelID: \T0 from (2CFEA8C0, 00000001)
[2025/07/15 08:16:38] 121 -- Create Channel: <00000006> \T0:754886848
[2025/07/15 08:16:38] 122 -- Subscribe Channel: 00000006 by (2CFEA8C0,00000001)
[2025/07/15 08:16:59] 123 -- Query ChannelID: \T0 from (2CFEA8C0, 00000000)
[2025/07/15 08:16:59] 124 -- Query ChannelID: \T0 from (2CFEA8C0, 00000000)
[2025/07/15 08:16:59] 125 -- Query ChannelID: \T0 from (2CFEA8C0, 00000000)
[2025/07/15 08:16:59] 126 -- Subscribe Channel: 00000006 by (2CFEA8C0,00000000)
[2025/07/15 08:16:59] 127 -- Subscribe Channel: 00000006 by (2CFEA8C0,00000000)
[2025/07/15 08:16:59] 128 -- Subscribe Channel: 00000006 by (2CFEA8C0,00000000)
