
*
***** S3Relay Start (@ 2025/07/15 09:12:18.144) >>>>>
*

[2025/07/15 09:12:18] 1 -- Initializing ...
[2025/07/15 09:12:18] 2 -- Connect Database Success!
[2025/07/15 09:12:18] 3 -- Create Channel: [Stock, GM] <00000000> GM
[2025/07/15 09:12:18] 4 -- Create Channel: [Stock] <00000001> 世界
[2025/07/15 09:12:18] 5 -- friend timing update db: start
[2025/07/15 09:12:18] 6 -- relay server startup
[2025/07/15 09:12:18] 7 -- root client create: 192.168.254.42
[2025/07/15 09:12:18] 8 -- DBRole client create: 192.168.254.42
[2025/07/15 09:12:18] 9 -- root client close: 192.168.254.42
[2025/07/15 09:12:18] 10 -- gateway client create: 192.168.254.42
[2025/07/15 09:12:18] 11 -- host server startup
[2025/07/15 09:12:18] 12 -- tong server startup
[2025/07/15 09:12:18] 13 -- chat server startup
[2025/07/15 09:12:18] 14 -- SockThread start success
[2025/07/15 09:12:18] 15 -- tong database open ok!
[2025/07/15 09:12:18] 16 -- tongset init ok !
[2025/07/15 09:12:18] 17 -- Initialize OK
[2025/07/15 09:12:27] 18 -- host connect create: 127.0.0.1
[2025/07/15 09:12:27] 19 -- chat connect create: 127.0.0.1
[2025/07/15 09:12:27] 20 -- tong connect create: 127.0.0.1
[2025/07/15 09:12:30] 21 -- host connect create: 192.168.254.44
[2025/07/15 09:12:30] 22 -- chat connect create: 192.168.254.44
[2025/07/15 09:12:30] 23 -- tong connect create: 192.168.254.44
[2025/07/15 09:12:30] 24 -- host connect create: 192.168.254.43
[2025/07/15 09:12:30] 25 -- chat connect create: 192.168.254.43
[2025/07/15 09:12:30] 26 -- tong connect create: 192.168.254.43
[2025/07/15 09:12:30] 27 -- host connect create: 192.168.254.45
[2025/07/15 09:12:30] 28 -- chat connect create: 192.168.254.45
[2025/07/15 09:12:30] 29 -- tong connect create: 192.168.254.45
[2025/07/15 09:12:42] 30 -- load someone: NgaMyTieuNu
[2025/07/15 09:12:42] 31 -- player login: 12345678 [NgaMyTieuNu] (2CFEA8C0, 00000000)
[2025/07/15 09:12:42] 32 -- Query ChannelID: \S from (2CFEA8C0, 00000000)
[2025/07/15 09:12:42] 33 -- Create Channel: <00000002> \S754886848
[2025/07/15 09:12:42] 34 -- Query ChannelID: 世界 from (2CFEA8C0, 00000000)
[2025/07/15 09:12:42] 35 -- Query ChannelID: \F4 from (2CFEA8C0, 00000000)
[2025/07/15 09:12:42] 36 -- Create Channel: <00000003> \F4
[2025/07/15 09:12:42] 37 -- Query ChannelID: GM from (2CFEA8C0, 00000000)
[2025/07/15 09:12:42] 38 -- Query ChannelID: \B from (2CFEA8C0, 00000000)
[2025/07/15 09:12:42] 39 -- Create Channel: <00000004> \B754886848
[2025/07/15 09:12:42] 40 -- Query ChannelID: \S from (2CFEA8C0, 00000000)
[2025/07/15 09:12:42] 41 -- Query ChannelID: 世界 from (2CFEA8C0, 00000000)
[2025/07/15 09:12:42] 42 -- Query ChannelID: \F4 from (2CFEA8C0, 00000000)
[2025/07/15 09:12:42] 43 -- Query ChannelID: GM from (2CFEA8C0, 00000000)
[2025/07/15 09:12:42] 44 -- Query ChannelID: \B from (2CFEA8C0, 00000000)
[2025/07/15 09:12:42] 45 -- sync friend list: NgaMyTieuNu (full)
[2025/07/15 09:12:42] 46 -- Query ChannelID: \S from (2CFEA8C0, 00000000)
[2025/07/15 09:12:42] 47 -- Query ChannelID: 世界 from (2CFEA8C0, 00000000)
[2025/07/15 09:12:42] 48 -- Query ChannelID: \F4 from (2CFEA8C0, 00000000)
[2025/07/15 09:12:42] 49 -- Query ChannelID: GM from (2CFEA8C0, 00000000)
[2025/07/15 09:12:42] 50 -- Query ChannelID: \B from (2CFEA8C0, 00000000)
[2025/07/15 09:12:42] 51 -- Query ChannelID: \S from (2CFEA8C0, 00000000)
[2025/07/15 09:12:42] 52 -- Query ChannelID: 世界 from (2CFEA8C0, 00000000)
[2025/07/15 09:12:42] 53 -- Query ChannelID: \F4 from (2CFEA8C0, 00000000)
[2025/07/15 09:12:42] 54 -- Query ChannelID: GM from (2CFEA8C0, 00000000)
[2025/07/15 09:12:42] 55 -- Query ChannelID: \B from (2CFEA8C0, 00000000)
[2025/07/15 09:12:42] 56 -- Subscribe Channel: 00000002 by (2CFEA8C0,00000000)
[2025/07/15 09:12:42] 57 -- Subscribe Channel: 00000001 by (2CFEA8C0,00000000)
[2025/07/15 09:12:42] 58 -- Subscribe Channel: 00000003 by (2CFEA8C0,00000000)
[2025/07/15 09:12:42] 59 -- Subscribe Channel: GM <00000000> by (2CFEA8C0,00000000)
[2025/07/15 09:12:42] 60 -- Subscribe Channel: 00000004 by (2CFEA8C0,00000000)
[2025/07/15 09:12:42] 61 -- Subscribe Channel: 00000002 by (2CFEA8C0,00000000)
[2025/07/15 09:12:42] 62 -- Subscribe Channel: 00000001 by (2CFEA8C0,00000000)
[2025/07/15 09:12:42] 63 -- Subscribe Channel: 00000003 by (2CFEA8C0,00000000)
[2025/07/15 09:12:42] 64 -- Subscribe Channel: GM <00000000> by (2CFEA8C0,00000000)
[2025/07/15 09:12:42] 65 -- Subscribe Channel: 00000004 by (2CFEA8C0,00000000)
[2025/07/15 09:12:42] 66 -- Subscribe Channel: 00000002 by (2CFEA8C0,00000000)
[2025/07/15 09:12:42] 67 -- Subscribe Channel: 00000001 by (2CFEA8C0,00000000)
[2025/07/15 09:12:42] 68 -- Subscribe Channel: 00000003 by (2CFEA8C0,00000000)
[2025/07/15 09:12:42] 69 -- Subscribe Channel: GM <00000000> by (2CFEA8C0,00000000)
[2025/07/15 09:12:42] 70 -- Subscribe Channel: 00000004 by (2CFEA8C0,00000000)
[2025/07/15 09:12:42] 71 -- Subscribe Channel: 00000002 by (2CFEA8C0,00000000)
[2025/07/15 09:12:42] 72 -- Subscribe Channel: 00000001 by (2CFEA8C0,00000000)
[2025/07/15 09:12:42] 73 -- Subscribe Channel: 00000003 by (2CFEA8C0,00000000)
[2025/07/15 09:12:42] 74 -- Subscribe Channel: GM <00000000> by (2CFEA8C0,00000000)
[2025/07/15 09:12:42] 75 -- Subscribe Channel: 00000004 by (2CFEA8C0,00000000)
[2025/07/15 09:12:54] 76 -- load someone: BaoDiaSu
[2025/07/15 09:12:54] 77 -- player login: 1234567 [BaoDiaSu] (2CFEA8C0, 00000001)
[2025/07/15 09:12:54] 78 -- Query ChannelID: \S from (2CFEA8C0, 00000001)
[2025/07/15 09:12:54] 79 -- Query ChannelID: 世界 from (2CFEA8C0, 00000001)
[2025/07/15 09:12:54] 80 -- Query ChannelID: \F0 from (2CFEA8C0, 00000001)
[2025/07/15 09:12:54] 81 -- Create Channel: <00000005> \F0
[2025/07/15 09:12:54] 82 -- Query ChannelID: GM from (2CFEA8C0, 00000001)
[2025/07/15 09:12:54] 83 -- Query ChannelID: \B from (2CFEA8C0, 00000001)
[2025/07/15 09:12:54] 84 -- Query ChannelID: \S from (2CFEA8C0, 00000001)
[2025/07/15 09:12:54] 85 -- Query ChannelID: 世界 from (2CFEA8C0, 00000001)
[2025/07/15 09:12:54] 86 -- Query ChannelID: \F0 from (2CFEA8C0, 00000001)
[2025/07/15 09:12:54] 87 -- Query ChannelID: GM from (2CFEA8C0, 00000001)
[2025/07/15 09:12:54] 88 -- Query ChannelID: \B from (2CFEA8C0, 00000001)
[2025/07/15 09:12:54] 89 -- sync friend list: BaoDiaSu (full)
[2025/07/15 09:12:54] 90 -- Query ChannelID: \S from (2CFEA8C0, 00000001)
[2025/07/15 09:12:54] 91 -- Query ChannelID: 世界 from (2CFEA8C0, 00000001)
[2025/07/15 09:12:54] 92 -- Query ChannelID: \F0 from (2CFEA8C0, 00000001)
[2025/07/15 09:12:54] 93 -- Query ChannelID: GM from (2CFEA8C0, 00000001)
[2025/07/15 09:12:54] 94 -- Query ChannelID: \B from (2CFEA8C0, 00000001)
[2025/07/15 09:12:54] 95 -- Query ChannelID: \S from (2CFEA8C0, 00000001)
[2025/07/15 09:12:54] 96 -- Query ChannelID: 世界 from (2CFEA8C0, 00000001)
[2025/07/15 09:12:54] 97 -- Query ChannelID: \F0 from (2CFEA8C0, 00000001)
[2025/07/15 09:12:54] 98 -- Query ChannelID: GM from (2CFEA8C0, 00000001)
[2025/07/15 09:12:54] 99 -- Query ChannelID: \B from (2CFEA8C0, 00000001)
[2025/07/15 09:12:54] 100 -- Subscribe Channel: 00000002 by (2CFEA8C0,00000001)
[2025/07/15 09:12:54] 101 -- Subscribe Channel: 00000001 by (2CFEA8C0,00000001)
[2025/07/15 09:12:54] 102 -- Subscribe Channel: 00000005 by (2CFEA8C0,00000001)
[2025/07/15 09:12:54] 103 -- Subscribe Channel: GM <00000000> by (2CFEA8C0,00000001)
[2025/07/15 09:12:54] 104 -- Subscribe Channel: 00000004 by (2CFEA8C0,00000001)
[2025/07/15 09:12:54] 105 -- Subscribe Channel: 00000002 by (2CFEA8C0,00000001)
[2025/07/15 09:12:54] 106 -- Subscribe Channel: 00000001 by (2CFEA8C0,00000001)
[2025/07/15 09:12:54] 107 -- Subscribe Channel: 00000005 by (2CFEA8C0,00000001)
[2025/07/15 09:12:54] 108 -- Subscribe Channel: GM <00000000> by (2CFEA8C0,00000001)
[2025/07/15 09:12:54] 109 -- Subscribe Channel: 00000004 by (2CFEA8C0,00000001)
[2025/07/15 09:12:54] 110 -- Subscribe Channel: 00000002 by (2CFEA8C0,00000001)
[2025/07/15 09:12:54] 111 -- Subscribe Channel: 00000001 by (2CFEA8C0,00000001)
[2025/07/15 09:12:54] 112 -- Subscribe Channel: 00000005 by (2CFEA8C0,00000001)
[2025/07/15 09:12:54] 113 -- Subscribe Channel: GM <00000000> by (2CFEA8C0,00000001)
[2025/07/15 09:12:54] 114 -- Subscribe Channel: 00000004 by (2CFEA8C0,00000001)
[2025/07/15 09:12:54] 115 -- Subscribe Channel: 00000002 by (2CFEA8C0,00000001)
[2025/07/15 09:12:54] 116 -- Subscribe Channel: 00000001 by (2CFEA8C0,00000001)
[2025/07/15 09:12:54] 117 -- Subscribe Channel: 00000005 by (2CFEA8C0,00000001)
[2025/07/15 09:12:54] 118 -- Subscribe Channel: GM <00000000> by (2CFEA8C0,00000001)
[2025/07/15 09:12:54] 119 -- Subscribe Channel: 00000004 by (2CFEA8C0,00000001)
[2025/07/15 09:13:00] 120 -- Query ChannelID: \T0 from (2CFEA8C0, 00000001)
[2025/07/15 09:13:00] 121 -- Create Channel: <00000006> \T0:754886848
[2025/07/15 09:13:00] 122 -- Subscribe Channel: 00000006 by (2CFEA8C0,00000001)
[2025/07/15 09:13:03] 123 -- Query ChannelID: \T0 from (2CFEA8C0, 00000000)
[2025/07/15 09:13:06] 124 -- Subscribe Channel: 00000006 by (2CFEA8C0,00000000)
[2025/07/15 09:17:21] 125 -- update friend DB succeed
