
*
***** S3Relay Start (@ 2025/07/15 09:22:38.324) >>>>>
*

[2025/07/15 09:22:38] 1 -- Initializing ...
[2025/07/15 09:22:38] 2 -- Connect Database Success!
[2025/07/15 09:22:38] 3 -- Create Channel: [Stock, GM] <00000000> GM
[2025/07/15 09:22:38] 4 -- Create Channel: [Stock] <00000001> 世界
[2025/07/15 09:22:38] 5 -- friend timing update db: start
[2025/07/15 09:22:38] 6 -- relay server startup
[2025/07/15 09:22:38] 7 -- root client create: 192.168.254.42
[2025/07/15 09:22:38] 8 -- DBRole client create: 192.168.254.42
[2025/07/15 09:22:38] 9 -- root client close: 192.168.254.42
[2025/07/15 09:22:38] 10 -- gateway client create: 192.168.254.42
[2025/07/15 09:22:38] 11 -- host server startup
[2025/07/15 09:22:38] 12 -- tong server startup
[2025/07/15 09:22:38] 13 -- chat server startup
[2025/07/15 09:22:38] 14 -- SockThread start success
[2025/07/15 09:22:38] 15 -- tong database open ok!
[2025/07/15 09:22:38] 16 -- tongset init ok !
[2025/07/15 09:22:38] 17 -- Initialize OK
[2025/07/15 09:22:47] 18 -- host connect create: 127.0.0.1
[2025/07/15 09:22:47] 19 -- chat connect create: 127.0.0.1
[2025/07/15 09:22:47] 20 -- tong connect create: 127.0.0.1
[2025/07/15 09:22:53] 21 -- host connect create: 192.168.254.44
[2025/07/15 09:22:53] 22 -- chat connect create: 192.168.254.44
[2025/07/15 09:22:53] 23 -- tong connect create: 192.168.254.44
[2025/07/15 09:22:53] 24 -- host connect create: 192.168.254.43
[2025/07/15 09:22:53] 25 -- chat connect create: 192.168.254.43
[2025/07/15 09:22:53] 26 -- tong connect create: 192.168.254.43
[2025/07/15 09:22:53] 27 -- host connect create: 192.168.254.45
[2025/07/15 09:22:53] 28 -- chat connect create: 192.168.254.45
[2025/07/15 09:22:53] 29 -- tong connect create: 192.168.254.45
[2025/07/15 09:23:14] 30 -- load someone: BaoDiaSu
[2025/07/15 09:23:14] 31 -- player login: 1234567 [BaoDiaSu] (2CFEA8C0, 00000000)
[2025/07/15 09:23:14] 32 -- Query ChannelID: \S from (2CFEA8C0, 00000000)
[2025/07/15 09:23:14] 33 -- Create Channel: <00000002> \S754886848
[2025/07/15 09:23:14] 34 -- Query ChannelID: 世界 from (2CFEA8C0, 00000000)
[2025/07/15 09:23:14] 35 -- Query ChannelID: \F0 from (2CFEA8C0, 00000000)
[2025/07/15 09:23:14] 36 -- Create Channel: <00000003> \F0
[2025/07/15 09:23:14] 37 -- Query ChannelID: GM from (2CFEA8C0, 00000000)
[2025/07/15 09:23:14] 38 -- Query ChannelID: \B from (2CFEA8C0, 00000000)
[2025/07/15 09:23:14] 39 -- Create Channel: <00000004> \B754886848
[2025/07/15 09:23:14] 40 -- Query ChannelID: \S from (2CFEA8C0, 00000000)
[2025/07/15 09:23:14] 41 -- Query ChannelID: 世界 from (2CFEA8C0, 00000000)
[2025/07/15 09:23:14] 42 -- Query ChannelID: \F0 from (2CFEA8C0, 00000000)
[2025/07/15 09:23:14] 43 -- Query ChannelID: GM from (2CFEA8C0, 00000000)
[2025/07/15 09:23:14] 44 -- Query ChannelID: \B from (2CFEA8C0, 00000000)
[2025/07/15 09:23:14] 45 -- Query ChannelID: \S from (2CFEA8C0, 00000000)
[2025/07/15 09:23:14] 46 -- Query ChannelID: 世界 from (2CFEA8C0, 00000000)
[2025/07/15 09:23:14] 47 -- Query ChannelID: \F0 from (2CFEA8C0, 00000000)
[2025/07/15 09:23:14] 48 -- Query ChannelID: GM from (2CFEA8C0, 00000000)
[2025/07/15 09:23:14] 49 -- Query ChannelID: \B from (2CFEA8C0, 00000000)
[2025/07/15 09:23:14] 50 -- Query ChannelID: \S from (2CFEA8C0, 00000000)
[2025/07/15 09:23:14] 51 -- Query ChannelID: 世界 from (2CFEA8C0, 00000000)
[2025/07/15 09:23:14] 52 -- Query ChannelID: \F0 from (2CFEA8C0, 00000000)
[2025/07/15 09:23:14] 53 -- Query ChannelID: GM from (2CFEA8C0, 00000000)
[2025/07/15 09:23:14] 54 -- Query ChannelID: \B from (2CFEA8C0, 00000000)
[2025/07/15 09:23:14] 55 -- sync friend list: BaoDiaSu (full)
[2025/07/15 09:23:14] 56 -- Subscribe Channel: 00000002 by (2CFEA8C0,00000000)
[2025/07/15 09:23:14] 57 -- Subscribe Channel: 00000001 by (2CFEA8C0,00000000)
[2025/07/15 09:23:14] 58 -- Subscribe Channel: 00000003 by (2CFEA8C0,00000000)
[2025/07/15 09:23:14] 59 -- Subscribe Channel: GM <00000000> by (2CFEA8C0,00000000)
[2025/07/15 09:23:14] 60 -- Subscribe Channel: 00000004 by (2CFEA8C0,00000000)
[2025/07/15 09:23:14] 61 -- Subscribe Channel: 00000002 by (2CFEA8C0,00000000)
[2025/07/15 09:23:14] 62 -- Subscribe Channel: 00000001 by (2CFEA8C0,00000000)
[2025/07/15 09:23:14] 63 -- Subscribe Channel: 00000003 by (2CFEA8C0,00000000)
[2025/07/15 09:23:14] 64 -- Subscribe Channel: GM <00000000> by (2CFEA8C0,00000000)
[2025/07/15 09:23:14] 65 -- Subscribe Channel: 00000004 by (2CFEA8C0,00000000)
[2025/07/15 09:23:14] 66 -- Subscribe Channel: 00000002 by (2CFEA8C0,00000000)
[2025/07/15 09:23:14] 67 -- Subscribe Channel: 00000001 by (2CFEA8C0,00000000)
[2025/07/15 09:23:14] 68 -- Subscribe Channel: 00000003 by (2CFEA8C0,00000000)
[2025/07/15 09:23:14] 69 -- Subscribe Channel: GM <00000000> by (2CFEA8C0,00000000)
[2025/07/15 09:23:14] 70 -- Subscribe Channel: 00000004 by (2CFEA8C0,00000000)
[2025/07/15 09:23:14] 71 -- Subscribe Channel: 00000002 by (2CFEA8C0,00000000)
[2025/07/15 09:23:14] 72 -- Subscribe Channel: 00000001 by (2CFEA8C0,00000000)
[2025/07/15 09:23:14] 73 -- Subscribe Channel: 00000003 by (2CFEA8C0,00000000)
[2025/07/15 09:23:14] 74 -- Subscribe Channel: GM <00000000> by (2CFEA8C0,00000000)
[2025/07/15 09:23:14] 75 -- Subscribe Channel: 00000004 by (2CFEA8C0,00000000)
[2025/07/15 09:23:35] 76 -- load someone: NgaMyTieuNu
[2025/07/15 09:23:35] 77 -- player login: 12345678 [NgaMyTieuNu] (2CFEA8C0, 00000001)
[2025/07/15 09:23:35] 78 -- Query ChannelID: \S from (2CFEA8C0, 00000001)
[2025/07/15 09:23:35] 79 -- Query ChannelID: 世界 from (2CFEA8C0, 00000001)
[2025/07/15 09:23:35] 80 -- Query ChannelID: \F4 from (2CFEA8C0, 00000001)
[2025/07/15 09:23:35] 81 -- Create Channel: <00000005> \F4
[2025/07/15 09:23:35] 82 -- Query ChannelID: GM from (2CFEA8C0, 00000001)
[2025/07/15 09:23:35] 83 -- Query ChannelID: \B from (2CFEA8C0, 00000001)
[2025/07/15 09:23:35] 84 -- Query ChannelID: \S from (2CFEA8C0, 00000001)
[2025/07/15 09:23:35] 85 -- Query ChannelID: 世界 from (2CFEA8C0, 00000001)
[2025/07/15 09:23:35] 86 -- Query ChannelID: \F4 from (2CFEA8C0, 00000001)
[2025/07/15 09:23:35] 87 -- Query ChannelID: GM from (2CFEA8C0, 00000001)
[2025/07/15 09:23:35] 88 -- Query ChannelID: \B from (2CFEA8C0, 00000001)
[2025/07/15 09:23:35] 89 -- sync friend list: NgaMyTieuNu (full)
[2025/07/15 09:23:35] 90 -- Query ChannelID: \S from (2CFEA8C0, 00000001)
[2025/07/15 09:23:35] 91 -- Query ChannelID: 世界 from (2CFEA8C0, 00000001)
[2025/07/15 09:23:35] 92 -- Query ChannelID: \F4 from (2CFEA8C0, 00000001)
[2025/07/15 09:23:35] 93 -- Query ChannelID: GM from (2CFEA8C0, 00000001)
[2025/07/15 09:23:35] 94 -- Query ChannelID: \B from (2CFEA8C0, 00000001)
[2025/07/15 09:23:35] 95 -- Query ChannelID: \S from (2CFEA8C0, 00000001)
[2025/07/15 09:23:35] 96 -- Query ChannelID: 世界 from (2CFEA8C0, 00000001)
[2025/07/15 09:23:35] 97 -- Query ChannelID: \F4 from (2CFEA8C0, 00000001)
[2025/07/15 09:23:35] 98 -- Query ChannelID: GM from (2CFEA8C0, 00000001)
[2025/07/15 09:23:35] 99 -- Query ChannelID: \B from (2CFEA8C0, 00000001)
[2025/07/15 09:23:35] 100 -- Subscribe Channel: 00000002 by (2CFEA8C0,00000001)
[2025/07/15 09:23:35] 101 -- Subscribe Channel: 00000001 by (2CFEA8C0,00000001)
[2025/07/15 09:23:35] 102 -- Subscribe Channel: 00000005 by (2CFEA8C0,00000001)
[2025/07/15 09:23:35] 103 -- Subscribe Channel: GM <00000000> by (2CFEA8C0,00000001)
[2025/07/15 09:23:35] 104 -- Subscribe Channel: 00000004 by (2CFEA8C0,00000001)
[2025/07/15 09:23:35] 105 -- Subscribe Channel: 00000002 by (2CFEA8C0,00000001)
[2025/07/15 09:23:35] 106 -- Subscribe Channel: 00000001 by (2CFEA8C0,00000001)
[2025/07/15 09:23:35] 107 -- Subscribe Channel: 00000005 by (2CFEA8C0,00000001)
[2025/07/15 09:23:35] 108 -- Subscribe Channel: GM <00000000> by (2CFEA8C0,00000001)
[2025/07/15 09:23:35] 109 -- Subscribe Channel: 00000004 by (2CFEA8C0,00000001)
[2025/07/15 09:23:35] 110 -- Subscribe Channel: 00000002 by (2CFEA8C0,00000001)
[2025/07/15 09:23:35] 111 -- Subscribe Channel: 00000001 by (2CFEA8C0,00000001)
[2025/07/15 09:23:35] 112 -- Subscribe Channel: 00000005 by (2CFEA8C0,00000001)
[2025/07/15 09:23:35] 113 -- Subscribe Channel: GM <00000000> by (2CFEA8C0,00000001)
[2025/07/15 09:23:35] 114 -- Subscribe Channel: 00000004 by (2CFEA8C0,00000001)
[2025/07/15 09:23:35] 115 -- Subscribe Channel: 00000002 by (2CFEA8C0,00000001)
[2025/07/15 09:23:35] 116 -- Subscribe Channel: 00000001 by (2CFEA8C0,00000001)
[2025/07/15 09:23:35] 117 -- Subscribe Channel: 00000005 by (2CFEA8C0,00000001)
[2025/07/15 09:23:35] 118 -- Subscribe Channel: GM <00000000> by (2CFEA8C0,00000001)
[2025/07/15 09:23:35] 119 -- Subscribe Channel: 00000004 by (2CFEA8C0,00000001)
[2025/07/15 09:23:59] 120 -- Query ChannelID: \T0 from (2CFEA8C0, 00000001)
[2025/07/15 09:23:59] 121 -- Create Channel: <00000006> \T0:754886848
[2025/07/15 09:23:59] 122 -- Subscribe Channel: 00000006 by (2CFEA8C0,00000001)
[2025/07/15 09:24:02] 123 -- Query ChannelID: \T0 from (2CFEA8C0, 00000000)
[2025/07/15 09:24:02] 124 -- Query ChannelID: \T0 from (2CFEA8C0, 00000000)
[2025/07/15 09:24:02] 125 -- Query ChannelID: \T0 from (2CFEA8C0, 00000000)
[2025/07/15 09:24:02] 126 -- Subscribe Channel: 00000006 by (2CFEA8C0,00000000)
[2025/07/15 09:24:02] 127 -- Subscribe Channel: 00000006 by (2CFEA8C0,00000000)
[2025/07/15 09:24:02] 128 -- Subscribe Channel: 00000006 by (2CFEA8C0,00000000)
[2025/07/15 09:27:41] 129 -- update friend DB succeed
