
*
***** S3Relay Start (@ 2025/07/15 10:45:06.746) >>>>>
*

[2025/07/15 10:45:06] 1 -- Initializing ...
[2025/07/15 10:45:06] 2 -- Connect Database Success!
[2025/07/15 10:45:06] 3 -- Create Channel: [Stock, GM] <00000000> GM
[2025/07/15 10:45:06] 4 -- Create Channel: [Stock] <00000001> 世界
[2025/07/15 10:45:06] 5 -- friend timing update db: start
[2025/07/15 10:45:06] 6 -- relay server startup
[2025/07/15 10:45:06] 7 -- root client create: 192.168.254.42
[2025/07/15 10:45:06] 8 -- DBRole client create: 192.168.254.42
[2025/07/15 10:45:06] 9 -- root client close: 192.168.254.42
[2025/07/15 10:45:06] 10 -- gateway client create: 192.168.254.42
[2025/07/15 10:45:06] 11 -- host server startup
[2025/07/15 10:45:06] 12 -- tong server startup
[2025/07/15 10:45:06] 13 -- chat server startup
[2025/07/15 10:45:06] 14 -- SockThread start success
[2025/07/15 10:45:06] 15 -- tong database open ok!
[2025/07/15 10:45:06] 16 -- tongset init ok !
[2025/07/15 10:45:06] 17 -- Initialize OK
[2025/07/15 10:45:15] 18 -- host connect create: 127.0.0.1
[2025/07/15 10:45:15] 19 -- chat connect create: 127.0.0.1
[2025/07/15 10:45:15] 20 -- tong connect create: 127.0.0.1
[2025/07/15 10:45:27] 21 -- host connect create: 192.168.254.44
[2025/07/15 10:45:27] 22 -- chat connect create: 192.168.254.44
[2025/07/15 10:45:27] 23 -- tong connect create: 192.168.254.44
[2025/07/15 10:45:27] 24 -- host connect create: 192.168.254.43
[2025/07/15 10:45:27] 25 -- chat connect create: 192.168.254.43
[2025/07/15 10:45:27] 26 -- tong connect create: 192.168.254.43
[2025/07/15 10:45:27] 27 -- host connect create: 192.168.254.45
[2025/07/15 10:45:27] 28 -- chat connect create: 192.168.254.45
[2025/07/15 10:45:27] 29 -- tong connect create: 192.168.254.45
[2025/07/15 10:45:39] 30 -- load someone: BaoDiaSu
[2025/07/15 10:45:39] 31 -- player login: 1234567 [BaoDiaSu] (2CFEA8C0, 00000000)
[2025/07/15 10:45:39] 32 -- Query ChannelID: \S from (2CFEA8C0, 00000000)
[2025/07/15 10:45:39] 33 -- Create Channel: <00000002> \S754886848
[2025/07/15 10:45:39] 34 -- Query ChannelID: 世界 from (2CFEA8C0, 00000000)
[2025/07/15 10:45:39] 35 -- Query ChannelID: \F0 from (2CFEA8C0, 00000000)
[2025/07/15 10:45:39] 36 -- Create Channel: <00000003> \F0
[2025/07/15 10:45:39] 37 -- Query ChannelID: GM from (2CFEA8C0, 00000000)
[2025/07/15 10:45:39] 38 -- Query ChannelID: \B from (2CFEA8C0, 00000000)
[2025/07/15 10:45:39] 39 -- Create Channel: <00000004> \B754886848
[2025/07/15 10:45:39] 40 -- Query ChannelID: \S from (2CFEA8C0, 00000000)
[2025/07/15 10:45:39] 41 -- Query ChannelID: 世界 from (2CFEA8C0, 00000000)
[2025/07/15 10:45:39] 42 -- Query ChannelID: \F0 from (2CFEA8C0, 00000000)
[2025/07/15 10:45:39] 43 -- Query ChannelID: GM from (2CFEA8C0, 00000000)
[2025/07/15 10:45:39] 44 -- Query ChannelID: \B from (2CFEA8C0, 00000000)
[2025/07/15 10:45:39] 45 -- sync friend list: BaoDiaSu (full)
[2025/07/15 10:45:39] 46 -- Query ChannelID: \S from (2CFEA8C0, 00000000)
[2025/07/15 10:45:39] 47 -- Query ChannelID: 世界 from (2CFEA8C0, 00000000)
[2025/07/15 10:45:39] 48 -- Query ChannelID: \F0 from (2CFEA8C0, 00000000)
[2025/07/15 10:45:39] 49 -- Query ChannelID: GM from (2CFEA8C0, 00000000)
[2025/07/15 10:45:39] 50 -- Query ChannelID: \B from (2CFEA8C0, 00000000)
[2025/07/15 10:45:39] 51 -- Query ChannelID: \S from (2CFEA8C0, 00000000)
[2025/07/15 10:45:39] 52 -- Query ChannelID: 世界 from (2CFEA8C0, 00000000)
[2025/07/15 10:45:39] 53 -- Query ChannelID: \F0 from (2CFEA8C0, 00000000)
[2025/07/15 10:45:39] 54 -- Query ChannelID: GM from (2CFEA8C0, 00000000)
[2025/07/15 10:45:39] 55 -- Query ChannelID: \B from (2CFEA8C0, 00000000)
[2025/07/15 10:45:39] 56 -- Subscribe Channel: 00000002 by (2CFEA8C0,00000000)
[2025/07/15 10:45:39] 57 -- Subscribe Channel: 00000001 by (2CFEA8C0,00000000)
[2025/07/15 10:45:39] 58 -- Subscribe Channel: 00000003 by (2CFEA8C0,00000000)
[2025/07/15 10:45:39] 59 -- Subscribe Channel: GM <00000000> by (2CFEA8C0,00000000)
[2025/07/15 10:45:39] 60 -- Subscribe Channel: 00000004 by (2CFEA8C0,00000000)
[2025/07/15 10:45:39] 61 -- Subscribe Channel: 00000002 by (2CFEA8C0,00000000)
[2025/07/15 10:45:39] 62 -- Subscribe Channel: 00000001 by (2CFEA8C0,00000000)
[2025/07/15 10:45:39] 63 -- Subscribe Channel: 00000003 by (2CFEA8C0,00000000)
[2025/07/15 10:45:39] 64 -- Subscribe Channel: GM <00000000> by (2CFEA8C0,00000000)
[2025/07/15 10:45:39] 65 -- Subscribe Channel: 00000004 by (2CFEA8C0,00000000)
[2025/07/15 10:45:39] 66 -- Subscribe Channel: 00000002 by (2CFEA8C0,00000000)
[2025/07/15 10:45:39] 67 -- Subscribe Channel: 00000001 by (2CFEA8C0,00000000)
[2025/07/15 10:45:39] 68 -- Subscribe Channel: 00000003 by (2CFEA8C0,00000000)
[2025/07/15 10:45:39] 69 -- Subscribe Channel: GM <00000000> by (2CFEA8C0,00000000)
[2025/07/15 10:45:39] 70 -- Subscribe Channel: 00000004 by (2CFEA8C0,00000000)
[2025/07/15 10:45:39] 71 -- Subscribe Channel: 00000002 by (2CFEA8C0,00000000)
[2025/07/15 10:45:39] 72 -- Subscribe Channel: 00000001 by (2CFEA8C0,00000000)
[2025/07/15 10:45:39] 73 -- Subscribe Channel: 00000003 by (2CFEA8C0,00000000)
[2025/07/15 10:45:39] 74 -- Subscribe Channel: GM <00000000> by (2CFEA8C0,00000000)
[2025/07/15 10:45:39] 75 -- Subscribe Channel: 00000004 by (2CFEA8C0,00000000)
[2025/07/15 10:45:54] 76 -- load someone: NgaMyTieuNu
[2025/07/15 10:45:54] 77 -- player login: 12345678 [NgaMyTieuNu] (2CFEA8C0, 00000001)
[2025/07/15 10:45:54] 78 -- Query ChannelID: \S from (2CFEA8C0, 00000001)
[2025/07/15 10:45:54] 79 -- Query ChannelID: 世界 from (2CFEA8C0, 00000001)
[2025/07/15 10:45:54] 80 -- Query ChannelID: \F4 from (2CFEA8C0, 00000001)
[2025/07/15 10:45:54] 81 -- Create Channel: <00000005> \F4
[2025/07/15 10:45:54] 82 -- Query ChannelID: GM from (2CFEA8C0, 00000001)
[2025/07/15 10:45:54] 83 -- Query ChannelID: \B from (2CFEA8C0, 00000001)
[2025/07/15 10:45:54] 84 -- Query ChannelID: \S from (2CFEA8C0, 00000001)
[2025/07/15 10:45:54] 85 -- Query ChannelID: 世界 from (2CFEA8C0, 00000001)
[2025/07/15 10:45:54] 86 -- Query ChannelID: \F4 from (2CFEA8C0, 00000001)
[2025/07/15 10:45:54] 87 -- Query ChannelID: GM from (2CFEA8C0, 00000001)
[2025/07/15 10:45:54] 88 -- Query ChannelID: \B from (2CFEA8C0, 00000001)
[2025/07/15 10:45:54] 89 -- sync friend list: NgaMyTieuNu (full)
[2025/07/15 10:45:54] 90 -- Query ChannelID: \S from (2CFEA8C0, 00000001)
[2025/07/15 10:45:54] 91 -- Query ChannelID: 世界 from (2CFEA8C0, 00000001)
[2025/07/15 10:45:54] 92 -- Query ChannelID: \F4 from (2CFEA8C0, 00000001)
[2025/07/15 10:45:54] 93 -- Query ChannelID: GM from (2CFEA8C0, 00000001)
[2025/07/15 10:45:54] 94 -- Query ChannelID: \B from (2CFEA8C0, 00000001)
[2025/07/15 10:45:54] 95 -- Query ChannelID: \S from (2CFEA8C0, 00000001)
[2025/07/15 10:45:54] 96 -- Query ChannelID: 世界 from (2CFEA8C0, 00000001)
[2025/07/15 10:45:54] 97 -- Query ChannelID: \F4 from (2CFEA8C0, 00000001)
[2025/07/15 10:45:54] 98 -- Query ChannelID: GM from (2CFEA8C0, 00000001)
[2025/07/15 10:45:54] 99 -- Query ChannelID: \B from (2CFEA8C0, 00000001)
[2025/07/15 10:45:54] 100 -- Subscribe Channel: 00000002 by (2CFEA8C0,00000001)
[2025/07/15 10:45:54] 101 -- Subscribe Channel: 00000001 by (2CFEA8C0,00000001)
[2025/07/15 10:45:54] 102 -- Subscribe Channel: 00000005 by (2CFEA8C0,00000001)
[2025/07/15 10:45:54] 103 -- Subscribe Channel: GM <00000000> by (2CFEA8C0,00000001)
[2025/07/15 10:45:54] 104 -- Subscribe Channel: 00000004 by (2CFEA8C0,00000001)
[2025/07/15 10:45:54] 105 -- Subscribe Channel: 00000002 by (2CFEA8C0,00000001)
[2025/07/15 10:45:54] 106 -- Subscribe Channel: 00000001 by (2CFEA8C0,00000001)
[2025/07/15 10:45:54] 107 -- Subscribe Channel: 00000005 by (2CFEA8C0,00000001)
[2025/07/15 10:45:54] 108 -- Subscribe Channel: GM <00000000> by (2CFEA8C0,00000001)
[2025/07/15 10:45:54] 109 -- Subscribe Channel: 00000004 by (2CFEA8C0,00000001)
[2025/07/15 10:45:54] 110 -- Subscribe Channel: 00000002 by (2CFEA8C0,00000001)
[2025/07/15 10:45:54] 111 -- Subscribe Channel: 00000001 by (2CFEA8C0,00000001)
[2025/07/15 10:45:54] 112 -- Subscribe Channel: 00000005 by (2CFEA8C0,00000001)
[2025/07/15 10:45:54] 113 -- Subscribe Channel: GM <00000000> by (2CFEA8C0,00000001)
[2025/07/15 10:45:54] 114 -- Subscribe Channel: 00000004 by (2CFEA8C0,00000001)
[2025/07/15 10:45:54] 115 -- Subscribe Channel: 00000002 by (2CFEA8C0,00000001)
[2025/07/15 10:45:54] 116 -- Subscribe Channel: 00000001 by (2CFEA8C0,00000001)
[2025/07/15 10:45:54] 117 -- Subscribe Channel: 00000005 by (2CFEA8C0,00000001)
[2025/07/15 10:45:54] 118 -- Subscribe Channel: GM <00000000> by (2CFEA8C0,00000001)
[2025/07/15 10:45:54] 119 -- Subscribe Channel: 00000004 by (2CFEA8C0,00000001)
[2025/07/15 10:50:09] 120 -- update friend DB succeed
[2025/07/15 10:55:10] 121 -- update friend DB succeed
