
*
***** S3Relay Start (@ 2025/07/15 17:14:55.606) >>>>>
*

[2025/07/15 17:14:55] 1 -- Initializing ...
[2025/07/15 17:14:55] 2 -- Connect Database Success!
[2025/07/15 17:14:55] 3 -- Create Channel: [Stock, GM] <00000000> GM
[2025/07/15 17:14:55] 4 -- Create Channel: [Stock] <00000001> 世界
[2025/07/15 17:14:55] 5 -- friend timing update db: start
[2025/07/15 17:14:55] 6 -- relay server startup
[2025/07/15 17:14:55] 7 -- root client create: 192.168.254.42
[2025/07/15 17:14:55] 8 -- DBRole client create: 192.168.254.42
[2025/07/15 17:14:55] 9 -- root client close: 192.168.254.42
[2025/07/15 17:14:55] 10 -- gateway client create: 192.168.254.42
[2025/07/15 17:14:55] 11 -- host server startup
[2025/07/15 17:14:55] 12 -- tong server startup
[2025/07/15 17:14:55] 13 -- chat server startup
[2025/07/15 17:14:55] 14 -- SockThread start success
[2025/07/15 17:14:55] 15 -- tong database open ok!
[2025/07/15 17:14:55] 16 -- tongset init ok !
[2025/07/15 17:14:55] 17 -- Initialize OK
[2025/07/15 17:15:04] 18 -- host connect create: 127.0.0.1
[2025/07/15 17:15:04] 19 -- chat connect create: 127.0.0.1
[2025/07/15 17:15:04] 20 -- tong connect create: 127.0.0.1
[2025/07/15 17:15:10] 21 -- host connect create: 192.168.254.44
[2025/07/15 17:15:10] 22 -- chat connect create: 192.168.254.44
[2025/07/15 17:15:10] 23 -- tong connect create: 192.168.254.44
[2025/07/15 17:15:13] 24 -- host connect create: 192.168.254.43
[2025/07/15 17:15:13] 25 -- chat connect create: 192.168.254.43
[2025/07/15 17:15:13] 26 -- tong connect create: 192.168.254.43
[2025/07/15 17:15:16] 27 -- host connect create: 192.168.254.45
[2025/07/15 17:15:16] 28 -- chat connect create: 192.168.254.45
[2025/07/15 17:15:16] 29 -- tong connect create: 192.168.254.45
[2025/07/15 17:15:22] 30 -- load someone: NgaMyTieuNu
[2025/07/15 17:15:22] 31 -- player login: 12345678 [NgaMyTieuNu] (2CFEA8C0, 00000000)
[2025/07/15 17:15:22] 32 -- Query ChannelID: \S from (2CFEA8C0, 00000000)
[2025/07/15 17:15:22] 33 -- Create Channel: <00000002> \S754886848
[2025/07/15 17:15:22] 34 -- Query ChannelID: 世界 from (2CFEA8C0, 00000000)
[2025/07/15 17:15:22] 35 -- Query ChannelID: \F4 from (2CFEA8C0, 00000000)
[2025/07/15 17:15:22] 36 -- Create Channel: <00000003> \F4
[2025/07/15 17:15:22] 37 -- Query ChannelID: GM from (2CFEA8C0, 00000000)
[2025/07/15 17:15:22] 38 -- Query ChannelID: \B from (2CFEA8C0, 00000000)
[2025/07/15 17:15:22] 39 -- Create Channel: <00000004> \B754886848
[2025/07/15 17:15:22] 40 -- Query ChannelID: \S from (2CFEA8C0, 00000000)
[2025/07/15 17:15:22] 41 -- Query ChannelID: 世界 from (2CFEA8C0, 00000000)
[2025/07/15 17:15:22] 42 -- Query ChannelID: \F4 from (2CFEA8C0, 00000000)
[2025/07/15 17:15:22] 43 -- Query ChannelID: GM from (2CFEA8C0, 00000000)
[2025/07/15 17:15:22] 44 -- Query ChannelID: \B from (2CFEA8C0, 00000000)
[2025/07/15 17:15:22] 45 -- sync friend list: NgaMyTieuNu (full)
[2025/07/15 17:15:22] 46 -- Query ChannelID: \S from (2CFEA8C0, 00000000)
[2025/07/15 17:15:22] 47 -- Query ChannelID: 世界 from (2CFEA8C0, 00000000)
[2025/07/15 17:15:22] 48 -- Query ChannelID: \F4 from (2CFEA8C0, 00000000)
[2025/07/15 17:15:22] 49 -- Query ChannelID: GM from (2CFEA8C0, 00000000)
[2025/07/15 17:15:22] 50 -- Query ChannelID: \B from (2CFEA8C0, 00000000)
[2025/07/15 17:15:22] 51 -- Query ChannelID: \S from (2CFEA8C0, 00000000)
[2025/07/15 17:15:22] 52 -- Query ChannelID: 世界 from (2CFEA8C0, 00000000)
[2025/07/15 17:15:22] 53 -- Query ChannelID: \F4 from (2CFEA8C0, 00000000)
[2025/07/15 17:15:22] 54 -- Query ChannelID: GM from (2CFEA8C0, 00000000)
[2025/07/15 17:15:22] 55 -- Query ChannelID: \B from (2CFEA8C0, 00000000)
[2025/07/15 17:15:22] 56 -- Subscribe Channel: 00000002 by (2CFEA8C0,00000000)
[2025/07/15 17:15:22] 57 -- Subscribe Channel: 00000001 by (2CFEA8C0,00000000)
[2025/07/15 17:15:22] 58 -- Subscribe Channel: 00000003 by (2CFEA8C0,00000000)
[2025/07/15 17:15:22] 59 -- Subscribe Channel: GM <00000000> by (2CFEA8C0,00000000)
[2025/07/15 17:15:22] 60 -- Subscribe Channel: 00000004 by (2CFEA8C0,00000000)
[2025/07/15 17:15:22] 61 -- Subscribe Channel: 00000002 by (2CFEA8C0,00000000)
[2025/07/15 17:15:22] 62 -- Subscribe Channel: 00000001 by (2CFEA8C0,00000000)
[2025/07/15 17:15:22] 63 -- Subscribe Channel: 00000003 by (2CFEA8C0,00000000)
[2025/07/15 17:15:22] 64 -- Subscribe Channel: GM <00000000> by (2CFEA8C0,00000000)
[2025/07/15 17:15:22] 65 -- Subscribe Channel: 00000004 by (2CFEA8C0,00000000)
[2025/07/15 17:15:22] 66 -- Subscribe Channel: 00000002 by (2CFEA8C0,00000000)
[2025/07/15 17:15:22] 67 -- Subscribe Channel: 00000001 by (2CFEA8C0,00000000)
[2025/07/15 17:15:22] 68 -- Subscribe Channel: 00000003 by (2CFEA8C0,00000000)
[2025/07/15 17:15:22] 69 -- Subscribe Channel: GM <00000000> by (2CFEA8C0,00000000)
[2025/07/15 17:15:22] 70 -- Subscribe Channel: 00000004 by (2CFEA8C0,00000000)
[2025/07/15 17:15:22] 71 -- Subscribe Channel: 00000002 by (2CFEA8C0,00000000)
[2025/07/15 17:15:22] 72 -- Subscribe Channel: 00000001 by (2CFEA8C0,00000000)
[2025/07/15 17:15:22] 73 -- Subscribe Channel: 00000003 by (2CFEA8C0,00000000)
[2025/07/15 17:15:22] 74 -- Subscribe Channel: GM <00000000> by (2CFEA8C0,00000000)
[2025/07/15 17:15:22] 75 -- Subscribe Channel: 00000004 by (2CFEA8C0,00000000)
[2025/07/15 17:15:31] 76 -- load someone: BaoDiaSu
[2025/07/15 17:15:31] 77 -- player login: 1234567 [BaoDiaSu] (2CFEA8C0, 00000001)
[2025/07/15 17:15:31] 78 -- Query ChannelID: \S from (2CFEA8C0, 00000001)
[2025/07/15 17:15:31] 79 -- Query ChannelID: 世界 from (2CFEA8C0, 00000001)
[2025/07/15 17:15:31] 80 -- Query ChannelID: \F0 from (2CFEA8C0, 00000001)
[2025/07/15 17:15:31] 81 -- Create Channel: <00000005> \F0
[2025/07/15 17:15:31] 82 -- Query ChannelID: GM from (2CFEA8C0, 00000001)
[2025/07/15 17:15:31] 83 -- Query ChannelID: \B from (2CFEA8C0, 00000001)
[2025/07/15 17:15:31] 84 -- Query ChannelID: \S from (2CFEA8C0, 00000001)
[2025/07/15 17:15:31] 85 -- Query ChannelID: 世界 from (2CFEA8C0, 00000001)
[2025/07/15 17:15:31] 86 -- Query ChannelID: \F0 from (2CFEA8C0, 00000001)
[2025/07/15 17:15:31] 87 -- Query ChannelID: GM from (2CFEA8C0, 00000001)
[2025/07/15 17:15:31] 88 -- Query ChannelID: \B from (2CFEA8C0, 00000001)
[2025/07/15 17:15:31] 89 -- sync friend list: BaoDiaSu (full)
[2025/07/15 17:15:31] 90 -- Query ChannelID: \S from (2CFEA8C0, 00000001)
[2025/07/15 17:15:31] 91 -- Query ChannelID: 世界 from (2CFEA8C0, 00000001)
[2025/07/15 17:15:31] 92 -- Query ChannelID: \F0 from (2CFEA8C0, 00000001)
[2025/07/15 17:15:31] 93 -- Query ChannelID: GM from (2CFEA8C0, 00000001)
[2025/07/15 17:15:31] 94 -- Query ChannelID: \B from (2CFEA8C0, 00000001)
[2025/07/15 17:15:31] 95 -- Query ChannelID: \S from (2CFEA8C0, 00000001)
[2025/07/15 17:15:31] 96 -- Query ChannelID: 世界 from (2CFEA8C0, 00000001)
[2025/07/15 17:15:31] 97 -- Query ChannelID: \F0 from (2CFEA8C0, 00000001)
[2025/07/15 17:15:31] 98 -- Query ChannelID: GM from (2CFEA8C0, 00000001)
[2025/07/15 17:15:31] 99 -- Query ChannelID: \B from (2CFEA8C0, 00000001)
[2025/07/15 17:15:31] 100 -- Subscribe Channel: 00000002 by (2CFEA8C0,00000001)
[2025/07/15 17:15:31] 101 -- Subscribe Channel: 00000001 by (2CFEA8C0,00000001)
[2025/07/15 17:15:31] 102 -- Subscribe Channel: 00000005 by (2CFEA8C0,00000001)
[2025/07/15 17:15:31] 103 -- Subscribe Channel: GM <00000000> by (2CFEA8C0,00000001)
[2025/07/15 17:15:31] 104 -- Subscribe Channel: 00000004 by (2CFEA8C0,00000001)
[2025/07/15 17:15:31] 105 -- Subscribe Channel: 00000002 by (2CFEA8C0,00000001)
[2025/07/15 17:15:31] 106 -- Subscribe Channel: 00000001 by (2CFEA8C0,00000001)
[2025/07/15 17:15:31] 107 -- Subscribe Channel: 00000005 by (2CFEA8C0,00000001)
[2025/07/15 17:15:31] 108 -- Subscribe Channel: GM <00000000> by (2CFEA8C0,00000001)
[2025/07/15 17:15:31] 109 -- Subscribe Channel: 00000004 by (2CFEA8C0,00000001)
[2025/07/15 17:15:31] 110 -- Subscribe Channel: 00000002 by (2CFEA8C0,00000001)
[2025/07/15 17:15:31] 111 -- Subscribe Channel: 00000001 by (2CFEA8C0,00000001)
[2025/07/15 17:15:31] 112 -- Subscribe Channel: 00000005 by (2CFEA8C0,00000001)
[2025/07/15 17:15:31] 113 -- Subscribe Channel: GM <00000000> by (2CFEA8C0,00000001)
[2025/07/15 17:15:31] 114 -- Subscribe Channel: 00000004 by (2CFEA8C0,00000001)
[2025/07/15 17:15:31] 115 -- Subscribe Channel: 00000002 by (2CFEA8C0,00000001)
[2025/07/15 17:15:31] 116 -- Subscribe Channel: 00000001 by (2CFEA8C0,00000001)
[2025/07/15 17:15:31] 117 -- Subscribe Channel: 00000005 by (2CFEA8C0,00000001)
[2025/07/15 17:15:31] 118 -- Subscribe Channel: GM <00000000> by (2CFEA8C0,00000001)
[2025/07/15 17:15:31] 119 -- Subscribe Channel: 00000004 by (2CFEA8C0,00000001)
[2025/07/15 17:16:34] 120 -- Destroy Channel: <00000005> \F0
[2025/07/15 17:16:34] 121 -- player logout: 1234567
[2025/07/15 17:16:37] 122 -- Destroy Channel: <00000002> \S754886848
[2025/07/15 17:16:37] 123 -- Destroy Channel: <00000003> \F4
[2025/07/15 17:16:37] 124 -- Destroy Channel: <00000004> \B754886848
[2025/07/15 17:16:37] 125 -- player logout: 12345678
[2025/07/15 17:16:46] 126 -- player login: 1234567 [BaoDiaSu] (2CFEA8C0, 00000002)
[2025/07/15 17:16:46] 127 -- Query ChannelID: \S from (2CFEA8C0, 00000002)
[2025/07/15 17:16:46] 128 -- Create Channel: <00000006> \S754886848
[2025/07/15 17:16:46] 129 -- Query ChannelID: 世界 from (2CFEA8C0, 00000002)
[2025/07/15 17:16:46] 130 -- Query ChannelID: \F0 from (2CFEA8C0, 00000002)
[2025/07/15 17:16:46] 131 -- Create Channel: <00000007> \F0
[2025/07/15 17:16:46] 132 -- Query ChannelID: GM from (2CFEA8C0, 00000002)
[2025/07/15 17:16:46] 133 -- Query ChannelID: \B from (2CFEA8C0, 00000002)
[2025/07/15 17:16:46] 134 -- Create Channel: <00000008> \B754886848
[2025/07/15 17:16:46] 135 -- Query ChannelID: \S from (2CFEA8C0, 00000002)
[2025/07/15 17:16:46] 136 -- Query ChannelID: 世界 from (2CFEA8C0, 00000002)
[2025/07/15 17:16:46] 137 -- Query ChannelID: \F0 from (2CFEA8C0, 00000002)
[2025/07/15 17:16:46] 138 -- Query ChannelID: GM from (2CFEA8C0, 00000002)
[2025/07/15 17:16:46] 139 -- Query ChannelID: \B from (2CFEA8C0, 00000002)
[2025/07/15 17:16:46] 140 -- sync friend list: BaoDiaSu (full)
[2025/07/15 17:16:46] 141 -- Query ChannelID: \S from (2CFEA8C0, 00000002)
[2025/07/15 17:16:46] 142 -- Query ChannelID: 世界 from (2CFEA8C0, 00000002)
[2025/07/15 17:16:46] 143 -- Query ChannelID: \F0 from (2CFEA8C0, 00000002)
[2025/07/15 17:16:46] 144 -- Query ChannelID: GM from (2CFEA8C0, 00000002)
[2025/07/15 17:16:46] 145 -- Query ChannelID: \B from (2CFEA8C0, 00000002)
[2025/07/15 17:16:46] 146 -- Query ChannelID: \S from (2CFEA8C0, 00000002)
[2025/07/15 17:16:46] 147 -- Query ChannelID: 世界 from (2CFEA8C0, 00000002)
[2025/07/15 17:16:46] 148 -- Query ChannelID: \F0 from (2CFEA8C0, 00000002)
[2025/07/15 17:16:46] 149 -- Query ChannelID: GM from (2CFEA8C0, 00000002)
[2025/07/15 17:16:46] 150 -- Query ChannelID: \B from (2CFEA8C0, 00000002)
[2025/07/15 17:16:46] 151 -- Subscribe Channel: 00000006 by (2CFEA8C0,00000002)
[2025/07/15 17:16:46] 152 -- Subscribe Channel: 00000001 by (2CFEA8C0,00000002)
[2025/07/15 17:16:46] 153 -- Subscribe Channel: 00000007 by (2CFEA8C0,00000002)
[2025/07/15 17:16:46] 154 -- Subscribe Channel: GM <00000000> by (2CFEA8C0,00000002)
[2025/07/15 17:16:46] 155 -- Subscribe Channel: 00000008 by (2CFEA8C0,00000002)
[2025/07/15 17:16:46] 156 -- Subscribe Channel: 00000006 by (2CFEA8C0,00000002)
[2025/07/15 17:16:46] 157 -- Subscribe Channel: 00000001 by (2CFEA8C0,00000002)
[2025/07/15 17:16:46] 158 -- Subscribe Channel: 00000007 by (2CFEA8C0,00000002)
[2025/07/15 17:16:46] 159 -- Subscribe Channel: GM <00000000> by (2CFEA8C0,00000002)
[2025/07/15 17:16:46] 160 -- Subscribe Channel: 00000008 by (2CFEA8C0,00000002)
[2025/07/15 17:16:46] 161 -- Subscribe Channel: 00000006 by (2CFEA8C0,00000002)
[2025/07/15 17:16:46] 162 -- Subscribe Channel: 00000001 by (2CFEA8C0,00000002)
[2025/07/15 17:16:46] 163 -- Subscribe Channel: 00000007 by (2CFEA8C0,00000002)
[2025/07/15 17:16:46] 164 -- Subscribe Channel: GM <00000000> by (2CFEA8C0,00000002)
[2025/07/15 17:16:46] 165 -- Subscribe Channel: 00000008 by (2CFEA8C0,00000002)
[2025/07/15 17:16:46] 166 -- Subscribe Channel: 00000006 by (2CFEA8C0,00000002)
[2025/07/15 17:16:46] 167 -- Subscribe Channel: 00000001 by (2CFEA8C0,00000002)
[2025/07/15 17:16:46] 168 -- Subscribe Channel: 00000007 by (2CFEA8C0,00000002)
[2025/07/15 17:16:46] 169 -- Subscribe Channel: GM <00000000> by (2CFEA8C0,00000002)
[2025/07/15 17:16:46] 170 -- Subscribe Channel: 00000008 by (2CFEA8C0,00000002)
[2025/07/15 17:17:10] 171 -- Destroy Channel: <00000006> \S754886848
[2025/07/15 17:17:10] 172 -- Destroy Channel: <00000007> \F0
[2025/07/15 17:17:10] 173 -- Destroy Channel: <00000008> \B754886848
[2025/07/15 17:17:10] 174 -- player logout: 1234567
[2025/07/15 17:18:22] 175 -- player login: 12345678 [NgaMyTieuNu] (2CFEA8C0, 00000003)
[2025/07/15 17:18:22] 176 -- Query ChannelID: \S from (2CFEA8C0, 00000003)
[2025/07/15 17:18:22] 177 -- Create Channel: <00000009> \S754886848
[2025/07/15 17:18:22] 178 -- Query ChannelID: 世界 from (2CFEA8C0, 00000003)
[2025/07/15 17:18:22] 179 -- Query ChannelID: \F4 from (2CFEA8C0, 00000003)
[2025/07/15 17:18:22] 180 -- Create Channel: <0000000A> \F4
[2025/07/15 17:18:22] 181 -- Query ChannelID: GM from (2CFEA8C0, 00000003)
[2025/07/15 17:18:22] 182 -- Query ChannelID: \B from (2CFEA8C0, 00000003)
[2025/07/15 17:18:22] 183 -- Create Channel: <0000000B> \B754886848
[2025/07/15 17:18:22] 184 -- Query ChannelID: \S from (2CFEA8C0, 00000003)
[2025/07/15 17:18:22] 185 -- Query ChannelID: 世界 from (2CFEA8C0, 00000003)
[2025/07/15 17:18:22] 186 -- Query ChannelID: \F4 from (2CFEA8C0, 00000003)
[2025/07/15 17:18:22] 187 -- Query ChannelID: GM from (2CFEA8C0, 00000003)
[2025/07/15 17:18:22] 188 -- Query ChannelID: \B from (2CFEA8C0, 00000003)
[2025/07/15 17:18:22] 189 -- sync friend list: NgaMyTieuNu (full)
[2025/07/15 17:18:22] 190 -- Query ChannelID: \S from (2CFEA8C0, 00000003)
[2025/07/15 17:18:22] 191 -- Query ChannelID: 世界 from (2CFEA8C0, 00000003)
[2025/07/15 17:18:22] 192 -- Query ChannelID: \F4 from (2CFEA8C0, 00000003)
[2025/07/15 17:18:22] 193 -- Query ChannelID: GM from (2CFEA8C0, 00000003)
[2025/07/15 17:18:22] 194 -- Query ChannelID: \B from (2CFEA8C0, 00000003)
[2025/07/15 17:18:22] 195 -- Query ChannelID: \S from (2CFEA8C0, 00000003)
[2025/07/15 17:18:22] 196 -- Query ChannelID: 世界 from (2CFEA8C0, 00000003)
[2025/07/15 17:18:22] 197 -- Query ChannelID: \F4 from (2CFEA8C0, 00000003)
[2025/07/15 17:18:22] 198 -- Query ChannelID: GM from (2CFEA8C0, 00000003)
[2025/07/15 17:18:22] 199 -- Query ChannelID: \B from (2CFEA8C0, 00000003)
[2025/07/15 17:18:22] 200 -- Subscribe Channel: 00000009 by (2CFEA8C0,00000003)
[2025/07/15 17:18:22] 201 -- Subscribe Channel: 00000001 by (2CFEA8C0,00000003)
[2025/07/15 17:18:22] 202 -- Subscribe Channel: 0000000A by (2CFEA8C0,00000003)
[2025/07/15 17:18:22] 203 -- Subscribe Channel: GM <00000000> by (2CFEA8C0,00000003)
[2025/07/15 17:18:22] 204 -- Subscribe Channel: 0000000B by (2CFEA8C0,00000003)
[2025/07/15 17:18:22] 205 -- Subscribe Channel: 00000009 by (2CFEA8C0,00000003)
[2025/07/15 17:18:22] 206 -- Subscribe Channel: 00000001 by (2CFEA8C0,00000003)
[2025/07/15 17:18:22] 207 -- Subscribe Channel: 0000000A by (2CFEA8C0,00000003)
[2025/07/15 17:18:22] 208 -- Subscribe Channel: GM <00000000> by (2CFEA8C0,00000003)
[2025/07/15 17:18:22] 209 -- Subscribe Channel: 0000000B by (2CFEA8C0,00000003)
[2025/07/15 17:18:22] 210 -- Subscribe Channel: 00000009 by (2CFEA8C0,00000003)
[2025/07/15 17:18:22] 211 -- Subscribe Channel: 00000001 by (2CFEA8C0,00000003)
[2025/07/15 17:18:22] 212 -- Subscribe Channel: 0000000A by (2CFEA8C0,00000003)
[2025/07/15 17:18:22] 213 -- Subscribe Channel: GM <00000000> by (2CFEA8C0,00000003)
[2025/07/15 17:18:22] 214 -- Subscribe Channel: 0000000B by (2CFEA8C0,00000003)
[2025/07/15 17:18:22] 215 -- Subscribe Channel: 00000009 by (2CFEA8C0,00000003)
[2025/07/15 17:18:22] 216 -- Subscribe Channel: 00000001 by (2CFEA8C0,00000003)
[2025/07/15 17:18:22] 217 -- Subscribe Channel: 0000000A by (2CFEA8C0,00000003)
[2025/07/15 17:18:22] 218 -- Subscribe Channel: GM <00000000> by (2CFEA8C0,00000003)
[2025/07/15 17:18:22] 219 -- Subscribe Channel: 0000000B by (2CFEA8C0,00000003)
[2025/07/15 17:18:40] 220 -- Destroy Channel: <00000009> \S754886848
[2025/07/15 17:18:40] 221 -- Destroy Channel: <0000000A> \F4
[2025/07/15 17:18:40] 222 -- Destroy Channel: <0000000B> \B754886848
[2025/07/15 17:18:40] 223 -- player logout: 12345678
[2025/07/15 17:19:59] 224 -- update friend DB succeed
[2025/07/15 17:20:41] 225 -- player login: 12345678 [NgaMyTieuNu] (2CFEA8C0, 00000004)
[2025/07/15 17:20:41] 226 -- Query ChannelID: \S from (2CFEA8C0, 00000004)
[2025/07/15 17:20:41] 227 -- Create Channel: <0000000C> \S754886848
[2025/07/15 17:20:41] 228 -- Query ChannelID: 世界 from (2CFEA8C0, 00000004)
[2025/07/15 17:20:41] 229 -- Query ChannelID: \F4 from (2CFEA8C0, 00000004)
[2025/07/15 17:20:41] 230 -- Create Channel: <0000000D> \F4
[2025/07/15 17:20:41] 231 -- Query ChannelID: GM from (2CFEA8C0, 00000004)
[2025/07/15 17:20:41] 232 -- Query ChannelID: \B from (2CFEA8C0, 00000004)
[2025/07/15 17:20:41] 233 -- Create Channel: <0000000E> \B754886848
[2025/07/15 17:20:41] 234 -- Query ChannelID: \S from (2CFEA8C0, 00000004)
[2025/07/15 17:20:41] 235 -- Query ChannelID: 世界 from (2CFEA8C0, 00000004)
[2025/07/15 17:20:41] 236 -- Query ChannelID: \F4 from (2CFEA8C0, 00000004)
[2025/07/15 17:20:41] 237 -- Query ChannelID: GM from (2CFEA8C0, 00000004)
[2025/07/15 17:20:41] 238 -- Query ChannelID: \B from (2CFEA8C0, 00000004)
[2025/07/15 17:20:41] 239 -- sync friend list: NgaMyTieuNu (full)
[2025/07/15 17:20:41] 240 -- Query ChannelID: \S from (2CFEA8C0, 00000004)
[2025/07/15 17:20:41] 241 -- Query ChannelID: 世界 from (2CFEA8C0, 00000004)
[2025/07/15 17:20:41] 242 -- Query ChannelID: \F4 from (2CFEA8C0, 00000004)
[2025/07/15 17:20:41] 243 -- Query ChannelID: GM from (2CFEA8C0, 00000004)
[2025/07/15 17:20:41] 244 -- Query ChannelID: \B from (2CFEA8C0, 00000004)
[2025/07/15 17:20:41] 245 -- Query ChannelID: \S from (2CFEA8C0, 00000004)
[2025/07/15 17:20:41] 246 -- Query ChannelID: 世界 from (2CFEA8C0, 00000004)
[2025/07/15 17:20:41] 247 -- Query ChannelID: \F4 from (2CFEA8C0, 00000004)
[2025/07/15 17:20:41] 248 -- Query ChannelID: GM from (2CFEA8C0, 00000004)
[2025/07/15 17:20:41] 249 -- Query ChannelID: \B from (2CFEA8C0, 00000004)
[2025/07/15 17:20:41] 250 -- Subscribe Channel: 0000000C by (2CFEA8C0,00000004)
[2025/07/15 17:20:41] 251 -- Subscribe Channel: 00000001 by (2CFEA8C0,00000004)
[2025/07/15 17:20:41] 252 -- Subscribe Channel: 0000000D by (2CFEA8C0,00000004)
[2025/07/15 17:20:41] 253 -- Subscribe Channel: GM <00000000> by (2CFEA8C0,00000004)
[2025/07/15 17:20:41] 254 -- Subscribe Channel: 0000000E by (2CFEA8C0,00000004)
[2025/07/15 17:20:41] 255 -- Subscribe Channel: 0000000C by (2CFEA8C0,00000004)
[2025/07/15 17:20:41] 256 -- Subscribe Channel: 00000001 by (2CFEA8C0,00000004)
[2025/07/15 17:20:41] 257 -- Subscribe Channel: 0000000D by (2CFEA8C0,00000004)
[2025/07/15 17:20:41] 258 -- Subscribe Channel: GM <00000000> by (2CFEA8C0,00000004)
[2025/07/15 17:20:41] 259 -- Subscribe Channel: 0000000E by (2CFEA8C0,00000004)
[2025/07/15 17:20:41] 260 -- Subscribe Channel: 0000000C by (2CFEA8C0,00000004)
[2025/07/15 17:20:41] 261 -- Subscribe Channel: 00000001 by (2CFEA8C0,00000004)
[2025/07/15 17:20:41] 262 -- Subscribe Channel: 0000000D by (2CFEA8C0,00000004)
[2025/07/15 17:20:41] 263 -- Subscribe Channel: GM <00000000> by (2CFEA8C0,00000004)
[2025/07/15 17:20:41] 264 -- Subscribe Channel: 0000000E by (2CFEA8C0,00000004)
[2025/07/15 17:20:41] 265 -- Subscribe Channel: 0000000C by (2CFEA8C0,00000004)
[2025/07/15 17:20:41] 266 -- Subscribe Channel: 00000001 by (2CFEA8C0,00000004)
[2025/07/15 17:20:41] 267 -- Subscribe Channel: 0000000D by (2CFEA8C0,00000004)
[2025/07/15 17:20:41] 268 -- Subscribe Channel: GM <00000000> by (2CFEA8C0,00000004)
[2025/07/15 17:20:41] 269 -- Subscribe Channel: 0000000E by (2CFEA8C0,00000004)
[2025/07/15 17:21:02] 270 -- player login: 1234567 [BaoDiaSu] (2CFEA8C0, 00000005)
[2025/07/15 17:21:02] 271 -- Query ChannelID: \S from (2CFEA8C0, 00000005)
[2025/07/15 17:21:02] 272 -- Query ChannelID: 世界 from (2CFEA8C0, 00000005)
[2025/07/15 17:21:02] 273 -- Query ChannelID: \F0 from (2CFEA8C0, 00000005)
[2025/07/15 17:21:02] 274 -- Create Channel: <0000000F> \F0
[2025/07/15 17:21:02] 275 -- Query ChannelID: GM from (2CFEA8C0, 00000005)
[2025/07/15 17:21:02] 276 -- Query ChannelID: \B from (2CFEA8C0, 00000005)
[2025/07/15 17:21:02] 277 -- Query ChannelID: \S from (2CFEA8C0, 00000005)
[2025/07/15 17:21:02] 278 -- Query ChannelID: 世界 from (2CFEA8C0, 00000005)
[2025/07/15 17:21:02] 279 -- Query ChannelID: \F0 from (2CFEA8C0, 00000005)
[2025/07/15 17:21:02] 280 -- Query ChannelID: GM from (2CFEA8C0, 00000005)
[2025/07/15 17:21:02] 281 -- Query ChannelID: \B from (2CFEA8C0, 00000005)
[2025/07/15 17:21:02] 282 -- sync friend list: BaoDiaSu (full)
[2025/07/15 17:21:02] 283 -- Query ChannelID: \S from (2CFEA8C0, 00000005)
[2025/07/15 17:21:02] 284 -- Query ChannelID: 世界 from (2CFEA8C0, 00000005)
[2025/07/15 17:21:02] 285 -- Query ChannelID: \F0 from (2CFEA8C0, 00000005)
[2025/07/15 17:21:02] 286 -- Query ChannelID: GM from (2CFEA8C0, 00000005)
[2025/07/15 17:21:02] 287 -- Query ChannelID: \B from (2CFEA8C0, 00000005)
[2025/07/15 17:21:02] 288 -- Query ChannelID: \S from (2CFEA8C0, 00000005)
[2025/07/15 17:21:02] 289 -- Query ChannelID: 世界 from (2CFEA8C0, 00000005)
[2025/07/15 17:21:02] 290 -- Query ChannelID: \F0 from (2CFEA8C0, 00000005)
[2025/07/15 17:21:02] 291 -- Query ChannelID: GM from (2CFEA8C0, 00000005)
[2025/07/15 17:21:02] 292 -- Query ChannelID: \B from (2CFEA8C0, 00000005)
[2025/07/15 17:21:02] 293 -- Subscribe Channel: 0000000C by (2CFEA8C0,00000005)
[2025/07/15 17:21:02] 294 -- Subscribe Channel: 00000001 by (2CFEA8C0,00000005)
[2025/07/15 17:21:02] 295 -- Subscribe Channel: 0000000F by (2CFEA8C0,00000005)
[2025/07/15 17:21:02] 296 -- Subscribe Channel: GM <00000000> by (2CFEA8C0,00000005)
[2025/07/15 17:21:02] 297 -- Subscribe Channel: 0000000E by (2CFEA8C0,00000005)
[2025/07/15 17:21:02] 298 -- Subscribe Channel: 0000000C by (2CFEA8C0,00000005)
[2025/07/15 17:21:02] 299 -- Subscribe Channel: 00000001 by (2CFEA8C0,00000005)
[2025/07/15 17:21:02] 300 -- Subscribe Channel: 0000000F by (2CFEA8C0,00000005)
[2025/07/15 17:21:02] 301 -- Subscribe Channel: GM <00000000> by (2CFEA8C0,00000005)
[2025/07/15 17:21:02] 302 -- Subscribe Channel: 0000000E by (2CFEA8C0,00000005)
[2025/07/15 17:21:02] 303 -- Subscribe Channel: 0000000C by (2CFEA8C0,00000005)
[2025/07/15 17:21:02] 304 -- Subscribe Channel: 00000001 by (2CFEA8C0,00000005)
[2025/07/15 17:21:02] 305 -- Subscribe Channel: 0000000F by (2CFEA8C0,00000005)
[2025/07/15 17:21:02] 306 -- Subscribe Channel: GM <00000000> by (2CFEA8C0,00000005)
[2025/07/15 17:21:02] 307 -- Subscribe Channel: 0000000E by (2CFEA8C0,00000005)
[2025/07/15 17:21:02] 308 -- Subscribe Channel: 0000000C by (2CFEA8C0,00000005)
[2025/07/15 17:21:02] 309 -- Subscribe Channel: 00000001 by (2CFEA8C0,00000005)
[2025/07/15 17:21:02] 310 -- Subscribe Channel: 0000000F by (2CFEA8C0,00000005)
[2025/07/15 17:21:02] 311 -- Subscribe Channel: GM <00000000> by (2CFEA8C0,00000005)
[2025/07/15 17:21:02] 312 -- Subscribe Channel: 0000000E by (2CFEA8C0,00000005)
[2025/07/15 17:21:17] 313 -- Destroy Channel: <0000000D> \F4
[2025/07/15 17:21:17] 314 -- player logout: 12345678
[2025/07/15 17:21:26] 315 -- player login: 12345678 [NgaMyTieuNu] (2CFEA8C0, 00000006)
[2025/07/15 17:21:26] 316 -- Query ChannelID: \S from (2CFEA8C0, 00000006)
[2025/07/15 17:21:26] 317 -- Query ChannelID: 世界 from (2CFEA8C0, 00000006)
[2025/07/15 17:21:26] 318 -- Query ChannelID: \F4 from (2CFEA8C0, 00000006)
[2025/07/15 17:21:26] 319 -- Create Channel: <00000010> \F4
[2025/07/15 17:21:26] 320 -- Query ChannelID: GM from (2CFEA8C0, 00000006)
[2025/07/15 17:21:26] 321 -- Query ChannelID: \B from (2CFEA8C0, 00000006)
[2025/07/15 17:21:26] 322 -- Query ChannelID: \S from (2CFEA8C0, 00000006)
[2025/07/15 17:21:26] 323 -- Query ChannelID: 世界 from (2CFEA8C0, 00000006)
[2025/07/15 17:21:26] 324 -- Query ChannelID: \F4 from (2CFEA8C0, 00000006)
[2025/07/15 17:21:26] 325 -- Query ChannelID: GM from (2CFEA8C0, 00000006)
[2025/07/15 17:21:26] 326 -- Query ChannelID: \B from (2CFEA8C0, 00000006)
[2025/07/15 17:21:26] 327 -- sync friend list: NgaMyTieuNu (full)
[2025/07/15 17:21:26] 328 -- Query ChannelID: \S from (2CFEA8C0, 00000006)
[2025/07/15 17:21:26] 329 -- Query ChannelID: 世界 from (2CFEA8C0, 00000006)
[2025/07/15 17:21:26] 330 -- Query ChannelID: \F4 from (2CFEA8C0, 00000006)
[2025/07/15 17:21:26] 331 -- Query ChannelID: GM from (2CFEA8C0, 00000006)
[2025/07/15 17:21:26] 332 -- Query ChannelID: \B from (2CFEA8C0, 00000006)
[2025/07/15 17:21:26] 333 -- Query ChannelID: \S from (2CFEA8C0, 00000006)
[2025/07/15 17:21:26] 334 -- Query ChannelID: 世界 from (2CFEA8C0, 00000006)
[2025/07/15 17:21:26] 335 -- Query ChannelID: \F4 from (2CFEA8C0, 00000006)
[2025/07/15 17:21:26] 336 -- Query ChannelID: GM from (2CFEA8C0, 00000006)
[2025/07/15 17:21:26] 337 -- Query ChannelID: \B from (2CFEA8C0, 00000006)
[2025/07/15 17:21:26] 338 -- Subscribe Channel: 0000000C by (2CFEA8C0,00000006)
[2025/07/15 17:21:26] 339 -- Subscribe Channel: 00000001 by (2CFEA8C0,00000006)
[2025/07/15 17:21:26] 340 -- Subscribe Channel: 00000010 by (2CFEA8C0,00000006)
[2025/07/15 17:21:26] 341 -- Subscribe Channel: GM <00000000> by (2CFEA8C0,00000006)
[2025/07/15 17:21:26] 342 -- Subscribe Channel: 0000000E by (2CFEA8C0,00000006)
[2025/07/15 17:21:26] 343 -- Subscribe Channel: 0000000C by (2CFEA8C0,00000006)
[2025/07/15 17:21:26] 344 -- Subscribe Channel: 00000001 by (2CFEA8C0,00000006)
[2025/07/15 17:21:26] 345 -- Subscribe Channel: 00000010 by (2CFEA8C0,00000006)
[2025/07/15 17:21:26] 346 -- Subscribe Channel: GM <00000000> by (2CFEA8C0,00000006)
[2025/07/15 17:21:26] 347 -- Subscribe Channel: 0000000E by (2CFEA8C0,00000006)
[2025/07/15 17:21:26] 348 -- Subscribe Channel: 0000000C by (2CFEA8C0,00000006)
[2025/07/15 17:21:26] 349 -- Subscribe Channel: 00000001 by (2CFEA8C0,00000006)
[2025/07/15 17:21:26] 350 -- Subscribe Channel: 00000010 by (2CFEA8C0,00000006)
[2025/07/15 17:21:26] 351 -- Subscribe Channel: GM <00000000> by (2CFEA8C0,00000006)
[2025/07/15 17:21:26] 352 -- Subscribe Channel: 0000000E by (2CFEA8C0,00000006)
[2025/07/15 17:21:26] 353 -- Subscribe Channel: 0000000C by (2CFEA8C0,00000006)
[2025/07/15 17:21:26] 354 -- Subscribe Channel: 00000001 by (2CFEA8C0,00000006)
[2025/07/15 17:21:26] 355 -- Subscribe Channel: 00000010 by (2CFEA8C0,00000006)
[2025/07/15 17:21:26] 356 -- Subscribe Channel: GM <00000000> by (2CFEA8C0,00000006)
[2025/07/15 17:21:26] 357 -- Subscribe Channel: 0000000E by (2CFEA8C0,00000006)
[2025/07/15 17:24:59] 358 -- update friend DB succeed
